            --------------------------------------------------------
                             AMBER SQM VERSION 19
 
                                     By
              Ross C. Walker, Michael F. Crowley, Scott Brozell,
                         Tim Giese, Andreas W. Goetz,
                        Tai-Sung Lee and David A. Case
 
            --------------------------------------------------------
 

--------------------------------------------------------------------------------
  QM CALCULATION INFO
--------------------------------------------------------------------------------

| QMMM: Citation for AMBER QMMM Run:
| QMMM: R.C. Walker, M.F. Crowley and D.A. Case, J. COMP. CHEM. 29:1019, 2008

QMMM: SINGLET STATE CALCULATION
QMMM: RHF CALCULATION, NO. OF DOUBLY OCCUPIED LEVELS = 64

| QMMM: *** Selected Hamiltonian *** 
| QMMM: AM1         

| QMMM: *** Parameter sets in use ***
| QMMM: C : M.J.S.DEWAR et al. JACS, 107, 3902, (1985)
| QMMM: O : M.J.S.DEWAR et al. JACS, 107, 3902, (1985)
| QMMM: H : M.J.S.DEWAR et al. JACS, 107, 3902, (1985)
| QMMM: N : M.J.S.DEWAR et al. JACS, 107, 3902, (1985)

| QMMM: *** SCF convergence criteria ***
| QMMM: Energy change                :  0.1D-09 kcal/mol
| QMMM: Error matrix |FP-PF|         :  0.1D+00 au
| QMMM: Density matrix change        :  0.5D-06
| QMMM: Maximum number of SCF cycles :     1000

| QMMM: *** Diagonalization Routine Information ***
| QMMM: Pseudo diagonalizations are allowed.
| QMMM: Auto diagonalization routine selection is in use.
| QMMM:
| QMMM: Timing diagonalization routines:
| QMMM:                              norbs =      114
| QMMM:    diag iterations used for timing =       10
| QMMM:
| QMMM:              Internal diag routine = 0.026801 seconds
| QMMM:                 Dspev diag routine = 0.028544 seconds
| QMMM:                Dspevd diag routine = 0.012537 seconds
| QMMM:                Dspevx diag routine = 0.060852 seconds
| QMMM:                 Dsyev diag routine = 0.023993 seconds
| QMMM:                Dsyevd diag routine = 0.014129 seconds
| QMMM:                Dsyevr diag routine = 0.019916 seconds
| QMMM:
| QMMM:                Pseudo diag routine = 0.010674 seconds
| QMMM:
| QMMM: Using dspevd routine (diag_routine=3).

  QMMM: QM Region Cartesian Coordinates (*=link atom) 
  QMMM: QM_NO.   MM_NO.  ATOM         X         Y         Z
  QMMM:     1        1      C       22.7980   28.4760   34.8900
  QMMM:     2        2      C       23.6470   27.3390   35.4030
  QMMM:     3        3      O       23.1640   26.2350   35.6620
  QMMM:     4        4      H       22.9680   29.3960   35.4490
  QMMM:     5        5      H       21.7390   28.2390   34.9920
  QMMM:     6        6      H       23.0770   28.6160   33.8460
  QMMM:     7        7      C       25.9250   26.6470   35.8500
  QMMM:     8        8      C       28.0920   28.0540   38.5610
  QMMM:     9        9      C       24.7190   26.5540   38.6800
  QMMM:    10       10      C       26.7900   26.2360   34.6510
  QMMM:    11       11      C       29.2120   28.6600   39.0070
  QMMM:    12       12      C       30.3300   29.0740   38.0980
  QMMM:    13       13      O       27.7340   25.2850   35.0630
  QMMM:    14       14      C       31.4940   29.7480   38.3980
  QMMM:    15       15      N       30.3220   28.8280   36.7270
  QMMM:    16       16      C       31.4070   29.4160   36.2170
  QMMM:    17       17      N       32.1500   29.9360   37.2020
  QMMM:    18       18      C       26.5890   27.0580   37.1120
  QMMM:    19       19      N       24.9470   27.6190   35.4420
  QMMM:    20       20      C       26.8990   27.6740   39.3620
  QMMM:    21       21      N       27.8750   27.7000   37.1970
  QMMM:    22       22      O       26.7690   27.6590   40.5570
  QMMM:    23       23      C       24.5950   25.1820   39.3150
  QMMM:    24       24      N       26.0650   27.0090   38.3900
  QMMM:    25       25      O       23.7330   24.9400   40.1390
  QMMM:    26       26      H       25.4690   25.7020   36.1460
  QMMM:    27       27      H       24.3300   27.2530   39.4210
  QMMM:    28       28      H       24.1640   26.5380   37.7420
  QMMM:    29       29      H       27.3040   27.1120   34.2560
  QMMM:    30       30      H       26.1560   25.8080   33.8740
  QMMM:    31       31      H       29.3080   28.8570   40.0750
  QMMM:    32       32      H       31.6520   29.4650   35.1560
  QMMM:    33       33      H       27.9750   24.7290   34.3180
  QMMM:    34       34      H       31.8280   30.0680   39.3850
  QMMM:    35       35      H       25.2570   28.5430   35.1770
  QMMM:    36       36      H       29.6270   28.3040   36.2150
  QMMM:    37       37      N       25.4360   24.2740   38.8660
  QMMM:    38       38      C       25.3840   22.9060   39.3060
  QMMM:    39       39      H       24.8050   22.8140   40.2250
  QMMM:    40       40      H       26.3900   22.5380   39.5090
  QMMM:    41       41      H       24.9150   22.3240   38.5130
  QMMM:    42       42      H       26.1380   24.5460   38.1930

--------------------------------------------------------------------------------
  RESULTS
--------------------------------------------------------------------------------

      iter         sqm energy              rms gradient
      ----    -------------------    -----------------------
xmin    10      -48.3409 kcal/mol        0.3943 kcal/(mol*A)
xmin    20      -51.6595 kcal/mol        3.1881 kcal/(mol*A)
xmin    30      -53.0068 kcal/mol        0.2988 kcal/(mol*A)
xmin    40      -53.1171 kcal/mol        0.0439 kcal/(mol*A)
xmin    50      -53.1281 kcal/mol        0.0339 kcal/(mol*A)
xmin    60      -53.1296 kcal/mol        0.0102 kcal/(mol*A)
xmin    70      -53.1297 kcal/mol        0.0043 kcal/(mol*A)
xmin    80      -53.1297 kcal/mol        0.0010 kcal/(mol*A)
  ... geometry converged !
 
 Final MO eigenvalues (eV):
 -42.1399  -41.5488  -40.4081  -39.3860  -39.1466  -38.0612  -36.2345  -35.7673
 -35.2607  -33.6941  -32.9110  -32.1923  -29.8541  -29.2120  -28.9203  -26.5909
 -26.2869  -24.2215  -23.0292  -22.5689  -21.9747  -21.8900  -21.1771  -20.8588
 -19.4869  -19.0572  -18.3850  -18.3186  -18.1535  -17.4592  -17.2214  -16.7240
 -16.5536  -16.2876  -16.1133  -16.0401  -15.6861  -15.6369  -15.5474  -15.2240
 -15.0457  -14.5997  -14.4794  -14.4192  -14.1571  -13.9835  -13.9627  -13.6959
 -13.5969  -13.1099  -13.0089  -12.8120  -12.7486  -12.1598  -12.1121  -11.7769
 -11.6445  -11.2270  -11.1730  -10.9159  -10.8112  -10.1218   -9.8494   -8.8635
  -1.4192    0.3594    0.6198    0.8406    0.9071    1.3751    1.4220    1.5260
   1.5937    1.9342    2.1465    2.2059    2.4783    2.8128    2.9116    2.9223
   3.1078    3.1805    3.3316    3.4322    3.4764    3.5336    3.5484    3.6474
   3.6669    3.7173    3.7645    3.9255    4.0138    4.0836    4.1167    4.3160
   4.4109    4.4573    4.5118    4.5809    4.7365    4.8159    5.1572    5.2347
   5.4185    5.4690    5.4855    5.7566    5.8757    6.2769    6.3196    6.3567
   6.4341    7.1575

 Heat of formation   =        -53.12971124 kcal/mol  (       -2.30387716 eV)

 Total SCF energy    =    -105200.79201298 kcal/mol  (    -4561.84866281 eV)
 Electronic energy   =    -743517.56398406 kcal/mol  (   -32241.34096457 eV)
 Core-core repulsion =     638316.77197108 kcal/mol  (    27679.49230177 eV)
 
    Atomic Charges for Step       1 :
  Atom    Element       Mulliken Charge
     1      C                 -0.241
     2      C                  0.307
     3      O                 -0.361
     4      H                  0.104
     5      H                  0.125
     6      H                  0.107
     7      C                  0.040
     8      C                 -0.169
     9      C                 -0.049
    10      C                 -0.020
    11      C                  0.048
    12      C                 -0.130
    13      O                 -0.324
    14      C                 -0.113
    15      N                 -0.170
    16      C                 -0.079
    17      N                 -0.146
    18      C                  0.043
    19      N                 -0.376
    20      C                  0.321
    21      N                 -0.206
    22      O                 -0.288
    23      C                  0.284
    24      N                 -0.310
    25      O                 -0.364
    26      H                  0.154
    27      H                  0.153
    28      H                  0.148
    29      H                  0.083
    30      H                  0.124
    31      H                  0.168
    32      H                  0.203
    33      H                  0.213
    34      H                  0.187
    35      H                  0.229
    36      H                  0.273
    37      N                 -0.381
    38      C                 -0.076
    39      H                  0.116
    40      H                  0.067
    41      H                  0.069
    42      H                  0.235
 Total Mulliken Charge =       0.000
 
                  X        Y        Z     TOTAL  
  QM DIPOLE     1.258    1.793   -7.879    8.178
 
 Final Structure

  QMMM: QM Region Cartesian Coordinates (*=link atom) 
  QMMM: QM_NO.   MM_NO.  ATOM         X         Y         Z
  QMMM:     1        1      C       23.2334   29.0669   34.6258
  QMMM:     2        2      C       23.7363   27.9004   35.4362
  QMMM:     3        3      O       23.0138   27.2998   36.2542
  QMMM:     4        4      H       23.8289   29.9843   34.8513
  QMMM:     5        5      H       22.1639   29.2525   34.8928
  QMMM:     6        6      H       23.3018   28.8446   33.5335
  QMMM:     7        7      C       25.6519   26.4484   35.9956
  QMMM:     8        8      C       27.9890   28.0903   38.3459
  QMMM:     9        9      C       24.7582   26.3739   38.9843
  QMMM:    10       10      C       26.6031   25.5587   35.1547
  QMMM:    11       11      C       29.0872   28.7810   38.7221
  QMMM:    12       12      C       30.1237   29.2718   37.8743
  QMMM:    13       13      O       27.1970   24.5774   35.9750
  QMMM:    14       14      C       31.2905   29.9941   38.2594
  QMMM:    15       15      N       30.2079   29.1437   36.4778
  QMMM:    16       16      C       31.3828   29.7726   36.0860
  QMMM:    17       17      N       32.0539   30.2943   37.1484
  QMMM:    18       18      C       26.4358   27.0250   37.1737
  QMMM:    19       19      N       25.0439   27.4851   35.2073
  QMMM:    20       20      C       26.9429   27.6126   39.3283
  QMMM:    21       21      N       27.5853   27.6852   37.0366
  QMMM:    22       22      O       26.8771   27.7616   40.5485
  QMMM:    23       23      C       24.7580   24.8740   39.3286
  QMMM:    24       24      N       25.9870   26.9260   38.5153
  QMMM:    25       25      O       24.0531   24.4873   40.2821
  QMMM:    26       26      H       24.8253   25.7821   36.3969
  QMMM:    27       27      H       24.4812   26.9115   39.9412
  QMMM:    28       28      H       23.9380   26.5437   38.2232
  QMMM:    29       29      H       27.3797   26.1756   34.6329
  QMMM:    30       30      H       26.0027   24.9812   34.4001
  QMMM:    31       31      H       29.2186   29.0014   39.8008
  QMMM:    32       32      H       31.7112   29.8294   35.0421
  QMMM:    33       33      H       27.9261   24.9939   36.4531
  QMMM:    34       34      H       31.5865   30.2919   39.2658
  QMMM:    35       35      H       25.6537   28.0788   34.6967
  QMMM:    36       36      H       29.5488   28.6925   35.8975
  QMMM:    37       37      N       25.4868   24.0004   38.5595
  QMMM:    38       38      C       25.5160   22.5941   38.8136
  QMMM:    39       39      H       24.8750   22.3443   39.7011
  QMMM:    40       40      H       26.5700   22.2633   39.0193
  QMMM:    41       41      H       25.1343   22.0342   37.9172
  QMMM:    42       42      H       26.0176   24.3311   37.7883

           --------- Calculation Completed ----------

