log started: Wed Oct 22 17:23:42 2025

Log file: ./leap.log
>> #
>> # ----- leaprc for loading the ff14SB force field
>> # ----- NOTE: this is designed for PDB format 3!
>> #
>> #	load atom type hybridizations
>> #
>> addAtomTypes {
>> 	{ "H"   "H" "sp3" }
>> 	{ "HO"  "H" "sp3" }
>> 	{ "HS"  "H" "sp3" }
>> 	{ "H1"  "H" "sp3" }
>> 	{ "H2"  "H" "sp3" }
>> 	{ "H3"  "H" "sp3" }
>> 	{ "H4"  "H" "sp3" }
>> 	{ "H5"  "H" "sp3" }
>> 	{ "HW"  "H" "sp3" }
>> 	{ "HC"  "H" "sp3" }
>> 	{ "HA"  "H" "sp3" }
>> 	{ "HP"  "H" "sp3" }
>> 	{ "HZ"  "H" "sp3" }
>> 	{ "OH"  "O" "sp3" }
>> 	{ "OS"  "O" "sp3" }
>> 	{ "O"   "O" "sp2" }
>> 	{ "O2"  "O" "sp2" }
>> 	{ "OP"  "O" "sp2" }
>> 	{ "OW"  "O" "sp3" }
>> 	{ "CT"  "C" "sp3" }
>> 	{ "CX"  "C" "sp3" }
>> 	{ "C8"  "C" "sp3" }
>> 	{ "2C"  "C" "sp3" }
>> 	{ "3C"  "C" "sp3" }
>> 	{ "CH"  "C" "sp3" }
>> 	{ "CS"  "C" "sp2" }
>> 	{ "C"   "C" "sp2" }
>> 	{ "CO"   "C" "sp2" }
>> 	{ "C*"  "C" "sp2" }
>> 	{ "CA"  "C" "sp2" }
>> 	{ "CB"  "C" "sp2" }
>> 	{ "CC"  "C" "sp2" }
>> 	{ "CN"  "C" "sp2" }
>> 	{ "CM"  "C" "sp2" }
>> 	{ "CK"  "C" "sp2" }
>> 	{ "CQ"  "C" "sp2" }
>> 	{ "CD"  "C" "sp2" }
>> 	{ "C5"  "C" "sp2" }
>> 	{ "C4"  "C" "sp2" }
>> 	{ "CP"  "C" "sp2" }
>> 	{ "CI"  "C" "sp3" }
>> 	{ "CJ"  "C" "sp2" }
>> 	{ "CW"  "C" "sp2" }
>> 	{ "CV"  "C" "sp2" }
>> 	{ "CR"  "C" "sp2" }
>> 	{ "CA"  "C" "sp2" }
>> 	{ "CY"  "C" "sp2" }
>> 	{ "C0"  "Ca" "sp3" }
>> 	{ "MG"  "Mg" "sp3" }
>> 	{ "N"   "N" "sp2" }
>> 	{ "NA"  "N" "sp2" }
>> 	{ "N2"  "N" "sp2" }
>> 	{ "N*"  "N" "sp2" }
>> 	{ "NP"  "N" "sp2" }
>> 	{ "NQ"  "N" "sp2" }
>> 	{ "NB"  "N" "sp2" }
>> 	{ "NC"  "N" "sp2" }
>> 	{ "NT"  "N" "sp3" }
>> 	{ "NY"  "N" "sp2" }
>> 	{ "N3"  "N" "sp3" }
>> 	{ "S"   "S" "sp3" }
>> 	{ "SH"  "S" "sp3" }
>> 	{ "P"   "P" "sp3" }
>> 	{ "LP"  ""  "sp3" }
>> 	{ "EP"  ""  "sp3" }
>> 	{ "F"   "F" "sp3" }
>> 	{ "Cl"  "Cl" "sp3" }
>> 	{ "Br"  "Br" "sp3" }
>> 	{ "I"   "I"  "sp3" }
>> }
>> #
>> #	Load the main parameter set.
>> #
>> parm10 = loadamberparams parm10.dat
Loading parameters: /home/javier/Software/miniconda3/envs/AmberTools25/dat/leap/parm/parm10.dat
Reading title:
PARM99 + frcmod.ff99SB + frcmod.parmbsc0 + OL3 for RNA
>> frcmod14SB = loadamberparams frcmod.ff14SB
Loading parameters: /home/javier/Software/miniconda3/envs/AmberTools25/dat/leap/parm/frcmod.ff14SB
Reading force field modification type file (frcmod)
Reading title:
ff14SB protein backbone and sidechain parameters
>> #
>> #	Load main chain and terminating amino acid libraries
>> #
>> loadOff amino12.lib
Loading library: /home/javier/Software/miniconda3/envs/AmberTools25/dat/leap/lib/amino12.lib
Loading: ALA
Loading: ARG
Loading: ASH
Loading: ASN
Loading: ASP
Loading: CYM
Loading: CYS
Loading: CYX
Loading: GLH
Loading: GLN
Loading: GLU
Loading: GLY
Loading: HID
Loading: HIE
Loading: HIP
Loading: HYP
Loading: ILE
Loading: LEU
Loading: LYN
Loading: LYS
Loading: MET
Loading: PHE
Loading: PRO
Loading: SER
Loading: THR
Loading: TRP
Loading: TYR
Loading: VAL
>> loadOff aminoct12.lib
Loading library: /home/javier/Software/miniconda3/envs/AmberTools25/dat/leap/lib/aminoct12.lib
Loading: CALA
Loading: CARG
Loading: CASN
Loading: CASP
Loading: CCYS
Loading: CCYX
Loading: CGLN
Loading: CGLU
Loading: CGLY
Loading: CHID
Loading: CHIE
Loading: CHIP
Loading: CHYP
Loading: CILE
Loading: CLEU
Loading: CLYS
Loading: CMET
Loading: CPHE
Loading: CPRO
Loading: CSER
Loading: CTHR
Loading: CTRP
Loading: CTYR
Loading: CVAL
Loading: NHE
Loading: NME
>> loadOff aminont12.lib
Loading library: /home/javier/Software/miniconda3/envs/AmberTools25/dat/leap/lib/aminont12.lib
Loading: ACE
Loading: NALA
Loading: NARG
Loading: NASN
Loading: NASP
Loading: NCYS
Loading: NCYX
Loading: NGLN
Loading: NGLU
Loading: NGLY
Loading: NHID
Loading: NHIE
Loading: NHIP
Loading: NILE
Loading: NLEU
Loading: NLYS
Loading: NMET
Loading: NPHE
Loading: NPRO
Loading: NSER
Loading: NTHR
Loading: NTRP
Loading: NTYR
Loading: NVAL
>> 
>> #
>> #	Define the PDB name map for the amino acids
>> #
>> addPdbResMap {
>>   { 0 "HYP" "HYP" } { 1 "HYP" "CHYP" }
>>   { 0 "ALA" "NALA" } { 1 "ALA" "CALA" }
>>   { 0 "ARG" "NARG" } { 1 "ARG" "CARG" }
>>   { 0 "ASN" "NASN" } { 1 "ASN" "CASN" }
>>   { 0 "ASP" "NASP" } { 1 "ASP" "CASP" }
>>   { 0 "CYS" "NCYS" } { 1 "CYS" "CCYS" }
>>   { 0 "CYX" "NCYX" } { 1 "CYX" "CCYX" }
>>   { 0 "GLN" "NGLN" } { 1 "GLN" "CGLN" }
>>   { 0 "GLU" "NGLU" } { 1 "GLU" "CGLU" }
>>   { 0 "GLY" "NGLY" } { 1 "GLY" "CGLY" }
>>   { 0 "HID" "NHID" } { 1 "HID" "CHID" }
>>   { 0 "HIE" "NHIE" } { 1 "HIE" "CHIE" }
>>   { 0 "HIP" "NHIP" } { 1 "HIP" "CHIP" }
>>   { 0 "ILE" "NILE" } { 1 "ILE" "CILE" }
>>   { 0 "LEU" "NLEU" } { 1 "LEU" "CLEU" }
>>   { 0 "LYS" "NLYS" } { 1 "LYS" "CLYS" }
>>   { 0 "MET" "NMET" } { 1 "MET" "CMET" }
>>   { 0 "PHE" "NPHE" } { 1 "PHE" "CPHE" }
>>   { 0 "PRO" "NPRO" } { 1 "PRO" "CPRO" }
>>   { 0 "SER" "NSER" } { 1 "SER" "CSER" }
>>   { 0 "THR" "NTHR" } { 1 "THR" "CTHR" }
>>   { 0 "TRP" "NTRP" } { 1 "TRP" "CTRP" }
>>   { 0 "TYR" "NTYR" } { 1 "TYR" "CTYR" }
>>   { 0 "VAL" "NVAL" } { 1 "VAL" "CVAL" }
>>   { 0 "HIS" "NHIS" } { 1 "HIS" "CHIS" }
>> }
>> 
>> #
>> # assume that most often proteins use HIE
>> #
>> NHIS = NHIE
>> HIS = HIE
>> CHIS = CHIE
> 
> source leaprc.water.tip3p
----- Source: /home/javier/Software/miniconda3/envs/AmberTools25/dat/leap/cmd/leaprc.water.tip3p
----- Source of /home/javier/Software/miniconda3/envs/AmberTools25/dat/leap/cmd/leaprc.water.tip3p done
>> #
>> #       Load water and ions for TIP3P + Li/Merz monovalent ions 
>> #       + Joung-Chetham monovalent ions
>> #       + Li/Merz highly charged ions (+2 to +4, 12-6 normal usage set)
>> #
>> #       Note: the Li/Merz monovalent set is loaded only to get Tl+,
>> #          Cu+, Ag+ NH4+, H3O+.  Since we load Joung-Cheatham second,
>> #          the alkali halide parameters come from the Joung-Cheatham set
>> #
>> addAtomTypes {
>> 	{ "HW"  "H" "sp3" }
>> 	{ "OW"  "O" "sp3" }
>> 	{ "F-"   "F" "sp3" }
>> 	{ "Cl-"  "Cl" "sp3" }
>> 	{ "Br-"  "Br" "sp3" }
>> 	{ "I-"   "I"  "sp3" }
>> 	{ "Li+"  "Li"  "sp3" }
>> 	{ "Na+"  "Na"  "sp3" }
>> 	{ "K+"  "K"  "sp3" }
>> 	{ "Rb+"  "Rb"  "sp3" }
>> 	{ "Cs+"  "Cs"  "sp3" }
>> 	{ "Mg+"  "Mg"  "sp3" }
>>     { "Tl+"  "Tl"  "sp3" }
>>     { "Cu+"  "Cu"  "sp3" }
>>     { "Ag+"  "Ag"  "sp3" }
>>     { "NH4+"  "N"  "sp3" }
>>     { "H3O+"  "O"  "sp3" }
>>     { "Be2+" "Be"  "sp3" }
>>     { "Cu2+" "Cu"  "sp3" }
>>     { "Ni2+" "Ni"  "sp3" }
>>     { "Pt2+" "Pt"  "sp3" }
>>     { "Zn2+" "Zn"  "sp3" }
>>     { "Co2+" "Co"  "sp3" }
>>     { "Pd2+" "Pd"  "sp3" }
>>     { "Ag2+" "Ag"  "sp3" }
>>     { "Cr2+" "Cr"  "sp3" }
>>     { "Fe2+" "Fe"  "sp3" }
>>     { "Mg2+" "Mg"  "sp3" }
>>     { "V2+"  "V"   "sp3" }
>>     { "Mn2+" "Mn"  "sp3" }
>>     { "Hg2+" "Hg"  "sp3" }
>>     { "Cd2+" "Cd"  "sp3" }
>>     { "Yb2+" "Yb"  "sp3" }
>>     { "Ca2+" "Ca"  "sp3" }
>>     { "Sn2+" "Sn"  "sp3" }
>>     { "Pb2+" "Pb"  "sp3" }
>>     { "Eu2+" "Eu"  "sp3" }
>>     { "Sr2+" "Sr"  "sp3" }
>>     { "Sm2+" "Sm"  "sp3" }
>>     { "Ba2+" "Ba"  "sp3" }
>>     { "Ra2+" "Ra"  "sp3" }
>>     { "Al3+" "Al"  "sp3" }
>>     { "Fe3+" "Fe"  "sp3" }
>>     { "Cr3+" "Cr"  "sp3" }
>>     { "In3+" "In"  "sp3" }
>>     { "Tl3+" "Tl"  "sp3" }
>>     { "Y3+"  "Y"   "sp3" }
>>     { "La3+" "La"  "sp3" }
>>     { "Ce3+" "Ce"  "sp3" }
>>     { "Pr3+" "Pr"  "sp3" }
>>     { "Nd3+" "Nd"  "sp3" }
>>     { "Sm3+" "Sm"  "sp3" }
>>     { "Eu3+" "Eu"  "sp3" }
>>     { "Gd3+" "Gd"  "sp3" }
>>     { "Tb3+" "Tb"  "sp3" }
>>     { "Dy3+" "Dy"  "sp3" }
>>     { "Er3+" "Er"  "sp3" }
>>     { "Tm3+" "Tm"  "sp3" }
>>     { "Lu3+" "Lu"  "sp3" }
>>     { "Hf4+" "Hf"  "sp3" }
>>     { "Zr4+" "Zr"  "sp3" }
>>     { "Ce4+" "Ce"  "sp3" }
>>     { "U4+"  "U"   "sp3" }
>>     { "Pu4+" "Pu"  "sp3" }
>>     { "Th4+" "Th"  "sp3" }
>> }
>> loadOff atomic_ions.lib
Loading library: /home/javier/Software/miniconda3/envs/AmberTools25/dat/leap/lib/atomic_ions.lib
Loading: AG
Loading: AL
Loading: Ag
Loading: BA
Loading: BR
Loading: Be
Loading: CA
Loading: CD
Loading: CE
Loading: CL
Loading: CO
Loading: CR
Loading: CS
Loading: CU
Loading: CU1
Loading: Ce
Loading: Cl-
Loading: Cr
Loading: Dy
Loading: EU
Loading: EU3
Loading: Er
Loading: F
Loading: FE
Loading: FE2
Loading: GD3
Loading: H3O+
Loading: HE+
Loading: HG
Loading: HZ+
Loading: Hf
Loading: IN
Loading: IOD
Loading: K
Loading: K+
Loading: LA
Loading: LI
Loading: LU
Loading: MG
Loading: MN
Loading: NA
Loading: NH4
Loading: NI
Loading: Na+
Loading: Nd
Loading: PB
Loading: PD
Loading: PR
Loading: PT
Loading: Pu
Loading: RB
Loading: Ra
Loading: SM
Loading: SR
Loading: Sm
Loading: Sn
Loading: TB
Loading: TL
Loading: Th
Loading: Tl
Loading: Tm
Loading: U4+
Loading: V2+
Loading: Y
Loading: YB2
Loading: ZN
Loading: Zr
>> loadOff solvents.lib
Loading library: /home/javier/Software/miniconda3/envs/AmberTools25/dat/leap/lib/solvents.lib
Loading: CHCL3BOX
Loading: DC4
Loading: FB3
Loading: FB3BOX
Loading: FB4
Loading: FB4BOX
Loading: MEOHBOX
Loading: NMABOX
Loading: O3P
Loading: OP3
Loading: OPC
Loading: OPC3BOX
Loading: OPC3POLBOX
Loading: OPCBOX
Loading: PL3
Loading: POL3BOX
Loading: QSPCFWBOX
Loading: SPC
Loading: SPCBOX
Loading: SPCFWBOX
Loading: SPF
Loading: SPG
Loading: T4E
Loading: TIP3PBOX
Loading: TIP3PFBOX
Loading: TIP4PBOX
Loading: TIP4PEWBOX
Loading: TIP5PBOX
Loading: TP3
Loading: TP4
Loading: TP5
Loading: TPF
>> HOH = TP3
>> WAT = TP3
>> loadAmberParams frcmod.tip3p
Loading parameters: /home/javier/Software/miniconda3/envs/AmberTools25/dat/leap/parm/frcmod.tip3p
Reading force field modification type file (frcmod)
Reading title:
This is the additional/replacement parameter set for TIP3P water
>> loadAmberParams frcmod.ions1lm_126_tip3p
Loading parameters: /home/javier/Software/miniconda3/envs/AmberTools25/dat/leap/parm/frcmod.ions1lm_126_tip3p
Reading force field modification type file (frcmod)
Reading title:
Li/Merz ion parameters of monovalent ions for TIP3P water model (12-6 normal usage set)
>> loadAmberParams frcmod.ionsjc_tip3p
Loading parameters: /home/javier/Software/miniconda3/envs/AmberTools25/dat/leap/parm/frcmod.ionsjc_tip3p
Reading force field modification type file (frcmod)
Reading title:
Monovalent ion parameters for Ewald and TIP3P water from Joung & Cheatham JPCB (2008)
>> loadAmberParams frcmod.ions234lm_126_tip3p
Loading parameters: /home/javier/Software/miniconda3/envs/AmberTools25/dat/leap/parm/frcmod.ions234lm_126_tip3p
Reading force field modification type file (frcmod)
Reading title:
Li/Merz ion parameters of divalent to tetravalent ions for TIP3P water model (12-6 normal usage set)
>> 
> 
> loadoff atomic_ions.lib
Loading library: /home/javier/Software/miniconda3/envs/AmberTools25/dat/leap/lib/atomic_ions.lib
Loading: AG
Loading: AL
Loading: Ag
Loading: BA
Loading: BR
Loading: Be
Loading: CA
Loading: CD
Loading: CE
Loading: CL
Loading: CO
Loading: CR
Loading: CS
Loading: CU
Loading: CU1
Loading: Ce
Loading: Cl-
Loading: Cr
Loading: Dy
Loading: EU
Loading: EU3
Loading: Er
Loading: F
Loading: FE
Loading: FE2
Loading: GD3
Loading: H3O+
Loading: HE+
Loading: HG
Loading: HZ+
Loading: Hf
Loading: IN
Loading: IOD
Loading: K
Loading: K+
Loading: LA
Loading: LI
Loading: LU
Loading: MG
Loading: MN
Loading: NA
Loading: NH4
Loading: NI
Loading: Na+
Loading: Nd
Loading: PB
Loading: PD
Loading: PR
Loading: PT
Loading: Pu
Loading: RB
Loading: Ra
Loading: SM
Loading: SR
Loading: Sm
Loading: Sn
Loading: TB
Loading: TL
Loading: Th
Loading: Tl
Loading: Tm
Loading: U4+
Loading: V2+
Loading: Y
Loading: YB2
Loading: ZN
Loading: Zr
> loadoff tip3pbox.off
Loading library: /home/javier/Software/miniconda3/envs/AmberTools25/dat/leap/lib/tip3pbox.off
Loading: TIP3PBOX
> set default PBRadii mbondi3
Using ArgH and AspGluO modified Bondi2 radii
> 
> loadAmberPrep TYG.prep
Loading Prep file: ./TYG.prep
Loaded UNIT: TYG
> loadAmberParams TYG.2.frcmod
Loading parameters: ./TYG.2.frcmod
Reading force field modification type file (frcmod)
Reading title:
Remark line goes here
> loadAmberParams TYG.1.frcmod
Loading parameters: ./TYG.1.frcmod
Reading force field modification type file (frcmod)
Reading title:
Remark line goes here
> 
> unit = loadpdb ../../1-2-preparation_of_initial_structures/prepared_GFP_variants/GFP.1ema.pdb
Loading PDB file: ../../1-2-preparation_of_initial_structures/prepared_GFP_variants/GFP.1ema.pdb
Matching PDB residue names to LEaP variables.
Mapped residue SER, term: Terminal/beginning, seq. number: 0 to: NSER.
Mapped residue ILE, term: Terminal/last, seq. number: 225 to: CILE.
  Added missing heavy atom: .R<GLU 6>.A<CD 11>
  Added missing heavy atom: .R<GLU 6>.A<OE1 12>
  Added missing heavy atom: .R<GLU 6>.A<OE2 13>
  Added missing heavy atom: .R<LYS 26>.A<NZ 17>
  Added missing heavy atom: .R<LYS 52>.A<CD 11>
  Added missing heavy atom: .R<LYS 52>.A<CE 14>
  Added missing heavy atom: .R<LYS 52>.A<NZ 17>
  Added missing heavy atom: .R<LYS 99>.A<NZ 17>
  Added missing heavy atom: .R<LYS 105>.A<CE 14>
  Added missing heavy atom: .R<LYS 105>.A<NZ 17>
  Added missing heavy atom: .R<ARG 120>.A<NE 14>
  Added missing heavy atom: .R<ARG 120>.A<CZ 16>
  Added missing heavy atom: .R<ARG 120>.A<NH1 17>
  Added missing heavy atom: .R<ARG 120>.A<NH2 20>
  Added missing heavy atom: .R<GLU 122>.A<CD 11>
  Added missing heavy atom: .R<GLU 122>.A<OE1 12>
  Added missing heavy atom: .R<GLU 122>.A<OE2 13>
  Added missing heavy atom: .R<LYS 129>.A<CE 14>
  Added missing heavy atom: .R<LYS 129>.A<NZ 17>
  Added missing heavy atom: .R<GLU 130>.A<CG 8>
  Added missing heavy atom: .R<GLU 130>.A<CD 11>
  Added missing heavy atom: .R<GLU 130>.A<OE1 12>
  Added missing heavy atom: .R<GLU 130>.A<OE2 13>
  Added missing heavy atom: .R<LYS 154>.A<CG 8>
  Added missing heavy atom: .R<LYS 154>.A<CD 11>
  Added missing heavy atom: .R<LYS 154>.A<CE 14>
  Added missing heavy atom: .R<LYS 154>.A<NZ 17>
  Added missing heavy atom: .R<GLN 155>.A<CB 5>
  Added missing heavy atom: .R<GLN 155>.A<CG 8>
  Added missing heavy atom: .R<GLN 155>.A<CD 11>
  Added missing heavy atom: .R<GLN 155>.A<OE1 12>
  Added missing heavy atom: .R<GLN 155>.A<NE2 13>
  Added missing heavy atom: .R<LYS 156>.A<CB 5>
  Added missing heavy atom: .R<LYS 156>.A<CG 8>
  Added missing heavy atom: .R<LYS 156>.A<CD 11>
  Added missing heavy atom: .R<LYS 156>.A<CE 14>
  Added missing heavy atom: .R<LYS 156>.A<NZ 17>
  Added missing heavy atom: .R<LYS 160>.A<CE 14>
  Added missing heavy atom: .R<LYS 160>.A<NZ 17>
  Added missing heavy atom: .R<ASN 210>.A<OD1 9>
  Added missing heavy atom: .R<ASN 210>.A<ND2 10>
  Added missing heavy atom: .R<LYS 212>.A<CE 14>
  Added missing heavy atom: .R<LYS 212>.A<NZ 17>
  Added missing heavy atom: .R<CILE 227>.A<OXT 20>
Starting new chain with TP3
Starting new chain with TP3
Starting new chain with TP3
Starting new chain with TP3
Starting new chain with TP3
Starting new chain with TP3
Starting new chain with TP3
Starting new chain with TP3
Starting new chain with TP3
Starting new chain with TP3
Starting new chain with TP3
Starting new chain with TP3
Starting new chain with TP3
Starting new chain with TP3
Starting new chain with TP3
Starting new chain with TP3
Starting new chain with TP3
Starting new chain with TP3
Starting new chain with TP3
Starting new chain with TP3
Starting new chain with TP3
Starting new chain with TP3
Starting new chain with TP3
Starting new chain with TP3
Starting new chain with TP3
Starting new chain with TP3
Starting new chain with TP3
Starting new chain with TP3
Starting new chain with TP3
Starting new chain with TP3
Starting new chain with TP3
Starting new chain with TP3
Starting new chain with TP3
Starting new chain with TP3
Starting new chain with TP3
Starting new chain with TP3
Starting new chain with TP3
Starting new chain with TP3
Starting new chain with TP3
Starting new chain with TP3
Starting new chain with TP3
Starting new chain with TP3
Starting new chain with TP3
Starting new chain with TP3
Starting new chain with TP3
Starting new chain with TP3
Starting new chain with TP3
Starting new chain with TP3
Starting new chain with TP3
Starting new chain with TP3
Starting new chain with TP3
Starting new chain with TP3
Starting new chain with TP3
Starting new chain with TP3
Starting new chain with TP3
Starting new chain with TP3
Starting new chain with TP3
Starting new chain with TP3
Starting new chain with TP3
Starting new chain with TP3
Starting new chain with TP3
Starting new chain with TP3
Starting new chain with TP3
Starting new chain with TP3
Starting new chain with TP3
Starting new chain with TP3
Starting new chain with TP3
Starting new chain with TP3
Starting new chain with TP3
Starting new chain with TP3
Starting new chain with TP3
Starting new chain with TP3
Starting new chain with TP3
Starting new chain with TP3
Starting new chain with TP3
Starting new chain with TP3
Starting new chain with TP3
Starting new chain with TP3
Starting new chain with TP3
Starting new chain with TP3
Starting new chain with TP3
Starting new chain with TP3
Starting new chain with TP3
Starting new chain with TP3
Starting new chain with TP3
Starting new chain with TP3
Starting new chain with TP3
Starting new chain with TP3
Starting new chain with TP3
Starting new chain with TP3
Starting new chain with TP3
Starting new chain with TP3
Starting new chain with TP3
Starting new chain with TP3
  total atoms in file: 1866
  Leap added 1999 missing atoms according to residue templates:
       44 Heavy
       1955 H / lone pairs
> check unit
Checking 'unit'....

/home/javier/Software/miniconda3/envs/AmberTools25/bin/teLeap: Warning!
The unperturbed charge of the unit (-6.000003) is not zero.

/home/javier/Software/miniconda3/envs/AmberTools25/bin/teLeap: Warning!
Close contact of 1.420 angstroms between nonbonded atoms HA and HG1
-------  .R<PHE 27>.A<HA 4> and .R<THR 50>.A<HG1 12>

/home/javier/Software/miniconda3/envs/AmberTools25/bin/teLeap: Warning!
Close contact of 1.169 angstroms between nonbonded atoms HB3 and H2
-------  .R<SER 28>.A<HB3 7> and .R<WAT 245>.A<H2 3>

/home/javier/Software/miniconda3/envs/AmberTools25/bin/teLeap: Warning!
Close contact of 1.295 angstroms between nonbonded atoms HZ1 and H1
-------  .R<LYS 45>.A<HZ1 18> and .R<WAT 309>.A<H1 2>

/home/javier/Software/miniconda3/envs/AmberTools25/bin/teLeap: Warning!
Close contact of 0.973 angstroms between nonbonded atoms HG1 and HE2
-------  .R<THR 62>.A<HG1 12> and .R<HIE 179>.A<HE2 13>

/home/javier/Software/miniconda3/envs/AmberTools25/bin/teLeap: Warning!
Close contact of 1.400 angstroms between nonbonded atoms H and H1
-------  .R<TYR 72>.A<H 2> and .R<WAT 250>.A<H1 2>

/home/javier/Software/miniconda3/envs/AmberTools25/bin/teLeap: Warning!
Close contact of 1.297 angstroms between nonbonded atoms HE1 and HD13
-------  .R<MET 76>.A<HE1 13> and .R<CILE 227>.A<HD13 17>

/home/javier/Software/miniconda3/envs/AmberTools25/bin/teLeap: Warning!
Close contact of 1.374 angstroms between nonbonded atoms HG2 and H2
-------  .R<ARG 78>.A<HG2 9> and .R<WAT 251>.A<H2 3>

/home/javier/Software/miniconda3/envs/AmberTools25/bin/teLeap: Warning!
Close contact of 1.066 angstroms between nonbonded atoms HG and H
-------  .R<SER 84>.A<HG 9> and .R<LEU 192>.A<H 2>

/home/javier/Software/miniconda3/envs/AmberTools25/bin/teLeap: Warning!
Close contact of 1.085 angstroms between nonbonded atoms HH11 and H1
-------  .R<ARG 94>.A<HH11 18> and .R<WAT 235>.A<H1 2>

/home/javier/Software/miniconda3/envs/AmberTools25/bin/teLeap: Warning!
Close contact of 1.194 angstroms between nonbonded atoms H and H1
-------  .R<ASP 127>.A<H 2> and .R<WAT 306>.A<H1 2>

/home/javier/Software/miniconda3/envs/AmberTools25/bin/teLeap: Warning!
Close contact of 0.962 angstroms between nonbonded atoms HH and H1
-------  .R<TYR 143>.A<HH 15> and .R<WAT 230>.A<H1 2>

/home/javier/Software/miniconda3/envs/AmberTools25/bin/teLeap: Warning!
Close contact of 1.359 angstroms between nonbonded atoms HE2 and H
-------  .R<HIE 146>.A<HE2 13> and .R<ARG 166>.A<H 2>

/home/javier/Software/miniconda3/envs/AmberTools25/bin/teLeap: Warning!
Close contact of 0.688 angstroms between nonbonded atoms HE2 and HG22
-------  .R<LYS 156>.A<HE2 15> and .R<THR 184>.A<HG22 9>

/home/javier/Software/miniconda3/envs/AmberTools25/bin/teLeap: Warning!
Close contact of 0.960 angstroms between nonbonded atoms HE2 and CG2
-------  .R<LYS 156>.A<HE2 15> and .R<THR 184>.A<CG2 7>

/home/javier/Software/miniconda3/envs/AmberTools25/bin/teLeap: Warning!
Close contact of 0.915 angstroms between nonbonded atoms CE and HG22
-------  .R<LYS 156>.A<CE 14> and .R<THR 184>.A<HG22 9>

/home/javier/Software/miniconda3/envs/AmberTools25/bin/teLeap: Warning!
Close contact of 1.459 angstroms between nonbonded atoms HD3 and HD12
-------  .R<LYS 164>.A<HD3 13> and .R<LEU 176>.A<HD12 12>

/home/javier/Software/miniconda3/envs/AmberTools25/bin/teLeap: Warning!
Close contact of 1.498 angstroms between nonbonded atoms HE2 and H1
-------  .R<HIE 167>.A<HE2 13> and .R<WAT 249>.A<H1 2>

/home/javier/Software/miniconda3/envs/AmberTools25/bin/teLeap: Warning!
Close contact of 0.964 angstroms between nonbonded atoms H and H2
-------  .R<ASN 168>.A<H 2> and .R<WAT 290>.A<H2 3>

/home/javier/Software/miniconda3/envs/AmberTools25/bin/teLeap: Warning!
Close contact of 0.825 angstroms between nonbonded atoms H and HE2
-------  .R<ASP 208>.A<H 2> and .R<HIE 215>.A<HE2 13>

/home/javier/Software/miniconda3/envs/AmberTools25/bin/teLeap: Warning!
Close contact of 1.467 angstroms between nonbonded atoms H and H1
-------  .R<LYS 212>.A<H 2> and .R<WAT 255>.A<H1 2>

/home/javier/Software/miniconda3/envs/AmberTools25/bin/teLeap: Warning!
Close contact of 0.990 angstroms between nonbonded atoms H and H1
-------  .R<ASP 214>.A<H 2> and .R<WAT 300>.A<H1 2>

/home/javier/Software/miniconda3/envs/AmberTools25/bin/teLeap: Warning!
Close contact of 1.267 angstroms between nonbonded atoms H1 and H2
-------  .R<WAT 252>.A<H1 2> and .R<WAT 256>.A<H2 3>

/home/javier/Software/miniconda3/envs/AmberTools25/bin/teLeap: Warning!
Close contact of 1.458 angstroms between nonbonded atoms O and H2
-------  .R<WAT 252>.A<O 1> and .R<WAT 256>.A<H2 3>

/home/javier/Software/miniconda3/envs/AmberTools25/bin/teLeap: Warning!
Close contact of 1.404 angstroms between nonbonded atoms H1 and H2
-------  .R<WAT 265>.A<H1 2> and .R<WAT 268>.A<H2 3>
Checking parameters for unit 'unit'.
Checking for bond parameters.
Checking for angle parameters.
check:  Warnings: 25
Unit is OK.
> 
> SolvateBox unit TIP3PBOX 12.0 0.9
  Solute vdw bounding box:              44.028 53.853 59.917
  Total bounding box for atom centers:  68.028 77.853 83.917
  Solvent unit box:                     18.774 18.774 18.774
The number of boxes:  x= 4  y= 5  z= 5
  Total vdw box size:                   71.492 81.041 87.051 angstroms.
  Volume: 504353.673 A^3 
  Total mass 250589.828 amu,  Density 0.825 g/cc
  Added 12388 residues.
> addions unit Na+ 0
6 Na+ ions required to neutralize.
Adding 6 counter ions to "unit" using 1A grid
Total solute charge:  -6.00  Max atom radius:   2.00
Grid extends from solute vdw + 2.62  to  8.62
Box:
   enclosing:  -29.21 -34.15 -37.84   28.99 33.80 37.16
   sized:			      98.79 93.85 90.16
   edge:        128.00
Resolution:      1.00 Angstrom.
Tree depth: 7
Volume =  2.49% of box, grid points 52115
Solvent present: replacing closest with ion
	 when steric overlaps occur
Calculating grid charges
(Replacing solvent molecule)
Placed Na+ in unit at (0.66, 17.54, -18.13).
(Replacing solvent molecule)
Placed Na+ in unit at (-3.02, -24.48, -5.57).
(Replacing solvent molecule)
Placed Na+ in unit at (-18.45, -3.01, -6.07).
(Replacing solvent molecule)
Placed Na+ in unit at (12.19, 12.97, -17.79).
(Replacing solvent molecule)
Placed Na+ in unit at (-4.86, -17.20, -12.54).
(Replacing solvent molecule)
Placed Na+ in unit at (-11.35, 26.66, -8.70).

Done adding ions.
> addions unit Cl- 0

/home/javier/Software/miniconda3/envs/AmberTools25/bin/teLeap: Warning!
addIons: 1st Ion & target unit have charges of the same sign:
     unit charge = -3e-06; ion1 charge = -1;
     can't neutralize.
> SaveAmberParm unit GFP.1ema.top GFP.1ema.crd
Checking Unit.
Building topology.
Building atom parameters.
Building bond parameters.
Building angle parameters.
Building proper torsion parameters.
Building improper torsion parameters.
old PREP-specified impropers:
 <TYG 65>:  -M   CA1  N1   H15 
 <TYG 65>:  CA1  N3   C1   N2  
 <TYG 65>:  C2   CB2  CA2  N2  
 <TYG 65>:  CG2  CA2  CB2  H01 
 <TYG 65>:  CD1  CD2  CG2  CB2 
 <TYG 65>:  CG2  CE1  CD1  H02 
 <TYG 65>:  CD1  CZ   CE1  H05 
 <TYG 65>:  CE1  CE2  CZ   OH  
 <TYG 65>:  CZ   CD2  CE2  H06 
 <TYG 65>:  CG2  CE2  CD2  H07 
 <TYG 65>:  CA2  N3   C2   O2  
 <TYG 65>:  C2   C1   N3   CA3 
 <TYG 65>:  CA3  +M   C3   O3  
 total 739 improper torsions applied
 13 improper torsions in old prep form
Building H-Bond parameters.
Incorporating Non-Bonded adjustments.
Not Marking per-residue atom chain types.
Marking per-residue atom chain types.
  (Residues lacking connect0/connect1 - 
   these don't have chain types marked:

	res	total affected

	CILE	1
	NSER	1
	WAT	12477
  )
 (no restraints)
> quit
	Quit

Exiting LEaP: Errors = 0; Warnings = 26; Notes = 0.
