            --------------------------------------------------------
                             AMBER SQM VERSION 19
 
                                     By
              Ross C. Walker, Michael F. Crowley, Scott Brozell,
                         Tim Giese, Andreas W. Goetz,
                        Tai-Sung Lee and David A. Case
 
            --------------------------------------------------------
 

--------------------------------------------------------------------------------
  QM CALCULATION INFO
--------------------------------------------------------------------------------

| QMMM: Citation for AMBER QMMM Run:
| QMMM: R.C. Walker, M.F. Crowley and D.A. Case, J. COMP. CHEM. 29:1019, 2008

QMMM: SINGLET STATE CALCULATION
QMMM: RHF CALCULATION, NO. OF DOUBLY OCCUPIED LEVELS = 72

| QMMM: *** Selected Hamiltonian *** 
| QMMM: AM1         

| QMMM: *** Parameter sets in use ***
| QMMM: N : M.J.S.DEWAR et al. JACS, 107, 3902, (1985)
| QMMM: C : M.J.S.DEWAR et al. JACS, 107, 3902, (1985)
| QMMM: O : M.J.S.DEWAR et al. JACS, 107, 3902, (1985)
| QMMM: H : M.J.S.DEWAR et al. JACS, 107, 3902, (1985)

| QMMM: *** SCF convergence criteria ***
| QMMM: Energy change                :  0.1D-09 kcal/mol
| QMMM: Error matrix |FP-PF|         :  0.1D+00 au
| QMMM: Density matrix change        :  0.5D-06
| QMMM: Maximum number of SCF cycles :     1000

| QMMM: *** Diagonalization Routine Information ***
| QMMM: Pseudo diagonalizations are allowed.
| QMMM: Auto diagonalization routine selection is in use.
| QMMM:
| QMMM: Timing diagonalization routines:
| QMMM:                              norbs =      130
| QMMM:    diag iterations used for timing =       10
| QMMM:
| QMMM:              Internal diag routine = 0.032962 seconds
| QMMM:                 Dspev diag routine = 0.035023 seconds
| QMMM:                Dspevd diag routine = 0.027565 seconds
| QMMM:                Dspevx diag routine = 0.097069 seconds
| QMMM:                 Dsyev diag routine = 0.065987 seconds
| QMMM:                Dsyevd diag routine = 0.017126 seconds
| QMMM:                Dsyevr diag routine = 0.023134 seconds
| QMMM:
| QMMM:                Pseudo diag routine = 0.008167 seconds
| QMMM:
| QMMM: Using dsyevd routine (diag_routine=6).

  QMMM: QM Region Cartesian Coordinates (*=link atom) 
  QMMM: QM_NO.   MM_NO.  ATOM         X         Y         Z
  QMMM:     1        1      N       24.5350   24.3830   39.8490
  QMMM:     2        2      C       25.0110   26.4780   37.0780
  QMMM:     3        3      C       27.1970   28.2450   39.5120
  QMMM:     4        4      C       23.9190   26.7210   39.8420
  QMMM:     5        5      C       22.7740   27.2530   36.5180
  QMMM:     6        6      O       22.3130   26.1470   36.7610
  QMMM:     7        7      C       25.9310   26.0350   35.9300
  QMMM:     8        8      C       28.3290   28.8220   39.9600
  QMMM:     9        9      C       25.1550   25.4220   34.7960
  QMMM:    10       10      C       29.4370   29.3700   39.1240
  QMMM:    11       11      O       26.6790   27.1290   35.4610
  QMMM:    12       12      C       29.5410   29.1030   37.7420
  QMMM:    13       13      C       30.4870   30.1100   39.8050
  QMMM:    14       14      C       30.7070   29.5460   37.0330
  QMMM:    15       15      C       31.6140   30.5630   39.0850
  QMMM:    16       16      C       31.7180   30.3000   37.7210
  QMMM:    17       17      C       21.8950   28.3710   35.9950
  QMMM:    18       18      C       24.3960   23.0040   40.2990
  QMMM:    19       19      O       32.8940   30.8040   36.9710
  QMMM:    20       20      C       25.7300   27.1060   38.2450
  QMMM:    21       21      N       24.0770   27.5130   36.6100
  QMMM:    22       22      C       26.0430   27.8750   40.3700
  QMMM:    23       23      N       26.9750   27.7320   38.2160
  QMMM:    24       24      O       26.0220   27.9620   41.5660
  QMMM:    25       25      C       23.7450   25.3260   40.3600
  QMMM:    26       26      N       25.2740   27.1240   39.5090
  QMMM:    27       27      O       22.8850   25.1160   41.1930
  QMMM:    28       28      H       28.4470   28.8960   41.0410
  QMMM:    29       29      H       28.7470   28.5680   37.2210
  QMMM:    30       30      H       30.8250   29.3110   35.9750
  QMMM:    31       31      H       32.4010   31.1180   39.5960
  QMMM:    32       32      H       30.4040   30.3150   40.8720
  QMMM:    33       33      H       24.5240   25.5580   37.4000
  QMMM:    34       34      H       23.6180   27.3730   40.6620
  QMMM:    35       35      H       23.3130   26.8190   38.9410
  QMMM:    36       36      H       26.6040   25.2730   36.3230
  QMMM:    37       37      H       24.2510   26.0040   34.6190
  QMMM:    38       38      H       25.7680   25.4200   33.8950
  QMMM:    39       39      H       24.8820   24.3980   35.0530
  QMMM:    40       40      H       26.8140   27.7550   36.1760
  QMMM:    41       41      H       33.0990   31.6970   37.2580
  QMMM:    42       42      H       24.4260   28.4260   36.3570
  QMMM:    43       43      H       25.2270   24.6230   39.1530
  QMMM:    44       44      H       22.1450   29.3200   36.4700
  QMMM:    45       45      H       20.8480   28.1580   36.2110
  QMMM:    46       46      H       22.0610   28.4400   34.9200
  QMMM:    47       47      H       23.7700   22.9700   41.1910
  QMMM:    48       48      H       25.3790   22.5960   40.5360
  QMMM:    49       49      H       23.9350   22.4140   39.5070

--------------------------------------------------------------------------------
  RESULTS
--------------------------------------------------------------------------------

      iter         sqm energy              rms gradient
      ----    -------------------    -----------------------
xmin    10     -123.4058 kcal/mol        0.7164 kcal/(mol*A)
xmin    20     -124.6845 kcal/mol        0.6266 kcal/(mol*A)
xmin    30     -124.9888 kcal/mol        0.2255 kcal/(mol*A)
xmin    40     -125.1346 kcal/mol        0.0866 kcal/(mol*A)
xmin    50     -125.2877 kcal/mol        0.2248 kcal/(mol*A)
xmin    60     -125.4099 kcal/mol        0.4848 kcal/(mol*A)
xmin    70     -125.6542 kcal/mol        0.5430 kcal/(mol*A)
xmin    80     -125.9711 kcal/mol        0.4556 kcal/(mol*A)
xmin    90     -126.6118 kcal/mol        0.7265 kcal/(mol*A)
xmin   100     -127.5914 kcal/mol        1.2672 kcal/(mol*A)
xmin   110     -128.1518 kcal/mol        0.1801 kcal/(mol*A)
xmin   120     -128.2977 kcal/mol        0.0663 kcal/(mol*A)
xmin   130     -128.3095 kcal/mol        0.0188 kcal/(mol*A)
xmin   140     -128.3125 kcal/mol        0.0245 kcal/(mol*A)
xmin   150     -128.3131 kcal/mol        0.0082 kcal/(mol*A)
xmin   160     -128.3132 kcal/mol        0.0015 kcal/(mol*A)
  ... geometry converged !
 
 Final MO eigenvalues (eV):
 -41.8814  -40.6451  -40.1936  -39.3631  -38.7445  -38.2210  -37.8797  -35.5785
 -35.3673  -35.2422  -33.2204  -32.4967  -32.0201  -30.8416  -29.7818  -29.2034
 -27.7833  -26.4974  -24.9905  -24.0479  -23.2669  -22.4044  -22.1417  -21.4794
 -20.9259  -20.5495  -19.3712  -18.9581  -18.7322  -18.1627  -17.7220  -17.4905
 -17.2026  -16.9841  -16.9387  -16.7010  -16.1391  -15.8876  -15.7414  -15.5152
 -15.4381  -15.3810  -15.2735  -15.1038  -14.8108  -14.6448  -14.6152  -14.2111
 -13.8499  -13.7469  -13.6551  -13.5132  -13.4035  -13.3335  -13.1986  -13.0993
 -13.0683  -12.9090  -12.7693  -12.6701  -12.4373  -12.2087  -11.7640  -11.4982
 -11.1345  -10.9122  -10.7007  -10.3634  -10.1980   -9.9095   -9.8663   -8.8307
  -1.1917    0.1213    0.3180    0.8094    0.9563    1.1647    1.6622    1.7398
   1.9374    2.2227    2.4835    2.5772    2.6531    2.6969    3.1442    3.2395
   3.3670    3.3979    3.4673    3.4965    3.5108    3.6673    3.7281    3.7375
   3.7949    3.8895    3.9155    3.9390    3.9874    4.1520    4.1949    4.2730
   4.3285    4.3669    4.3793    4.4462    4.5693    4.6223    4.6553    4.6738
   4.6831    4.7876    4.8565    4.9161    5.0200    5.0751    5.2856    5.4271
   5.4739    5.5173    5.9666    6.0006    6.1206    6.1624    6.3526    6.4760
   6.8019    7.1373

 Heat of formation   =       -128.31320233 kcal/mol  (       -5.56407798 eV)

 Total SCF energy    =    -116151.40772607 kcal/mol  (    -5036.70299320 eV)
 Electronic energy   =    -872464.90414142 kcal/mol  (   -37832.91722568 eV)
 Core-core repulsion =     756313.49641535 kcal/mol  (    32796.21423249 eV)
 
    Atomic Charges for Step       1 :
  Atom    Element       Mulliken Charge
     1      N                 -0.378
     2      C                  0.050
     3      C                 -0.139
     4      C                 -0.045
     5      C                  0.311
     6      O                 -0.380
     7      C                  0.036
     8      C                  0.016
     9      C                 -0.216
    10      C                 -0.109
    11      O                 -0.330
    12      C                 -0.048
    13      C                 -0.063
    14      C                 -0.171
    15      C                 -0.224
    16      C                  0.102
    17      C                 -0.240
    18      C                 -0.078
    19      O                 -0.245
    20      C                  0.068
    21      N                 -0.375
    22      C                  0.314
    23      N                 -0.185
    24      O                 -0.330
    25      C                  0.277
    26      N                 -0.308
    27      O                 -0.371
    28      H                  0.149
    29      H                  0.155
    30      H                  0.156
    31      H                  0.138
    32      H                  0.137
    33      H                  0.152
    34      H                  0.123
    35      H                  0.169
    36      H                  0.093
    37      H                  0.091
    38      H                  0.094
    39      H                  0.094
    40      H                  0.220
    41      H                  0.222
    42      H                  0.246
    43      H                  0.246
    44      H                  0.104
    45      H                  0.120
    46      H                  0.104
    47      H                  0.113
    48      H                  0.068
    49      H                  0.069
 Total Mulliken Charge =      -0.000
 
                  X        Y        Z     TOTAL  
  QM DIPOLE     3.158    3.354    0.048    4.607
 
 Final Structure

  QMMM: QM Region Cartesian Coordinates (*=link atom) 
  QMMM: QM_NO.   MM_NO.  ATOM         X         Y         Z
  QMMM:     1        1      N       24.9236   24.2614   40.9889
  QMMM:     2        2      C       24.7013   26.7699   36.7423
  QMMM:     3        3      C       27.1882   27.8651   39.2654
  QMMM:     4        4      C       23.9264   26.1416   39.7041
  QMMM:     5        5      C       22.7976   28.3450   36.6206
  QMMM:     6        6      O       22.1617   27.7012   37.4799
  QMMM:     7        7      C       25.6103   26.0574   35.6949
  QMMM:     8        8      C       28.3069   28.4466   39.7429
  QMMM:     9        9      C       24.7623   25.2473   34.7302
  QMMM:    10       10      C       29.3616   29.1031   39.0038
  QMMM:    11       11      O       26.3475   26.9799   34.9113
  QMMM:    12       12      C       29.6463   28.8243   37.6572
  QMMM:    13       13      C       30.1480   30.0534   39.6823
  QMMM:    14       14      C       30.6767   29.4812   36.9946
  QMMM:    15       15      C       31.1762   30.7245   39.0340
  QMMM:    16       16      C       31.4393   30.4373   37.6852
  QMMM:    17       17      C       22.2330   29.5848   35.9740
  QMMM:    18       18      C       25.1448   22.8998   41.3579
  QMMM:    19       19      O       32.4390   31.0563   36.9760
  QMMM:    20       20      C       25.5444   27.1099   37.9733
  QMMM:    21       21      N       24.0564   27.9396   36.2181
  QMMM:    22       22      C       26.1595   27.2253   40.1762
  QMMM:    23       23      N       26.7171   27.7358   37.9224
  QMMM:    24       24      O       26.1641   27.0708   41.4025
  QMMM:    25       25      C       24.1061   24.6299   39.9493
  QMMM:    26       26      N       25.1267   26.7954   39.2973
  QMMM:    27       27      O       23.5181   23.8052   39.2226
  QMMM:    28       28      H       28.4325   28.4417   40.8460
  QMMM:    29       29      H       29.0618   28.0693   37.1089
  QMMM:    30       30      H       30.9036   29.2653   35.9409
  QMMM:    31       31      H       31.7791   31.4712   39.5697
  QMMM:    32       32      H       29.9413   30.2746   40.7414
  QMMM:    33       33      H       23.9028   26.0244   37.0522
  QMMM:    34       34      H       23.5677   26.6203   40.6622
  QMMM:    35       35      H       23.1224   26.2733   38.9195
  QMMM:    36       36      H       26.3106   25.3773   36.2567
  QMMM:    37       37      H       24.0485   25.9081   34.1842
  QMMM:    38       38      H       25.4242   24.7497   33.9813
  QMMM:    39       39      H       24.1911   24.4700   35.2908
  QMMM:    40       40      H       27.0293   27.3649   35.4758
  QMMM:    41       41      H       32.8822   31.6844   37.5656
  QMMM:    42       42      H       24.5679   28.4707   35.5515
  QMMM:    43       43      H       25.3498   24.9687   41.5450
  QMMM:    44       44      H       22.8789   30.4684   36.1959
  QMMM:    45       45      H       21.2105   29.7680   36.3856
  QMMM:    46       46      H       22.1620   29.4527   34.8674
  QMMM:    47       47      H       24.6165   22.2123   40.6443
  QMMM:    48       48      H       24.7599   22.7117   42.3970
  QMMM:    49       49      H       26.2451   22.6729   41.3386

           --------- Calculation Completed ----------

