            --------------------------------------------------------
                             AMBER SQM VERSION 19
 
                                     By
              Ross C. Walker, Michael F. Crowley, Scott Brozell,
                         Tim Giese, Andreas W. Goetz,
                        Tai-Sung Lee and David A. Case
 
            --------------------------------------------------------
 

--------------------------------------------------------------------------------
  QM CALCULATION INFO
--------------------------------------------------------------------------------

| QMMM: Citation for AMBER QMMM Run:
| QMMM: R.C. Walker, M.F. Crowley and D.A. Case, J. COMP. CHEM. 29:1019, 2008

QMMM: SINGLET STATE CALCULATION
QMMM: RHF CALCULATION, NO. OF DOUBLY OCCUPIED LEVELS = 69

| QMMM: *** Selected Hamiltonian *** 
| QMMM: AM1         

| QMMM: *** Parameter sets in use ***
| QMMM: C : M.J.S.DEWAR et al. JACS, 107, 3902, (1985)
| QMMM: O : M.J.S.DEWAR et al. JACS, 107, 3902, (1985)
| QMMM: H : M.J.S.DEWAR et al. JACS, 107, 3902, (1985)
| QMMM: N : M.J.S.DEWAR et al. JACS, 107, 3902, (1985)

| QMMM: *** SCF convergence criteria ***
| QMMM: Energy change                :  0.1D-09 kcal/mol
| QMMM: Error matrix |FP-PF|         :  0.1D+00 au
| QMMM: Density matrix change        :  0.5D-06
| QMMM: Maximum number of SCF cycles :     1000

| QMMM: *** Diagonalization Routine Information ***
| QMMM: Pseudo diagonalizations are allowed.
| QMMM: Auto diagonalization routine selection is in use.
| QMMM:
| QMMM: Timing diagonalization routines:
| QMMM:                              norbs =      124
| QMMM:    diag iterations used for timing =       10
| QMMM:
| QMMM:              Internal diag routine = 0.024410 seconds
| QMMM:                 Dspev diag routine = 0.035809 seconds
| QMMM:                Dspevd diag routine = 0.024227 seconds
| QMMM:                Dspevx diag routine = 0.096527 seconds
| QMMM:                 Dsyev diag routine = 0.034059 seconds
| QMMM:                Dsyevd diag routine = 0.016623 seconds
| QMMM:                Dsyevr diag routine = 0.026540 seconds
| QMMM:
| QMMM:                Pseudo diag routine = 0.014687 seconds
| QMMM:
| QMMM: Using dsyevd routine (diag_routine=6).

  QMMM: QM Region Cartesian Coordinates (*=link atom) 
  QMMM: QM_NO.   MM_NO.  ATOM         X         Y         Z
  QMMM:     1        1      C       20.5600   -1.6190  107.9650
  QMMM:     2        2      C       20.2030   -0.2640  107.3760
  QMMM:     3        3      O       20.9320    0.7150  107.5380
  QMMM:     4        4      H       19.6630   -2.1580  108.2700
  QMMM:     5        5      H       21.1890   -1.4910  108.8460
  QMMM:     6        6      H       21.0880   -2.1830  107.1960
  QMMM:     7        7      C       18.6720    0.7810  105.5050
  QMMM:     8        8      C       15.0720    0.9690  105.7130
  QMMM:     9        9      C       17.3930    2.0200  108.1090
  QMMM:    10       10      C       19.0540    0.3510  104.1430
  QMMM:    11       11      C       13.7750    0.6960  105.3350
  QMMM:    12       12      C       13.3110    0.0210  104.1880
  QMMM:    13       13      O       18.8470    1.5770  103.3990
  QMMM:    14       14      C       14.1150   -0.5430  103.1350
  QMMM:    15       15      C       11.9220   -0.1380  104.0220
  QMMM:    16       16      C       13.5410   -1.2080  102.0140
  QMMM:    17       17      C       11.3380   -0.7760  102.9500
  QMMM:    18       18      C       12.1060   -1.3000  101.9630
  QMMM:    19       19      O       11.5640   -1.9420  100.8800
  QMMM:    20       20      C       17.2790    1.0910  105.7560
  QMMM:    21       21      N       19.1050   -0.3350  106.4320
  QMMM:    22       22      C       15.4780    1.6630  106.9000
  QMMM:    23       23      N       16.2920    0.6520  105.0570
  QMMM:    24       24      O       14.6710    2.1110  107.7580
  QMMM:    25       25      C       17.9970    3.3310  108.1120
  QMMM:    26       26      N       16.8600    1.7250  106.9060
  QMMM:    27       27      O       18.1900    3.8850  109.3340
  QMMM:    28       28      H       15.2000   -0.4580  103.1980
  QMMM:    29       29      H       13.0020    1.0510  106.0170
  QMMM:    30       30      H       14.1640   -1.6310  101.2260
  QMMM:    31       31      H       10.2530   -0.8600  102.8950
  QMMM:    32       32      H       11.2670    0.2700  104.7910
  QMMM:    33       33      H       19.1640    1.7410  105.6650
  QMMM:    34       34      H       16.5930    2.0100  108.8490
  QMMM:    35       35      H       18.1540    1.2780  108.3520
  QMMM:    36       36      H       18.4910   -0.5040  103.7670
  QMMM:    37       37      H       20.0940    0.0270  104.1010
  QMMM:    38       38      H       18.6330    1.3660  102.4870
  QMMM:    39       39      H       11.3420   -2.8450  101.1200
  QMMM:    40       40      H       18.5860   -1.2000  106.3890
  QMMM:    41       41      N       18.1900    4.2120  107.0280
  QMMM:    42       42      C       18.7230    5.5450  107.0350
  QMMM:    43       43      H       18.6400    5.9580  108.0400
  QMMM:    44       44      H       18.1610    6.1630  106.3350
  QMMM:    45       45      H       19.7710    5.5250  106.7350
  QMMM:    46       46      H       17.9160    3.8570  106.1230

--------------------------------------------------------------------------------
  RESULTS
--------------------------------------------------------------------------------

      iter         sqm energy              rms gradient
      ----    -------------------    -----------------------
xmin    10     -115.5544 kcal/mol        4.7823 kcal/(mol*A)
xmin    20     -120.9756 kcal/mol        0.5701 kcal/(mol*A)
xmin    30     -121.5706 kcal/mol        0.2186 kcal/(mol*A)
xmin    40     -121.6711 kcal/mol        0.0834 kcal/(mol*A)
xmin    50     -121.6825 kcal/mol        0.0224 kcal/(mol*A)
xmin    60     -121.6842 kcal/mol        0.0044 kcal/(mol*A)
xmin    70     -121.6844 kcal/mol        0.0012 kcal/(mol*A)
  ... geometry converged !
 
 Final MO eigenvalues (eV):
 -41.9475  -40.7082  -40.2549  -39.2971  -38.9939  -38.2712  -37.8995  -36.0179
 -35.4076  -35.1511  -33.2566  -32.1338  -32.0307  -29.9004  -29.1726  -28.9197
 -26.4901  -26.1951  -24.4578  -23.9473  -22.8635  -22.1625  -21.7896  -20.9728
 -20.6081  -19.4396  -19.1583  -18.7772  -18.1826  -18.0071  -17.6181  -17.3846
 -17.1118  -16.9436  -16.4658  -16.2613  -15.9931  -15.9168  -15.7352  -15.5037
 -15.4045  -15.3740  -15.1668  -14.8991  -14.7043  -14.4243  -14.3117  -14.0431
 -13.9242  -13.8507  -13.6143  -13.4799  -13.2893  -13.1754  -12.9309  -12.8149
 -12.6565  -12.6193  -12.2655  -11.9605  -11.7506  -11.5092  -11.0045  -10.6898
 -10.6351  -10.2555   -9.9247   -9.7564   -8.8796   -1.2505    0.0647    0.2249
   0.6902    0.9683    0.9763    1.5333    1.6919    1.7761    2.2797    2.3255
   2.5227    2.6028    2.6442    2.9779    3.0734    3.0886    3.2636    3.3441
   3.4396    3.4706    3.5618    3.6216    3.6572    3.6819    3.8019    3.8263
   3.8696    3.9017    3.9432    4.1448    4.2042    4.2739    4.3901    4.4148
   4.4936    4.6190    4.6378    4.6832    4.7409    4.8144    4.8629    5.0275
   5.2328    5.3910    5.4405    5.5822    5.5865    5.6237    5.9104    5.9890
   6.4640    6.4666    6.5411    7.2545

 Heat of formation   =       -121.68436133 kcal/mol  (       -5.27662987 eV)

 Total SCF energy    =    -112557.92585354 kcal/mol  (    -4880.87792609 eV)
 Electronic energy   =    -818269.00701867 kcal/mol  (   -35482.80677415 eV)
 Core-core repulsion =     705711.08116513 kcal/mol  (    30601.92884806 eV)
 
    Atomic Charges for Step       1 :
  Atom    Element       Mulliken Charge
     1      C                 -0.241
     2      C                  0.306
     3      O                 -0.364
     4      H                  0.104
     5      H                  0.123
     6      H                  0.107
     7      C                  0.041
     8      C                 -0.149
     9      C                 -0.047
    10      C                 -0.021
    11      C                  0.017
    12      C                 -0.110
    13      O                 -0.326
    14      C                 -0.050
    15      C                 -0.062
    16      C                 -0.173
    17      C                 -0.223
    18      C                  0.102
    19      O                 -0.246
    20      C                  0.035
    21      N                 -0.373
    22      C                  0.314
    23      N                 -0.179
    24      O                 -0.291
    25      C                  0.284
    26      N                 -0.312
    27      O                 -0.367
    28      H                  0.155
    29      H                  0.151
    30      H                  0.154
    31      H                  0.139
    32      H                  0.138
    33      H                  0.151
    34      H                  0.152
    35      H                  0.148
    36      H                  0.089
    37      H                  0.123
    38      H                  0.213
    39      H                  0.222
    40      H                  0.232
    41      N                 -0.381
    42      C                 -0.075
    43      H                  0.115
    44      H                  0.067
    45      H                  0.068
    46      H                  0.236
 Total Mulliken Charge =      -0.000
 
                  X        Y        Z     TOTAL  
  QM DIPOLE    -0.852   -6.203   -5.186    8.130
 
 Final Structure

  QMMM: QM Region Cartesian Coordinates (*=link atom) 
  QMMM: QM_NO.   MM_NO.  ATOM         X         Y         Z
  QMMM:     1        1      C       19.8586   -2.3706  107.5860
  QMMM:     2        2      C       19.6098   -0.9038  107.3469
  QMMM:     3        3      O       19.8383   -0.0424  108.2180
  QMMM:     4        4      H       18.9080   -2.9485  107.4879
  QMMM:     5        5      H       20.2592   -2.5012  108.6213
  QMMM:     6        6      H       20.6046   -2.7662  106.8550
  QMMM:     7        7      C       18.7785    0.8221  105.7922
  QMMM:     8        8      C       15.0823    0.9387  105.7788
  QMMM:     9        9      C       17.5214    2.4094  108.1692
  QMMM:    10       10      C       19.1263    1.2136  104.3328
  QMMM:    11       11      C       13.8279    0.6577  105.3722
  QMMM:    12       12      C       13.4063   -0.1311  104.2365
  QMMM:    13       13      O       18.7074    2.5357  104.0757
  QMMM:    14       14      C       14.2051   -0.3325  103.0995
  QMMM:    15       15      C       12.1215   -0.7058  104.2753
  QMMM:    16       16      C       13.7482   -1.0971  102.0323
  QMMM:    17       17      C       11.6520   -1.4786  103.2216
  QMMM:    18       18      C       12.4699   -1.6753  102.0976
  QMMM:    19       19      O       12.0775   -2.4249  101.0162
  QMMM:    20       20      C       17.2855    1.0556  106.0172
  QMMM:    21       21      N       19.1500   -0.5354  106.0875
  QMMM:    22       22      C       15.3565    1.7753  107.0155
  QMMM:    23       23      N       16.3409    0.5382  105.2341
  QMMM:    24       24      O       14.5680    2.3012  107.8018
  QMMM:    25       25      C       18.0264    3.8473  107.9558
  QMMM:    26       26      N       16.7816    1.8236  107.0999
  QMMM:    27       27      O       18.0592    4.6144  108.9390
  QMMM:    28       28      H       15.2040    0.1250  103.0328
  QMMM:    29       29      H       13.0058    1.0661  105.9975
  QMMM:    30       30      H       14.3695   -1.2558  101.1396
  QMMM:    31       31      H       10.6508   -1.9299  103.2646
  QMMM:    32       32      H       11.4804   -0.5466  105.1570
  QMMM:    33       33      H       19.3654    1.5055  106.4819
  QMMM:    34       34      H       16.8459    2.4497  109.0766
  QMMM:    35       35      H       18.4225    1.7706  108.4166
  QMMM:    36       36      H       18.6730    0.4951  103.6017
  QMMM:    37       37      H       20.2431    1.2335  104.2089
  QMMM:    38       38      H       17.7593    2.5133  103.8912
  QMMM:    39       39      H       11.1828   -2.7550  101.1869
  QMMM:    40       40      H       18.7940   -1.2383  105.4827
  QMMM:    41       41      N       18.4692    4.2340  106.7148
  QMMM:    42       42      C       18.9663    5.5479  106.4518
  QMMM:    43       43      H       18.9457    6.1679  107.3878
  QMMM:    44       44      H       18.3346    6.0480  105.6685
  QMMM:    45       45      H       20.0231    5.4895  106.0744
  QMMM:    46       46      H       18.4544    3.5959  105.9540

           --------- Calculation Completed ----------

