
          -------------------------------------------------------
          Amber 24 PMEMD                              2024
          -------------------------------------------------------

| PMEMD implementation of SANDER, Release 24

|  Compiled date/time: Mon Feb  3 14:39:30 2025
| Run on 09/10/2025 at 14:15:03

|   Executable path: /home/jacosta19/software/amber24/bin/pmemd.cuda_SPFP
| Working directory: /home/jacosta19/Desktop/GFP_MD/1bfp
|          Hostname: Unknown
  [-O]verwriting output

File Assignments:
|   MDIN: eq5.in                                                                
|  MDOUT: GFP.1bfp.eq5.out                                                      
| INPCRD: GFP.1bfp.eq4.ncrst                                                    
|   PARM: GFP.1bfp.top                                                          
| RESTRT: GFP.1bfp.eq5.ncrst                                                    
|   REFC: GFP.1bfp.min.ncrst                                                    
|  MDVEL: mdvel                                                                 
|   MDEN: mden                                                                  
|  MDCRD: GFP.1bfp.eq5.nc                                                       
| MDINFO: mdinfo                                                                
|  MDFRC: mdfrc                                                                 


 Here is the input file:

eq5 temp = 300, k = 1 P=cte (ntb=2, ntp=1)                                     
&cntrl                                                                         
 nstlim = 5000, dt = 0.002,                                                    
 ntx = 7, irest = 1, iwrap = 1, cut = 9.0, ioutfm = 1,                         
 ntpr = 1000, ntwr = 1000, ntwx = 1000,                                        
 tempi = 300., temp0 = 300.,                                                   
 ntt = 1,                                                                      
 ntb = 2, ntp = 1,                                                             
 ntc = 2, ntf = 2,                                                             
 ntr = 1, restraint_wt = 0.1, restraintmask = ":1-227@CA"                      
&end                                                                           
&wt                                                                            
type="END",                                                                    
&end                                                                           
                                                                               


Note: ig = -1. Setting random seed to   241180 based on wallclock time in 
      microseconds.
| irandom = 1, using AMBER's internal random number generator (default).
| WARNING: ntx set to 7; the file type is now auto-detected; please update to ntx = 5.
 
|--------------------- INFORMATION ----------------------
| GPU (CUDA) Version of PMEMD in use: NVIDIA GPU IN USE.
|                    Version 18.0.0
| 
|                      03/25/2018
| 
| Implementation by:
|                    Ross C. Walker     (SDSC)
|                    Scott Le Grand     (nVIDIA)
| 
| Version 18 performance extensions by:
|                    David Cerutti     (Rutgers)
| 
| Precision model in use:
|      [SPFP] - Single Precision Forces, 64-bit Fixed Point
|               Accumulation. (Default)
| 
|--------------------------------------------------------
 
|----------------- CITATION INFORMATION -----------------
|
|    When publishing work that utilized the CUDA version
|    of AMBER, please cite the following in addition to
|    the regular AMBER citations:
|
|  - Romelia Salomon-Ferrer; Andreas W. Goetz; Duncan
|    Poole; Scott Le Grand; Ross C. Walker "Routine
|    microsecond molecular dynamics simulations with
|    AMBER - Part II: Particle Mesh Ewald", J. Chem.
|    Theory Comput., 2013, 9 (9), pp3878-3888,
|    DOI: 10.1021/ct400314y.
|
|  - Andreas W. Goetz; Mark J. Williamson; Dong Xu;
|    Duncan Poole; Scott Le Grand; Ross C. Walker
|    "Routine microsecond molecular dynamics simulations
|    with AMBER - Part I: Generalized Born", J. Chem.
|    Theory Comput., 2012, 8 (5), pp1542-1555.
|
|  - Scott Le Grand; Andreas W. Goetz; Ross C. Walker
|    "SPFP: Speed without compromise - a mixed precision
|    model for GPU accelerated molecular dynamics
|    simulations.", Comp. Phys. Comm., 2013, 184
|    pp374-380, DOI: 10.1016/j.cpc.2012.09.022
|
|--------------------------------------------------------
 
|------------------- GPU DEVICE INFO --------------------
|
|            CUDA_VISIBLE_DEVICES: not set
|   CUDA Capable Devices Detected:      1
|           CUDA Device ID in use:      0
|                CUDA Device Name: NVIDIA GeForce RTX 2080 Ti
|     CUDA Device Global Mem Size:  10825 MB
| CUDA Device Num Multiprocessors:     68
|           CUDA Device Core Freq:   1.54 GHz
|
|--------------------------------------------------------
 
 
| Conditional Compilation Defines Used:
| PUBFFT
| BINTRAJ
| CUDA
| EMIL

| Largest sphere to fit in unit cell has radius =    34.885

| New format PARM file being parsed.
| Version =    1.000 Date = 09/09/25 Time = 15:25:20

| Note: 1-4 EEL scale factors are being read from the topology file.

| Note: 1-4 VDW scale factors are being read from the topology file.
| Duplicated    0 dihedrals

| Duplicated    0 dihedrals

--------------------------------------------------------------------------------
   1.  RESOURCE   USE: 
--------------------------------------------------------------------------------

 getting box info from netcdf restart file
 NATOM  =   39469 NTYPES =      16 NBONH =   37644 MBONA  =    1863
 NTHETH =    4046 MTHETA =    2518 NPHIH =    8186 MPHIA  =    7925
 NHPARM =       0 NPARM  =       0 NNB   =   67677 NRES   =   12191
 NBONA  =    1863 NTHETA =    2518 NPHIA =    7925 NUMBND =      81
 NUMANG =     188 NPTRA  =     202 NATYP =      40 NPHB   =       0
 IFBOX  =       1 NMXRS  =      30 IFCAP =       0 NEXTRA =       0
 NCOPY  =       0

| Coordinate Index Table dimensions:    13   16   17
| Direct force subcell size =     5.3669    5.0825    5.0482

     BOX TYPE: RECTILINEAR

--------------------------------------------------------------------------------
   2.  CONTROL  DATA  FOR  THE  RUN
--------------------------------------------------------------------------------

default_name                                                                    

General flags:
     imin    =       0, nmropt  =       0

Nature and format of input:
     ntx     =       7, irest   =       1, ntrx    =       1

Nature and format of output:
     ntxo    =       2, ntpr    =    1000, ntrx    =       1, ntwr    =    1000
     iwrap   =       1, ntwx    =    1000, ntwv    =       0, ntwe    =       0
     ioutfm  =       1, ntwprt  =       0, idecomp =       0, rbornstat=      0

Potential function:
     ntf     =       2, ntb     =       2, igb     =       0, nsnb    =      25
     ipol    =       0, gbsa    =       0, iesp    =       0
     dielc   =   1.00000, cut     =   9.00000, intdiel =   1.00000

Frozen or restrained atoms:
     ibelly  =       0, ntr     =       1
     restraint_wt =   0.10000

Molecular dynamics:
     nstlim  =      5000, nscm    =         0, nrespa  =         1
     t       =   0.00000, dt      =   0.00200, vlimit  =  -1.00000

Berendsen (weak-coupling) temperature regulation:
     temp0   = 300.00000, tempi   = 300.00000, tautp   =   1.00000

Pressure regulation:
     ntp     =       1
     pres0   =   1.00000, comp    =  44.60000, taup    =   1.00000

SHAKE:
     ntc     =       2, jfastw  =       0
     tol     =   0.00001

| Intermolecular bonds treatment:
|     no_intermolecular_bonds =       1

| Energy averages sample interval:
|     ene_avg_sampling =    1000

Ewald parameters:
     verbose =       0, ew_type =       0, nbflag  =       1, use_pme =       1
     vdwmeth =       1, eedmeth =       1, netfrc  =       1
     Box X =   69.769   Box Y =   81.320   Box Z =   85.819
     Alpha =   90.000   Beta  =   90.000   Gamma =   90.000
     NFFT1 =   72       NFFT2 =   84       NFFT3 =   96
     Cutoff=    9.000   Tol   =0.100E-04
     Ewald Coefficient =  0.30768
     Interpolation order =    4

    LOADING THE CONSTRAINED ATOMS AS GROUPS


   5.  REFERENCE ATOM COORDINATES

  default_name                                                                    
     Mask :1-227@CA; matches   226 atoms

--------------------------------------------------------------------------------
   3.  ATOMIC COORDINATES AND VELOCITIES
--------------------------------------------------------------------------------

default_name                                                                    
 begin time read from input coords =   100.000 ps

 
 Number of triangulated 3-point waters found:    11958

     Sum of charges from parm topology file =  -0.00000309
     Forcing neutrality...

| Dynamic Memory, Types Used:
| Reals             1816549
| Integers          1607140

| Nonbonded Pairs Initial Allocation:     8998932

| GPU memory information (estimate):
| KB of GPU memory in use:    139281
| KB of CPU memory in use:     74769

--------------------------------------------------------------------------------
   4.  RESULTS
--------------------------------------------------------------------------------


 NSTEP =     1000   TIME(PS) =     102.000  TEMP(K) =   298.93  PRESS =  -420.8
 Etot   =    -94695.7675  EKtot   =     23987.7676  EPtot      =   -118683.5351
 BOND   =       626.7533  ANGLE   =      1927.7322  DIHED      =      2877.3916
 1-4 NB =       810.2175  1-4 EEL =     10810.1128  VDWAALS    =     14613.3779
 EELEC  =   -150356.8892  EHBOND  =         0.0000  RESTRAINT  =         7.7688
 EAMBER (non-restraint)  =   -118691.3039
 EKCMT  =     10716.7941  VIRIAL  =     15033.0547  VOLUME     =    475042.5906
                                                    Density    =         0.8436
 ------------------------------------------------------------------------------


 NSTEP =     2000   TIME(PS) =     104.000  TEMP(K) =   298.56  PRESS =  -332.3
 Etot   =    -94904.6478  EKtot   =     23957.8730  EPtot      =   -118862.5208
 BOND   =       677.0750  ANGLE   =      1871.0356  DIHED      =      2891.7928
 1-4 NB =       800.2979  1-4 EEL =     10737.8162  VDWAALS    =     14531.8270
 EELEC  =   -150383.8503  EHBOND  =         0.0000  RESTRAINT  =        11.4851
 EAMBER (non-restraint)  =   -118874.0059
 EKCMT  =     10807.6488  VIRIAL  =     14134.1865  VOLUME     =    463691.8503
                                                    Density    =         0.8643
 ------------------------------------------------------------------------------


 NSTEP =     3000   TIME(PS) =     106.000  TEMP(K) =   301.09  PRESS =  -247.6
 Etot   =    -95105.8656  EKtot   =     24161.3438  EPtot      =   -119267.2093
 BOND   =       624.0849  ANGLE   =      1914.9426  DIHED      =      2863.5040
 1-4 NB =       811.1009  1-4 EEL =     10808.7419  VDWAALS    =     14548.6748
 EELEC  =   -150849.6059  EHBOND  =         0.0000  RESTRAINT  =        11.3474
 EAMBER (non-restraint)  =   -119278.5567
 EKCMT  =     10870.9357  VIRIAL  =     13305.1637  VOLUME     =    455301.4800
                                                    Density    =         0.8802
 ------------------------------------------------------------------------------


 NSTEP =     4000   TIME(PS) =     108.000  TEMP(K) =   301.54  PRESS =  -225.9
 Etot   =    -95301.9991  EKtot   =     24197.4609  EPtot      =   -119499.4600
 BOND   =       683.2233  ANGLE   =      1898.8097  DIHED      =      2873.8736
 1-4 NB =       800.8523  1-4 EEL =     10803.3688  VDWAALS    =     14646.5967
 EELEC  =   -151215.8234  EHBOND  =         0.0000  RESTRAINT  =         9.6390
 EAMBER (non-restraint)  =   -119509.0990
 EKCMT  =     10852.3101  VIRIAL  =     13024.5846  VOLUME     =    445346.0965
                                                    Density    =         0.8999
 ------------------------------------------------------------------------------


 NSTEP =     5000   TIME(PS) =     110.000  TEMP(K) =   297.58  PRESS =  -340.1
 Etot   =    -95478.9009  EKtot   =     23879.2676  EPtot      =   -119358.1685
 BOND   =       653.2078  ANGLE   =      1866.9773  DIHED      =      2909.3317
 1-4 NB =       797.9078  1-4 EEL =     10758.5547  VDWAALS    =     14563.7078
 EELEC  =   -150919.7309  EHBOND  =         0.0000  RESTRAINT  =        11.8754
 EAMBER (non-restraint)  =   -119370.0439
 EKCMT  =     10658.7266  VIRIAL  =     13855.0581  VOLUME     =    435298.8998
                                                    Density    =         0.9207
 ------------------------------------------------------------------------------


      A V E R A G E S   O V E R       5 S T E P S


 NSTEP =     5000   TIME(PS) =     110.000  TEMP(K) =   299.54  PRESS =  -313.3
 Etot   =    -95097.4362  EKtot   =     24036.7426  EPtot      =   -119134.1788
 BOND   =       652.8688  ANGLE   =      1895.8995  DIHED      =      2883.1787
 1-4 NB =       804.0753  1-4 EEL =     10783.7189  VDWAALS    =     14580.8368
 EELEC  =   -150745.1799  EHBOND  =         0.0000  RESTRAINT  =        10.4231
 EAMBER (non-restraint)  =   -119144.6019
 EKCMT  =     10781.2831  VIRIAL  =     13870.4095  VOLUME     =    454936.1834
                                                    Density    =         0.8818
 ------------------------------------------------------------------------------


      R M S  F L U C T U A T I O N S


 NSTEP =     5000   TIME(PS) =     110.000  TEMP(K) =     1.52  PRESS =    70.1
 Etot   =       277.8264  EKtot   =       122.2891  EPtot      =       309.2496
 BOND   =        24.5682  ANGLE   =        23.8291  DIHED      =        15.9082
 1-4 NB =         5.4732  1-4 EEL =        29.8302  VDWAALS    =        42.6920
 EELEC  =       329.9112  EHBOND  =         0.0000  RESTRAINT  =         1.5331
 EAMBER (non-restraint)  =       307.7165
 EKCMT  =        81.1868  VIRIAL  =       700.9252  VOLUME     =     13846.6994
                                                    Density    =         0.0268
 ------------------------------------------------------------------------------

--------------------------------------------------------------------------------
   5.  TIMINGS
--------------------------------------------------------------------------------

|  NonSetup CPU Time in Major Routines:
|
|     Routine           Sec        %
|     ------------------------------
|     Nonbond           3.09   82.00
|     Bond              0.00    0.00
|     Angle             0.00    0.00
|     Dihedral          0.00    0.00
|     Shake             0.03    0.72
|     RunMD             0.65   17.13
|     Other             0.01    0.15
|     ------------------------------
|     Total             3.77

|  PME Nonbond Pairlist CPU Time:
|
|     Routine              Sec        %
|     ---------------------------------
|     Set Up Cit           0.00    0.00
|     Build List           0.00    0.00
|     ---------------------------------
|     Total                0.00    0.00

|  PME Direct Force CPU Time:
|
|     Routine              Sec        %
|     ---------------------------------
|     NonBonded Calc       0.00    0.00
|     Exclude Masked       0.00    0.00
|     Other                0.00    0.09
|     ---------------------------------
|     Total                0.00    0.09

|  PME Reciprocal Force CPU Time:
|
|     Routine              Sec        %
|     ---------------------------------
|     1D bspline           0.00    0.00
|     Grid Charges         0.00    0.00
|     Scalar Sum           0.00    0.00
|     Gradient Sum         0.00    0.00
|     FFT                  0.00    0.00
|     ---------------------------------
|     Total                0.00    0.00

|  Final Performance Info:
|     -----------------------------------------------------
|     Average timings for last    4000 steps:
|     Elapsed(s) =       3.03 Per Step(ms) =       0.76
|         ns/day =     228.24   seconds/ns =     378.54
|
|     Average timings for all steps:
|     Elapsed(s) =       3.77 Per Step(ms) =       0.75
|         ns/day =     229.28   seconds/ns =     376.83
|     -----------------------------------------------------

|  Setup CPU time:            0.51 seconds
|  NonSetup CPU time:         3.77 seconds
|  Total CPU time:            4.28 seconds     0.00 hours

|  Setup wall time:           1    seconds
|  NonSetup wall time:        4    seconds
|  Total wall time:           5    seconds     0.00 hours
