
          -------------------------------------------------------
          Amber 24 PMEMD                              2024
          -------------------------------------------------------

| PMEMD implementation of SANDER, Release 24

|  Compiled date/time: Mon Feb  3 14:39:30 2025
| Run on 09/10/2025 at 14:12:23

|   Executable path: /home/jacosta19/software/amber24/bin/pmemd.cuda_SPFP
| Working directory: /home/jacosta19/Desktop/GFP_MD/1bfp
|          Hostname: Unknown
  [-O]verwriting output

File Assignments:
|   MDIN: min1.in                                                               
|  MDOUT: GFP.1bfp.m1.out                                                       
| INPCRD: GFP.1bfp.crd                                                          
|   PARM: GFP.1bfp.top                                                          
| RESTRT: GFP.1bfp.m1.ncrst                                                     
|   REFC: GFP.1bfp.crd                                                          
|  MDVEL: mdvel                                                                 
|   MDEN: mden                                                                  
|  MDCRD: mdcrd                                                                 
| MDINFO: mdinfo                                                                
|  MDFRC: mdfrc                                                                 


 Here is the input file:

Minimizacion de todos los hidrogenos en GPU                                    
 &cntrl                                                                        
 ntx = 1, ntrx = 1,                                                            
 ntpr = 500, igb=0,                                                            
 ntf = 1, ntb = 1,                                                             
 nsnb = 10, ntr = 1,                                                           
 imin = 1, maxcyc = 500000, ncyc = 250000,                                     
 ntmin = 1, dx0 = 0.1, drms = 0.01,                                            
 ntp = 0, ntc = 1, cut=9., ioutfm = 1,                                         
 restraint_wt=20., restraintmask='!@H=',                                       
&end                                                                           
&wt                                                                            
type="END",                                                                    
&end                                                                           
                                                                               


Note: ig = -1. Setting random seed to   345221 based on wallclock time in 
      microseconds.
| irandom = 1, using AMBER's internal random number generator (default).
| INFO:    The nsnb ctrl option does not affect nonbonded list update frequency.
|          It does affect steepest descent minimization freq if ntmin == 0
 
|--------------------- INFORMATION ----------------------
| GPU (CUDA) Version of PMEMD in use: NVIDIA GPU IN USE.
|                    Version 18.0.0
| 
|                      03/25/2018
| 
| Implementation by:
|                    Ross C. Walker     (SDSC)
|                    Scott Le Grand     (nVIDIA)
| 
| Version 18 performance extensions by:
|                    David Cerutti     (Rutgers)
| 
| Precision model in use:
|      [SPFP] - Single Precision Forces, 64-bit Fixed Point
|               Accumulation. (Default)
| 
|--------------------------------------------------------
 
|----------------- CITATION INFORMATION -----------------
|
|    When publishing work that utilized the CUDA version
|    of AMBER, please cite the following in addition to
|    the regular AMBER citations:
|
|  - Romelia Salomon-Ferrer; Andreas W. Goetz; Duncan
|    Poole; Scott Le Grand; Ross C. Walker "Routine
|    microsecond molecular dynamics simulations with
|    AMBER - Part II: Particle Mesh Ewald", J. Chem.
|    Theory Comput., 2013, 9 (9), pp3878-3888,
|    DOI: 10.1021/ct400314y.
|
|  - Andreas W. Goetz; Mark J. Williamson; Dong Xu;
|    Duncan Poole; Scott Le Grand; Ross C. Walker
|    "Routine microsecond molecular dynamics simulations
|    with AMBER - Part I: Generalized Born", J. Chem.
|    Theory Comput., 2012, 8 (5), pp1542-1555.
|
|  - Scott Le Grand; Andreas W. Goetz; Ross C. Walker
|    "SPFP: Speed without compromise - a mixed precision
|    model for GPU accelerated molecular dynamics
|    simulations.", Comp. Phys. Comm., 2013, 184
|    pp374-380, DOI: 10.1016/j.cpc.2012.09.022
|
|--------------------------------------------------------
 
|------------------- GPU DEVICE INFO --------------------
|
|            CUDA_VISIBLE_DEVICES: not set
|   CUDA Capable Devices Detected:      1
|           CUDA Device ID in use:      0
|                CUDA Device Name: NVIDIA GeForce RTX 2080 Ti
|     CUDA Device Global Mem Size:  10825 MB
| CUDA Device Num Multiprocessors:     68
|           CUDA Device Core Freq:   1.54 GHz
|
|--------------------------------------------------------
 
 
| Conditional Compilation Defines Used:
| PUBFFT
| BINTRAJ
| CUDA
| EMIL

| Largest sphere to fit in unit cell has radius =    34.885

| New format PARM file being parsed.
| Version =    1.000 Date = 09/09/25 Time = 15:25:20

| Note: 1-4 EEL scale factors are being read from the topology file.

| Note: 1-4 VDW scale factors are being read from the topology file.
| Duplicated    0 dihedrals

| Duplicated    0 dihedrals

--------------------------------------------------------------------------------
   1.  RESOURCE   USE: 
--------------------------------------------------------------------------------

 getting new box info from bottom of inpcrd
 NATOM  =   39469 NTYPES =      16 NBONH =   37644 MBONA  =    1863
 NTHETH =    4046 MTHETA =    2518 NPHIH =    8186 MPHIA  =    7925
 NHPARM =       0 NPARM  =       0 NNB   =   67677 NRES   =   12191
 NBONA  =    1863 NTHETA =    2518 NPHIA =    7925 NUMBND =      81
 NUMANG =     188 NPTRA  =     202 NATYP =      40 NPHB   =       0
 IFBOX  =       1 NMXRS  =      30 IFCAP =       0 NEXTRA =       0
 NCOPY  =       0

| Coordinate Index Table dimensions:    13   16   17
| Direct force subcell size =     5.3669    5.0825    5.0482

     BOX TYPE: RECTILINEAR

--------------------------------------------------------------------------------
   2.  CONTROL  DATA  FOR  THE  RUN
--------------------------------------------------------------------------------

default_name                                                                    

General flags:
     imin    =       1, nmropt  =       0

Nature and format of input:
     ntx     =       1, irest   =       0, ntrx    =       1

Nature and format of output:
     ntxo    =       2, ntpr    =     500, ntrx    =       1, ntwr    =       1
     iwrap   =       0, ntwx    =       0, ntwv    =       0, ntwe    =       0
     ioutfm  =       1, ntwprt  =       0, idecomp =       0, rbornstat=      0

Potential function:
     ntf     =       1, ntb     =       1, igb     =       0, nsnb    =      10
     ipol    =       0, gbsa    =       0, iesp    =       0
     dielc   =   1.00000, cut     =   9.00000, intdiel =   1.00000

Frozen or restrained atoms:
     ibelly  =       0, ntr     =       1
     restraint_wt =  20.00000

Energy minimization:
     maxcyc  =  500000, ncyc    =  250000, ntmin   =       1
     dx0     =   0.10000, drms    =   0.01000

| Intermolecular bonds treatment:
|     no_intermolecular_bonds =       1

| Energy averages sample interval:
|     ene_avg_sampling =       1

Ewald parameters:
     verbose =       0, ew_type =       0, nbflag  =       1, use_pme =       1
     vdwmeth =       1, eedmeth =       1, netfrc  =       0
     Box X =   69.769   Box Y =   81.320   Box Z =   85.819
     Alpha =   90.000   Beta  =   90.000   Gamma =   90.000
     NFFT1 =   72       NFFT2 =   84       NFFT3 =   96
     Cutoff=    9.000   Tol   =0.100E-04
     Ewald Coefficient =  0.30768
     Interpolation order =    4

    LOADING THE CONSTRAINED ATOMS AS GROUPS


   5.  REFERENCE ATOM COORDINATES

  default_name                                                                    
     Mask !@H=; matches 13783 atoms

--------------------------------------------------------------------------------
   3.  ATOMIC COORDINATES AND VELOCITIES
--------------------------------------------------------------------------------

default_name                                                                    
 begin time read from input coords =     0.000 ps

 
 Number of triangulated 3-point waters found:    11958

     Sum of charges from parm topology file =  -0.00000309
     Forcing neutrality...

| Dynamic Memory, Types Used:
| Reals             1161676
| Integers          1504303

| Nonbonded Pairs Initial Allocation:     8998932

| GPU memory information (estimate):
| KB of GPU memory in use:    140431
| KB of CPU memory in use:     75919

--------------------------------------------------------------------------------
   4.  RESULTS
--------------------------------------------------------------------------------



   NSTEP       ENERGY          RMS            GMAX         NAME    NUMBER
      1       1.0687E+06     8.4071E+01     1.9830E+04     OE2      1376

 BOND    =      232.1411  ANGLE   =      771.5810  DIHED      =     2753.9972
 VDWAALS =  1184774.5110  EEL     =  -132282.5203  HBOND      =        0.0000
 1-4 VDW =     1225.0513  1-4 EEL =    11271.6271  RESTRAINT  =        0.0000


   NSTEP       ENERGY          RMS            GMAX         NAME    NUMBER
    500      -1.3197E+05     4.7085E-01     3.4732E+01     N3        989

 BOND    =     7461.0229  ANGLE   =      527.8351  DIHED      =     2690.6223
 VDWAALS =    10334.0604  EEL     =  -167681.8656  HBOND      =        0.0000
 1-4 VDW =      875.3387  1-4 EEL =    11047.6384  RESTRAINT  =     2774.9465
 EAMBER  =  -134745.3479


   NSTEP       ENERGY          RMS            GMAX         NAME    NUMBER
   1000      -1.3266E+05     1.3494E-01     9.0961E+00     C        3587

 BOND    =     7527.0408  ANGLE   =      529.1957  DIHED      =     2679.8576
 VDWAALS =    10384.2823  EEL     =  -168587.4568  HBOND      =        0.0000
 1-4 VDW =      873.5491  1-4 EEL =    11048.7939  RESTRAINT  =     2889.3948
 EAMBER  =  -135544.7376


   NSTEP       ENERGY          RMS            GMAX         NAME    NUMBER
   1500      -1.3297E+05     7.3762E-02     2.4020E+00     NE2      2316

 BOND    =     7561.5916  ANGLE   =      529.3543  DIHED      =     2673.9206
 VDWAALS =    10433.9267  EEL     =  -169033.6197  HBOND      =        0.0000
 1-4 VDW =      872.7174  1-4 EEL =    11051.5143  RESTRAINT  =     2939.7658
 EAMBER  =  -135910.5949


   NSTEP       ENERGY          RMS            GMAX         NAME    NUMBER
   2000      -1.3314E+05     6.0452E-02     2.6632E+00     H1      26190

 BOND    =     7582.2031  ANGLE   =      528.8277  DIHED      =     2671.8373
 VDWAALS =    10455.0778  EEL     =  -169271.8638  HBOND      =        0.0000
 1-4 VDW =      872.5157  1-4 EEL =    11053.8944  RESTRAINT  =     2966.1319
 EAMBER  =  -136107.5079


   NSTEP       ENERGY          RMS            GMAX         NAME    NUMBER
   2500      -1.3325E+05     1.3647E-01     1.6318E+01     C        3587

 BOND    =     7597.6472  ANGLE   =      529.0382  DIHED      =     2671.5348
 VDWAALS =    10467.5564  EEL     =  -169425.3476  HBOND      =        0.0000
 1-4 VDW =      872.2788  1-4 EEL =    11053.7536  RESTRAINT  =     2979.7237
 EAMBER  =  -136233.5385


   NSTEP       ENERGY          RMS            GMAX         NAME    NUMBER
   3000      -1.3334E+05     4.5013E-02     2.6673E+00     H2      17134

 BOND    =     7608.3964  ANGLE   =      529.0643  DIHED      =     2671.2466
 VDWAALS =    10474.8857  EEL     =  -169537.2693  HBOND      =        0.0000
 1-4 VDW =      872.2187  1-4 EEL =    11053.7664  RESTRAINT  =     2988.8553
 EAMBER  =  -136327.6911


   NSTEP       ENERGY          RMS            GMAX         NAME    NUMBER
   3500      -1.3340E+05     3.6376E-02     2.0610E+00     H2       7723

 BOND    =     7615.2139  ANGLE   =      529.0544  DIHED      =     2670.9921
 VDWAALS =    10474.7976  EEL     =  -169612.7199  HBOND      =        0.0000
 1-4 VDW =      872.1610  1-4 EEL =    11053.8407  RESTRAINT  =     2993.9671
 EAMBER  =  -136396.6602


   NSTEP       ENERGY          RMS            GMAX         NAME    NUMBER
   4000      -1.3344E+05     7.1998E-02     5.5393E+00     NE2      2316

 BOND    =     7619.1940  ANGLE   =      529.1255  DIHED      =     2670.7678
 VDWAALS =    10475.1456  EEL     =  -169657.9079  HBOND      =        0.0000
 1-4 VDW =      872.1066  1-4 EEL =    11053.9033  RESTRAINT  =     2996.7915
 EAMBER  =  -136437.6650


   NSTEP       ENERGY          RMS            GMAX         NAME    NUMBER
   4500      -1.3347E+05     7.8925E-02     6.5265E+00     NE2      3401

 BOND    =     7621.3235  ANGLE   =      529.0132  DIHED      =     2670.6332
 VDWAALS =    10475.1536  EEL     =  -169689.9654  HBOND      =        0.0000
 1-4 VDW =      872.0448  1-4 EEL =    11053.7303  RESTRAINT  =     2999.0026
 EAMBER  =  -136468.0668


   NSTEP       ENERGY          RMS            GMAX         NAME    NUMBER
   5000      -1.3349E+05     1.0129E-01     1.7664E+01     C        3587

 BOND    =     7623.9263  ANGLE   =      528.8114  DIHED      =     2670.6307
 VDWAALS =    10476.6444  EEL     =  -169720.3122  HBOND      =        0.0000
 1-4 VDW =      872.0156  1-4 EEL =    11053.6628  RESTRAINT  =     3001.7066
 EAMBER  =  -136494.6210


   NSTEP       ENERGY          RMS            GMAX         NAME    NUMBER
   5500      -1.3352E+05     2.2482E-02     1.2021E+00     H1      10647

 BOND    =     7626.2790  ANGLE   =      528.7530  DIHED      =     2670.6808
 VDWAALS =    10479.1708  EEL     =  -169750.2546  HBOND      =        0.0000
 1-4 VDW =      871.9603  1-4 EEL =    11053.7261  RESTRAINT  =     3004.3523
 EAMBER  =  -136519.6847


   NSTEP       ENERGY          RMS            GMAX         NAME    NUMBER
   6000      -1.3353E+05     4.6258E-02     4.1004E+00     NE2      3401

 BOND    =     7629.1790  ANGLE   =      528.6869  DIHED      =     2670.7048
 VDWAALS =    10483.3336  EEL     =  -169777.4352  HBOND      =        0.0000
 1-4 VDW =      871.9419  1-4 EEL =    11053.8048  RESTRAINT  =     3007.1267
 EAMBER  =  -136539.7843


   NSTEP       ENERGY          RMS            GMAX         NAME    NUMBER
   6500      -1.3355E+05     5.4388E-02     5.1421E+00     NE2      3401

 BOND    =     7631.4738  ANGLE   =      528.6516  DIHED      =     2670.7231
 VDWAALS =    10487.0769  EEL     =  -169800.2787  HBOND      =        0.0000
 1-4 VDW =      871.9426  1-4 EEL =    11053.8661  RESTRAINT  =     3009.2252
 EAMBER  =  -136556.5446


   NSTEP       ENERGY          RMS            GMAX         NAME    NUMBER
   7000      -1.3356E+05     5.7355E-02     5.2826E+00     NE2      3401

 BOND    =     7634.3044  ANGLE   =      528.6581  DIHED      =     2670.7565
 VDWAALS =    10491.7172  EEL     =  -169827.3174  HBOND      =        0.0000
 1-4 VDW =      871.9471  1-4 EEL =    11053.9175  RESTRAINT  =     3011.4769
 EAMBER  =  -136576.0166


   NSTEP       ENERGY          RMS            GMAX         NAME    NUMBER
   7500      -1.3358E+05     1.8187E-02     1.3880E+00     C        3587

 BOND    =     7637.0840  ANGLE   =      528.6983  DIHED      =     2670.7974
 VDWAALS =    10495.6047  EEL     =  -169850.2196  HBOND      =        0.0000
 1-4 VDW =      871.9732  1-4 EEL =    11053.9672  RESTRAINT  =     3013.7971
 EAMBER  =  -136592.0947


   NSTEP       ENERGY          RMS            GMAX         NAME    NUMBER
   8000      -1.3359E+05     1.3770E-02     1.2440E+00     H1       7614

 BOND    =     7638.3925  ANGLE   =      528.6721  DIHED      =     2670.8205
 VDWAALS =    10496.3988  EEL     =  -169862.0609  HBOND      =        0.0000
 1-4 VDW =      871.9864  1-4 EEL =    11054.0315  RESTRAINT  =     3015.1245
 EAMBER  =  -136601.7592


   NSTEP       ENERGY          RMS            GMAX         NAME    NUMBER
   8500      -1.3359E+05     1.1313E-02     7.8529E-01     H1      38964

 BOND    =     7639.3956  ANGLE   =      528.6410  DIHED      =     2670.8308
 VDWAALS =    10496.6866  EEL     =  -169871.2500  HBOND      =        0.0000
 1-4 VDW =      871.9919  1-4 EEL =    11054.0448  RESTRAINT  =     3016.7243
 EAMBER  =  -136609.6592


                    FINAL RESULTS



   NSTEP       ENERGY          RMS            GMAX         NAME    NUMBER
   8634      -1.3359E+05     9.9983E-03     7.0921E-01     H1      37353

 BOND    =     7639.6286  ANGLE   =      528.6397  DIHED      =     2670.8313
 VDWAALS =    10496.7809  EEL     =  -169873.2641  HBOND      =        0.0000
 1-4 VDW =      871.9913  1-4 EEL =    11054.0401  RESTRAINT  =     3017.1206
 EAMBER  =  -136611.3522
--------------------------------------------------------------------------------
   5.  TIMINGS
--------------------------------------------------------------------------------

|  NonSetup CPU Time in Major Routines:
|
|     Routine           Sec        %
|     ------------------------------
|     Nonbond           4.44   21.01
|     Bond              0.00    0.00
|     Angle             0.00    0.00
|     Dihedral          0.00    0.00
|     Shake             0.00    0.00
|     Other            16.68   78.99
|     ------------------------------
|     Total            21.12

|  PME Nonbond Pairlist CPU Time:
|
|     Routine              Sec        %
|     ---------------------------------
|     Set Up Cit           0.00    0.00
|     Build List           0.00    0.00
|     ---------------------------------
|     Total                0.00    0.00

|  PME Direct Force CPU Time:
|
|     Routine              Sec        %
|     ---------------------------------
|     NonBonded Calc       0.00    0.00
|     Exclude Masked       0.00    0.00
|     Other                0.01    0.05
|     ---------------------------------
|     Total                0.01    0.05

|  PME Reciprocal Force CPU Time:
|
|     Routine              Sec        %
|     ---------------------------------
|     1D bspline           0.00    0.00
|     Grid Charges         0.00    0.00
|     Scalar Sum           0.00    0.00
|     Gradient Sum         0.00    0.00
|     FFT                  0.00    0.00
|     ---------------------------------
|     Total                0.00    0.00

|  Setup CPU time:            0.63 seconds
|  NonSetup CPU time:        21.12 seconds
|  Total CPU time:           21.75 seconds     0.01 hours

|  Setup wall time:           1    seconds
|  NonSetup wall time:       21    seconds
|  Total wall time:          22    seconds     0.01 hours
