
          -------------------------------------------------------
          Amber 24 PMEMD                              2024
          -------------------------------------------------------

| PMEMD implementation of SANDER, Release 24

|  Compiled date/time: Mon Feb  3 14:39:30 2025
| Run on 09/10/2025 at 14:14:38

|   Executable path: /home/jacosta19/software/amber24/bin/pmemd.cuda_SPFP
| Working directory: /home/jacosta19/Desktop/GFP_MD/1bfp
|          Hostname: Unknown
  [-O]verwriting output

File Assignments:
|   MDIN: eq1.in                                                                
|  MDOUT: GFP.1bfp.eq1.out                                                      
| INPCRD: GFP.1bfp.h.ncrst                                                      
|   PARM: GFP.1bfp.top                                                          
| RESTRT: GFP.1bfp.eq1.ncrst                                                    
|   REFC: GFP.1bfp.min.ncrst                                                    
|  MDVEL: mdvel                                                                 
|   MDEN: mden                                                                  
|  MDCRD: GFP.1bfp.eq1.nc                                                       
| MDINFO: mdinfo                                                                
|  MDFRC: mdfrc                                                                 


 Here is the input file:

eq1 temp = 300, k = 15 V=cte (ntb=1)                                           
&cntrl                                                                         
 nstlim = 10000, dt = 0.002,                                                   
 ntx = 7, irest = 1, iwrap=0, cut=9., ioutfm = 1,                              
 ntpr = 500, ntwr = 500, ntwx =500,                                            
 tempi = 300., temp0 = 300.,                                                   
 ntt = 1,                                                                      
 ntb = 1,                                                                      
 ntc = 2, ntf = 2,                                                             
 ntr = 1,                                                                      
 restraint_wt = 2.0, restraintmask = ":1-227@CA"                               
&end                                                                           
                                                                               


Note: ig = -1. Setting random seed to   924583 based on wallclock time in 
      microseconds.
| irandom = 1, using AMBER's internal random number generator (default).
| WARNING: ntx set to 7; the file type is now auto-detected; please update to ntx = 5.
 
|--------------------- INFORMATION ----------------------
| GPU (CUDA) Version of PMEMD in use: NVIDIA GPU IN USE.
|                    Version 18.0.0
| 
|                      03/25/2018
| 
| Implementation by:
|                    Ross C. Walker     (SDSC)
|                    Scott Le Grand     (nVIDIA)
| 
| Version 18 performance extensions by:
|                    David Cerutti     (Rutgers)
| 
| Precision model in use:
|      [SPFP] - Single Precision Forces, 64-bit Fixed Point
|               Accumulation. (Default)
| 
|--------------------------------------------------------
 
|----------------- CITATION INFORMATION -----------------
|
|    When publishing work that utilized the CUDA version
|    of AMBER, please cite the following in addition to
|    the regular AMBER citations:
|
|  - Romelia Salomon-Ferrer; Andreas W. Goetz; Duncan
|    Poole; Scott Le Grand; Ross C. Walker "Routine
|    microsecond molecular dynamics simulations with
|    AMBER - Part II: Particle Mesh Ewald", J. Chem.
|    Theory Comput., 2013, 9 (9), pp3878-3888,
|    DOI: 10.1021/ct400314y.
|
|  - Andreas W. Goetz; Mark J. Williamson; Dong Xu;
|    Duncan Poole; Scott Le Grand; Ross C. Walker
|    "Routine microsecond molecular dynamics simulations
|    with AMBER - Part I: Generalized Born", J. Chem.
|    Theory Comput., 2012, 8 (5), pp1542-1555.
|
|  - Scott Le Grand; Andreas W. Goetz; Ross C. Walker
|    "SPFP: Speed without compromise - a mixed precision
|    model for GPU accelerated molecular dynamics
|    simulations.", Comp. Phys. Comm., 2013, 184
|    pp374-380, DOI: 10.1016/j.cpc.2012.09.022
|
|--------------------------------------------------------
 
|------------------- GPU DEVICE INFO --------------------
|
|            CUDA_VISIBLE_DEVICES: not set
|   CUDA Capable Devices Detected:      1
|           CUDA Device ID in use:      0
|                CUDA Device Name: NVIDIA GeForce RTX 2080 Ti
|     CUDA Device Global Mem Size:  10825 MB
| CUDA Device Num Multiprocessors:     68
|           CUDA Device Core Freq:   1.54 GHz
|
|--------------------------------------------------------
 
 
| Conditional Compilation Defines Used:
| PUBFFT
| BINTRAJ
| CUDA
| EMIL

| Largest sphere to fit in unit cell has radius =    34.885

| New format PARM file being parsed.
| Version =    1.000 Date = 09/09/25 Time = 15:25:20

| Note: 1-4 EEL scale factors are being read from the topology file.

| Note: 1-4 VDW scale factors are being read from the topology file.
| Duplicated    0 dihedrals

| Duplicated    0 dihedrals

--------------------------------------------------------------------------------
   1.  RESOURCE   USE: 
--------------------------------------------------------------------------------

 getting box info from netcdf restart file
 NATOM  =   39469 NTYPES =      16 NBONH =   37644 MBONA  =    1863
 NTHETH =    4046 MTHETA =    2518 NPHIH =    8186 MPHIA  =    7925
 NHPARM =       0 NPARM  =       0 NNB   =   67677 NRES   =   12191
 NBONA  =    1863 NTHETA =    2518 NPHIA =    7925 NUMBND =      81
 NUMANG =     188 NPTRA  =     202 NATYP =      40 NPHB   =       0
 IFBOX  =       1 NMXRS  =      30 IFCAP =       0 NEXTRA =       0
 NCOPY  =       0

| Coordinate Index Table dimensions:    13   16   17
| Direct force subcell size =     5.3669    5.0825    5.0482

     BOX TYPE: RECTILINEAR

--------------------------------------------------------------------------------
   2.  CONTROL  DATA  FOR  THE  RUN
--------------------------------------------------------------------------------

default_name                                                                    

General flags:
     imin    =       0, nmropt  =       0

Nature and format of input:
     ntx     =       7, irest   =       1, ntrx    =       1

Nature and format of output:
     ntxo    =       2, ntpr    =     500, ntrx    =       1, ntwr    =     500
     iwrap   =       0, ntwx    =     500, ntwv    =       0, ntwe    =       0
     ioutfm  =       1, ntwprt  =       0, idecomp =       0, rbornstat=      0

Potential function:
     ntf     =       2, ntb     =       1, igb     =       0, nsnb    =      25
     ipol    =       0, gbsa    =       0, iesp    =       0
     dielc   =   1.00000, cut     =   9.00000, intdiel =   1.00000

Frozen or restrained atoms:
     ibelly  =       0, ntr     =       1
     restraint_wt =   2.00000

Molecular dynamics:
     nstlim  =     10000, nscm    =         0, nrespa  =         1
     t       =   0.00000, dt      =   0.00200, vlimit  =  -1.00000

Berendsen (weak-coupling) temperature regulation:
     temp0   = 300.00000, tempi   = 300.00000, tautp   =   1.00000

SHAKE:
     ntc     =       2, jfastw  =       0
     tol     =   0.00001

| Intermolecular bonds treatment:
|     no_intermolecular_bonds =       1

| Energy averages sample interval:
|     ene_avg_sampling =     500

Ewald parameters:
     verbose =       0, ew_type =       0, nbflag  =       1, use_pme =       1
     vdwmeth =       1, eedmeth =       1, netfrc  =       1
     Box X =   69.769   Box Y =   81.320   Box Z =   85.819
     Alpha =   90.000   Beta  =   90.000   Gamma =   90.000
     NFFT1 =   72       NFFT2 =   84       NFFT3 =   96
     Cutoff=    9.000   Tol   =0.100E-04
     Ewald Coefficient =  0.30768
     Interpolation order =    4

    LOADING THE CONSTRAINED ATOMS AS GROUPS


   5.  REFERENCE ATOM COORDINATES

  default_name                                                                    
     Mask :1-227@CA; matches   226 atoms

--------------------------------------------------------------------------------
   3.  ATOMIC COORDINATES AND VELOCITIES
--------------------------------------------------------------------------------

default_name                                                                    
 begin time read from input coords =    20.000 ps

 
 Number of triangulated 3-point waters found:    11958

     Sum of charges from parm topology file =  -0.00000309
     Forcing neutrality...

| Dynamic Memory, Types Used:
| Reals             1281853
| Integers          1507843

| Nonbonded Pairs Initial Allocation:     8998932

| GPU memory information (estimate):
| KB of GPU memory in use:    137089
| KB of CPU memory in use:     72577

--------------------------------------------------------------------------------
   4.  RESULTS
--------------------------------------------------------------------------------


 NSTEP =      500   TIME(PS) =      21.000  TEMP(K) =   301.26  PRESS =     0.0
 Etot   =    -94236.4320  EKtot   =     24174.6348  EPtot      =   -118411.0668
 BOND   =       704.5807  ANGLE   =      1944.9941  DIHED      =      2916.2536
 1-4 NB =       795.8788  1-4 EEL =     10805.0151  VDWAALS    =     14476.8001
 EELEC  =   -150103.5901  EHBOND  =         0.0000  RESTRAINT  =        49.0009
 EAMBER (non-restraint)  =   -118460.0677
 ------------------------------------------------------------------------------


 NSTEP =     1000   TIME(PS) =      22.000  TEMP(K) =   298.39  PRESS =     0.0
 Etot   =    -94229.0161  EKtot   =     23944.3262  EPtot      =   -118173.3423
 BOND   =       682.0584  ANGLE   =      1884.8298  DIHED      =      2899.0500
 1-4 NB =       817.0450  1-4 EEL =     10815.6237  VDWAALS    =     14503.9003
 EELEC  =   -149820.9546  EHBOND  =         0.0000  RESTRAINT  =        45.1051
 EAMBER (non-restraint)  =   -118218.4474
 ------------------------------------------------------------------------------


 NSTEP =     1500   TIME(PS) =      23.000  TEMP(K) =   299.29  PRESS =     0.0
 Etot   =    -94214.1497  EKtot   =     24017.0547  EPtot      =   -118231.2044
 BOND   =       681.3357  ANGLE   =      1899.8302  DIHED      =      2902.1792
 1-4 NB =       808.7621  1-4 EEL =     10786.0970  VDWAALS    =     14642.5896
 EELEC  =   -150001.7238  EHBOND  =         0.0000  RESTRAINT  =        49.7256
 EAMBER (non-restraint)  =   -118280.9300
 ------------------------------------------------------------------------------


 NSTEP =     2000   TIME(PS) =      24.000  TEMP(K) =   298.83  PRESS =     0.0
 Etot   =    -94186.4284  EKtot   =     23980.1484  EPtot      =   -118166.5768
 BOND   =       670.2661  ANGLE   =      1916.8005  DIHED      =      2903.8961
 1-4 NB =       798.8331  1-4 EEL =     10768.5465  VDWAALS    =     14521.2167
 EELEC  =   -149793.3501  EHBOND  =         0.0000  RESTRAINT  =        47.2143
 EAMBER (non-restraint)  =   -118213.7911
 ------------------------------------------------------------------------------


 NSTEP =     2500   TIME(PS) =      25.000  TEMP(K) =   301.84  PRESS =     0.0
 Etot   =    -94153.9191  EKtot   =     24221.4922  EPtot      =   -118375.4113
 BOND   =       663.6745  ANGLE   =      1895.5313  DIHED      =      2910.7795
 1-4 NB =       810.0353  1-4 EEL =     10808.0280  VDWAALS    =     14763.5057
 EELEC  =   -150281.4093  EHBOND  =         0.0000  RESTRAINT  =        54.4437
 EAMBER (non-restraint)  =   -118429.8550
 ------------------------------------------------------------------------------


 NSTEP =     3000   TIME(PS) =      26.000  TEMP(K) =   299.08  PRESS =     0.0
 Etot   =    -94155.3396  EKtot   =     23999.7637  EPtot      =   -118155.1032
 BOND   =       701.4356  ANGLE   =      1868.2122  DIHED      =      2891.8783
 1-4 NB =       818.2584  1-4 EEL =     10774.9599  VDWAALS    =     14775.4116
 EELEC  =   -150035.9190  EHBOND  =         0.0000  RESTRAINT  =        50.6598
 EAMBER (non-restraint)  =   -118205.7630
 ------------------------------------------------------------------------------


 NSTEP =     3500   TIME(PS) =      27.000  TEMP(K) =   299.42  PRESS =     0.0
 Etot   =    -94151.8714  EKtot   =     24027.3359  EPtot      =   -118179.2073
 BOND   =       677.8092  ANGLE   =      1905.2586  DIHED      =      2931.3351
 1-4 NB =       808.7632  1-4 EEL =     10756.6474  VDWAALS    =     14658.4284
 EELEC  =   -149971.6189  EHBOND  =         0.0000  RESTRAINT  =        54.1696
 EAMBER (non-restraint)  =   -118233.3769
 ------------------------------------------------------------------------------


 NSTEP =     4000   TIME(PS) =      28.000  TEMP(K) =   301.20  PRESS =     0.0
 Etot   =    -94168.7198  EKtot   =     24170.3496  EPtot      =   -118339.0694
 BOND   =       621.8574  ANGLE   =      1940.1265  DIHED      =      2872.0094
 1-4 NB =       806.1374  1-4 EEL =     10773.1295  VDWAALS    =     14829.0798
 EELEC  =   -150235.2197  EHBOND  =         0.0000  RESTRAINT  =        53.8102
 EAMBER (non-restraint)  =   -118392.8796
 ------------------------------------------------------------------------------


 NSTEP =     4500   TIME(PS) =      29.000  TEMP(K) =   301.36  PRESS =     0.0
 Etot   =    -94176.1091  EKtot   =     24183.2188  EPtot      =   -118359.3279
 BOND   =       711.1511  ANGLE   =      1835.1075  DIHED      =      2884.2221
 1-4 NB =       792.1567  1-4 EEL =     10734.7432  VDWAALS    =     14324.1521
 EELEC  =   -149697.4321  EHBOND  =         0.0000  RESTRAINT  =        56.5715
 EAMBER (non-restraint)  =   -118415.8993
 ------------------------------------------------------------------------------


 NSTEP =     5000   TIME(PS) =      30.000  TEMP(K) =   301.52  PRESS =     0.0
 Etot   =    -94199.4063  EKtot   =     24195.5840  EPtot      =   -118394.9903
 BOND   =       640.1579  ANGLE   =      1848.2615  DIHED      =      2894.3892
 1-4 NB =       827.7833  1-4 EEL =     10789.0650  VDWAALS    =     14149.9268
 EELEC  =   -149599.8968  EHBOND  =         0.0000  RESTRAINT  =        55.3227
 EAMBER (non-restraint)  =   -118450.3130
 ------------------------------------------------------------------------------


 NSTEP =     5500   TIME(PS) =      31.000  TEMP(K) =   299.39  PRESS =     0.0
 Etot   =    -94184.2469  EKtot   =     24024.6426  EPtot      =   -118208.8894
 BOND   =       680.4707  ANGLE   =      1924.8868  DIHED      =      2911.2935
 1-4 NB =       798.7977  1-4 EEL =     10767.7478  VDWAALS    =     14687.2433
 EELEC  =   -150024.4026  EHBOND  =         0.0000  RESTRAINT  =        45.0732
 EAMBER (non-restraint)  =   -118253.9627
 ------------------------------------------------------------------------------


 NSTEP =     6000   TIME(PS) =      32.000  TEMP(K) =   301.72  PRESS =     0.0
 Etot   =    -94199.7150  EKtot   =     24211.8594  EPtot      =   -118411.5744
 BOND   =       682.4851  ANGLE   =      1918.0903  DIHED      =      2932.7851
 1-4 NB =       804.9200  1-4 EEL =     10746.1604  VDWAALS    =     14561.1700
 EELEC  =   -150109.7734  EHBOND  =         0.0000  RESTRAINT  =        52.5881
 EAMBER (non-restraint)  =   -118464.1625
 ------------------------------------------------------------------------------


 NSTEP =     6500   TIME(PS) =      33.000  TEMP(K) =   300.03  PRESS =     0.0
 Etot   =    -94246.6132  EKtot   =     24076.1328  EPtot      =   -118322.7460
 BOND   =       680.5279  ANGLE   =      1820.7100  DIHED      =      2913.8009
 1-4 NB =       805.4521  1-4 EEL =     10815.2744  VDWAALS    =     14227.6299
 EELEC  =   -149630.9188  EHBOND  =         0.0000  RESTRAINT  =        44.7776
 EAMBER (non-restraint)  =   -118367.5236
 ------------------------------------------------------------------------------


 NSTEP =     7000   TIME(PS) =      34.000  TEMP(K) =   296.98  PRESS =     0.0
 Etot   =    -94188.7016  EKtot   =     23831.3281  EPtot      =   -118020.0297
 BOND   =       668.1977  ANGLE   =      1885.0476  DIHED      =      2861.2035
 1-4 NB =       817.8857  1-4 EEL =     10792.6393  VDWAALS    =     14403.1138
 EELEC  =   -149501.7333  EHBOND  =         0.0000  RESTRAINT  =        53.6158
 EAMBER (non-restraint)  =   -118073.6455
 ------------------------------------------------------------------------------


 NSTEP =     7500   TIME(PS) =      35.000  TEMP(K) =   299.23  PRESS =     0.0
 Etot   =    -94137.0743  EKtot   =     24012.2734  EPtot      =   -118149.3477
 BOND   =       661.1126  ANGLE   =      1895.6219  DIHED      =      2885.8978
 1-4 NB =       826.5007  1-4 EEL =     10784.6509  VDWAALS    =     14594.3023
 EELEC  =   -149845.0799  EHBOND  =         0.0000  RESTRAINT  =        47.6460
 EAMBER (non-restraint)  =   -118196.9937
 ------------------------------------------------------------------------------


 NSTEP =     8000   TIME(PS) =      36.000  TEMP(K) =   298.88  PRESS =     0.0
 Etot   =    -94175.1827  EKtot   =     23983.7285  EPtot      =   -118158.9112
 BOND   =       698.8889  ANGLE   =      1930.1450  DIHED      =      2918.1305
 1-4 NB =       794.9483  1-4 EEL =     10738.6808  VDWAALS    =     14337.5285
 EELEC  =   -149632.0948  EHBOND  =         0.0000  RESTRAINT  =        54.8616
 EAMBER (non-restraint)  =   -118213.7728
 ------------------------------------------------------------------------------


 NSTEP =     8500   TIME(PS) =      37.000  TEMP(K) =   299.38  PRESS =     0.0
 Etot   =    -94228.5379  EKtot   =     24023.6777  EPtot      =   -118252.2157
 BOND   =       709.3371  ANGLE   =      1869.5988  DIHED      =      2918.8060
 1-4 NB =       808.9360  1-4 EEL =     10792.0638  VDWAALS    =     14533.7420
 EELEC  =   -149931.8765  EHBOND  =         0.0000  RESTRAINT  =        47.1772
 EAMBER (non-restraint)  =   -118299.3928
 ------------------------------------------------------------------------------


 NSTEP =     9000   TIME(PS) =      38.000  TEMP(K) =   300.43  PRESS =     0.0
 Etot   =    -94219.3907  EKtot   =     24108.2773  EPtot      =   -118327.6680
 BOND   =       654.3979  ANGLE   =      1903.3953  DIHED      =      2880.8772
 1-4 NB =       799.5673  1-4 EEL =     10750.5584  VDWAALS    =     14477.0612
 EELEC  =   -149845.5646  EHBOND  =         0.0000  RESTRAINT  =        52.0393
 EAMBER (non-restraint)  =   -118379.7074
 ------------------------------------------------------------------------------


 NSTEP =     9500   TIME(PS) =      39.000  TEMP(K) =   298.31  PRESS =     0.0
 Etot   =    -94177.0562  EKtot   =     23938.4336  EPtot      =   -118115.4898
 BOND   =       666.2718  ANGLE   =      1876.2030  DIHED      =      2905.0332
 1-4 NB =       806.1081  1-4 EEL =     10828.2361  VDWAALS    =     14692.2116
 EELEC  =   -149939.6031  EHBOND  =         0.0000  RESTRAINT  =        50.0494
 EAMBER (non-restraint)  =   -118165.5392
 ------------------------------------------------------------------------------


 NSTEP =    10000   TIME(PS) =      40.000  TEMP(K) =   299.08  PRESS =     0.0
 Etot   =    -94182.4164  EKtot   =     23999.5957  EPtot      =   -118182.0121
 BOND   =       663.5506  ANGLE   =      1895.4796  DIHED      =      2887.9192
 1-4 NB =       798.9444  1-4 EEL =     10843.9630  VDWAALS    =     14604.1571
 EELEC  =   -149921.9746  EHBOND  =         0.0000  RESTRAINT  =        45.9485
 EAMBER (non-restraint)  =   -118227.9607
 ------------------------------------------------------------------------------


      A V E R A G E S   O V E R      20 S T E P S


 NSTEP =    10000   TIME(PS) =      40.000  TEMP(K) =   299.78  PRESS =     0.0
 Etot   =    -94190.5163  EKtot   =     24056.1929  EPtot      =   -118246.7092
 BOND   =       675.9784  ANGLE   =      1892.9065  DIHED      =      2901.0870
 1-4 NB =       807.2857  1-4 EEL =     10783.5915  VDWAALS    =     14538.1585
 EELEC  =   -149896.2068  EHBOND  =         0.0000  RESTRAINT  =        50.4900
 EAMBER (non-restraint)  =   -118297.1992
 ------------------------------------------------------------------------------


      R M S  F L U C T U A T I O N S


 NSTEP =    10000   TIME(PS) =      40.000  TEMP(K) =     1.30  PRESS =     0.0
 Etot   =        29.9074  EKtot   =       104.4043  EPtot      =       110.1643
 BOND   =        22.2321  ANGLE   =        32.3992  DIHED      =        18.4467
 1-4 NB =         9.8172  1-4 EEL =        29.3237  VDWAALS    =       177.6922
 EELEC  =       206.5185  EHBOND  =         0.0000  RESTRAINT  =         3.7459
 EAMBER (non-restraint)  =       106.4184
 ------------------------------------------------------------------------------

--------------------------------------------------------------------------------
   5.  TIMINGS
--------------------------------------------------------------------------------

|  NonSetup CPU Time in Major Routines:
|
|     Routine           Sec        %
|     ------------------------------
|     Nonbond           0.92   17.22
|     Bond              0.00    0.00
|     Angle             0.00    0.00
|     Dihedral          0.00    0.00
|     Shake             0.05    0.91
|     RunMD             4.38   81.67
|     Other             0.01    0.20
|     ------------------------------
|     Total             5.37

|  PME Nonbond Pairlist CPU Time:
|
|     Routine              Sec        %
|     ---------------------------------
|     Set Up Cit           0.00    0.00
|     Build List           0.00    0.00
|     ---------------------------------
|     Total                0.00    0.00

|  PME Direct Force CPU Time:
|
|     Routine              Sec        %
|     ---------------------------------
|     NonBonded Calc       0.00    0.00
|     Exclude Masked       0.00    0.00
|     Other                0.01    0.13
|     ---------------------------------
|     Total                0.01    0.13

|  PME Reciprocal Force CPU Time:
|
|     Routine              Sec        %
|     ---------------------------------
|     1D bspline           0.00    0.00
|     Grid Charges         0.00    0.00
|     Scalar Sum           0.00    0.00
|     Gradient Sum         0.00    0.00
|     FFT                  0.00    0.00
|     ---------------------------------
|     Total                0.00    0.00

|  Final Performance Info:
|     -----------------------------------------------------
|     Average timings for last    9500 steps:
|     Elapsed(s) =       5.10 Per Step(ms) =       0.54
|         ns/day =     322.11   seconds/ns =     268.23
|
|     Average timings for all steps:
|     Elapsed(s) =       5.37 Per Step(ms) =       0.54
|         ns/day =     322.09   seconds/ns =     268.25
|     -----------------------------------------------------

|  Setup CPU time:            0.50 seconds
|  NonSetup CPU time:         5.37 seconds
|  Total CPU time:            5.87 seconds     0.00 hours

|  Setup wall time:           0    seconds
|  NonSetup wall time:        6    seconds
|  Total wall time:           6    seconds     0.00 hours
