
          -------------------------------------------------------
          Amber 24 PMEMD                              2024
          -------------------------------------------------------

| PMEMD implementation of SANDER, Release 24

|  Compiled date/time: Mon Feb  3 14:39:30 2025
| Run on 09/10/2025 at 14:14:17

|   Executable path: /home/jacosta19/software/amber24/bin/pmemd.cuda_SPFP
| Working directory: /home/jacosta19/Desktop/GFP_MD/1bfp
|          Hostname: Unknown
  [-O]verwriting output

File Assignments:
|   MDIN: min3.in                                                               
|  MDOUT: GFP.1bfp.m3.out                                                       
| INPCRD: GFP.1bfp.m2.ncrst                                                     
|   PARM: GFP.1bfp.top                                                          
| RESTRT: GFP.1bfp.m3.ncrst                                                     
|   REFC: GFP.1bfp.m2.ncrst                                                     
|  MDVEL: mdvel                                                                 
|   MDEN: mden                                                                  
|  MDCRD: mdcrd                                                                 
| MDINFO: mdinfo                                                                
|  MDFRC: mdfrc                                                                 


 Here is the input file:

Minimizacion de todo excepto CA's de la proteina                               
 &cntrl                                                                        
 ntx = 1, ntrx = 1,                                                            
 ntpr = 500, igb=0,                                                            
 ntf = 1, ntb = 1,                                                             
 nsnb = 10,                                                                    
 imin = 1, maxcyc = 5000, ncyc = 1000,                                         
 ntmin = 1, dx0 = 0.1, drms = 0.001,                                           
 ntp = 0, ntc = 1, cut=9., ioutfm = 1,                                         
 ntr = 1, restraint_wt=20., restraintmask=":1-227@CA",                         
&end                                                                           
&wt                                                                            
type="END",                                                                    
&end                                                                           
                                                                               


Note: ig = -1. Setting random seed to   540034 based on wallclock time in 
      microseconds.
| irandom = 1, using AMBER's internal random number generator (default).
| INFO:    The nsnb ctrl option does not affect nonbonded list update frequency.
|          It does affect steepest descent minimization freq if ntmin == 0
 
|--------------------- INFORMATION ----------------------
| GPU (CUDA) Version of PMEMD in use: NVIDIA GPU IN USE.
|                    Version 18.0.0
| 
|                      03/25/2018
| 
| Implementation by:
|                    Ross C. Walker     (SDSC)
|                    Scott Le Grand     (nVIDIA)
| 
| Version 18 performance extensions by:
|                    David Cerutti     (Rutgers)
| 
| Precision model in use:
|      [SPFP] - Single Precision Forces, 64-bit Fixed Point
|               Accumulation. (Default)
| 
|--------------------------------------------------------
 
|----------------- CITATION INFORMATION -----------------
|
|    When publishing work that utilized the CUDA version
|    of AMBER, please cite the following in addition to
|    the regular AMBER citations:
|
|  - Romelia Salomon-Ferrer; Andreas W. Goetz; Duncan
|    Poole; Scott Le Grand; Ross C. Walker "Routine
|    microsecond molecular dynamics simulations with
|    AMBER - Part II: Particle Mesh Ewald", J. Chem.
|    Theory Comput., 2013, 9 (9), pp3878-3888,
|    DOI: 10.1021/ct400314y.
|
|  - Andreas W. Goetz; Mark J. Williamson; Dong Xu;
|    Duncan Poole; Scott Le Grand; Ross C. Walker
|    "Routine microsecond molecular dynamics simulations
|    with AMBER - Part I: Generalized Born", J. Chem.
|    Theory Comput., 2012, 8 (5), pp1542-1555.
|
|  - Scott Le Grand; Andreas W. Goetz; Ross C. Walker
|    "SPFP: Speed without compromise - a mixed precision
|    model for GPU accelerated molecular dynamics
|    simulations.", Comp. Phys. Comm., 2013, 184
|    pp374-380, DOI: 10.1016/j.cpc.2012.09.022
|
|--------------------------------------------------------
 
|------------------- GPU DEVICE INFO --------------------
|
|            CUDA_VISIBLE_DEVICES: not set
|   CUDA Capable Devices Detected:      1
|           CUDA Device ID in use:      0
|                CUDA Device Name: NVIDIA GeForce RTX 2080 Ti
|     CUDA Device Global Mem Size:  10825 MB
| CUDA Device Num Multiprocessors:     68
|           CUDA Device Core Freq:   1.54 GHz
|
|--------------------------------------------------------
 
 
| Conditional Compilation Defines Used:
| PUBFFT
| BINTRAJ
| CUDA
| EMIL

| Largest sphere to fit in unit cell has radius =    34.885

| New format PARM file being parsed.
| Version =    1.000 Date = 09/09/25 Time = 15:25:20

| Note: 1-4 EEL scale factors are being read from the topology file.

| Note: 1-4 VDW scale factors are being read from the topology file.
| Duplicated    0 dihedrals

| Duplicated    0 dihedrals

--------------------------------------------------------------------------------
   1.  RESOURCE   USE: 
--------------------------------------------------------------------------------

 getting box info from netcdf restart file
 NATOM  =   39469 NTYPES =      16 NBONH =   37644 MBONA  =    1863
 NTHETH =    4046 MTHETA =    2518 NPHIH =    8186 MPHIA  =    7925
 NHPARM =       0 NPARM  =       0 NNB   =   67677 NRES   =   12191
 NBONA  =    1863 NTHETA =    2518 NPHIA =    7925 NUMBND =      81
 NUMANG =     188 NPTRA  =     202 NATYP =      40 NPHB   =       0
 IFBOX  =       1 NMXRS  =      30 IFCAP =       0 NEXTRA =       0
 NCOPY  =       0

| Coordinate Index Table dimensions:    13   16   17
| Direct force subcell size =     5.3669    5.0825    5.0482

     BOX TYPE: RECTILINEAR

--------------------------------------------------------------------------------
   2.  CONTROL  DATA  FOR  THE  RUN
--------------------------------------------------------------------------------

default_name                                                                    

General flags:
     imin    =       1, nmropt  =       0

Nature and format of input:
     ntx     =       1, irest   =       0, ntrx    =       1

Nature and format of output:
     ntxo    =       2, ntpr    =     500, ntrx    =       1, ntwr    =       1
     iwrap   =       0, ntwx    =       0, ntwv    =       0, ntwe    =       0
     ioutfm  =       1, ntwprt  =       0, idecomp =       0, rbornstat=      0

Potential function:
     ntf     =       1, ntb     =       1, igb     =       0, nsnb    =      10
     ipol    =       0, gbsa    =       0, iesp    =       0
     dielc   =   1.00000, cut     =   9.00000, intdiel =   1.00000

Frozen or restrained atoms:
     ibelly  =       0, ntr     =       1
     restraint_wt =  20.00000

Energy minimization:
     maxcyc  =    5000, ncyc    =    1000, ntmin   =       1
     dx0     =   0.10000, drms    =   0.00100

| Intermolecular bonds treatment:
|     no_intermolecular_bonds =       1

| Energy averages sample interval:
|     ene_avg_sampling =       1

Ewald parameters:
     verbose =       0, ew_type =       0, nbflag  =       1, use_pme =       1
     vdwmeth =       1, eedmeth =       1, netfrc  =       0
     Box X =   69.769   Box Y =   81.320   Box Z =   85.819
     Alpha =   90.000   Beta  =   90.000   Gamma =   90.000
     NFFT1 =   72       NFFT2 =   84       NFFT3 =   96
     Cutoff=    9.000   Tol   =0.100E-04
     Ewald Coefficient =  0.30768
     Interpolation order =    4

    LOADING THE CONSTRAINED ATOMS AS GROUPS


   5.  REFERENCE ATOM COORDINATES

  default_name                                                                    
     Mask :1-227@CA; matches   226 atoms

--------------------------------------------------------------------------------
   3.  ATOMIC COORDINATES AND VELOCITIES
--------------------------------------------------------------------------------

default_name                                                                    
 begin time read from input coords =     0.000 ps

 
 Number of triangulated 3-point waters found:    11958

     Sum of charges from parm topology file =  -0.00000309
     Forcing neutrality...

| Dynamic Memory, Types Used:
| Reals             1161676
| Integers          1504303

| Nonbonded Pairs Initial Allocation:     8998932

| GPU memory information (estimate):
| KB of GPU memory in use:    139234
| KB of CPU memory in use:     74722

--------------------------------------------------------------------------------
   4.  RESULTS
--------------------------------------------------------------------------------



   NSTEP       ENERGY          RMS            GMAX         NAME    NUMBER
      1      -1.6055E+05     1.8022E-01     8.7896E+00     CA        354

 BOND    =    12949.9619  ANGLE   =      556.4364  DIHED      =     2618.9387
 VDWAALS =    34634.9887  EEL     =  -222953.9133  HBOND      =        0.0000
 1-4 VDW =      729.6781  1-4 EEL =    10909.8247  RESTRAINT  =        0.0000


   NSTEP       ENERGY          RMS            GMAX         NAME    NUMBER
    500      -1.6058E+05     3.7277E-02     5.7549E+00     CG       3086

 BOND    =    12956.7435  ANGLE   =      552.0176  DIHED      =     2614.6625
 VDWAALS =    34644.1435  EEL     =  -222979.6272  HBOND      =        0.0000
 1-4 VDW =      723.3422  1-4 EEL =    10899.3800  RESTRAINT  =        8.9066
 EAMBER  =  -160589.3379


   NSTEP       ENERGY          RMS            GMAX         NAME    NUMBER
   1000      -1.6059E+05     3.6909E-02     4.2773E+00     C1        974

 BOND    =    12959.3103  ANGLE   =      552.7331  DIHED      =     2613.6537
 VDWAALS =    34652.7100  EEL     =  -222997.4552  HBOND      =        0.0000
 1-4 VDW =      722.6634  1-4 EEL =    10898.2437  RESTRAINT  =       11.9737
 EAMBER  =  -160598.1409


   NSTEP       ENERGY          RMS            GMAX         NAME    NUMBER
   1500      -1.6062E+05     1.8997E-02     1.5872E+00     H1      11373

 BOND    =    12971.9077  ANGLE   =      552.9642  DIHED      =     2614.0565
 VDWAALS =    34720.9001  EEL     =  -223111.5274  HBOND      =        0.0000
 1-4 VDW =      722.7572  1-4 EEL =    10897.8305  RESTRAINT  =       15.3501
 EAMBER  =  -160631.1113


   NSTEP       ENERGY          RMS            GMAX         NAME    NUMBER
   2000      -1.6064E+05     1.6817E-02     1.4442E+00     O       24425

 BOND    =    12981.7578  ANGLE   =      553.0715  DIHED      =     2613.9248
 VDWAALS =    34776.5972  EEL     =  -223201.1264  HBOND      =        0.0000
 1-4 VDW =      723.1500  1-4 EEL =    10897.8668  RESTRAINT  =       15.9429
 EAMBER  =  -160654.7583


   NSTEP       ENERGY          RMS            GMAX         NAME    NUMBER
   2500      -1.6066E+05     4.7433E-02     4.4035E+00     CG       1136

 BOND    =    12992.7029  ANGLE   =      553.0872  DIHED      =     2614.2470
 VDWAALS =    34838.6674  EEL     =  -223293.6836  HBOND      =        0.0000
 1-4 VDW =      723.3448  1-4 EEL =    10897.6564  RESTRAINT  =       16.2587
 EAMBER  =  -160673.9780


   NSTEP       ENERGY          RMS            GMAX         NAME    NUMBER
   3000      -1.6068E+05     1.0666E-02     9.6807E-01     H1      31326

 BOND    =    12998.6549  ANGLE   =      553.1179  DIHED      =     2614.1107
 VDWAALS =    34868.7290  EEL     =  -223349.2645  HBOND      =        0.0000
 1-4 VDW =      723.4500  1-4 EEL =    10896.7166  RESTRAINT  =       16.3550
 EAMBER  =  -160694.4854


   NSTEP       ENERGY          RMS            GMAX         NAME    NUMBER
   3500      -1.6071E+05     2.1878E-02     1.1368E+00     O       28388

 BOND    =    13007.2319  ANGLE   =      553.4027  DIHED      =     2613.9583
 VDWAALS =    34909.0843  EEL     =  -223428.2939  HBOND      =        0.0000
 1-4 VDW =      723.4441  1-4 EEL =    10897.2055  RESTRAINT  =       16.5828
 EAMBER  =  -160723.9671


   NSTEP       ENERGY          RMS            GMAX         NAME    NUMBER
   4000      -1.6072E+05     7.8372E-02     5.9391E+00     O       30725

 BOND    =    13011.9659  ANGLE   =      553.6402  DIHED      =     2614.5862
 VDWAALS =    34938.2096  EEL     =  -223480.7885  HBOND      =        0.0000
 1-4 VDW =      723.5180  1-4 EEL =    10897.3612  RESTRAINT  =       16.7195
 EAMBER  =  -160741.5073


   NSTEP       ENERGY          RMS            GMAX         NAME    NUMBER
   4500      -1.6074E+05     2.5350E-02     1.0739E+00     CG         82

 BOND    =    13017.8795  ANGLE   =      553.5614  DIHED      =     2615.4012
 VDWAALS =    34962.7733  EEL     =  -223528.0565  HBOND      =        0.0000
 1-4 VDW =      723.4475  1-4 EEL =    10897.5859  RESTRAINT  =       16.7785
 EAMBER  =  -160757.4076


   NSTEP       ENERGY          RMS            GMAX         NAME    NUMBER
   5000      -1.6077E+05     1.4005E-01     1.8995E+01     CD       1720

 BOND    =    13024.9086  ANGLE   =      553.6495  DIHED      =     2614.9294
 VDWAALS =    34998.2110  EEL     =  -223598.9464  HBOND      =        0.0000
 1-4 VDW =      723.5881  1-4 EEL =    10896.7258  RESTRAINT  =       16.9260
 EAMBER  =  -160786.9341


  Maximum number of minimization cycles reached.


                    FINAL RESULTS



   NSTEP       ENERGY          RMS            GMAX         NAME    NUMBER
   5000      -1.6077E+05     1.4005E-01     1.8995E+01     CD       1720

 BOND    =    13024.9086  ANGLE   =      553.6495  DIHED      =     2614.9294
 VDWAALS =    34998.2110  EEL     =  -223598.9464  HBOND      =        0.0000
 1-4 VDW =      723.5881  1-4 EEL =    10896.7258  RESTRAINT  =       16.9260
 EAMBER  =  -160786.9341
--------------------------------------------------------------------------------
   5.  TIMINGS
--------------------------------------------------------------------------------

|  NonSetup CPU Time in Major Routines:
|
|     Routine           Sec        %
|     ------------------------------
|     Nonbond           2.58   18.50
|     Bond              0.00    0.00
|     Angle             0.00    0.00
|     Dihedral          0.00    0.00
|     Shake             0.00    0.00
|     Other            11.35   81.50
|     ------------------------------
|     Total            13.92

|  PME Nonbond Pairlist CPU Time:
|
|     Routine              Sec        %
|     ---------------------------------
|     Set Up Cit           0.00    0.00
|     Build List           0.00    0.00
|     ---------------------------------
|     Total                0.00    0.00

|  PME Direct Force CPU Time:
|
|     Routine              Sec        %
|     ---------------------------------
|     NonBonded Calc       0.00    0.00
|     Exclude Masked       0.00    0.00
|     Other                0.01    0.05
|     ---------------------------------
|     Total                0.01    0.05

|  PME Reciprocal Force CPU Time:
|
|     Routine              Sec        %
|     ---------------------------------
|     1D bspline           0.00    0.00
|     Grid Charges         0.00    0.00
|     Scalar Sum           0.00    0.00
|     Gradient Sum         0.00    0.00
|     FFT                  0.00    0.00
|     ---------------------------------
|     Total                0.00    0.00

|  Setup CPU time:            0.58 seconds
|  NonSetup CPU time:        13.92 seconds
|  Total CPU time:           14.50 seconds     0.00 hours

|  Setup wall time:           0    seconds
|  NonSetup wall time:       14    seconds
|  Total wall time:          14    seconds     0.00 hours
