
          -------------------------------------------------------
          Amber 24 PMEMD                              2024
          -------------------------------------------------------

| PMEMD implementation of SANDER, Release 24

|  Compiled date/time: Mon Feb  3 14:39:30 2025
| Run on 09/10/2025 at 14:14:32

|   Executable path: /home/jacosta19/software/amber24/bin/pmemd.cuda_SPFP
| Working directory: /home/jacosta19/Desktop/GFP_MD/1bfp
|          Hostname: Unknown
  [-O]verwriting output

File Assignments:
|   MDIN: h.in                                                                  
|  MDOUT: GFP.1bfp.h.out                                                        
| INPCRD: GFP.1bfp.min.ncrst                                                    
|   PARM: GFP.1bfp.top                                                          
| RESTRT: GFP.1bfp.h.ncrst                                                      
|   REFC: GFP.1bfp.min.ncrst                                                    
|  MDVEL: mdvel                                                                 
|   MDEN: mden                                                                  
|  MDCRD: GFP.1bfp.h.nc                                                         
| MDINFO: mdinfo                                                                
|  MDFRC: mdfrc                                                                 


 Here is the input file:

calentamiento 100 --> 300 k = 20 V=cte (ntb=1)                                 
&cntrl                                                                         
 nstlim = 10000, dt = 0.002, cut = 9., ioutfm = 1,                             
 ntx = 1, irest = 0, iwrap=0,                                                  
 ntpr = 500, ntwr = 500, ntwx = 500,                                           
 tempi = 100.0, temp0 = 300.0,                                                 
 ntt = 1,                                                                      
 ntb = 1,                                                                      
 ntc = 2, ntf = 2,                                                             
 ntr = 1, restraint_wt = 5.0, restraintmask = ":1-227@CA"                      
&end                                                                           
&wt                                                                            
type="END",                                                                    
&end                                                                           
                                                                               


Note: ig = -1. Setting random seed to   958170 based on wallclock time in 
      microseconds.
| irandom = 1, using AMBER's internal random number generator (default).
 
|--------------------- INFORMATION ----------------------
| GPU (CUDA) Version of PMEMD in use: NVIDIA GPU IN USE.
|                    Version 18.0.0
| 
|                      03/25/2018
| 
| Implementation by:
|                    Ross C. Walker     (SDSC)
|                    Scott Le Grand     (nVIDIA)
| 
| Version 18 performance extensions by:
|                    David Cerutti     (Rutgers)
| 
| Precision model in use:
|      [SPFP] - Single Precision Forces, 64-bit Fixed Point
|               Accumulation. (Default)
| 
|--------------------------------------------------------
 
|----------------- CITATION INFORMATION -----------------
|
|    When publishing work that utilized the CUDA version
|    of AMBER, please cite the following in addition to
|    the regular AMBER citations:
|
|  - Romelia Salomon-Ferrer; Andreas W. Goetz; Duncan
|    Poole; Scott Le Grand; Ross C. Walker "Routine
|    microsecond molecular dynamics simulations with
|    AMBER - Part II: Particle Mesh Ewald", J. Chem.
|    Theory Comput., 2013, 9 (9), pp3878-3888,
|    DOI: 10.1021/ct400314y.
|
|  - Andreas W. Goetz; Mark J. Williamson; Dong Xu;
|    Duncan Poole; Scott Le Grand; Ross C. Walker
|    "Routine microsecond molecular dynamics simulations
|    with AMBER - Part I: Generalized Born", J. Chem.
|    Theory Comput., 2012, 8 (5), pp1542-1555.
|
|  - Scott Le Grand; Andreas W. Goetz; Ross C. Walker
|    "SPFP: Speed without compromise - a mixed precision
|    model for GPU accelerated molecular dynamics
|    simulations.", Comp. Phys. Comm., 2013, 184
|    pp374-380, DOI: 10.1016/j.cpc.2012.09.022
|
|--------------------------------------------------------
 
|------------------- GPU DEVICE INFO --------------------
|
|            CUDA_VISIBLE_DEVICES: not set
|   CUDA Capable Devices Detected:      1
|           CUDA Device ID in use:      0
|                CUDA Device Name: NVIDIA GeForce RTX 2080 Ti
|     CUDA Device Global Mem Size:  10825 MB
| CUDA Device Num Multiprocessors:     68
|           CUDA Device Core Freq:   1.54 GHz
|
|--------------------------------------------------------
 
 
| Conditional Compilation Defines Used:
| PUBFFT
| BINTRAJ
| CUDA
| EMIL

| Largest sphere to fit in unit cell has radius =    34.885

| New format PARM file being parsed.
| Version =    1.000 Date = 09/09/25 Time = 15:25:20

| Note: 1-4 EEL scale factors are being read from the topology file.

| Note: 1-4 VDW scale factors are being read from the topology file.
| Duplicated    0 dihedrals

| Duplicated    0 dihedrals

--------------------------------------------------------------------------------
   1.  RESOURCE   USE: 
--------------------------------------------------------------------------------

 getting box info from netcdf restart file
 NATOM  =   39469 NTYPES =      16 NBONH =   37644 MBONA  =    1863
 NTHETH =    4046 MTHETA =    2518 NPHIH =    8186 MPHIA  =    7925
 NHPARM =       0 NPARM  =       0 NNB   =   67677 NRES   =   12191
 NBONA  =    1863 NTHETA =    2518 NPHIA =    7925 NUMBND =      81
 NUMANG =     188 NPTRA  =     202 NATYP =      40 NPHB   =       0
 IFBOX  =       1 NMXRS  =      30 IFCAP =       0 NEXTRA =       0
 NCOPY  =       0

| Coordinate Index Table dimensions:    13   16   17
| Direct force subcell size =     5.3669    5.0825    5.0482

     BOX TYPE: RECTILINEAR

--------------------------------------------------------------------------------
   2.  CONTROL  DATA  FOR  THE  RUN
--------------------------------------------------------------------------------

default_name                                                                    

General flags:
     imin    =       0, nmropt  =       0

Nature and format of input:
     ntx     =       1, irest   =       0, ntrx    =       1

Nature and format of output:
     ntxo    =       2, ntpr    =     500, ntrx    =       1, ntwr    =     500
     iwrap   =       0, ntwx    =     500, ntwv    =       0, ntwe    =       0
     ioutfm  =       1, ntwprt  =       0, idecomp =       0, rbornstat=      0

Potential function:
     ntf     =       2, ntb     =       1, igb     =       0, nsnb    =      25
     ipol    =       0, gbsa    =       0, iesp    =       0
     dielc   =   1.00000, cut     =   9.00000, intdiel =   1.00000

Frozen or restrained atoms:
     ibelly  =       0, ntr     =       1
     restraint_wt =   5.00000

Molecular dynamics:
     nstlim  =     10000, nscm    =         0, nrespa  =         1
     t       =   0.00000, dt      =   0.00200, vlimit  =  -1.00000

Berendsen (weak-coupling) temperature regulation:
     temp0   = 300.00000, tempi   = 100.00000, tautp   =   1.00000

SHAKE:
     ntc     =       2, jfastw  =       0
     tol     =   0.00001

| Intermolecular bonds treatment:
|     no_intermolecular_bonds =       1

| Energy averages sample interval:
|     ene_avg_sampling =     500

Ewald parameters:
     verbose =       0, ew_type =       0, nbflag  =       1, use_pme =       1
     vdwmeth =       1, eedmeth =       1, netfrc  =       1
     Box X =   69.769   Box Y =   81.320   Box Z =   85.819
     Alpha =   90.000   Beta  =   90.000   Gamma =   90.000
     NFFT1 =   72       NFFT2 =   84       NFFT3 =   96
     Cutoff=    9.000   Tol   =0.100E-04
     Ewald Coefficient =  0.30768
     Interpolation order =    4

    LOADING THE CONSTRAINED ATOMS AS GROUPS


   5.  REFERENCE ATOM COORDINATES

  default_name                                                                    
     Mask :1-227@CA; matches   226 atoms

--------------------------------------------------------------------------------
   3.  ATOMIC COORDINATES AND VELOCITIES
--------------------------------------------------------------------------------

default_name                                                                    
 begin time read from input coords =     0.000 ps

 
 Number of triangulated 3-point waters found:    11958

     Sum of charges from parm topology file =  -0.00000309
     Forcing neutrality...

| Dynamic Memory, Types Used:
| Reals             1281853
| Integers          1507843

| Nonbonded Pairs Initial Allocation:     8998932

| GPU memory information (estimate):
| KB of GPU memory in use:    137089
| KB of CPU memory in use:     72577

--------------------------------------------------------------------------------
   4.  RESULTS
--------------------------------------------------------------------------------


 NSTEP =        0   TIME(PS) =       0.000  TEMP(K) =   146.49  PRESS =     0.0
 Etot   =   -161960.8554  EKtot   =     11754.8470  EPtot      =   -173715.7024
 BOND   =        98.2458  ANGLE   =       552.1204  DIHED      =      2614.6726
 1-4 NB =       723.7672  1-4 EEL =     10896.4147  VDWAALS    =     34998.2244
 EELEC  =   -223599.1475  EHBOND  =         0.0000  RESTRAINT  =         0.0000
 ------------------------------------------------------------------------------


 NSTEP =      500   TIME(PS) =       1.000  TEMP(K) =   151.09  PRESS =     0.0
 Etot   =   -124144.6986  EKtot   =     12124.1768  EPtot      =   -136268.8753
 BOND   =       360.4372  ANGLE   =      1179.7630  DIHED      =      2761.9942
 1-4 NB =       757.4928  1-4 EEL =     10845.7497  VDWAALS    =     21348.2699
 EELEC  =   -173577.1194  EHBOND  =         0.0000  RESTRAINT  =        54.5372
 EAMBER (non-restraint)  =   -136323.4125
 ------------------------------------------------------------------------------


 NSTEP =     1000   TIME(PS) =       2.000  TEMP(K) =   204.49  PRESS =     0.0
 Etot   =   -114540.6977  EKtot   =     16409.2441  EPtot      =   -130949.9418
 BOND   =       455.8515  ANGLE   =      1413.6992  DIHED      =      2854.5874
 1-4 NB =       788.6796  1-4 EEL =     10824.6592  VDWAALS    =     19662.6742
 EELEC  =   -167014.4151  EHBOND  =         0.0000  RESTRAINT  =        64.3221
 EAMBER (non-restraint)  =   -131014.2640
 ------------------------------------------------------------------------------


 NSTEP =     1500   TIME(PS) =       3.000  TEMP(K) =   235.31  PRESS =     0.0
 Etot   =   -108340.1940  EKtot   =     18882.6875  EPtot      =   -127222.8815
 BOND   =       541.8783  ANGLE   =      1604.3636  DIHED      =      2853.2129
 1-4 NB =       800.8643  1-4 EEL =     10838.5445  VDWAALS    =     18516.9825
 EELEC  =   -162447.9528  EHBOND  =         0.0000  RESTRAINT  =        69.2253
 EAMBER (non-restraint)  =   -127292.1068
 ------------------------------------------------------------------------------


 NSTEP =     2000   TIME(PS) =       4.000  TEMP(K) =   255.86  PRESS =     0.0
 Etot   =   -104130.6065  EKtot   =     20531.7422  EPtot      =   -124662.3487
 BOND   =       603.5780  ANGLE   =      1703.6086  DIHED      =      2846.2903
 1-4 NB =       807.0923  1-4 EEL =     10801.9854  VDWAALS    =     17072.0368
 EELEC  =   -158561.6504  EHBOND  =         0.0000  RESTRAINT  =        64.7102
 EAMBER (non-restraint)  =   -124727.0589
 ------------------------------------------------------------------------------


 NSTEP =     2500   TIME(PS) =       5.000  TEMP(K) =   268.24  PRESS =     0.0
 Etot   =   -101182.0716  EKtot   =     21525.4727  EPtot      =   -122707.5443
 BOND   =       629.0561  ANGLE   =      1842.0473  DIHED      =      2898.0977
 1-4 NB =       801.7194  1-4 EEL =     10815.8505  VDWAALS    =     16548.8568
 EELEC  =   -156309.8035  EHBOND  =         0.0000  RESTRAINT  =        66.6314
 EAMBER (non-restraint)  =   -122774.1757
 ------------------------------------------------------------------------------


 NSTEP =     3000   TIME(PS) =       6.000  TEMP(K) =   278.66  PRESS =     0.0
 Etot   =    -99081.3296  EKtot   =     22361.0039  EPtot      =   -121442.3335
 BOND   =       671.1604  ANGLE   =      1831.5670  DIHED      =      2937.4483
 1-4 NB =       832.1801  1-4 EEL =     10818.7846  VDWAALS    =     15943.4239
 EELEC  =   -154548.7926  EHBOND  =         0.0000  RESTRAINT  =        71.8948
 EAMBER (non-restraint)  =   -121514.2283
 ------------------------------------------------------------------------------


 NSTEP =     3500   TIME(PS) =       7.000  TEMP(K) =   286.29  PRESS =     0.0
 Etot   =    -97606.9861  EKtot   =     22973.7227  EPtot      =   -120580.7087
 BOND   =       662.0059  ANGLE   =      1878.1964  DIHED      =      2874.8692
 1-4 NB =       835.3734  1-4 EEL =     10838.1502  VDWAALS    =     15476.6756
 EELEC  =   -153220.2265  EHBOND  =         0.0000  RESTRAINT  =        74.2472
 EAMBER (non-restraint)  =   -120654.9559
 ------------------------------------------------------------------------------


 NSTEP =     4000   TIME(PS) =       8.000  TEMP(K) =   288.37  PRESS =     0.0
 Etot   =    -96557.3316  EKtot   =     23140.5742  EPtot      =   -119697.9058
 BOND   =       655.7800  ANGLE   =      1887.0826  DIHED      =      2876.0223
 1-4 NB =       833.0162  1-4 EEL =     10778.9492  VDWAALS    =     15498.5307
 EELEC  =   -152305.9209  EHBOND  =         0.0000  RESTRAINT  =        78.6339
 EAMBER (non-restraint)  =   -119776.5397
 ------------------------------------------------------------------------------


 NSTEP =     4500   TIME(PS) =       9.000  TEMP(K) =   292.91  PRESS =     0.0
 Etot   =    -95829.2584  EKtot   =     23504.5293  EPtot      =   -119333.7877
 BOND   =       650.7519  ANGLE   =      1984.0687  DIHED      =      2903.9051
 1-4 NB =       809.2721  1-4 EEL =     10777.6475  VDWAALS    =     14906.0166
 EELEC  =   -151441.4115  EHBOND  =         0.0000  RESTRAINT  =        75.9619
 EAMBER (non-restraint)  =   -119409.7496
 ------------------------------------------------------------------------------


 NSTEP =     5000   TIME(PS) =      10.000  TEMP(K) =   296.17  PRESS =     0.0
 Etot   =    -95335.8834  EKtot   =     23766.0117  EPtot      =   -119101.8951
 BOND   =       674.4464  ANGLE   =      1909.6420  DIHED      =      2931.0183
 1-4 NB =       819.8372  1-4 EEL =     10834.9146  VDWAALS    =     15095.3490
 EELEC  =   -151451.0814  EHBOND  =         0.0000  RESTRAINT  =        83.9787
 EAMBER (non-restraint)  =   -119185.8738
 ------------------------------------------------------------------------------


 NSTEP =     5500   TIME(PS) =      11.000  TEMP(K) =   297.59  PRESS =     0.0
 Etot   =    -95022.3610  EKtot   =     23880.4551  EPtot      =   -118902.8161
 BOND   =       697.2710  ANGLE   =      1905.1066  DIHED      =      2928.6612
 1-4 NB =       801.0080  1-4 EEL =     10802.5616  VDWAALS    =     14869.9348
 EELEC  =   -150974.6336  EHBOND  =         0.0000  RESTRAINT  =        67.2744
 EAMBER (non-restraint)  =   -118970.0905
 ------------------------------------------------------------------------------


 NSTEP =     6000   TIME(PS) =      12.000  TEMP(K) =   299.40  PRESS =     0.0
 Etot   =    -94808.7239  EKtot   =     24025.4297  EPtot      =   -118834.1536
 BOND   =       675.9661  ANGLE   =      1931.3971  DIHED      =      2916.3450
 1-4 NB =       826.6151  1-4 EEL =     10882.6595  VDWAALS    =     14950.3237
 EELEC  =   -151081.9628  EHBOND  =         0.0000  RESTRAINT  =        64.5026
 EAMBER (non-restraint)  =   -118898.6562
 ------------------------------------------------------------------------------


 NSTEP =     6500   TIME(PS) =      13.000  TEMP(K) =   298.82  PRESS =     0.0
 Etot   =    -94672.6036  EKtot   =     23978.8789  EPtot      =   -118651.4825
 BOND   =       709.9467  ANGLE   =      1896.5624  DIHED      =      2937.7232
 1-4 NB =       827.7639  1-4 EEL =     10796.1792  VDWAALS    =     14829.0257
 EELEC  =   -150710.5167  EHBOND  =         0.0000  RESTRAINT  =        61.8332
 EAMBER (non-restraint)  =   -118713.3157
 ------------------------------------------------------------------------------


 NSTEP =     7000   TIME(PS) =      14.000  TEMP(K) =   297.74  PRESS =     0.0
 Etot   =    -94565.3560  EKtot   =     23892.4648  EPtot      =   -118457.8209
 BOND   =       674.8374  ANGLE   =      1878.5151  DIHED      =      2913.3963
 1-4 NB =       819.6832  1-4 EEL =     10818.7825  VDWAALS    =     14717.3753
 EELEC  =   -150343.4040  EHBOND  =         0.0000  RESTRAINT  =        62.9932
 EAMBER (non-restraint)  =   -118520.8141
 ------------------------------------------------------------------------------


 NSTEP =     7500   TIME(PS) =      15.000  TEMP(K) =   299.35  PRESS =     0.0
 Etot   =    -94445.7366  EKtot   =     24021.8711  EPtot      =   -118467.6077
 BOND   =       685.2044  ANGLE   =      1878.8983  DIHED      =      2936.5481
 1-4 NB =       808.4718  1-4 EEL =     10873.0991  VDWAALS    =     14610.2593
 EELEC  =   -150335.8300  EHBOND  =         0.0000  RESTRAINT  =        75.7413
 EAMBER (non-restraint)  =   -118543.3490
 ------------------------------------------------------------------------------


 NSTEP =     8000   TIME(PS) =      16.000  TEMP(K) =   299.44  PRESS =     0.0
 Etot   =    -94341.3287  EKtot   =     24029.1660  EPtot      =   -118370.4948
 BOND   =       702.1183  ANGLE   =      1943.9984  DIHED      =      2923.9128
 1-4 NB =       819.2523  1-4 EEL =     10791.6372  VDWAALS    =     14691.8122
 EELEC  =   -150324.2632  EHBOND  =         0.0000  RESTRAINT  =        81.0373
 EAMBER (non-restraint)  =   -118451.5320
 ------------------------------------------------------------------------------


 NSTEP =     8500   TIME(PS) =      17.000  TEMP(K) =   301.59  PRESS =     0.0
 Etot   =    -94321.8493  EKtot   =     24201.1797  EPtot      =   -118523.0290
 BOND   =       638.2769  ANGLE   =      1951.1830  DIHED      =      2900.5253
 1-4 NB =       840.2385  1-4 EEL =     10835.1356  VDWAALS    =     14818.7096
 EELEC  =   -150582.2858  EHBOND  =         0.0000  RESTRAINT  =        75.1879
 EAMBER (non-restraint)  =   -118598.2169
 ------------------------------------------------------------------------------


 NSTEP =     9000   TIME(PS) =      18.000  TEMP(K) =   299.00  PRESS =     0.0
 Etot   =    -94306.2226  EKtot   =     23993.4395  EPtot      =   -118299.6621
 BOND   =       661.6467  ANGLE   =      1901.9024  DIHED      =      2912.3658
 1-4 NB =       830.3504  1-4 EEL =     10811.5685  VDWAALS    =     14690.9970
 EELEC  =   -150185.3809  EHBOND  =         0.0000  RESTRAINT  =        76.8880
 EAMBER (non-restraint)  =   -118376.5500
 ------------------------------------------------------------------------------


 NSTEP =     9500   TIME(PS) =      19.000  TEMP(K) =   300.53  PRESS =     0.0
 Etot   =    -94293.8445  EKtot   =     24116.4648  EPtot      =   -118410.3093
 BOND   =       639.4533  ANGLE   =      1895.0841  DIHED      =      2889.5168
 1-4 NB =       827.7397  1-4 EEL =     10861.1758  VDWAALS    =     14397.0984
 EELEC  =   -149993.6344  EHBOND  =         0.0000  RESTRAINT  =        73.2570
 EAMBER (non-restraint)  =   -118483.5663
 ------------------------------------------------------------------------------


 NSTEP =    10000   TIME(PS) =      20.000  TEMP(K) =   299.05  PRESS =     0.0
 Etot   =    -94255.3363  EKtot   =     23997.5684  EPtot      =   -118252.9046
 BOND   =       676.3336  ANGLE   =      1940.1975  DIHED      =      2912.1555
 1-4 NB =       798.3972  1-4 EEL =     10807.3934  VDWAALS    =     14537.8035
 EELEC  =   -149989.2004  EHBOND  =         0.0000  RESTRAINT  =        64.0151
 EAMBER (non-restraint)  =   -118316.9198
 ------------------------------------------------------------------------------


      A V E R A G E S   O V E R      20 S T E P S


 NSTEP =    10000   TIME(PS) =      20.000  TEMP(K) =   277.50  PRESS =     0.0
 Etot   =    -99089.1210  EKtot   =     22267.8042  EPtot      =   -121356.9251
 BOND   =       633.3000  ANGLE   =      1817.8442  DIHED      =      2895.4298
 1-4 NB =       814.2524  1-4 EEL =     10822.7714  VDWAALS    =     15859.1078
 EELEC  =   -154269.9743  EHBOND  =         0.0000  RESTRAINT  =        70.3436
 EAMBER (non-restraint)  =   -121427.2688
 ------------------------------------------------------------------------------


      R M S  F L U C T U A T I O N S


 NSTEP =    10000   TIME(PS) =      20.000  TEMP(K) =    38.19  PRESS =     0.0
 Etot   =      7829.8433  EKtot   =      3064.6734  EPtot      =      4770.5637
 BOND   =        84.7416  ANGLE   =       196.2375  DIHED      =        41.4508
 1-4 NB =        19.2422  1-4 EEL =        28.1307  VDWAALS    =      1854.8013
 EELEC  =      6295.5581  EHBOND  =         0.0000  RESTRAINT  =         7.2974
 EAMBER (non-restraint)  =      4763.2663
 ------------------------------------------------------------------------------

--------------------------------------------------------------------------------
   5.  TIMINGS
--------------------------------------------------------------------------------

|  NonSetup CPU Time in Major Routines:
|
|     Routine           Sec        %
|     ------------------------------
|     Nonbond           0.89   16.94
|     Bond              0.00    0.00
|     Angle             0.00    0.00
|     Dihedral          0.00    0.00
|     Shake             0.05    0.93
|     RunMD             4.31   81.90
|     Other             0.01    0.23
|     ------------------------------
|     Total             5.26

|  PME Nonbond Pairlist CPU Time:
|
|     Routine              Sec        %
|     ---------------------------------
|     Set Up Cit           0.00    0.00
|     Build List           0.00    0.00
|     ---------------------------------
|     Total                0.00    0.00

|  PME Direct Force CPU Time:
|
|     Routine              Sec        %
|     ---------------------------------
|     NonBonded Calc       0.00    0.00
|     Exclude Masked       0.00    0.00
|     Other                0.01    0.13
|     ---------------------------------
|     Total                0.01    0.13

|  PME Reciprocal Force CPU Time:
|
|     Routine              Sec        %
|     ---------------------------------
|     1D bspline           0.00    0.00
|     Grid Charges         0.00    0.00
|     Scalar Sum           0.00    0.00
|     Gradient Sum         0.00    0.00
|     FFT                  0.00    0.00
|     ---------------------------------
|     Total                0.00    0.00

|  Final Performance Info:
|     -----------------------------------------------------
|     Average timings for last   10000 steps:
|     Elapsed(s) =       5.26 Per Step(ms) =       0.53
|         ns/day =     328.77   seconds/ns =     262.79
|
|     Average timings for all steps:
|     Elapsed(s) =       5.26 Per Step(ms) =       0.53
|         ns/day =     328.77   seconds/ns =     262.79
|     -----------------------------------------------------

|  Setup CPU time:            0.55 seconds
|  NonSetup CPU time:         5.26 seconds
|  Total CPU time:            5.81 seconds     0.00 hours

|  Setup wall time:           1    seconds
|  NonSetup wall time:        5    seconds
|  Total wall time:           6    seconds     0.00 hours
