
          -------------------------------------------------------
          Amber 24 PMEMD                              2024
          -------------------------------------------------------

| PMEMD implementation of SANDER, Release 24

|  Compiled date/time: Mon Feb  3 14:39:30 2025
| Run on 09/18/2025 at 20:23:01

|   Executable path: /home/jacosta19/software/amber24/bin/pmemd.cuda_SPFP
| Working directory: /home/jacosta19/Desktop/GFP_MD/MD-1w7s/1w7s
|          Hostname: Unknown
  [-O]verwriting output

File Assignments:
|   MDIN: min2.in                                                               
|  MDOUT: GFP.1w7s.m2.out                                                       
| INPCRD: GFP.1w7s.m1.ncrst                                                     
|   PARM: GFP.1w7s.top                                                          
| RESTRT: GFP.1w7s.m2.ncrst                                                     
|   REFC: GFP.1w7s.m1.ncrst                                                     
|  MDVEL: mdvel                                                                 
|   MDEN: mden                                                                  
|  MDCRD: mdcrd                                                                 
| MDINFO: mdinfo                                                                
|  MDFRC: mdfrc                                                                 


 Here is the input file:

Minimizacion de aguas y contraiones + APL                                      
 &cntrl                                                                        
 ntx = 1, ntrx = 1,                                                            
 ntpr = 500, igb=0,                                                            
 ntf = 1, ntb = 1,                                                             
 nsnb = 10, ntr = 1,                                                           
 imin = 1, maxcyc = 50000, ncyc = 25000,                                       
 ntmin = 1, dx0 = 0.1, drms = 0.01,                                            
 ntp = 0, ntc = 1, cut=9., ioutfm = 1,                                         
 restraint_wt=20., restraintmask=":1-228@CA",                                  
&end                                                                           
&wt                                                                            
type="END",                                                                    
&end                                                                           
                                                                               


Note: ig = -1. Setting random seed to   913813 based on wallclock time in 
      microseconds.
| irandom = 1, using AMBER's internal random number generator (default).
| INFO:    The nsnb ctrl option does not affect nonbonded list update frequency.
|          It does affect steepest descent minimization freq if ntmin == 0
 
|--------------------- INFORMATION ----------------------
| GPU (CUDA) Version of PMEMD in use: NVIDIA GPU IN USE.
|                    Version 18.0.0
| 
|                      03/25/2018
| 
| Implementation by:
|                    Ross C. Walker     (SDSC)
|                    Scott Le Grand     (nVIDIA)
| 
| Version 18 performance extensions by:
|                    David Cerutti     (Rutgers)
| 
| Precision model in use:
|      [SPFP] - Single Precision Forces, 64-bit Fixed Point
|               Accumulation. (Default)
| 
|--------------------------------------------------------
 
|----------------- CITATION INFORMATION -----------------
|
|    When publishing work that utilized the CUDA version
|    of AMBER, please cite the following in addition to
|    the regular AMBER citations:
|
|  - Romelia Salomon-Ferrer; Andreas W. Goetz; Duncan
|    Poole; Scott Le Grand; Ross C. Walker "Routine
|    microsecond molecular dynamics simulations with
|    AMBER - Part II: Particle Mesh Ewald", J. Chem.
|    Theory Comput., 2013, 9 (9), pp3878-3888,
|    DOI: 10.1021/ct400314y.
|
|  - Andreas W. Goetz; Mark J. Williamson; Dong Xu;
|    Duncan Poole; Scott Le Grand; Ross C. Walker
|    "Routine microsecond molecular dynamics simulations
|    with AMBER - Part I: Generalized Born", J. Chem.
|    Theory Comput., 2012, 8 (5), pp1542-1555.
|
|  - Scott Le Grand; Andreas W. Goetz; Ross C. Walker
|    "SPFP: Speed without compromise - a mixed precision
|    model for GPU accelerated molecular dynamics
|    simulations.", Comp. Phys. Comm., 2013, 184
|    pp374-380, DOI: 10.1016/j.cpc.2012.09.022
|
|--------------------------------------------------------
 
|------------------- GPU DEVICE INFO --------------------
|
|            CUDA_VISIBLE_DEVICES: not set
|   CUDA Capable Devices Detected:      1
|           CUDA Device ID in use:      0
|                CUDA Device Name: NVIDIA GeForce RTX 2080 Ti
|     CUDA Device Global Mem Size:  10825 MB
| CUDA Device Num Multiprocessors:     68
|           CUDA Device Core Freq:   1.54 GHz
|
|--------------------------------------------------------
 
 
| Conditional Compilation Defines Used:
| PUBFFT
| BINTRAJ
| CUDA
| EMIL

| Largest sphere to fit in unit cell has radius =    32.034

| New format PARM file being parsed.
| Version =    1.000 Date = 09/10/25 Time = 18:05:24

| Note: 1-4 EEL scale factors are being read from the topology file.

| Note: 1-4 VDW scale factors are being read from the topology file.
| Duplicated    0 dihedrals

| Duplicated    0 dihedrals

--------------------------------------------------------------------------------
   1.  RESOURCE   USE: 
--------------------------------------------------------------------------------

 getting box info from netcdf restart file
 NATOM  =   33263 NTYPES =      16 NBONH =   31426 MBONA  =    1876
 NTHETH =    4058 MTHETA =    2538 NPHIH =    8240 MPHIA  =    7974
 NHPARM =       0 NPARM  =       0 NNB   =   59483 NRES   =   10117
 NBONA  =    1876 NTHETA =    2538 NPHIA =    7974 NUMBND =      79
 NUMANG =     183 NPTRA  =     201 NATYP =      39 NPHB   =       0
 IFBOX  =       1 NMXRS  =      34 IFCAP =       0 NEXTRA =       0
 NCOPY  =       0

| Coordinate Index Table dimensions:    15   16   12
| Direct force subcell size =     5.0939    5.2199    5.3389

     BOX TYPE: RECTILINEAR

--------------------------------------------------------------------------------
   2.  CONTROL  DATA  FOR  THE  RUN
--------------------------------------------------------------------------------

default_name                                                                    

General flags:
     imin    =       1, nmropt  =       0

Nature and format of input:
     ntx     =       1, irest   =       0, ntrx    =       1

Nature and format of output:
     ntxo    =       2, ntpr    =     500, ntrx    =       1, ntwr    =       1
     iwrap   =       0, ntwx    =       0, ntwv    =       0, ntwe    =       0
     ioutfm  =       1, ntwprt  =       0, idecomp =       0, rbornstat=      0

Potential function:
     ntf     =       1, ntb     =       1, igb     =       0, nsnb    =      10
     ipol    =       0, gbsa    =       0, iesp    =       0
     dielc   =   1.00000, cut     =   9.00000, intdiel =   1.00000

Frozen or restrained atoms:
     ibelly  =       0, ntr     =       1
     restraint_wt =  20.00000

Energy minimization:
     maxcyc  =   50000, ncyc    =   25000, ntmin   =       1
     dx0     =   0.10000, drms    =   0.01000

| Intermolecular bonds treatment:
|     no_intermolecular_bonds =       1

| Energy averages sample interval:
|     ene_avg_sampling =       1

Ewald parameters:
     verbose =       0, ew_type =       0, nbflag  =       1, use_pme =       1
     vdwmeth =       1, eedmeth =       1, netfrc  =       0
     Box X =   76.409   Box Y =   83.518   Box Z =   64.067
     Alpha =   90.000   Beta  =   90.000   Gamma =   90.000
     NFFT1 =   80       NFFT2 =   84       NFFT3 =   64
     Cutoff=    9.000   Tol   =0.100E-04
     Ewald Coefficient =  0.30768
     Interpolation order =    4

    LOADING THE CONSTRAINED ATOMS AS GROUPS


   5.  REFERENCE ATOM COORDINATES

  default_name                                                                    
     Mask :1-228@CA; matches   227 atoms

--------------------------------------------------------------------------------
   3.  ATOMIC COORDINATES AND VELOCITIES
--------------------------------------------------------------------------------

default_name                                                                    
 begin time read from input coords =     0.000 ps

 
 Number of triangulated 3-point waters found:     9883

     Sum of charges from parm topology file =  -0.00000010
     Forcing neutrality...

| Dynamic Memory, Types Used:
| Reals             1000274
| Integers          1332882

| Nonbonded Pairs Initial Allocation:     7583964

| GPU memory information (estimate):
| KB of GPU memory in use:    117552
| KB of CPU memory in use:     61104

--------------------------------------------------------------------------------
   4.  RESULTS
--------------------------------------------------------------------------------



   NSTEP       ENERGY          RMS            GMAX         NAME    NUMBER
      1      -1.1425E+05     1.3691E+00     1.4432E+01     O        4101

 BOND    =     6304.2730  ANGLE   =      514.7202  DIHED      =     2625.4093
 VDWAALS =     8025.8411  EEL     =  -143540.0860  HBOND      =        0.0000
 1-4 VDW =      818.3996  1-4 EEL =    10999.3757  RESTRAINT  =        0.0000


   NSTEP       ENERGY          RMS            GMAX         NAME    NUMBER
    500      -1.2252E+05     1.1590E+00     6.7412E+01     CD1      1614

 BOND    =     8018.0694  ANGLE   =      559.6879  DIHED      =     2610.6026
 VDWAALS =    15764.5207  EEL     =  -161100.3515  HBOND      =        0.0000
 1-4 VDW =      738.0335  1-4 EEL =    10873.9084  RESTRAINT  =       18.5308
 EAMBER  =  -122535.5291


   NSTEP       ENERGY          RMS            GMAX         NAME    NUMBER
   1000      -1.2509E+05     3.6831E-01     2.4067E+01     CG        490

 BOND    =     8570.5836  ANGLE   =      564.9968  DIHED      =     2607.3963
 VDWAALS =    18439.8119  EEL     =  -166897.9339  HBOND      =        0.0000
 1-4 VDW =      734.0923  1-4 EEL =    10864.8296  RESTRAINT  =       25.4810
 EAMBER  =  -125116.2233


   NSTEP       ENERGY          RMS            GMAX         NAME    NUMBER
   1500      -1.2641E+05     1.9115E-01     5.2070E+00     CZ       2352

 BOND    =     8869.6352  ANGLE   =      564.9491  DIHED      =     2606.6830
 VDWAALS =    19885.0386  EEL     =  -169956.7752  HBOND      =        0.0000
 1-4 VDW =      733.4788  1-4 EEL =    10861.5537  RESTRAINT  =       27.2313
 EAMBER  =  -126435.4368


   NSTEP       ENERGY          RMS            GMAX         NAME    NUMBER
   2000      -1.2730E+05     2.4680E-01     1.0690E+01     CE2      1764

 BOND    =     9068.5745  ANGLE   =      565.5214  DIHED      =     2605.7165
 VDWAALS =    20829.3404  EEL     =  -171985.3893  HBOND      =        0.0000
 1-4 VDW =      732.8978  1-4 EEL =    10858.3451  RESTRAINT  =       28.1633
 EAMBER  =  -127324.9936


   NSTEP       ENERGY          RMS            GMAX         NAME    NUMBER
   2500      -1.2796E+05     3.1647E-01     1.5637E+01     CG        490

 BOND    =     9222.5778  ANGLE   =      565.9443  DIHED      =     2602.1676
 VDWAALS =    21558.4484  EEL     =  -173528.4235  HBOND      =        0.0000
 1-4 VDW =      732.6752  1-4 EEL =    10856.0525  RESTRAINT  =       28.8016
 EAMBER  =  -127990.5577


   NSTEP       ENERGY          RMS            GMAX         NAME    NUMBER
   3000      -1.2849E+05     3.6532E-01     3.7132E+01     CG        490

 BOND    =     9352.6751  ANGLE   =      565.4030  DIHED      =     2599.1678
 VDWAALS =    22151.3057  EEL     =  -174775.8676  HBOND      =        0.0000
 1-4 VDW =      732.9891  1-4 EEL =    10853.7112  RESTRAINT  =       29.1082
 EAMBER  =  -128520.6159


   NSTEP       ENERGY          RMS            GMAX         NAME    NUMBER
   3500      -1.2894E+05     3.9903E-01     2.2036E+01     CE2      1764

 BOND    =     9460.3148  ANGLE   =      564.8026  DIHED      =     2597.2385
 VDWAALS =    22617.2210  EEL     =  -175788.8004  HBOND      =        0.0000
 1-4 VDW =      732.7987  1-4 EEL =    10850.6461  RESTRAINT  =       29.6020
 EAMBER  =  -128965.7787


   NSTEP       ENERGY          RMS            GMAX         NAME    NUMBER
   4000      -1.2932E+05     1.0261E-01     2.5680E+00     CE2      1764

 BOND    =     9546.7330  ANGLE   =      563.8822  DIHED      =     2595.9702
 VDWAALS =    22985.7696  EEL     =  -176622.4397  HBOND      =        0.0000
 1-4 VDW =      732.9086  1-4 EEL =    10848.8885  RESTRAINT  =       30.0561
 EAMBER  =  -129348.2876


   NSTEP       ENERGY          RMS            GMAX         NAME    NUMBER
   4500      -1.2964E+05     1.4935E-01     7.2496E+00     CE2      1764

 BOND    =     9624.2938  ANGLE   =      563.8206  DIHED      =     2595.5156
 VDWAALS =    23302.8845  EEL     =  -177338.4044  HBOND      =        0.0000
 1-4 VDW =      732.9892  1-4 EEL =    10847.0905  RESTRAINT  =       30.3521
 EAMBER  =  -129671.8102


   NSTEP       ENERGY          RMS            GMAX         NAME    NUMBER
   5000      -1.2993E+05     2.2660E-01     1.3038E+01     CE2      1764

 BOND    =     9693.1680  ANGLE   =      563.2735  DIHED      =     2594.6453
 VDWAALS =    23580.3346  EEL     =  -177968.1486  HBOND      =        0.0000
 1-4 VDW =      733.1281  1-4 EEL =    10846.0163  RESTRAINT  =       30.5233
 EAMBER  =  -129957.5827


   NSTEP       ENERGY          RMS            GMAX         NAME    NUMBER
   5500      -1.3017E+05     2.5847E-01     1.5478E+01     CE2      1764

 BOND    =     9751.4114  ANGLE   =      562.6167  DIHED      =     2594.1383
 VDWAALS =    23814.4122  EEL     =  -178497.9876  HBOND      =        0.0000
 1-4 VDW =      733.0235  1-4 EEL =    10845.7688  RESTRAINT  =       30.7204
 EAMBER  =  -130196.6167


   NSTEP       ENERGY          RMS            GMAX         NAME    NUMBER
   6000      -1.3038E+05     9.1540E-02     3.5215E+00     CE2      1764

 BOND    =     9800.7513  ANGLE   =      561.5400  DIHED      =     2593.7140
 VDWAALS =    24021.7330  EEL     =  -178970.8785  HBOND      =        0.0000
 1-4 VDW =      733.0995  1-4 EEL =    10847.0605  RESTRAINT  =       30.8447
 EAMBER  =  -130412.9802


   NSTEP       ENERGY          RMS            GMAX         NAME    NUMBER
   6500      -1.3058E+05     7.7811E-02     2.1959E+00     NE2      2837

 BOND    =     9843.7068  ANGLE   =      560.5118  DIHED      =     2593.4910
 VDWAALS =    24203.5397  EEL     =  -179395.9343  HBOND      =        0.0000
 1-4 VDW =      733.2603  1-4 EEL =    10848.2914  RESTRAINT  =       30.8992
 EAMBER  =  -130613.1333


   NSTEP       ENERGY          RMS            GMAX         NAME    NUMBER
   7000      -1.3075E+05     1.1021E-01     6.1833E+00     CG        490

 BOND    =     9882.0889  ANGLE   =      559.9534  DIHED      =     2593.5128
 VDWAALS =    24379.2909  EEL     =  -179780.7980  HBOND      =        0.0000
 1-4 VDW =      733.4262  1-4 EEL =    10848.6841  RESTRAINT  =       30.9906
 EAMBER  =  -130783.8416


   NSTEP       ENERGY          RMS            GMAX         NAME    NUMBER
   7500      -1.3090E+05     1.7745E-01     1.1773E+01     NE2      2837

 BOND    =     9915.1319  ANGLE   =      559.7356  DIHED      =     2593.3517
 VDWAALS =    24528.3567  EEL     =  -180111.8749  HBOND      =        0.0000
 1-4 VDW =      733.5045  1-4 EEL =    10848.7834  RESTRAINT  =       31.1970
 EAMBER  =  -130933.0112


   NSTEP       ENERGY          RMS            GMAX         NAME    NUMBER
   8000      -1.3104E+05     2.0848E-01     1.4323E+01     NE2      2837

 BOND    =     9944.7540  ANGLE   =      559.4282  DIHED      =     2592.8252
 VDWAALS =    24664.2725  EEL     =  -180411.6969  HBOND      =        0.0000
 1-4 VDW =      733.5582  1-4 EEL =    10849.0166  RESTRAINT  =       31.3915
 EAMBER  =  -131067.8421


   NSTEP       ENERGY          RMS            GMAX         NAME    NUMBER
   8500      -1.3117E+05     6.6039E-02     2.8281E+00     NE2      3389

 BOND    =     9972.7347  ANGLE   =      558.7387  DIHED      =     2592.5403
 VDWAALS =    24795.1755  EEL     =  -180703.9207  HBOND      =        0.0000
 1-4 VDW =      733.6800  1-4 EEL =    10848.5907  RESTRAINT  =       31.7094
 EAMBER  =  -131202.4606


   NSTEP       ENERGY          RMS            GMAX         NAME    NUMBER
   9000      -1.3129E+05     5.7929E-02     2.2236E+00     NE2      3389

 BOND    =     9999.1239  ANGLE   =      558.3223  DIHED      =     2592.5709
 VDWAALS =    24915.0797  EEL     =  -180968.3104  HBOND      =        0.0000
 1-4 VDW =      733.9279  1-4 EEL =    10847.8642  RESTRAINT  =       31.9089
 EAMBER  =  -131321.4214


   NSTEP       ENERGY          RMS            GMAX         NAME    NUMBER
   9500      -1.3139E+05     7.1192E-02     4.3337E+00     NE2      3389

 BOND    =    10023.0579  ANGLE   =      558.2286  DIHED      =     2592.5197
 VDWAALS =    25023.4208  EEL     =  -181205.7304  HBOND      =        0.0000
 1-4 VDW =      734.0885  1-4 EEL =    10847.4813  RESTRAINT  =       31.9671
 EAMBER  =  -131426.9336


   NSTEP       ENERGY          RMS            GMAX         NAME    NUMBER
  10000      -1.3149E+05     1.2160E-01     1.0412E+01     NE2      3389

 BOND    =    10044.3082  ANGLE   =      558.3114  DIHED      =     2592.3498
 VDWAALS =    25118.1315  EEL     =  -181411.7705  HBOND      =        0.0000
 1-4 VDW =      734.2393  1-4 EEL =    10847.0821  RESTRAINT  =       31.9270
 EAMBER  =  -131517.3482


   NSTEP       ENERGY          RMS            GMAX         NAME    NUMBER
  10500      -1.3158E+05     1.4907E-01     1.3025E+01     NE2      3389

 BOND    =    10065.7270  ANGLE   =      558.1130  DIHED      =     2592.2571
 VDWAALS =    25212.5348  EEL     =  -181618.2670  HBOND      =        0.0000
 1-4 VDW =      734.6441  1-4 EEL =    10847.1548  RESTRAINT  =       31.8404
 EAMBER  =  -131607.8362


   NSTEP       ENERGY          RMS            GMAX         NAME    NUMBER
  11000      -1.3165E+05     1.5527E-01     1.3157E+01     NE2      3389

 BOND    =    10084.7552  ANGLE   =      557.7871  DIHED      =     2592.3476
 VDWAALS =    25300.4678  EEL     =  -181801.7483  HBOND      =        0.0000
 1-4 VDW =      734.9969  1-4 EEL =    10847.5125  RESTRAINT  =       31.6921
 EAMBER  =  -131683.8812


   NSTEP       ENERGY          RMS            GMAX         NAME    NUMBER
  11500      -1.3172E+05     1.6847E-01     1.6381E+01     NE2      3389

 BOND    =    10101.0184  ANGLE   =      557.4322  DIHED      =     2592.5513
 VDWAALS =    25373.7571  EEL     =  -181961.0741  HBOND      =        0.0000
 1-4 VDW =      735.3450  1-4 EEL =    10847.6427  RESTRAINT  =       31.4442
 EAMBER  =  -131753.3273


   NSTEP       ENERGY          RMS            GMAX         NAME    NUMBER
  12000      -1.3179E+05     4.6634E-02     2.1154E+00     NE2      3389

 BOND    =    10115.3251  ANGLE   =      557.2942  DIHED      =     2592.8477
 VDWAALS =    25436.8397  EEL     =  -182106.2622  HBOND      =        0.0000
 1-4 VDW =      735.7317  1-4 EEL =    10847.5337  RESTRAINT  =       31.1966
 EAMBER  =  -131820.6902


   NSTEP       ENERGY          RMS            GMAX         NAME    NUMBER
  12500      -1.3186E+05     4.6498E-02     1.9706E+00     NE2      3389

 BOND    =    10131.2435  ANGLE   =      557.1995  DIHED      =     2593.1088
 VDWAALS =    25501.5436  EEL     =  -182256.9610  HBOND      =        0.0000
 1-4 VDW =      736.0036  1-4 EEL =    10847.3712  RESTRAINT  =       31.0776
 EAMBER  =  -131890.4907


   NSTEP       ENERGY          RMS            GMAX         NAME    NUMBER
  13000      -1.3192E+05     1.0014E-01     9.2086E+00     NE2      3389

 BOND    =    10146.5987  ANGLE   =      557.3961  DIHED      =     2593.1680
 VDWAALS =    25566.8459  EEL     =  -182402.7935  HBOND      =        0.0000
 1-4 VDW =      736.1849  1-4 EEL =    10847.2733  RESTRAINT  =       31.0981
 EAMBER  =  -131955.3267


   NSTEP       ENERGY          RMS            GMAX         NAME    NUMBER
  13500      -1.3199E+05     1.1701E-01     1.1289E+01     NE2      3389

 BOND    =    10161.7043  ANGLE   =      557.4769  DIHED      =     2593.2378
 VDWAALS =    25630.2290  EEL     =  -182545.5554  HBOND      =        0.0000
 1-4 VDW =      736.3700  1-4 EEL =    10847.4301  RESTRAINT  =       31.1365
 EAMBER  =  -132019.1073


   NSTEP       ENERGY          RMS            GMAX         NAME    NUMBER
  14000      -1.3205E+05     1.3374E-01     1.5392E+01     CG        490

 BOND    =    10177.3415  ANGLE   =      557.4179  DIHED      =     2593.3321
 VDWAALS =    25701.1009  EEL     =  -182698.1197  HBOND      =        0.0000
 1-4 VDW =      736.5381  1-4 EEL =    10847.5584  RESTRAINT  =       31.1886
 EAMBER  =  -132084.8309


   NSTEP       ENERGY          RMS            GMAX         NAME    NUMBER
  14500      -1.3211E+05     1.3841E-01     1.4038E+01     NE2      3389

 BOND    =    10191.0881  ANGLE   =      557.6741  DIHED      =     2593.3965
 VDWAALS =    25766.4674  EEL     =  -182836.1189  HBOND      =        0.0000
 1-4 VDW =      736.6972  1-4 EEL =    10847.6283  RESTRAINT  =       31.2690
 EAMBER  =  -132143.1673


   NSTEP       ENERGY          RMS            GMAX         NAME    NUMBER
  15000      -1.3217E+05     4.7066E-02     3.1438E+00     NE2      3389

 BOND    =    10204.8261  ANGLE   =      557.4678  DIHED      =     2593.4682
 VDWAALS =    25827.6599  EEL     =  -182972.4100  HBOND      =        0.0000
 1-4 VDW =      736.8486  1-4 EEL =    10847.6637  RESTRAINT  =       31.3635
 EAMBER  =  -132204.4756


   NSTEP       ENERGY          RMS            GMAX         NAME    NUMBER
  15500      -1.3222E+05     6.7532E-02     6.1246E+00     NE2      3389

 BOND    =    10217.5043  ANGLE   =      557.3730  DIHED      =     2593.5491
 VDWAALS =    25885.3464  EEL     =  -183093.8181  HBOND      =        0.0000
 1-4 VDW =      737.0719  1-4 EEL =    10847.7031  RESTRAINT  =       31.3915
 EAMBER  =  -132255.2705


   NSTEP       ENERGY          RMS            GMAX         NAME    NUMBER
  16000      -1.3227E+05     4.5591E-02     3.4102E+00     NE2      3389

 BOND    =    10230.8825  ANGLE   =      557.3396  DIHED      =     2593.6046
 VDWAALS =    25947.0039  EEL     =  -183216.4677  HBOND      =        0.0000
 1-4 VDW =      737.2643  1-4 EEL =    10847.7655  RESTRAINT  =       31.3914
 EAMBER  =  -132302.6074


   NSTEP       ENERGY          RMS            GMAX         NAME    NUMBER
  16500      -1.3231E+05     1.0280E-01     9.6750E+00     CG        490

 BOND    =    10244.1021  ANGLE   =      557.2047  DIHED      =     2593.6202
 VDWAALS =    26011.9378  EEL     =  -183337.8921  HBOND      =        0.0000
 1-4 VDW =      737.4371  1-4 EEL =    10847.8051  RESTRAINT  =       31.3769
 EAMBER  =  -132345.7851


   NSTEP       ENERGY          RMS            GMAX         NAME    NUMBER
  17000      -1.3236E+05     1.1753E-01     1.0898E+01     CG        490

 BOND    =    10256.3764  ANGLE   =      557.1869  DIHED      =     2593.6572
 VDWAALS =    26070.2231  EEL     =  -183453.4104  HBOND      =        0.0000
 1-4 VDW =      737.6328  1-4 EEL =    10847.9130  RESTRAINT  =       31.3309
 EAMBER  =  -132390.4208


   NSTEP       ENERGY          RMS            GMAX         NAME    NUMBER
  17500      -1.3241E+05     3.7126E-02     1.5983E+00     NE2      3389

 BOND    =    10267.4116  ANGLE   =      557.2973  DIHED      =     2593.7102
 VDWAALS =    26120.8279  EEL     =  -183561.1878  HBOND      =        0.0000
 1-4 VDW =      737.7964  1-4 EEL =    10847.8360  RESTRAINT  =       31.2537
 EAMBER  =  -132436.3084


   NSTEP       ENERGY          RMS            GMAX         NAME    NUMBER
  18000      -1.3245E+05     1.2982E-01     1.2788E+01     NE2      3389

 BOND    =    10278.2869  ANGLE   =      557.2290  DIHED      =     2593.7584
 VDWAALS =    26167.0889  EEL     =  -183665.9037  HBOND      =        0.0000
 1-4 VDW =      737.9041  1-4 EEL =    10847.8915  RESTRAINT  =       31.1674
 EAMBER  =  -132483.7448


   NSTEP       ENERGY          RMS            GMAX         NAME    NUMBER
  18500      -1.3250E+05     4.2797E-02     2.7623E+00     NE2      3389

 BOND    =    10287.6815  ANGLE   =      557.4862  DIHED      =     2593.8101
 VDWAALS =    26210.5451  EEL     =  -183768.1720  HBOND      =        0.0000
 1-4 VDW =      737.9871  1-4 EEL =    10847.7630  RESTRAINT  =       31.0828
 EAMBER  =  -132532.8990


   NSTEP       ENERGY          RMS            GMAX         NAME    NUMBER
  19000      -1.3255E+05     4.6767E-02     3.2596E+00     NE2      3389

 BOND    =    10297.6490  ANGLE   =      557.6045  DIHED      =     2593.8729
 VDWAALS =    26252.3626  EEL     =  -183868.3731  HBOND      =        0.0000
 1-4 VDW =      738.0322  1-4 EEL =    10847.7791  RESTRAINT  =       31.0229
 EAMBER  =  -132581.0729


   NSTEP       ENERGY          RMS            GMAX         NAME    NUMBER
  19500      -1.3259E+05     3.5559E-02     2.2595E+00     H2      12665

 BOND    =    10308.4309  ANGLE   =      557.6165  DIHED      =     2593.9856
 VDWAALS =    26297.5963  EEL     =  -183967.4345  HBOND      =        0.0000
 1-4 VDW =      738.1109  1-4 EEL =    10847.8102  RESTRAINT  =       30.9807
 EAMBER  =  -132623.8841


   NSTEP       ENERGY          RMS            GMAX         NAME    NUMBER
  20000      -1.3263E+05     8.3444E-02     7.3417E+00     NE2      3389

 BOND    =    10318.6359  ANGLE   =      557.7464  DIHED      =     2594.1684
 VDWAALS =    26342.8498  EEL     =  -184063.2520  HBOND      =        0.0000
 1-4 VDW =      738.2468  1-4 EEL =    10847.8176  RESTRAINT  =       30.9370
 EAMBER  =  -132663.7872


   NSTEP       ENERGY          RMS            GMAX         NAME    NUMBER
  20500      -1.3267E+05     9.1742E-02     8.9279E+00     NE2      3389

 BOND    =    10327.7356  ANGLE   =      557.7422  DIHED      =     2594.4010
 VDWAALS =    26387.1229  EEL     =  -184154.8462  HBOND      =        0.0000
 1-4 VDW =      738.4082  1-4 EEL =    10847.8499  RESTRAINT  =       30.8669
 EAMBER  =  -132701.5865


   NSTEP       ENERGY          RMS            GMAX         NAME    NUMBER
  21000      -1.3270E+05     3.2014E-02     1.7913E+00     NE2      3389

 BOND    =    10336.7456  ANGLE   =      557.5266  DIHED      =     2594.6454
 VDWAALS =    26436.5102  EEL     =  -184244.9884  HBOND      =        0.0000
 1-4 VDW =      738.5693  1-4 EEL =    10848.0531  RESTRAINT  =       30.7758
 EAMBER  =  -132732.9381


   NSTEP       ENERGY          RMS            GMAX         NAME    NUMBER
  21500      -1.3273E+05     3.6604E-02     2.5562E+00     NE2      3389

 BOND    =    10345.2886  ANGLE   =      557.4988  DIHED      =     2594.8631
 VDWAALS =    26481.2824  EEL     =  -184328.4264  HBOND      =        0.0000
 1-4 VDW =      738.7207  1-4 EEL =    10848.3030  RESTRAINT  =       30.6719
 EAMBER  =  -132762.4698


   NSTEP       ENERGY          RMS            GMAX         NAME    NUMBER
  22000      -1.3276E+05     3.0224E-02     1.3278E+00     NE2      3389

 BOND    =    10353.0851  ANGLE   =      557.4862  DIHED      =     2595.0423
 VDWAALS =    26523.1017  EEL     =  -184408.4322  HBOND      =        0.0000
 1-4 VDW =      738.8813  1-4 EEL =    10848.6930  RESTRAINT  =       30.5584
 EAMBER  =  -132792.1427


   NSTEP       ENERGY          RMS            GMAX         NAME    NUMBER
  22500      -1.3279E+05     4.3639E-02     3.5345E+00     NE2      3389

 BOND    =    10360.6057  ANGLE   =      557.4160  DIHED      =     2595.2147
 VDWAALS =    26562.1859  EEL     =  -184485.2877  HBOND      =        0.0000
 1-4 VDW =      739.0577  1-4 EEL =    10849.2587  RESTRAINT  =       30.4430
 EAMBER  =  -132821.5490


   NSTEP       ENERGY          RMS            GMAX         NAME    NUMBER
  23000      -1.3282E+05     5.5195E-02     5.2083E+00     NE2      3389

 BOND    =    10368.4568  ANGLE   =      557.3653  DIHED      =     2595.4088
 VDWAALS =    26603.0067  EEL     =  -184565.1872  HBOND      =        0.0000
 1-4 VDW =      739.2691  1-4 EEL =    10849.9691  RESTRAINT  =       30.3449
 EAMBER  =  -132851.7114


   NSTEP       ENERGY          RMS            GMAX         NAME    NUMBER
  23500      -1.3285E+05     8.3552E-02     8.0633E+00     NE2      3389

 BOND    =    10375.9730  ANGLE   =      557.3284  DIHED      =     2595.6092
 VDWAALS =    26646.8599  EEL     =  -184644.1969  HBOND      =        0.0000
 1-4 VDW =      739.4859  1-4 EEL =    10850.6069  RESTRAINT  =       30.2812
 EAMBER  =  -132878.3335


   NSTEP       ENERGY          RMS            GMAX         NAME    NUMBER
  24000      -1.3287E+05     8.7061E-02     8.8048E+00     CG        490

 BOND    =    10382.8122  ANGLE   =      557.3384  DIHED      =     2595.8061
 VDWAALS =    26684.9446  EEL     =  -184714.8022  HBOND      =        0.0000
 1-4 VDW =      739.6890  1-4 EEL =    10850.9419  RESTRAINT  =       30.2447
 EAMBER  =  -132903.2701


   NSTEP       ENERGY          RMS            GMAX         NAME    NUMBER
  24500      -1.3290E+05     9.7800E-02     9.1150E+00     NE2      3389

 BOND    =    10390.4798  ANGLE   =      557.2603  DIHED      =     2596.0150
 VDWAALS =    26722.9752  EEL     =  -184788.4180  HBOND      =        0.0000
 1-4 VDW =      739.8559  1-4 EEL =    10851.0284  RESTRAINT  =       30.2334
 EAMBER  =  -132930.8033


   NSTEP       ENERGY          RMS            GMAX         NAME    NUMBER
  25000      -1.3293E+05     1.2128E-01     1.4021E+01     CG        490

 BOND    =    10398.6845  ANGLE   =      557.3800  DIHED      =     2596.2754
 VDWAALS =    26760.3957  EEL     =  -184862.4872  HBOND      =        0.0000
 1-4 VDW =      740.0038  1-4 EEL =    10851.0571  RESTRAINT  =       30.2398
 EAMBER  =  -132958.6906


   NSTEP       ENERGY          RMS            GMAX         NAME    NUMBER
  25500      -1.3300E+05     1.2243E-01     1.3449E+01     CG        490

 BOND    =    10418.3413  ANGLE   =      557.5541  DIHED      =     2597.4013
 VDWAALS =    26860.5651  EEL     =  -185058.4301  HBOND      =        0.0000
 1-4 VDW =      740.2293  1-4 EEL =    10851.0217  RESTRAINT  =       30.2048
 EAMBER  =  -133033.3173


   NSTEP       ENERGY          RMS            GMAX         NAME    NUMBER
  26000      -1.3306E+05     7.9495E-02     9.4411E+00     CG        490

 BOND    =    10432.0149  ANGLE   =      557.4441  DIHED      =     2597.5920
 VDWAALS =    26933.0393  EEL     =  -185199.2985  HBOND      =        0.0000
 1-4 VDW =      740.6770  1-4 EEL =    10852.0847  RESTRAINT  =       30.1502
 EAMBER  =  -133086.4466


   NSTEP       ENERGY          RMS            GMAX         NAME    NUMBER
  26500      -1.3312E+05     4.6632E-02     3.5663E+00     CD       1420

 BOND    =    10452.8513  ANGLE   =      557.3932  DIHED      =     2597.9893
 VDWAALS =    27035.7045  EEL     =  -185392.0443  HBOND      =        0.0000
 1-4 VDW =      741.2847  1-4 EEL =    10853.4932  RESTRAINT  =       30.0265
 EAMBER  =  -133153.3282


   NSTEP       ENERGY          RMS            GMAX         NAME    NUMBER
  27000      -1.3320E+05     2.5967E-01     3.4124E+01     CG       1999

 BOND    =    10479.4188  ANGLE   =      557.9113  DIHED      =     2598.7559
 VDWAALS =    27157.8297  EEL     =  -185625.5972  HBOND      =        0.0000
 1-4 VDW =      741.6687  1-4 EEL =    10855.3090  RESTRAINT  =       29.9068
 EAMBER  =  -133234.7038


   NSTEP       ENERGY          RMS            GMAX         NAME    NUMBER
  27500      -1.3328E+05     4.2392E-02     2.4842E+00     CA       1587

 BOND    =    10494.0393  ANGLE   =      558.0077  DIHED      =     2600.6380
 VDWAALS =    27231.6040  EEL     =  -185789.5209  HBOND      =        0.0000
 1-4 VDW =      741.7014  1-4 EEL =    10857.1414  RESTRAINT  =       29.6882
 EAMBER  =  -133306.3890


   NSTEP       ENERGY          RMS            GMAX         NAME    NUMBER
  28000      -1.3334E+05     3.6574E-02     2.2816E+00     CG        490

 BOND    =    10510.1958  ANGLE   =      558.1642  DIHED      =     2601.7108
 VDWAALS =    27308.4003  EEL     =  -185948.6282  HBOND      =        0.0000
 1-4 VDW =      741.7960  1-4 EEL =    10859.1782  RESTRAINT  =       29.4795
 EAMBER  =  -133369.1829


   NSTEP       ENERGY          RMS            GMAX         NAME    NUMBER
  28500      -1.3341E+05     1.6827E-01     1.2050E+01     CG        490

 BOND    =    10529.5317  ANGLE   =      558.9679  DIHED      =     2601.6255
 VDWAALS =    27380.3456  EEL     =  -186112.4824  HBOND      =        0.0000
 1-4 VDW =      742.1456  1-4 EEL =    10859.6811  RESTRAINT  =       29.6884
 EAMBER  =  -133440.1852


   NSTEP       ENERGY          RMS            GMAX         NAME    NUMBER
  29000      -1.3348E+05     8.7580E-02     6.4124E+00     O       22185

 BOND    =    10546.6523  ANGLE   =      558.8306  DIHED      =     2602.3231
 VDWAALS =    27471.7913  EEL     =  -186296.7709  HBOND      =        0.0000
 1-4 VDW =      742.9949  1-4 EEL =    10861.1745  RESTRAINT  =       29.7431
 EAMBER  =  -133513.0041


   NSTEP       ENERGY          RMS            GMAX         NAME    NUMBER
  29500      -1.3354E+05     2.7776E-02     1.4454E+00     CB       3485

 BOND    =    10561.2576  ANGLE   =      559.0161  DIHED      =     2602.9187
 VDWAALS =    27549.5228  EEL     =  -186448.9779  HBOND      =        0.0000
 1-4 VDW =      742.9827  1-4 EEL =    10861.6268  RESTRAINT  =       29.7328
 EAMBER  =  -133571.6532


   NSTEP       ENERGY          RMS            GMAX         NAME    NUMBER
  30000      -1.3358E+05     3.4291E-02     3.1908E+00     CG        490

 BOND    =    10571.7478  ANGLE   =      559.1072  DIHED      =     2603.1270
 VDWAALS =    27607.9837  EEL     =  -186560.4839  HBOND      =        0.0000
 1-4 VDW =      743.2138  1-4 EEL =    10862.4661  RESTRAINT  =       29.6940
 EAMBER  =  -133612.8385


   NSTEP       ENERGY          RMS            GMAX         NAME    NUMBER
  30500      -1.3364E+05     8.9395E-02     1.2000E+01     O       18891

 BOND    =    10588.2486  ANGLE   =      558.8143  DIHED      =     2603.6329
 VDWAALS =    27693.5834  EEL     =  -186722.3298  HBOND      =        0.0000
 1-4 VDW =      743.9662  1-4 EEL =    10864.3803  RESTRAINT  =       29.5213
 EAMBER  =  -133669.7041


   NSTEP       ENERGY          RMS            GMAX         NAME    NUMBER
  31000      -1.3370E+05     3.5173E-02     2.6569E+00     CZ       1882

 BOND    =    10607.3343  ANGLE   =      558.5655  DIHED      =     2604.1138
 VDWAALS =    27813.6021  EEL     =  -186928.7717  HBOND      =        0.0000
 1-4 VDW =      744.9195  1-4 EEL =    10866.9501  RESTRAINT  =       29.4789
 EAMBER  =  -133733.2865


   NSTEP       ENERGY          RMS            GMAX         NAME    NUMBER
  31500      -1.3377E+05     5.5448E-02     2.6506E+00     C         131

 BOND    =    10627.8761  ANGLE   =      558.9305  DIHED      =     2604.2133
 VDWAALS =    27914.6102  EEL     =  -187118.6596  HBOND      =        0.0000
 1-4 VDW =      745.4738  1-4 EEL =    10868.3253  RESTRAINT  =       29.7683
 EAMBER  =  -133799.2303


   NSTEP       ENERGY          RMS            GMAX         NAME    NUMBER
  32000      -1.3381E+05     4.2782E-02     4.1698E+00     H1       6178

 BOND    =    10644.5117  ANGLE   =      558.2457  DIHED      =     2604.6602
 VDWAALS =    28001.5199  EEL     =  -187269.1942  HBOND      =        0.0000
 1-4 VDW =      746.2746  1-4 EEL =    10870.9660  RESTRAINT  =       29.6752
 EAMBER  =  -133843.0162


   NSTEP       ENERGY          RMS            GMAX         NAME    NUMBER
  32500      -1.3385E+05     5.5610E-02     3.5378E+00     CA       2134

 BOND    =    10657.9193  ANGLE   =      558.1340  DIHED      =     2604.8433
 VDWAALS =    28072.1146  EEL     =  -187391.7260  HBOND      =        0.0000
 1-4 VDW =      746.8539  1-4 EEL =    10871.1967  RESTRAINT  =       29.7039
 EAMBER  =  -133880.6642


   NSTEP       ENERGY          RMS            GMAX         NAME    NUMBER
  33000      -1.3389E+05     7.2538E-02     9.3964E+00     CA        521

 BOND    =    10669.2571  ANGLE   =      557.9632  DIHED      =     2604.6450
 VDWAALS =    28130.8981  EEL     =  -187504.3524  HBOND      =        0.0000
 1-4 VDW =      747.5685  1-4 EEL =    10871.5930  RESTRAINT  =       29.7516
 EAMBER  =  -133922.4275


   NSTEP       ENERGY          RMS            GMAX         NAME    NUMBER
  33500      -1.3393E+05     2.0453E-01     3.7792E+01     H2      32594

 BOND    =    10686.3895  ANGLE   =      558.4383  DIHED      =     2604.9204
 VDWAALS =    28217.0768  EEL     =  -187649.7754  HBOND      =        0.0000
 1-4 VDW =      748.0503  1-4 EEL =    10871.9221  RESTRAINT  =       29.8960
 EAMBER  =  -133962.9781


                    FINAL RESULTS



   NSTEP       ENERGY          RMS            GMAX         NAME    NUMBER
  33872      -1.3396E+05     9.4756E-03     2.6488E-01     H2      14855

 BOND    =    10690.7834  ANGLE   =      557.8313  DIHED      =     2606.1849
 VDWAALS =    28251.8370  EEL     =  -187713.7024  HBOND      =        0.0000
 1-4 VDW =      748.5240  1-4 EEL =    10872.0636  RESTRAINT  =       30.2376
 EAMBER  =  -133986.4781
--------------------------------------------------------------------------------
   5.  TIMINGS
--------------------------------------------------------------------------------

|  NonSetup CPU Time in Major Routines:
|
|     Routine           Sec        %
|     ------------------------------
|     Nonbond          14.96   20.77
|     Bond              0.00    0.00
|     Angle             0.00    0.00
|     Dihedral          0.00    0.00
|     Shake             0.00    0.00
|     Other            57.09   79.23
|     ------------------------------
|     Total            72.05

|  PME Nonbond Pairlist CPU Time:
|
|     Routine              Sec        %
|     ---------------------------------
|     Set Up Cit           0.00    0.00
|     Build List           0.00    0.00
|     ---------------------------------
|     Total                0.00    0.00

|  PME Direct Force CPU Time:
|
|     Routine              Sec        %
|     ---------------------------------
|     NonBonded Calc       0.00    0.00
|     Exclude Masked       0.00    0.00
|     Other                0.04    0.06
|     ---------------------------------
|     Total                0.04    0.06

|  PME Reciprocal Force CPU Time:
|
|     Routine              Sec        %
|     ---------------------------------
|     1D bspline           0.00    0.00
|     Grid Charges         0.00    0.00
|     Scalar Sum           0.00    0.00
|     Gradient Sum         0.00    0.00
|     FFT                  0.00    0.00
|     ---------------------------------
|     Total                0.00    0.00

|  Setup CPU time:            0.56 seconds
|  NonSetup CPU time:        72.05 seconds
|  Total CPU time:           72.61 seconds     0.02 hours

|  Setup wall time:           0    seconds
|  NonSetup wall time:       73    seconds
|  Total wall time:          73    seconds     0.02 hours
