
          -------------------------------------------------------
          Amber 24 PMEMD                              2024
          -------------------------------------------------------

| PMEMD implementation of SANDER, Release 24

|  Compiled date/time: Mon Feb  3 14:39:30 2025
| Run on 09/18/2025 at 20:24:48

|   Executable path: /home/jacosta19/software/amber24/bin/pmemd.cuda_SPFP
| Working directory: /home/jacosta19/Desktop/GFP_MD/MD-1w7s/1w7s
|          Hostname: Unknown
  [-O]verwriting output

File Assignments:
|   MDIN: eq4.in                                                                
|  MDOUT: GFP.1w7s.eq4.out                                                      
| INPCRD: GFP.1w7s.eq3.ncrst                                                    
|   PARM: GFP.1w7s.top                                                          
| RESTRT: GFP.1w7s.eq4.ncrst                                                    
|   REFC: GFP.1w7s.min.ncrst                                                    
|  MDVEL: mdvel                                                                 
|   MDEN: mden                                                                  
|  MDCRD: GFP.1w7s.eq4.nc                                                       
| MDINFO: mdinfo                                                                
|  MDFRC: mdfrc                                                                 


 Here is the input file:

eq4 temp = 300, k = 2.5 V=cte (ntb=1)                                          
&cntrl                                                                         
 nstlim = 10000, dt = 0.002,                                                   
 ntx = 7, irest = 1, iwrap=0, cut= 9.0, ioutfm = 1,                            
 ntpr = 500, ntwr = 500, ntwx = 500,                                           
 tempi = 300., temp0 = 300.,                                                   
 ntt = 1,                                                                      
 ntb = 1,                                                                      
 ntc = 2, ntf = 2,                                                             
 ntr = 1,                                                                      
 restraint_wt = 0.25, restraintmask = ":1-228@CA"                              
&end                                                                           
                                                                               


Note: ig = -1. Setting random seed to   932366 based on wallclock time in 
      microseconds.
| irandom = 1, using AMBER's internal random number generator (default).
| WARNING: ntx set to 7; the file type is now auto-detected; please update to ntx = 5.
 
|--------------------- INFORMATION ----------------------
| GPU (CUDA) Version of PMEMD in use: NVIDIA GPU IN USE.
|                    Version 18.0.0
| 
|                      03/25/2018
| 
| Implementation by:
|                    Ross C. Walker     (SDSC)
|                    Scott Le Grand     (nVIDIA)
| 
| Version 18 performance extensions by:
|                    David Cerutti     (Rutgers)
| 
| Precision model in use:
|      [SPFP] - Single Precision Forces, 64-bit Fixed Point
|               Accumulation. (Default)
| 
|--------------------------------------------------------
 
|----------------- CITATION INFORMATION -----------------
|
|    When publishing work that utilized the CUDA version
|    of AMBER, please cite the following in addition to
|    the regular AMBER citations:
|
|  - Romelia Salomon-Ferrer; Andreas W. Goetz; Duncan
|    Poole; Scott Le Grand; Ross C. Walker "Routine
|    microsecond molecular dynamics simulations with
|    AMBER - Part II: Particle Mesh Ewald", J. Chem.
|    Theory Comput., 2013, 9 (9), pp3878-3888,
|    DOI: 10.1021/ct400314y.
|
|  - Andreas W. Goetz; Mark J. Williamson; Dong Xu;
|    Duncan Poole; Scott Le Grand; Ross C. Walker
|    "Routine microsecond molecular dynamics simulations
|    with AMBER - Part I: Generalized Born", J. Chem.
|    Theory Comput., 2012, 8 (5), pp1542-1555.
|
|  - Scott Le Grand; Andreas W. Goetz; Ross C. Walker
|    "SPFP: Speed without compromise - a mixed precision
|    model for GPU accelerated molecular dynamics
|    simulations.", Comp. Phys. Comm., 2013, 184
|    pp374-380, DOI: 10.1016/j.cpc.2012.09.022
|
|--------------------------------------------------------
 
|------------------- GPU DEVICE INFO --------------------
|
|            CUDA_VISIBLE_DEVICES: not set
|   CUDA Capable Devices Detected:      1
|           CUDA Device ID in use:      0
|                CUDA Device Name: NVIDIA GeForce RTX 2080 Ti
|     CUDA Device Global Mem Size:  10825 MB
| CUDA Device Num Multiprocessors:     68
|           CUDA Device Core Freq:   1.54 GHz
|
|--------------------------------------------------------
 
 
| Conditional Compilation Defines Used:
| PUBFFT
| BINTRAJ
| CUDA
| EMIL

| Largest sphere to fit in unit cell has radius =    32.034

| New format PARM file being parsed.
| Version =    1.000 Date = 09/10/25 Time = 18:05:24

| Note: 1-4 EEL scale factors are being read from the topology file.

| Note: 1-4 VDW scale factors are being read from the topology file.
| Duplicated    0 dihedrals

| Duplicated    0 dihedrals

--------------------------------------------------------------------------------
   1.  RESOURCE   USE: 
--------------------------------------------------------------------------------

 getting box info from netcdf restart file
 NATOM  =   33263 NTYPES =      16 NBONH =   31426 MBONA  =    1876
 NTHETH =    4058 MTHETA =    2538 NPHIH =    8240 MPHIA  =    7974
 NHPARM =       0 NPARM  =       0 NNB   =   59483 NRES   =   10117
 NBONA  =    1876 NTHETA =    2538 NPHIA =    7974 NUMBND =      79
 NUMANG =     183 NPTRA  =     201 NATYP =      39 NPHB   =       0
 IFBOX  =       1 NMXRS  =      34 IFCAP =       0 NEXTRA =       0
 NCOPY  =       0

| Coordinate Index Table dimensions:    15   16   12
| Direct force subcell size =     5.0939    5.2199    5.3389

     BOX TYPE: RECTILINEAR

--------------------------------------------------------------------------------
   2.  CONTROL  DATA  FOR  THE  RUN
--------------------------------------------------------------------------------

default_name                                                                    

General flags:
     imin    =       0, nmropt  =       0

Nature and format of input:
     ntx     =       7, irest   =       1, ntrx    =       1

Nature and format of output:
     ntxo    =       2, ntpr    =     500, ntrx    =       1, ntwr    =     500
     iwrap   =       0, ntwx    =     500, ntwv    =       0, ntwe    =       0
     ioutfm  =       1, ntwprt  =       0, idecomp =       0, rbornstat=      0

Potential function:
     ntf     =       2, ntb     =       1, igb     =       0, nsnb    =      25
     ipol    =       0, gbsa    =       0, iesp    =       0
     dielc   =   1.00000, cut     =   9.00000, intdiel =   1.00000

Frozen or restrained atoms:
     ibelly  =       0, ntr     =       1
     restraint_wt =   0.25000

Molecular dynamics:
     nstlim  =     10000, nscm    =         0, nrespa  =         1
     t       =   0.00000, dt      =   0.00200, vlimit  =  -1.00000

Berendsen (weak-coupling) temperature regulation:
     temp0   = 300.00000, tempi   = 300.00000, tautp   =   1.00000

SHAKE:
     ntc     =       2, jfastw  =       0
     tol     =   0.00001

| Intermolecular bonds treatment:
|     no_intermolecular_bonds =       1

| Energy averages sample interval:
|     ene_avg_sampling =     500

Ewald parameters:
     verbose =       0, ew_type =       0, nbflag  =       1, use_pme =       1
     vdwmeth =       1, eedmeth =       1, netfrc  =       1
     Box X =   76.409   Box Y =   83.518   Box Z =   64.067
     Alpha =   90.000   Beta  =   90.000   Gamma =   90.000
     NFFT1 =   80       NFFT2 =   84       NFFT3 =   64
     Cutoff=    9.000   Tol   =0.100E-04
     Ewald Coefficient =  0.30768
     Interpolation order =    4

    LOADING THE CONSTRAINED ATOMS AS GROUPS


   5.  REFERENCE ATOM COORDINATES

  default_name                                                                    
     Mask :1-228@CA; matches   227 atoms

--------------------------------------------------------------------------------
   3.  ATOMIC COORDINATES AND VELOCITIES
--------------------------------------------------------------------------------

default_name                                                                    
 begin time read from input coords =    80.000 ps

 
 Number of triangulated 3-point waters found:     9883

     Sum of charges from parm topology file =  -0.00000010
     Forcing neutrality...

| Dynamic Memory, Types Used:
| Reals             1101840
| Integers          1336436

| Nonbonded Pairs Initial Allocation:     7583964

| GPU memory information (estimate):
| KB of GPU memory in use:    115773
| KB of CPU memory in use:     59325

--------------------------------------------------------------------------------
   4.  RESULTS
--------------------------------------------------------------------------------


 NSTEP =      500   TIME(PS) =      81.000  TEMP(K) =   301.36  PRESS =     0.0
 Etot   =    -78643.3509  EKtot   =     20469.8301  EPtot      =    -99113.1810
 BOND   =       669.3839  ANGLE   =      1932.4312  DIHED      =      2910.6869
 1-4 NB =       814.8863  1-4 EEL =     10818.0180  VDWAALS    =     11339.7067
 EELEC  =   -127618.3776  EHBOND  =         0.0000  RESTRAINT  =        20.0836
 EAMBER (non-restraint)  =    -99133.2645
 ------------------------------------------------------------------------------


 NSTEP =     1000   TIME(PS) =      82.000  TEMP(K) =   299.49  PRESS =     0.0
 Etot   =    -78658.7988  EKtot   =     20343.1348  EPtot      =    -99001.9335
 BOND   =       674.3775  ANGLE   =      1886.5887  DIHED      =      2906.7118
 1-4 NB =       818.6022  1-4 EEL =     10810.1387  VDWAALS    =     11768.2100
 EELEC  =   -127890.1239  EHBOND  =         0.0000  RESTRAINT  =        23.5614
 EAMBER (non-restraint)  =    -99025.4950
 ------------------------------------------------------------------------------


 NSTEP =     1500   TIME(PS) =      83.000  TEMP(K) =   299.55  PRESS =     0.0
 Etot   =    -78668.6617  EKtot   =     20346.7656  EPtot      =    -99015.4273
 BOND   =       689.2212  ANGLE   =      1903.5896  DIHED      =      2915.0791
 1-4 NB =       828.8265  1-4 EEL =     10812.1588  VDWAALS    =     11809.3172
 EELEC  =   -127997.3444  EHBOND  =         0.0000  RESTRAINT  =        23.7246
 EAMBER (non-restraint)  =    -99039.1519
 ------------------------------------------------------------------------------


 NSTEP =     2000   TIME(PS) =      84.000  TEMP(K) =   301.22  PRESS =     0.0
 Etot   =    -78697.9277  EKtot   =     20460.7188  EPtot      =    -99158.6464
 BOND   =       659.8408  ANGLE   =      1850.8470  DIHED      =      2909.3946
 1-4 NB =       841.5138  1-4 EEL =     10787.8968  VDWAALS    =     11867.9219
 EELEC  =   -128098.6087  EHBOND  =         0.0000  RESTRAINT  =        22.5475
 EAMBER (non-restraint)  =    -99181.1939
 ------------------------------------------------------------------------------


 NSTEP =     2500   TIME(PS) =      85.000  TEMP(K) =   299.37  PRESS =     0.0
 Etot   =    -78722.3425  EKtot   =     20334.4375  EPtot      =    -99056.7800
 BOND   =       699.4294  ANGLE   =      1851.1775  DIHED      =      2876.2393
 1-4 NB =       809.4257  1-4 EEL =     10784.3334  VDWAALS    =     11399.5027
 EELEC  =   -127495.9563  EHBOND  =         0.0000  RESTRAINT  =        19.0684
 EAMBER (non-restraint)  =    -99075.8484
 ------------------------------------------------------------------------------


 NSTEP =     3000   TIME(PS) =      86.000  TEMP(K) =   299.72  PRESS =     0.0
 Etot   =    -78670.3629  EKtot   =     20358.3223  EPtot      =    -99028.6852
 BOND   =       667.8309  ANGLE   =      1889.6781  DIHED      =      2894.2943
 1-4 NB =       834.7304  1-4 EEL =     10790.8077  VDWAALS    =     11717.2226
 EELEC  =   -127841.8924  EHBOND  =         0.0000  RESTRAINT  =        18.6433
 EAMBER (non-restraint)  =    -99047.3285
 ------------------------------------------------------------------------------


 NSTEP =     3500   TIME(PS) =      87.000  TEMP(K) =   300.13  PRESS =     0.0
 Etot   =    -78647.8058  EKtot   =     20386.5020  EPtot      =    -99034.3077
 BOND   =       750.4865  ANGLE   =      1877.9162  DIHED      =      2909.1003
 1-4 NB =       809.2462  1-4 EEL =     10780.6230  VDWAALS    =     11582.0380
 EELEC  =   -127762.6313  EHBOND  =         0.0000  RESTRAINT  =        18.9133
 EAMBER (non-restraint)  =    -99053.2210
 ------------------------------------------------------------------------------


 NSTEP =     4000   TIME(PS) =      88.000  TEMP(K) =   298.32  PRESS =     0.0
 Etot   =    -78645.7645  EKtot   =     20263.2832  EPtot      =    -98909.0477
 BOND   =       713.0555  ANGLE   =      1966.9509  DIHED      =      2886.2090
 1-4 NB =       812.8937  1-4 EEL =     10751.7553  VDWAALS    =     11529.0910
 EELEC  =   -127588.9808  EHBOND  =         0.0000  RESTRAINT  =        19.9778
 EAMBER (non-restraint)  =    -98929.0256
 ------------------------------------------------------------------------------


 NSTEP =     4500   TIME(PS) =      89.000  TEMP(K) =   300.71  PRESS =     0.0
 Etot   =    -78626.7892  EKtot   =     20425.5078  EPtot      =    -99052.2970
 BOND   =       703.8404  ANGLE   =      1918.6874  DIHED      =      2906.3234
 1-4 NB =       817.6358  1-4 EEL =     10762.9429  VDWAALS    =     11385.1337
 EELEC  =   -127564.3382  EHBOND  =         0.0000  RESTRAINT  =        17.4775
 EAMBER (non-restraint)  =    -99069.7745
 ------------------------------------------------------------------------------


 NSTEP =     5000   TIME(PS) =      90.000  TEMP(K) =   297.95  PRESS =     0.0
 Etot   =    -78650.8546  EKtot   =     20238.5586  EPtot      =    -98889.4131
 BOND   =       677.0725  ANGLE   =      1880.5155  DIHED      =      2916.4762
 1-4 NB =       819.9380  1-4 EEL =     10769.1689  VDWAALS    =     11514.3760
 EELEC  =   -127484.2952  EHBOND  =         0.0000  RESTRAINT  =        17.3349
 EAMBER (non-restraint)  =    -98906.7480
 ------------------------------------------------------------------------------


 NSTEP =     5500   TIME(PS) =      91.000  TEMP(K) =   297.91  PRESS =     0.0
 Etot   =    -78641.8953  EKtot   =     20235.7051  EPtot      =    -98877.6004
 BOND   =       682.2500  ANGLE   =      1911.8503  DIHED      =      2873.4522
 1-4 NB =       801.6487  1-4 EEL =     10734.6186  VDWAALS    =     11461.2765
 EELEC  =   -127361.1818  EHBOND  =         0.0000  RESTRAINT  =        18.4852
 EAMBER (non-restraint)  =    -98896.0856
 ------------------------------------------------------------------------------


 NSTEP =     6000   TIME(PS) =      92.000  TEMP(K) =   300.49  PRESS =     0.0
 Etot   =    -78600.8622  EKtot   =     20411.1191  EPtot      =    -99011.9814
 BOND   =       695.0536  ANGLE   =      1896.1138  DIHED      =      2893.1905
 1-4 NB =       800.7477  1-4 EEL =     10739.0756  VDWAALS    =     11753.0837
 EELEC  =   -127810.3508  EHBOND  =         0.0000  RESTRAINT  =        21.1044
 EAMBER (non-restraint)  =    -99033.0858
 ------------------------------------------------------------------------------


 NSTEP =     6500   TIME(PS) =      93.000  TEMP(K) =   301.24  PRESS =     0.0
 Etot   =    -78586.2080  EKtot   =     20461.4746  EPtot      =    -99047.6826
 BOND   =       704.9085  ANGLE   =      1920.7061  DIHED      =      2882.8768
 1-4 NB =       795.7278  1-4 EEL =     10768.5681  VDWAALS    =     11400.3287
 EELEC  =   -127540.2623  EHBOND  =         0.0000  RESTRAINT  =        19.4636
 EAMBER (non-restraint)  =    -99067.1462
 ------------------------------------------------------------------------------


 NSTEP =     7000   TIME(PS) =      94.000  TEMP(K) =   299.85  PRESS =     0.0
 Etot   =    -78579.5170  EKtot   =     20367.5391  EPtot      =    -98947.0561
 BOND   =       690.1220  ANGLE   =      1858.3284  DIHED      =      2881.0193
 1-4 NB =       828.0556  1-4 EEL =     10829.8510  VDWAALS    =     11648.2681
 EELEC  =   -127702.3770  EHBOND  =         0.0000  RESTRAINT  =        19.6766
 EAMBER (non-restraint)  =    -98966.7327
 ------------------------------------------------------------------------------


 NSTEP =     7500   TIME(PS) =      95.000  TEMP(K) =   300.70  PRESS =     0.0
 Etot   =    -78578.0690  EKtot   =     20425.1562  EPtot      =    -99003.2252
 BOND   =       660.9003  ANGLE   =      1896.0451  DIHED      =      2878.5402
 1-4 NB =       816.2384  1-4 EEL =     10797.3833  VDWAALS    =     11704.6373
 EELEC  =   -127779.0002  EHBOND  =         0.0000  RESTRAINT  =        22.0303
 EAMBER (non-restraint)  =    -99025.2555
 ------------------------------------------------------------------------------


 NSTEP =     8000   TIME(PS) =      96.000  TEMP(K) =   297.99  PRESS =     0.0
 Etot   =    -78614.4150  EKtot   =     20240.9531  EPtot      =    -98855.3681
 BOND   =       703.5480  ANGLE   =      1919.9522  DIHED      =      2901.0090
 1-4 NB =       808.5255  1-4 EEL =     10820.6317  VDWAALS    =     11626.6855
 EELEC  =   -127654.8026  EHBOND  =         0.0000  RESTRAINT  =        19.0827
 EAMBER (non-restraint)  =    -98874.4509
 ------------------------------------------------------------------------------


 NSTEP =     8500   TIME(PS) =      97.000  TEMP(K) =   302.27  PRESS =     0.0
 Etot   =    -78641.6841  EKtot   =     20531.4473  EPtot      =    -99173.1313
 BOND   =       669.4371  ANGLE   =      1925.4244  DIHED      =      2895.3924
 1-4 NB =       827.8480  1-4 EEL =     10765.5187  VDWAALS    =     11707.8357
 EELEC  =   -127988.8645  EHBOND  =         0.0000  RESTRAINT  =        24.2769
 EAMBER (non-restraint)  =    -99197.4082
 ------------------------------------------------------------------------------


 NSTEP =     9000   TIME(PS) =      98.000  TEMP(K) =   299.97  PRESS =     0.0
 Etot   =    -78654.5232  EKtot   =     20375.2695  EPtot      =    -99029.7928
 BOND   =       693.5230  ANGLE   =      1896.6777  DIHED      =      2892.9968
 1-4 NB =       803.1969  1-4 EEL =     10734.1114  VDWAALS    =     11566.3380
 EELEC  =   -127646.0884  EHBOND  =         0.0000  RESTRAINT  =        29.4520
 EAMBER (non-restraint)  =    -99059.2448
 ------------------------------------------------------------------------------


 NSTEP =     9500   TIME(PS) =      99.000  TEMP(K) =   299.64  PRESS =     0.0
 Etot   =    -78647.5056  EKtot   =     20353.0293  EPtot      =    -99000.5349
 BOND   =       681.6468  ANGLE   =      1898.6029  DIHED      =      2879.6378
 1-4 NB =       816.1243  1-4 EEL =     10799.5043  VDWAALS    =     11520.4560
 EELEC  =   -127625.5669  EHBOND  =         0.0000  RESTRAINT  =        29.0599
 EAMBER (non-restraint)  =    -99029.5948
 ------------------------------------------------------------------------------


 NSTEP =    10000   TIME(PS) =     100.000  TEMP(K) =   300.53  PRESS =     0.0
 Etot   =    -78655.4075  EKtot   =     20413.5117  EPtot      =    -99068.9192
 BOND   =       680.4645  ANGLE   =      1931.5549  DIHED      =      2912.7208
 1-4 NB =       813.7208  1-4 EEL =     10785.1592  VDWAALS    =     11672.6412
 EELEC  =   -127889.0968  EHBOND  =         0.0000  RESTRAINT  =        23.9161
 EAMBER (non-restraint)  =    -99092.8354
 ------------------------------------------------------------------------------


      A V E R A G E S   O V E R      20 S T E P S


 NSTEP =    10000   TIME(PS) =     100.000  TEMP(K) =   299.92  PRESS =     0.0
 Etot   =    -78641.6373  EKtot   =     20372.1133  EPtot      =    -99013.7506
 BOND   =       688.3196  ANGLE   =      1900.6819  DIHED      =      2896.0675
 1-4 NB =       815.9766  1-4 EEL =     10782.1133  VDWAALS    =     11598.7035
 EELEC  =   -127717.0070  EHBOND  =         0.0000  RESTRAINT  =        21.3940
 EAMBER (non-restraint)  =    -99035.1446
 ------------------------------------------------------------------------------


      R M S  F L U C T U A T I O N S


 NSTEP =    10000   TIME(PS) =     100.000  TEMP(K) =     1.18  PRESS =     0.0
 Etot   =        35.8200  EKtot   =        80.2674  EPtot      =        83.5590
 BOND   =        20.7198  ANGLE   =        28.4869  DIHED      =        13.8926
 1-4 NB =        11.5137  1-4 EEL =        28.0434  VDWAALS    =       149.2152
 EELEC  =       189.1696  EHBOND  =         0.0000  RESTRAINT  =         3.3576
 EAMBER (non-restraint)  =        80.2015
 ------------------------------------------------------------------------------

--------------------------------------------------------------------------------
   5.  TIMINGS
--------------------------------------------------------------------------------

|  NonSetup CPU Time in Major Routines:
|
|     Routine           Sec        %
|     ------------------------------
|     Nonbond           0.81   17.23
|     Bond              0.00    0.00
|     Angle             0.00    0.00
|     Dihedral          0.00    0.00
|     Shake             0.05    1.08
|     RunMD             3.82   81.47
|     Other             0.01    0.23
|     ------------------------------
|     Total             4.69

|  PME Nonbond Pairlist CPU Time:
|
|     Routine              Sec        %
|     ---------------------------------
|     Set Up Cit           0.00    0.00
|     Build List           0.00    0.00
|     ---------------------------------
|     Total                0.00    0.00

|  PME Direct Force CPU Time:
|
|     Routine              Sec        %
|     ---------------------------------
|     NonBonded Calc       0.00    0.00
|     Exclude Masked       0.00    0.00
|     Other                0.01    0.14
|     ---------------------------------
|     Total                0.01    0.14

|  PME Reciprocal Force CPU Time:
|
|     Routine              Sec        %
|     ---------------------------------
|     1D bspline           0.00    0.00
|     Grid Charges         0.00    0.00
|     Scalar Sum           0.00    0.00
|     Gradient Sum         0.00    0.00
|     FFT                  0.00    0.00
|     ---------------------------------
|     Total                0.00    0.00

|  Final Performance Info:
|     -----------------------------------------------------
|     Average timings for last    9500 steps:
|     Elapsed(s) =       4.45 Per Step(ms) =       0.47
|         ns/day =     369.10   seconds/ns =     234.08
|
|     Average timings for all steps:
|     Elapsed(s) =       4.68 Per Step(ms) =       0.47
|         ns/day =     368.89   seconds/ns =     234.22
|     -----------------------------------------------------

|  Setup CPU time:            0.50 seconds
|  NonSetup CPU time:         4.69 seconds
|  Total CPU time:            5.19 seconds     0.00 hours

|  Setup wall time:           0    seconds
|  NonSetup wall time:        5    seconds
|  Total wall time:           5    seconds     0.00 hours
