
          -------------------------------------------------------
          Amber 24 PMEMD                              2024
          -------------------------------------------------------

| PMEMD implementation of SANDER, Release 24

|  Compiled date/time: Mon Feb  3 14:39:30 2025
| Run on 09/18/2025 at 20:24:54

|   Executable path: /home/jacosta19/software/amber24/bin/pmemd.cuda_SPFP
| Working directory: /home/jacosta19/Desktop/GFP_MD/MD-1w7s/1w7s
|          Hostname: Unknown
  [-O]verwriting output

File Assignments:
|   MDIN: eq5.in                                                                
|  MDOUT: GFP.1w7s.eq5.out                                                      
| INPCRD: GFP.1w7s.eq4.ncrst                                                    
|   PARM: GFP.1w7s.top                                                          
| RESTRT: GFP.1w7s.eq5.ncrst                                                    
|   REFC: GFP.1w7s.min.ncrst                                                    
|  MDVEL: mdvel                                                                 
|   MDEN: mden                                                                  
|  MDCRD: GFP.1w7s.eq5.nc                                                       
| MDINFO: mdinfo                                                                
|  MDFRC: mdfrc                                                                 


 Here is the input file:

eq5 temp = 300, k = 1 P=cte (ntb=2, ntp=1)                                     
&cntrl                                                                         
 nstlim = 5000, dt = 0.002,                                                    
 ntx = 7, irest = 1, iwrap = 1, cut = 9.0, ioutfm = 1,                         
 ntpr = 1000, ntwr = 1000, ntwx = 1000,                                        
 tempi = 300., temp0 = 300.,                                                   
 ntt = 1,                                                                      
 ntb = 2, ntp = 1,                                                             
 ntc = 2, ntf = 2,                                                             
 ntr = 1, restraint_wt = 0.1, restraintmask = ":1-228@CA"                      
&end                                                                           
&wt                                                                            
type="END",                                                                    
&end                                                                           
                                                                               


Note: ig = -1. Setting random seed to   288078 based on wallclock time in 
      microseconds.
| irandom = 1, using AMBER's internal random number generator (default).
| WARNING: ntx set to 7; the file type is now auto-detected; please update to ntx = 5.
 
|--------------------- INFORMATION ----------------------
| GPU (CUDA) Version of PMEMD in use: NVIDIA GPU IN USE.
|                    Version 18.0.0
| 
|                      03/25/2018
| 
| Implementation by:
|                    Ross C. Walker     (SDSC)
|                    Scott Le Grand     (nVIDIA)
| 
| Version 18 performance extensions by:
|                    David Cerutti     (Rutgers)
| 
| Precision model in use:
|      [SPFP] - Single Precision Forces, 64-bit Fixed Point
|               Accumulation. (Default)
| 
|--------------------------------------------------------
 
|----------------- CITATION INFORMATION -----------------
|
|    When publishing work that utilized the CUDA version
|    of AMBER, please cite the following in addition to
|    the regular AMBER citations:
|
|  - Romelia Salomon-Ferrer; Andreas W. Goetz; Duncan
|    Poole; Scott Le Grand; Ross C. Walker "Routine
|    microsecond molecular dynamics simulations with
|    AMBER - Part II: Particle Mesh Ewald", J. Chem.
|    Theory Comput., 2013, 9 (9), pp3878-3888,
|    DOI: 10.1021/ct400314y.
|
|  - Andreas W. Goetz; Mark J. Williamson; Dong Xu;
|    Duncan Poole; Scott Le Grand; Ross C. Walker
|    "Routine microsecond molecular dynamics simulations
|    with AMBER - Part I: Generalized Born", J. Chem.
|    Theory Comput., 2012, 8 (5), pp1542-1555.
|
|  - Scott Le Grand; Andreas W. Goetz; Ross C. Walker
|    "SPFP: Speed without compromise - a mixed precision
|    model for GPU accelerated molecular dynamics
|    simulations.", Comp. Phys. Comm., 2013, 184
|    pp374-380, DOI: 10.1016/j.cpc.2012.09.022
|
|--------------------------------------------------------
 
|------------------- GPU DEVICE INFO --------------------
|
|            CUDA_VISIBLE_DEVICES: not set
|   CUDA Capable Devices Detected:      1
|           CUDA Device ID in use:      0
|                CUDA Device Name: NVIDIA GeForce RTX 2080 Ti
|     CUDA Device Global Mem Size:  10825 MB
| CUDA Device Num Multiprocessors:     68
|           CUDA Device Core Freq:   1.54 GHz
|
|--------------------------------------------------------
 
 
| Conditional Compilation Defines Used:
| PUBFFT
| BINTRAJ
| CUDA
| EMIL

| Largest sphere to fit in unit cell has radius =    32.034

| New format PARM file being parsed.
| Version =    1.000 Date = 09/10/25 Time = 18:05:24

| Note: 1-4 EEL scale factors are being read from the topology file.

| Note: 1-4 VDW scale factors are being read from the topology file.
| Duplicated    0 dihedrals

| Duplicated    0 dihedrals

--------------------------------------------------------------------------------
   1.  RESOURCE   USE: 
--------------------------------------------------------------------------------

 getting box info from netcdf restart file
 NATOM  =   33263 NTYPES =      16 NBONH =   31426 MBONA  =    1876
 NTHETH =    4058 MTHETA =    2538 NPHIH =    8240 MPHIA  =    7974
 NHPARM =       0 NPARM  =       0 NNB   =   59483 NRES   =   10117
 NBONA  =    1876 NTHETA =    2538 NPHIA =    7974 NUMBND =      79
 NUMANG =     183 NPTRA  =     201 NATYP =      39 NPHB   =       0
 IFBOX  =       1 NMXRS  =      34 IFCAP =       0 NEXTRA =       0
 NCOPY  =       0

| Coordinate Index Table dimensions:    15   16   12
| Direct force subcell size =     5.0939    5.2199    5.3389

     BOX TYPE: RECTILINEAR

--------------------------------------------------------------------------------
   2.  CONTROL  DATA  FOR  THE  RUN
--------------------------------------------------------------------------------

default_name                                                                    

General flags:
     imin    =       0, nmropt  =       0

Nature and format of input:
     ntx     =       7, irest   =       1, ntrx    =       1

Nature and format of output:
     ntxo    =       2, ntpr    =    1000, ntrx    =       1, ntwr    =    1000
     iwrap   =       1, ntwx    =    1000, ntwv    =       0, ntwe    =       0
     ioutfm  =       1, ntwprt  =       0, idecomp =       0, rbornstat=      0

Potential function:
     ntf     =       2, ntb     =       2, igb     =       0, nsnb    =      25
     ipol    =       0, gbsa    =       0, iesp    =       0
     dielc   =   1.00000, cut     =   9.00000, intdiel =   1.00000

Frozen or restrained atoms:
     ibelly  =       0, ntr     =       1
     restraint_wt =   0.10000

Molecular dynamics:
     nstlim  =      5000, nscm    =         0, nrespa  =         1
     t       =   0.00000, dt      =   0.00200, vlimit  =  -1.00000

Berendsen (weak-coupling) temperature regulation:
     temp0   = 300.00000, tempi   = 300.00000, tautp   =   1.00000

Pressure regulation:
     ntp     =       1
     pres0   =   1.00000, comp    =  44.60000, taup    =   1.00000

SHAKE:
     ntc     =       2, jfastw  =       0
     tol     =   0.00001

| Intermolecular bonds treatment:
|     no_intermolecular_bonds =       1

| Energy averages sample interval:
|     ene_avg_sampling =    1000

Ewald parameters:
     verbose =       0, ew_type =       0, nbflag  =       1, use_pme =       1
     vdwmeth =       1, eedmeth =       1, netfrc  =       1
     Box X =   76.409   Box Y =   83.518   Box Z =   64.067
     Alpha =   90.000   Beta  =   90.000   Gamma =   90.000
     NFFT1 =   80       NFFT2 =   84       NFFT3 =   64
     Cutoff=    9.000   Tol   =0.100E-04
     Ewald Coefficient =  0.30768
     Interpolation order =    4

    LOADING THE CONSTRAINED ATOMS AS GROUPS


   5.  REFERENCE ATOM COORDINATES

  default_name                                                                    
     Mask :1-228@CA; matches   227 atoms

--------------------------------------------------------------------------------
   3.  ATOMIC COORDINATES AND VELOCITIES
--------------------------------------------------------------------------------

default_name                                                                    
 begin time read from input coords =   100.000 ps

 
 Number of triangulated 3-point waters found:     9883

     Sum of charges from parm topology file =  -0.00000010
     Forcing neutrality...

| Dynamic Memory, Types Used:
| Reals             1549557
| Integers          1419149

| Nonbonded Pairs Initial Allocation:     7583964

| GPU memory information (estimate):
| KB of GPU memory in use:    117626
| KB of CPU memory in use:     61178

--------------------------------------------------------------------------------
   4.  RESULTS
--------------------------------------------------------------------------------


 NSTEP =     1000   TIME(PS) =     102.000  TEMP(K) =   299.16  PRESS =  -194.9
 Etot   =    -78962.9743  EKtot   =     20320.3770  EPtot      =    -99283.3512
 BOND   =       680.9646  ANGLE   =      1902.3059  DIHED      =      2950.4514
 1-4 NB =       818.1448  1-4 EEL =     10765.6049  VDWAALS    =     11850.4622
 EELEC  =   -128264.1188  EHBOND  =         0.0000  RESTRAINT  =        12.8339
 EAMBER (non-restraint)  =    -99296.1851
 EKCMT  =      8876.9052  VIRIAL  =     10564.7907  VOLUME     =    401175.3722
                                                    Density    =         0.8449
 ------------------------------------------------------------------------------


 NSTEP =     2000   TIME(PS) =     104.000  TEMP(K) =   300.93  PRESS =  -378.4
 Etot   =    -79204.8752  EKtot   =     20440.4395  EPtot      =    -99645.3146
 BOND   =       672.4714  ANGLE   =      1852.9019  DIHED      =      2871.0045
 1-4 NB =       811.9219  1-4 EEL =     10774.0554  VDWAALS    =     11686.5948
 EELEC  =   -128326.8294  EHBOND  =         0.0000  RESTRAINT  =        12.5649
 EAMBER (non-restraint)  =    -99657.8795
 EKCMT  =      8898.3410  VIRIAL  =     12095.0309  VOLUME     =    391224.6934
                                                    Density    =         0.8664
 ------------------------------------------------------------------------------


 NSTEP =     3000   TIME(PS) =     106.000  TEMP(K) =   299.59  PRESS =  -265.5
 Etot   =    -79314.8491  EKtot   =     20349.9062  EPtot      =    -99664.7554
 BOND   =       672.8733  ANGLE   =      1824.3456  DIHED      =      2937.3643
 1-4 NB =       810.0752  1-4 EEL =     10804.2664  VDWAALS    =     11529.9921
 EELEC  =   -128256.9206  EHBOND  =         0.0000  RESTRAINT  =        13.2483
 EAMBER (non-restraint)  =    -99678.0037
 EKCMT  =      8901.0102  VIRIAL  =     11091.8141  VOLUME     =    382116.2579
                                                    Density    =         0.8870
 ------------------------------------------------------------------------------


 NSTEP =     4000   TIME(PS) =     108.000  TEMP(K) =   299.47  PRESS =  -279.3
 Etot   =    -79400.6510  EKtot   =     20341.8027  EPtot      =    -99742.4537
 BOND   =       689.6582  ANGLE   =      1878.6136  DIHED      =      2879.3723
 1-4 NB =       800.3835  1-4 EEL =     10796.0950  VDWAALS    =     11698.4033
 EELEC  =   -128494.7796  EHBOND  =         0.0000  RESTRAINT  =         9.8000
 EAMBER (non-restraint)  =    -99752.2537
 EKCMT  =      8866.2253  VIRIAL  =     11108.6622  VOLUME     =    371841.9008
                                                    Density    =         0.9115
 ------------------------------------------------------------------------------


 NSTEP =     5000   TIME(PS) =     110.000  TEMP(K) =   299.39  PRESS =  -368.4
 Etot   =    -79511.9470  EKtot   =     20335.8418  EPtot      =    -99847.7888
 BOND   =       645.1870  ANGLE   =      1882.7345  DIHED      =      2896.0940
 1-4 NB =       820.1607  1-4 EEL =     10774.6356  VDWAALS    =     11506.8895
 EELEC  =   -128382.8891  EHBOND  =         0.0000  RESTRAINT  =         9.3990
 EAMBER (non-restraint)  =    -99857.1878
 EKCMT  =      8832.4184  VIRIAL  =     11719.7992  VOLUME     =    363036.8945
                                                    Density    =         0.9336
 ------------------------------------------------------------------------------


      A V E R A G E S   O V E R       5 S T E P S


 NSTEP =     5000   TIME(PS) =     110.000  TEMP(K) =   299.71  PRESS =  -297.3
 Etot   =    -79279.0593  EKtot   =     20357.6734  EPtot      =    -99636.7328
 BOND   =       672.2309  ANGLE   =      1868.1803  DIHED      =      2906.8573
 1-4 NB =       812.1372  1-4 EEL =     10782.9314  VDWAALS    =     11654.4684
 EELEC  =   -128345.1075  EHBOND  =         0.0000  RESTRAINT  =        11.5692
 EAMBER (non-restraint)  =    -99648.3020
 EKCMT  =      8874.9800  VIRIAL  =     11316.0194  VOLUME     =    381879.0238
                                                    Density    =         0.8887
 ------------------------------------------------------------------------------


      R M S  F L U C T U A T I O N S


 NSTEP =     5000   TIME(PS) =     110.000  TEMP(K) =     0.63  PRESS =    68.5
 Etot   =       187.4648  EKtot   =        42.4972  EPtot      =       190.5041
 BOND   =        14.9120  ANGLE   =        26.9820  DIHED      =        31.5842
 1-4 NB =         6.9702  1-4 EEL =        14.6716  VDWAALS    =       125.4192
 EELEC  =        87.7489  EHBOND  =         0.0000  RESTRAINT  =         1.6279
 EAMBER (non-restraint)  =       188.8762
 EKCMT  =        24.9606  VIRIAL  =       534.3232  VOLUME     =     13531.5672
                                                    Density    =         0.0315
 ------------------------------------------------------------------------------

--------------------------------------------------------------------------------
   5.  TIMINGS
--------------------------------------------------------------------------------

|  NonSetup CPU Time in Major Routines:
|
|     Routine           Sec        %
|     ------------------------------
|     Nonbond           2.71   81.21
|     Bond              0.00    0.00
|     Angle             0.00    0.00
|     Dihedral          0.00    0.00
|     Shake             0.03    0.77
|     RunMD             0.59   17.85
|     Other             0.01    0.17
|     ------------------------------
|     Total             3.33

|  PME Nonbond Pairlist CPU Time:
|
|     Routine              Sec        %
|     ---------------------------------
|     Set Up Cit           0.00    0.00
|     Build List           0.00    0.00
|     ---------------------------------
|     Total                0.00    0.00

|  PME Direct Force CPU Time:
|
|     Routine              Sec        %
|     ---------------------------------
|     NonBonded Calc       0.00    0.00
|     Exclude Masked       0.00    0.00
|     Other                0.00    0.10
|     ---------------------------------
|     Total                0.00    0.10

|  PME Reciprocal Force CPU Time:
|
|     Routine              Sec        %
|     ---------------------------------
|     1D bspline           0.00    0.00
|     Grid Charges         0.00    0.00
|     Scalar Sum           0.00    0.00
|     Gradient Sum         0.00    0.00
|     FFT                  0.00    0.00
|     ---------------------------------
|     Total                0.00    0.00

|  Final Performance Info:
|     -----------------------------------------------------
|     Average timings for last    4000 steps:
|     Elapsed(s) =       2.67 Per Step(ms) =       0.67
|         ns/day =     258.85   seconds/ns =     333.79
|
|     Average timings for all steps:
|     Elapsed(s) =       3.33 Per Step(ms) =       0.67
|         ns/day =     259.50   seconds/ns =     332.94
|     -----------------------------------------------------

|  Setup CPU time:            0.50 seconds
|  NonSetup CPU time:         3.33 seconds
|  Total CPU time:            3.83 seconds     0.00 hours

|  Setup wall time:           1    seconds
|  NonSetup wall time:        3    seconds
|  Total wall time:           4    seconds     0.00 hours
