
          -------------------------------------------------------
          Amber 24 PMEMD                              2024
          -------------------------------------------------------

| PMEMD implementation of SANDER, Release 24

|  Compiled date/time: Mon Feb  3 14:39:30 2025
| Run on 09/18/2025 at 20:24:38

|   Executable path: /home/jacosta19/software/amber24/bin/pmemd.cuda_SPFP
| Working directory: /home/jacosta19/Desktop/GFP_MD/MD-1w7s/1w7s
|          Hostname: Unknown
  [-O]verwriting output

File Assignments:
|   MDIN: eq2.in                                                                
|  MDOUT: GFP.1w7s.eq2.out                                                      
| INPCRD: GFP.1w7s.eq1.ncrst                                                    
|   PARM: GFP.1w7s.top                                                          
| RESTRT: GFP.1w7s.eq2.ncrst                                                    
|   REFC: GFP.1w7s.min.ncrst                                                    
|  MDVEL: mdvel                                                                 
|   MDEN: mden                                                                  
|  MDCRD: GFP.1w7s.eq2.nc                                                       
| MDINFO: mdinfo                                                                
|  MDFRC: mdfrc                                                                 


 Here is the input file:

eq2 temp = 300, k = 7.5 V=cte (ntb=1)                                          
&cntrl                                                                         
 nstlim = 10000, dt = 0.002,                                                   
 ntx = 7, irest = 1, iwrap=0, cut = 9.0, ioutfm = 1,                           
 ntpr = 500, ntwr = 500, ntwx = 500,                                           
 tempi = 300., temp0 = 300.,                                                   
 ntt = 1,                                                                      
 ntb = 1,                                                                      
 ntc = 2, ntf = 2,                                                             
 ntr = 1,                                                                      
 restraint_wt = 1.5, restraintmask = ":1-228@CA"                               
&end                                                                           
                                                                               


Note: ig = -1. Setting random seed to   250463 based on wallclock time in 
      microseconds.
| irandom = 1, using AMBER's internal random number generator (default).
| WARNING: ntx set to 7; the file type is now auto-detected; please update to ntx = 5.
 
|--------------------- INFORMATION ----------------------
| GPU (CUDA) Version of PMEMD in use: NVIDIA GPU IN USE.
|                    Version 18.0.0
| 
|                      03/25/2018
| 
| Implementation by:
|                    Ross C. Walker     (SDSC)
|                    Scott Le Grand     (nVIDIA)
| 
| Version 18 performance extensions by:
|                    David Cerutti     (Rutgers)
| 
| Precision model in use:
|      [SPFP] - Single Precision Forces, 64-bit Fixed Point
|               Accumulation. (Default)
| 
|--------------------------------------------------------
 
|----------------- CITATION INFORMATION -----------------
|
|    When publishing work that utilized the CUDA version
|    of AMBER, please cite the following in addition to
|    the regular AMBER citations:
|
|  - Romelia Salomon-Ferrer; Andreas W. Goetz; Duncan
|    Poole; Scott Le Grand; Ross C. Walker "Routine
|    microsecond molecular dynamics simulations with
|    AMBER - Part II: Particle Mesh Ewald", J. Chem.
|    Theory Comput., 2013, 9 (9), pp3878-3888,
|    DOI: 10.1021/ct400314y.
|
|  - Andreas W. Goetz; Mark J. Williamson; Dong Xu;
|    Duncan Poole; Scott Le Grand; Ross C. Walker
|    "Routine microsecond molecular dynamics simulations
|    with AMBER - Part I: Generalized Born", J. Chem.
|    Theory Comput., 2012, 8 (5), pp1542-1555.
|
|  - Scott Le Grand; Andreas W. Goetz; Ross C. Walker
|    "SPFP: Speed without compromise - a mixed precision
|    model for GPU accelerated molecular dynamics
|    simulations.", Comp. Phys. Comm., 2013, 184
|    pp374-380, DOI: 10.1016/j.cpc.2012.09.022
|
|--------------------------------------------------------
 
|------------------- GPU DEVICE INFO --------------------
|
|            CUDA_VISIBLE_DEVICES: not set
|   CUDA Capable Devices Detected:      1
|           CUDA Device ID in use:      0
|                CUDA Device Name: NVIDIA GeForce RTX 2080 Ti
|     CUDA Device Global Mem Size:  10825 MB
| CUDA Device Num Multiprocessors:     68
|           CUDA Device Core Freq:   1.54 GHz
|
|--------------------------------------------------------
 
 
| Conditional Compilation Defines Used:
| PUBFFT
| BINTRAJ
| CUDA
| EMIL

| Largest sphere to fit in unit cell has radius =    32.034

| New format PARM file being parsed.
| Version =    1.000 Date = 09/10/25 Time = 18:05:24

| Note: 1-4 EEL scale factors are being read from the topology file.

| Note: 1-4 VDW scale factors are being read from the topology file.
| Duplicated    0 dihedrals

| Duplicated    0 dihedrals

--------------------------------------------------------------------------------
   1.  RESOURCE   USE: 
--------------------------------------------------------------------------------

 getting box info from netcdf restart file
 NATOM  =   33263 NTYPES =      16 NBONH =   31426 MBONA  =    1876
 NTHETH =    4058 MTHETA =    2538 NPHIH =    8240 MPHIA  =    7974
 NHPARM =       0 NPARM  =       0 NNB   =   59483 NRES   =   10117
 NBONA  =    1876 NTHETA =    2538 NPHIA =    7974 NUMBND =      79
 NUMANG =     183 NPTRA  =     201 NATYP =      39 NPHB   =       0
 IFBOX  =       1 NMXRS  =      34 IFCAP =       0 NEXTRA =       0
 NCOPY  =       0

| Coordinate Index Table dimensions:    15   16   12
| Direct force subcell size =     5.0939    5.2199    5.3389

     BOX TYPE: RECTILINEAR

--------------------------------------------------------------------------------
   2.  CONTROL  DATA  FOR  THE  RUN
--------------------------------------------------------------------------------

default_name                                                                    

General flags:
     imin    =       0, nmropt  =       0

Nature and format of input:
     ntx     =       7, irest   =       1, ntrx    =       1

Nature and format of output:
     ntxo    =       2, ntpr    =     500, ntrx    =       1, ntwr    =     500
     iwrap   =       0, ntwx    =     500, ntwv    =       0, ntwe    =       0
     ioutfm  =       1, ntwprt  =       0, idecomp =       0, rbornstat=      0

Potential function:
     ntf     =       2, ntb     =       1, igb     =       0, nsnb    =      25
     ipol    =       0, gbsa    =       0, iesp    =       0
     dielc   =   1.00000, cut     =   9.00000, intdiel =   1.00000

Frozen or restrained atoms:
     ibelly  =       0, ntr     =       1
     restraint_wt =   1.50000

Molecular dynamics:
     nstlim  =     10000, nscm    =         0, nrespa  =         1
     t       =   0.00000, dt      =   0.00200, vlimit  =  -1.00000

Berendsen (weak-coupling) temperature regulation:
     temp0   = 300.00000, tempi   = 300.00000, tautp   =   1.00000

SHAKE:
     ntc     =       2, jfastw  =       0
     tol     =   0.00001

| Intermolecular bonds treatment:
|     no_intermolecular_bonds =       1

| Energy averages sample interval:
|     ene_avg_sampling =     500

Ewald parameters:
     verbose =       0, ew_type =       0, nbflag  =       1, use_pme =       1
     vdwmeth =       1, eedmeth =       1, netfrc  =       1
     Box X =   76.409   Box Y =   83.518   Box Z =   64.067
     Alpha =   90.000   Beta  =   90.000   Gamma =   90.000
     NFFT1 =   80       NFFT2 =   84       NFFT3 =   64
     Cutoff=    9.000   Tol   =0.100E-04
     Ewald Coefficient =  0.30768
     Interpolation order =    4

    LOADING THE CONSTRAINED ATOMS AS GROUPS


   5.  REFERENCE ATOM COORDINATES

  default_name                                                                    
     Mask :1-228@CA; matches   227 atoms

--------------------------------------------------------------------------------
   3.  ATOMIC COORDINATES AND VELOCITIES
--------------------------------------------------------------------------------

default_name                                                                    
 begin time read from input coords =    40.000 ps

 
 Number of triangulated 3-point waters found:     9883

     Sum of charges from parm topology file =  -0.00000010
     Forcing neutrality...

| Dynamic Memory, Types Used:
| Reals             1101840
| Integers          1336436

| Nonbonded Pairs Initial Allocation:     7583964

| GPU memory information (estimate):
| KB of GPU memory in use:    115773
| KB of CPU memory in use:     59325

--------------------------------------------------------------------------------
   4.  RESULTS
--------------------------------------------------------------------------------


 NSTEP =      500   TIME(PS) =      41.000  TEMP(K) =   301.72  PRESS =     0.0
 Etot   =    -78617.9961  EKtot   =     20494.3848  EPtot      =    -99112.3809
 BOND   =       641.7762  ANGLE   =      1894.1744  DIHED      =      2921.6699
 1-4 NB =       829.6693  1-4 EEL =     10840.2865  VDWAALS    =     11561.1423
 EELEC  =   -127848.6127  EHBOND  =         0.0000  RESTRAINT  =        47.5133
 EAMBER (non-restraint)  =    -99159.8941
 ------------------------------------------------------------------------------


 NSTEP =     1000   TIME(PS) =      42.000  TEMP(K) =   298.62  PRESS =     0.0
 Etot   =    -78606.5893  EKtot   =     20284.0449  EPtot      =    -98890.6342
 BOND   =       664.0085  ANGLE   =      1897.2205  DIHED      =      2914.6892
 1-4 NB =       832.6151  1-4 EEL =     10761.4539  VDWAALS    =     11545.0835
 EELEC  =   -127551.6220  EHBOND  =         0.0000  RESTRAINT  =        45.9172
 EAMBER (non-restraint)  =    -98936.5514
 ------------------------------------------------------------------------------


 NSTEP =     1500   TIME(PS) =      43.000  TEMP(K) =   301.52  PRESS =     0.0
 Etot   =    -78615.0656  EKtot   =     20481.0703  EPtot      =    -99096.1359
 BOND   =       672.4164  ANGLE   =      1871.7198  DIHED      =      2906.8166
 1-4 NB =       827.7980  1-4 EEL =     10778.7717  VDWAALS    =     11519.0199
 EELEC  =   -127718.8292  EHBOND  =         0.0000  RESTRAINT  =        46.1509
 EAMBER (non-restraint)  =    -99142.2868
 ------------------------------------------------------------------------------


 NSTEP =     2000   TIME(PS) =      44.000  TEMP(K) =   300.86  PRESS =     0.0
 Etot   =    -78651.5579  EKtot   =     20436.2207  EPtot      =    -99087.7786
 BOND   =       628.2036  ANGLE   =      1909.6058  DIHED      =      2921.3347
 1-4 NB =       836.7743  1-4 EEL =     10805.0055  VDWAALS    =     11462.5290
 EELEC  =   -127702.2975  EHBOND  =         0.0000  RESTRAINT  =        51.0661
 EAMBER (non-restraint)  =    -99138.8447
 ------------------------------------------------------------------------------


 NSTEP =     2500   TIME(PS) =      45.000  TEMP(K) =   299.57  PRESS =     0.0
 Etot   =    -78640.1100  EKtot   =     20348.5215  EPtot      =    -98988.6315
 BOND   =       694.1346  ANGLE   =      1849.1863  DIHED      =      2908.6495
 1-4 NB =       816.2490  1-4 EEL =     10809.4995  VDWAALS    =     11606.2435
 EELEC  =   -127719.4736  EHBOND  =         0.0000  RESTRAINT  =        46.8798
 EAMBER (non-restraint)  =    -99035.5113
 ------------------------------------------------------------------------------


 NSTEP =     3000   TIME(PS) =      46.000  TEMP(K) =   300.59  PRESS =     0.0
 Etot   =    -78640.6694  EKtot   =     20417.5547  EPtot      =    -99058.2241
 BOND   =       689.4447  ANGLE   =      1886.4718  DIHED      =      2913.0859
 1-4 NB =       809.4320  1-4 EEL =     10759.6133  VDWAALS    =     11641.4138
 EELEC  =   -127808.6959  EHBOND  =         0.0000  RESTRAINT  =        51.0104
 EAMBER (non-restraint)  =    -99109.2345
 ------------------------------------------------------------------------------


 NSTEP =     3500   TIME(PS) =      47.000  TEMP(K) =   299.43  PRESS =     0.0
 Etot   =    -78675.1096  EKtot   =     20338.5137  EPtot      =    -99013.6233
 BOND   =       688.8420  ANGLE   =      1917.7104  DIHED      =      2890.3503
 1-4 NB =       816.7346  1-4 EEL =     10827.1134  VDWAALS    =     11748.0576
 EELEC  =   -127954.8141  EHBOND  =         0.0000  RESTRAINT  =        52.3825
 EAMBER (non-restraint)  =    -99066.0058
 ------------------------------------------------------------------------------


 NSTEP =     4000   TIME(PS) =      48.000  TEMP(K) =   296.91  PRESS =     0.0
 Etot   =    -78639.1208  EKtot   =     20167.5215  EPtot      =    -98806.6423
 BOND   =       703.7355  ANGLE   =      1942.4254  DIHED      =      2907.0982
 1-4 NB =       830.8631  1-4 EEL =     10765.7683  VDWAALS    =     11493.2882
 EELEC  =   -127504.6660  EHBOND  =         0.0000  RESTRAINT  =        54.8450
 EAMBER (non-restraint)  =    -98861.4873
 ------------------------------------------------------------------------------


 NSTEP =     4500   TIME(PS) =      49.000  TEMP(K) =   299.23  PRESS =     0.0
 Etot   =    -78622.8266  EKtot   =     20325.5430  EPtot      =    -98948.3695
 BOND   =       642.0094  ANGLE   =      1903.2367  DIHED      =      2890.5826
 1-4 NB =       823.7988  1-4 EEL =     10799.5390  VDWAALS    =     11522.5758
 EELEC  =   -127586.7609  EHBOND  =         0.0000  RESTRAINT  =        56.6490
 EAMBER (non-restraint)  =    -99005.0186
 ------------------------------------------------------------------------------


 NSTEP =     5000   TIME(PS) =      50.000  TEMP(K) =   301.51  PRESS =     0.0
 Etot   =    -78617.2654  EKtot   =     20480.0195  EPtot      =    -99097.2850
 BOND   =       654.8416  ANGLE   =      1918.1237  DIHED      =      2897.8578
 1-4 NB =       809.2151  1-4 EEL =     10844.9410  VDWAALS    =     11765.8714
 EELEC  =   -128037.4952  EHBOND  =         0.0000  RESTRAINT  =        49.3598
 EAMBER (non-restraint)  =    -99146.6447
 ------------------------------------------------------------------------------


 NSTEP =     5500   TIME(PS) =      51.000  TEMP(K) =   300.40  PRESS =     0.0
 Etot   =    -78577.1464  EKtot   =     20404.8770  EPtot      =    -98982.0233
 BOND   =       663.6563  ANGLE   =      1873.7495  DIHED      =      2943.5496
 1-4 NB =       823.8164  1-4 EEL =     10750.3554  VDWAALS    =     11447.1252
 EELEC  =   -127532.5168  EHBOND  =         0.0000  RESTRAINT  =        48.2411
 EAMBER (non-restraint)  =    -99030.2644
 ------------------------------------------------------------------------------


 NSTEP =     6000   TIME(PS) =      52.000  TEMP(K) =   300.32  PRESS =     0.0
 Etot   =    -78605.9992  EKtot   =     20399.2676  EPtot      =    -99005.2668
 BOND   =       654.0965  ANGLE   =      1873.4237  DIHED      =      2951.3278
 1-4 NB =       813.6947  1-4 EEL =     10859.8957  VDWAALS    =     11731.3906
 EELEC  =   -127939.3313  EHBOND  =         0.0000  RESTRAINT  =        50.2354
 EAMBER (non-restraint)  =    -99055.5022
 ------------------------------------------------------------------------------


 NSTEP =     6500   TIME(PS) =      53.000  TEMP(K) =   298.72  PRESS =     0.0
 Etot   =    -78575.6153  EKtot   =     20290.4082  EPtot      =    -98866.0235
 BOND   =       664.4686  ANGLE   =      1979.4279  DIHED      =      2933.2695
 1-4 NB =       821.9315  1-4 EEL =     10830.1979  VDWAALS    =     11427.8872
 EELEC  =   -127570.5115  EHBOND  =         0.0000  RESTRAINT  =        47.3054
 EAMBER (non-restraint)  =    -98913.3289
 ------------------------------------------------------------------------------


 NSTEP =     7000   TIME(PS) =      54.000  TEMP(K) =   301.78  PRESS =     0.0
 Etot   =    -78600.0161  EKtot   =     20498.5156  EPtot      =    -99098.5317
 BOND   =       660.7081  ANGLE   =      1940.7325  DIHED      =      2879.6911
 1-4 NB =       809.9034  1-4 EEL =     10805.0290  VDWAALS    =     11736.5068
 EELEC  =   -127982.8322  EHBOND  =         0.0000  RESTRAINT  =        51.7297
 EAMBER (non-restraint)  =    -99150.2614
 ------------------------------------------------------------------------------


 NSTEP =     7500   TIME(PS) =      55.000  TEMP(K) =   301.49  PRESS =     0.0
 Etot   =    -78631.4426  EKtot   =     20478.9863  EPtot      =    -99110.4289
 BOND   =       697.8578  ANGLE   =      1860.3799  DIHED      =      2932.3525
 1-4 NB =       798.4075  1-4 EEL =     10820.4717  VDWAALS    =     11602.9359
 EELEC  =   -127872.0839  EHBOND  =         0.0000  RESTRAINT  =        49.2498
 EAMBER (non-restraint)  =    -99159.6787
 ------------------------------------------------------------------------------


 NSTEP =     8000   TIME(PS) =      56.000  TEMP(K) =   299.75  PRESS =     0.0
 Etot   =    -78714.9017  EKtot   =     20360.7773  EPtot      =    -99075.6790
 BOND   =       627.1312  ANGLE   =      1865.0748  DIHED      =      2926.2998
 1-4 NB =       812.3325  1-4 EEL =     10837.1135  VDWAALS    =     11534.2405
 EELEC  =   -127726.5654  EHBOND  =         0.0000  RESTRAINT  =        48.6941
 EAMBER (non-restraint)  =    -99124.3731
 ------------------------------------------------------------------------------


 NSTEP =     8500   TIME(PS) =      57.000  TEMP(K) =   302.70  PRESS =     0.0
 Etot   =    -78693.6481  EKtot   =     20561.0605  EPtot      =    -99254.7087
 BOND   =       673.7839  ANGLE   =      1925.5054  DIHED      =      2932.9842
 1-4 NB =       818.7142  1-4 EEL =     10810.2427  VDWAALS    =     11692.4229
 EELEC  =   -128162.6989  EHBOND  =         0.0000  RESTRAINT  =        54.3370
 EAMBER (non-restraint)  =    -99309.0456
 ------------------------------------------------------------------------------


 NSTEP =     9000   TIME(PS) =      58.000  TEMP(K) =   297.42  PRESS =     0.0
 Etot   =    -78751.7042  EKtot   =     20202.6309  EPtot      =    -98954.3351
 BOND   =       650.2662  ANGLE   =      1955.0121  DIHED      =      2879.1222
 1-4 NB =       826.7240  1-4 EEL =     10816.1319  VDWAALS    =     12044.3032
 EELEC  =   -128177.0205  EHBOND  =         0.0000  RESTRAINT  =        51.1258
 EAMBER (non-restraint)  =    -99005.4609
 ------------------------------------------------------------------------------


 NSTEP =     9500   TIME(PS) =      59.000  TEMP(K) =   300.03  PRESS =     0.0
 Etot   =    -78734.8804  EKtot   =     20379.6367  EPtot      =    -99114.5171
 BOND   =       673.5543  ANGLE   =      1867.5853  DIHED      =      2902.1922
 1-4 NB =       828.0880  1-4 EEL =     10782.2880  VDWAALS    =     11598.3527
 EELEC  =   -127818.8256  EHBOND  =         0.0000  RESTRAINT  =        52.2481
 EAMBER (non-restraint)  =    -99166.7652
 ------------------------------------------------------------------------------


 NSTEP =    10000   TIME(PS) =      60.000  TEMP(K) =   297.94  PRESS =     0.0
 Etot   =    -78699.8977  EKtot   =     20237.5586  EPtot      =    -98937.4563
 BOND   =       685.8938  ANGLE   =      1897.2945  DIHED      =      2902.4413
 1-4 NB =       808.9268  1-4 EEL =     10814.6408  VDWAALS    =     11670.3457
 EELEC  =   -127766.8546  EHBOND  =         0.0000  RESTRAINT  =        49.8554
 EAMBER (non-restraint)  =    -98987.3116
 ------------------------------------------------------------------------------


      A V E R A G E S   O V E R      20 S T E P S


 NSTEP =    10000   TIME(PS) =      60.000  TEMP(K) =   300.03  PRESS =     0.0
 Etot   =    -78645.5781  EKtot   =     20379.3557  EPtot      =    -99024.9338
 BOND   =       666.5415  ANGLE   =      1901.4030  DIHED      =      2912.7682
 1-4 NB =       819.7844  1-4 EEL =     10805.9179  VDWAALS    =     11617.5368
 EELEC  =   -127799.1254  EHBOND  =         0.0000  RESTRAINT  =        50.2398
 EAMBER (non-restraint)  =    -99075.1736
 ------------------------------------------------------------------------------


      R M S  F L U C T U A T I O N S


 NSTEP =    10000   TIME(PS) =      60.000  TEMP(K) =     1.53  PRESS =     0.0
 Etot   =        49.1220  EKtot   =       103.8414  EPtot      =       103.0156
 BOND   =        21.8012  ANGLE   =        33.9114  DIHED      =        19.6630
 1-4 NB =         9.7442  1-4 EEL =        30.1755  VDWAALS    =       140.8056
 EELEC  =       195.2676  EHBOND  =         0.0000  RESTRAINT  =         2.8549
 EAMBER (non-restraint)  =       100.1608
 ------------------------------------------------------------------------------

--------------------------------------------------------------------------------
   5.  TIMINGS
--------------------------------------------------------------------------------

|  NonSetup CPU Time in Major Routines:
|
|     Routine           Sec        %
|     ------------------------------
|     Nonbond           0.80   17.20
|     Bond              0.00    0.00
|     Angle             0.00    0.00
|     Dihedral          0.00    0.00
|     Shake             0.05    1.07
|     RunMD             3.79   81.48
|     Other             0.01    0.24
|     ------------------------------
|     Total             4.66

|  PME Nonbond Pairlist CPU Time:
|
|     Routine              Sec        %
|     ---------------------------------
|     Set Up Cit           0.00    0.00
|     Build List           0.00    0.00
|     ---------------------------------
|     Total                0.00    0.00

|  PME Direct Force CPU Time:
|
|     Routine              Sec        %
|     ---------------------------------
|     NonBonded Calc       0.00    0.00
|     Exclude Masked       0.00    0.00
|     Other                0.01    0.15
|     ---------------------------------
|     Total                0.01    0.15

|  PME Reciprocal Force CPU Time:
|
|     Routine              Sec        %
|     ---------------------------------
|     1D bspline           0.00    0.00
|     Grid Charges         0.00    0.00
|     Scalar Sum           0.00    0.00
|     Gradient Sum         0.00    0.00
|     FFT                  0.00    0.00
|     ---------------------------------
|     Total                0.00    0.00

|  Final Performance Info:
|     -----------------------------------------------------
|     Average timings for last    9500 steps:
|     Elapsed(s) =       4.42 Per Step(ms) =       0.47
|         ns/day =     371.33   seconds/ns =     232.68
|
|     Average timings for all steps:
|     Elapsed(s) =       4.65 Per Step(ms) =       0.47
|         ns/day =     371.22   seconds/ns =     232.75
|     -----------------------------------------------------

|  Setup CPU time:            0.52 seconds
|  NonSetup CPU time:         4.66 seconds
|  Total CPU time:            5.17 seconds     0.00 hours

|  Setup wall time:           1    seconds
|  NonSetup wall time:        4    seconds
|  Total wall time:           5    seconds     0.00 hours
