
          -------------------------------------------------------
          Amber 24 PMEMD                              2024
          -------------------------------------------------------

| PMEMD implementation of SANDER, Release 24

|  Compiled date/time: Mon Feb  3 14:39:30 2025
| Run on 09/18/2025 at 20:24:43

|   Executable path: /home/jacosta19/software/amber24/bin/pmemd.cuda_SPFP
| Working directory: /home/jacosta19/Desktop/GFP_MD/MD-1w7s/1w7s
|          Hostname: Unknown
  [-O]verwriting output

File Assignments:
|   MDIN: eq3.in                                                                
|  MDOUT: GFP.1w7s.eq3.out                                                      
| INPCRD: GFP.1w7s.eq2.ncrst                                                    
|   PARM: GFP.1w7s.top                                                          
| RESTRT: GFP.1w7s.eq3.ncrst                                                    
|   REFC: GFP.1w7s.min.ncrst                                                    
|  MDVEL: mdvel                                                                 
|   MDEN: mden                                                                  
|  MDCRD: GFP.1w7s.eq3.nc                                                       
| MDINFO: mdinfo                                                                
|  MDFRC: mdfrc                                                                 


 Here is the input file:

eq3 temp = 300, k = 5 V=cte (ntb=1)                                            
&cntrl                                                                         
 nstlim = 10000, dt = 0.002,                                                   
 ntx = 7, irest = 1, iwrap=0, cut = 9.0, ioutfm = 1,                           
 ntpr = 500, ntwr = 500, ntwx =500,                                            
 tempi = 300., temp0 = 300.,                                                   
 ntt = 1,                                                                      
 ntb = 1,                                                                      
 ntc = 2, ntf = 2,                                                             
 ntr = 1,                                                                      
 restraint_wt = 0.5, restraintmask = ":1-228@CA"                               
&end                                                                           
                                                                               


Note: ig = -1. Setting random seed to   596595 based on wallclock time in 
      microseconds.
| irandom = 1, using AMBER's internal random number generator (default).
| WARNING: ntx set to 7; the file type is now auto-detected; please update to ntx = 5.
 
|--------------------- INFORMATION ----------------------
| GPU (CUDA) Version of PMEMD in use: NVIDIA GPU IN USE.
|                    Version 18.0.0
| 
|                      03/25/2018
| 
| Implementation by:
|                    Ross C. Walker     (SDSC)
|                    Scott Le Grand     (nVIDIA)
| 
| Version 18 performance extensions by:
|                    David Cerutti     (Rutgers)
| 
| Precision model in use:
|      [SPFP] - Single Precision Forces, 64-bit Fixed Point
|               Accumulation. (Default)
| 
|--------------------------------------------------------
 
|----------------- CITATION INFORMATION -----------------
|
|    When publishing work that utilized the CUDA version
|    of AMBER, please cite the following in addition to
|    the regular AMBER citations:
|
|  - Romelia Salomon-Ferrer; Andreas W. Goetz; Duncan
|    Poole; Scott Le Grand; Ross C. Walker "Routine
|    microsecond molecular dynamics simulations with
|    AMBER - Part II: Particle Mesh Ewald", J. Chem.
|    Theory Comput., 2013, 9 (9), pp3878-3888,
|    DOI: 10.1021/ct400314y.
|
|  - Andreas W. Goetz; Mark J. Williamson; Dong Xu;
|    Duncan Poole; Scott Le Grand; Ross C. Walker
|    "Routine microsecond molecular dynamics simulations
|    with AMBER - Part I: Generalized Born", J. Chem.
|    Theory Comput., 2012, 8 (5), pp1542-1555.
|
|  - Scott Le Grand; Andreas W. Goetz; Ross C. Walker
|    "SPFP: Speed without compromise - a mixed precision
|    model for GPU accelerated molecular dynamics
|    simulations.", Comp. Phys. Comm., 2013, 184
|    pp374-380, DOI: 10.1016/j.cpc.2012.09.022
|
|--------------------------------------------------------
 
|------------------- GPU DEVICE INFO --------------------
|
|            CUDA_VISIBLE_DEVICES: not set
|   CUDA Capable Devices Detected:      1
|           CUDA Device ID in use:      0
|                CUDA Device Name: NVIDIA GeForce RTX 2080 Ti
|     CUDA Device Global Mem Size:  10825 MB
| CUDA Device Num Multiprocessors:     68
|           CUDA Device Core Freq:   1.54 GHz
|
|--------------------------------------------------------
 
 
| Conditional Compilation Defines Used:
| PUBFFT
| BINTRAJ
| CUDA
| EMIL

| Largest sphere to fit in unit cell has radius =    32.034

| New format PARM file being parsed.
| Version =    1.000 Date = 09/10/25 Time = 18:05:24

| Note: 1-4 EEL scale factors are being read from the topology file.

| Note: 1-4 VDW scale factors are being read from the topology file.
| Duplicated    0 dihedrals

| Duplicated    0 dihedrals

--------------------------------------------------------------------------------
   1.  RESOURCE   USE: 
--------------------------------------------------------------------------------

 getting box info from netcdf restart file
 NATOM  =   33263 NTYPES =      16 NBONH =   31426 MBONA  =    1876
 NTHETH =    4058 MTHETA =    2538 NPHIH =    8240 MPHIA  =    7974
 NHPARM =       0 NPARM  =       0 NNB   =   59483 NRES   =   10117
 NBONA  =    1876 NTHETA =    2538 NPHIA =    7974 NUMBND =      79
 NUMANG =     183 NPTRA  =     201 NATYP =      39 NPHB   =       0
 IFBOX  =       1 NMXRS  =      34 IFCAP =       0 NEXTRA =       0
 NCOPY  =       0

| Coordinate Index Table dimensions:    15   16   12
| Direct force subcell size =     5.0939    5.2199    5.3389

     BOX TYPE: RECTILINEAR

--------------------------------------------------------------------------------
   2.  CONTROL  DATA  FOR  THE  RUN
--------------------------------------------------------------------------------

default_name                                                                    

General flags:
     imin    =       0, nmropt  =       0

Nature and format of input:
     ntx     =       7, irest   =       1, ntrx    =       1

Nature and format of output:
     ntxo    =       2, ntpr    =     500, ntrx    =       1, ntwr    =     500
     iwrap   =       0, ntwx    =     500, ntwv    =       0, ntwe    =       0
     ioutfm  =       1, ntwprt  =       0, idecomp =       0, rbornstat=      0

Potential function:
     ntf     =       2, ntb     =       1, igb     =       0, nsnb    =      25
     ipol    =       0, gbsa    =       0, iesp    =       0
     dielc   =   1.00000, cut     =   9.00000, intdiel =   1.00000

Frozen or restrained atoms:
     ibelly  =       0, ntr     =       1
     restraint_wt =   0.50000

Molecular dynamics:
     nstlim  =     10000, nscm    =         0, nrespa  =         1
     t       =   0.00000, dt      =   0.00200, vlimit  =  -1.00000

Berendsen (weak-coupling) temperature regulation:
     temp0   = 300.00000, tempi   = 300.00000, tautp   =   1.00000

SHAKE:
     ntc     =       2, jfastw  =       0
     tol     =   0.00001

| Intermolecular bonds treatment:
|     no_intermolecular_bonds =       1

| Energy averages sample interval:
|     ene_avg_sampling =     500

Ewald parameters:
     verbose =       0, ew_type =       0, nbflag  =       1, use_pme =       1
     vdwmeth =       1, eedmeth =       1, netfrc  =       1
     Box X =   76.409   Box Y =   83.518   Box Z =   64.067
     Alpha =   90.000   Beta  =   90.000   Gamma =   90.000
     NFFT1 =   80       NFFT2 =   84       NFFT3 =   64
     Cutoff=    9.000   Tol   =0.100E-04
     Ewald Coefficient =  0.30768
     Interpolation order =    4

    LOADING THE CONSTRAINED ATOMS AS GROUPS


   5.  REFERENCE ATOM COORDINATES

  default_name                                                                    
     Mask :1-228@CA; matches   227 atoms

--------------------------------------------------------------------------------
   3.  ATOMIC COORDINATES AND VELOCITIES
--------------------------------------------------------------------------------

default_name                                                                    
 begin time read from input coords =    60.000 ps

 
 Number of triangulated 3-point waters found:     9883

     Sum of charges from parm topology file =  -0.00000010
     Forcing neutrality...

| Dynamic Memory, Types Used:
| Reals             1101840
| Integers          1336436

| Nonbonded Pairs Initial Allocation:     7583964

| GPU memory information (estimate):
| KB of GPU memory in use:    115773
| KB of CPU memory in use:     59325

--------------------------------------------------------------------------------
   4.  RESULTS
--------------------------------------------------------------------------------


 NSTEP =      500   TIME(PS) =      61.000  TEMP(K) =   299.75  PRESS =     0.0
 Etot   =    -78707.9090  EKtot   =     20360.8066  EPtot      =    -99068.7157
 BOND   =       658.9152  ANGLE   =      1897.1680  DIHED      =      2899.4620
 1-4 NB =       818.2770  1-4 EEL =     10820.2468  VDWAALS    =     11746.6482
 EELEC  =   -127936.5587  EHBOND  =         0.0000  RESTRAINT  =        27.1260
 EAMBER (non-restraint)  =    -99095.8417
 ------------------------------------------------------------------------------


 NSTEP =     1000   TIME(PS) =      62.000  TEMP(K) =   300.67  PRESS =     0.0
 Etot   =    -78688.5560  EKtot   =     20423.2266  EPtot      =    -99111.7826
 BOND   =       689.5718  ANGLE   =      1939.3484  DIHED      =      2909.2171
 1-4 NB =       812.7484  1-4 EEL =     10792.5574  VDWAALS    =     11343.8963
 EELEC  =   -127630.8424  EHBOND  =         0.0000  RESTRAINT  =        31.7204
 EAMBER (non-restraint)  =    -99143.5030
 ------------------------------------------------------------------------------


 NSTEP =     1500   TIME(PS) =      63.000  TEMP(K) =   299.55  PRESS =     0.0
 Etot   =    -78672.6170  EKtot   =     20346.9570  EPtot      =    -99019.5740
 BOND   =       677.7746  ANGLE   =      1887.4359  DIHED      =      2915.8779
 1-4 NB =       808.8913  1-4 EEL =     10814.1621  VDWAALS    =     11369.5480
 EELEC  =   -127525.6565  EHBOND  =         0.0000  RESTRAINT  =        32.3927
 EAMBER (non-restraint)  =    -99051.9667
 ------------------------------------------------------------------------------


 NSTEP =     2000   TIME(PS) =      64.000  TEMP(K) =   301.14  PRESS =     0.0
 Etot   =    -78701.4511  EKtot   =     20455.1016  EPtot      =    -99156.5526
 BOND   =       700.9157  ANGLE   =      1907.0974  DIHED      =      2914.3425
 1-4 NB =       793.6701  1-4 EEL =     10764.2510  VDWAALS    =     11669.9271
 EELEC  =   -127935.6433  EHBOND  =         0.0000  RESTRAINT  =        28.8868
 EAMBER (non-restraint)  =    -99185.4395
 ------------------------------------------------------------------------------


 NSTEP =     2500   TIME(PS) =      65.000  TEMP(K) =   299.12  PRESS =     0.0
 Etot   =    -78768.5095  EKtot   =     20317.9473  EPtot      =    -99086.4568
 BOND   =       665.6451  ANGLE   =      1914.1499  DIHED      =      2917.0243
 1-4 NB =       825.5128  1-4 EEL =     10813.0273  VDWAALS    =     11581.9606
 EELEC  =   -127832.4572  EHBOND  =         0.0000  RESTRAINT  =        28.6805
 EAMBER (non-restraint)  =    -99115.1373
 ------------------------------------------------------------------------------


 NSTEP =     3000   TIME(PS) =      66.000  TEMP(K) =   297.88  PRESS =     0.0
 Etot   =    -78748.3576  EKtot   =     20233.8555  EPtot      =    -98982.2131
 BOND   =       658.1633  ANGLE   =      1893.0234  DIHED      =      2900.4019
 1-4 NB =       826.1837  1-4 EEL =     10837.8047  VDWAALS    =     11581.0535
 EELEC  =   -127711.0023  EHBOND  =         0.0000  RESTRAINT  =        32.1587
 EAMBER (non-restraint)  =    -99014.3717
 ------------------------------------------------------------------------------


 NSTEP =     3500   TIME(PS) =      67.000  TEMP(K) =   298.71  PRESS =     0.0
 Etot   =    -78696.0917  EKtot   =     20290.0039  EPtot      =    -98986.0956
 BOND   =       654.9192  ANGLE   =      1896.5558  DIHED      =      2917.5368
 1-4 NB =       817.4983  1-4 EEL =     10755.5105  VDWAALS    =     11525.2430
 EELEC  =   -127585.8365  EHBOND  =         0.0000  RESTRAINT  =        32.4773
 EAMBER (non-restraint)  =    -99018.5729
 ------------------------------------------------------------------------------


 NSTEP =     4000   TIME(PS) =      68.000  TEMP(K) =   300.54  PRESS =     0.0
 Etot   =    -78687.6466  EKtot   =     20414.1660  EPtot      =    -99101.8126
 BOND   =       637.3961  ANGLE   =      1964.0725  DIHED      =      2900.8119
 1-4 NB =       820.9015  1-4 EEL =     10758.0403  VDWAALS    =     11547.2148
 EELEC  =   -127752.5656  EHBOND  =         0.0000  RESTRAINT  =        22.3157
 EAMBER (non-restraint)  =    -99124.1283
 ------------------------------------------------------------------------------


 NSTEP =     4500   TIME(PS) =      69.000  TEMP(K) =   299.42  PRESS =     0.0
 Etot   =    -78661.7139  EKtot   =     20337.8438  EPtot      =    -98999.5577
 BOND   =       757.6969  ANGLE   =      1900.6245  DIHED      =      2861.5658
 1-4 NB =       826.6454  1-4 EEL =     10782.9015  VDWAALS    =     11600.7972
 EELEC  =   -127760.9708  EHBOND  =         0.0000  RESTRAINT  =        31.1818
 EAMBER (non-restraint)  =    -99030.7394
 ------------------------------------------------------------------------------


 NSTEP =     5000   TIME(PS) =      70.000  TEMP(K) =   299.30  PRESS =     0.0
 Etot   =    -78666.0448  EKtot   =     20330.2715  EPtot      =    -98996.3163
 BOND   =       681.1328  ANGLE   =      1924.7254  DIHED      =      2904.4962
 1-4 NB =       820.4631  1-4 EEL =     10807.0674  VDWAALS    =     11671.8860
 EELEC  =   -127833.3995  EHBOND  =         0.0000  RESTRAINT  =        27.3124
 EAMBER (non-restraint)  =    -99023.6287
 ------------------------------------------------------------------------------


 NSTEP =     5500   TIME(PS) =      71.000  TEMP(K) =   301.21  PRESS =     0.0
 Etot   =    -78642.0082  EKtot   =     20459.6660  EPtot      =    -99101.6742
 BOND   =       651.0831  ANGLE   =      1897.4471  DIHED      =      2890.1287
 1-4 NB =       829.5838  1-4 EEL =     10756.0314  VDWAALS    =     11938.7329
 EELEC  =   -128097.0936  EHBOND  =         0.0000  RESTRAINT  =        32.4125
 EAMBER (non-restraint)  =    -99134.0867
 ------------------------------------------------------------------------------


 NSTEP =     6000   TIME(PS) =      72.000  TEMP(K) =   301.74  PRESS =     0.0
 Etot   =    -78635.0750  EKtot   =     20495.7949  EPtot      =    -99130.8700
 BOND   =       707.3466  ANGLE   =      1880.3771  DIHED      =      2888.2677
 1-4 NB =       826.7863  1-4 EEL =     10785.5028  VDWAALS    =     11698.9409
 EELEC  =   -127947.9276  EHBOND  =         0.0000  RESTRAINT  =        29.8363
 EAMBER (non-restraint)  =    -99160.7062
 ------------------------------------------------------------------------------


 NSTEP =     6500   TIME(PS) =      73.000  TEMP(K) =   301.37  PRESS =     0.0
 Etot   =    -78650.0866  EKtot   =     20470.8711  EPtot      =    -99120.9577
 BOND   =       709.0393  ANGLE   =      1869.8199  DIHED      =      2923.4543
 1-4 NB =       808.6063  1-4 EEL =     10814.7332  VDWAALS    =     11639.9390
 EELEC  =   -127915.0438  EHBOND  =         0.0000  RESTRAINT  =        28.4942
 EAMBER (non-restraint)  =    -99149.4519
 ------------------------------------------------------------------------------


 NSTEP =     7000   TIME(PS) =      74.000  TEMP(K) =   299.09  PRESS =     0.0
 Etot   =    -78659.2146  EKtot   =     20315.9629  EPtot      =    -98975.1775
 BOND   =       676.7920  ANGLE   =      1917.2032  DIHED      =      2869.6665
 1-4 NB =       820.9958  1-4 EEL =     10789.8848  VDWAALS    =     11652.3718
 EELEC  =   -127734.6047  EHBOND  =         0.0000  RESTRAINT  =        32.5130
 EAMBER (non-restraint)  =    -99007.6905
 ------------------------------------------------------------------------------


 NSTEP =     7500   TIME(PS) =      75.000  TEMP(K) =   301.55  PRESS =     0.0
 Etot   =    -78645.3526  EKtot   =     20482.5801  EPtot      =    -99127.9327
 BOND   =       679.5248  ANGLE   =      1916.7396  DIHED      =      2892.7153
 1-4 NB =       815.9268  1-4 EEL =     10797.9041  VDWAALS    =     11701.3551
 EELEC  =   -127962.1477  EHBOND  =         0.0000  RESTRAINT  =        30.0494
 EAMBER (non-restraint)  =    -99157.9820
 ------------------------------------------------------------------------------


 NSTEP =     8000   TIME(PS) =      76.000  TEMP(K) =   299.55  PRESS =     0.0
 Etot   =    -78658.2584  EKtot   =     20346.7188  EPtot      =    -99004.9771
 BOND   =       668.4211  ANGLE   =      1925.7566  DIHED      =      2893.8176
 1-4 NB =       829.1653  1-4 EEL =     10865.7039  VDWAALS    =     11806.6162
 EELEC  =   -128027.3408  EHBOND  =         0.0000  RESTRAINT  =        32.8829
 EAMBER (non-restraint)  =    -99037.8601
 ------------------------------------------------------------------------------


 NSTEP =     8500   TIME(PS) =      77.000  TEMP(K) =   300.70  PRESS =     0.0
 Etot   =    -78656.2586  EKtot   =     20424.7812  EPtot      =    -99081.0399
 BOND   =       698.0673  ANGLE   =      1911.7522  DIHED      =      2901.5934
 1-4 NB =       816.6248  1-4 EEL =     10803.3208  VDWAALS    =     11735.6259
 EELEC  =   -127977.4939  EHBOND  =         0.0000  RESTRAINT  =        29.4696
 EAMBER (non-restraint)  =    -99110.5095
 ------------------------------------------------------------------------------


 NSTEP =     9000   TIME(PS) =      78.000  TEMP(K) =   301.36  PRESS =     0.0
 Etot   =    -78646.2113  EKtot   =     20469.7812  EPtot      =    -99115.9926
 BOND   =       670.6252  ANGLE   =      1894.8447  DIHED      =      2896.4928
 1-4 NB =       814.5766  1-4 EEL =     10779.8730  VDWAALS    =     11587.2938
 EELEC  =   -127789.6835  EHBOND  =         0.0000  RESTRAINT  =        29.9849
 EAMBER (non-restraint)  =    -99145.9775
 ------------------------------------------------------------------------------


 NSTEP =     9500   TIME(PS) =      79.000  TEMP(K) =   301.12  PRESS =     0.0
 Etot   =    -78642.6850  EKtot   =     20453.3164  EPtot      =    -99096.0014
 BOND   =       689.8616  ANGLE   =      1867.8853  DIHED      =      2886.2245
 1-4 NB =       801.4248  1-4 EEL =     10788.5225  VDWAALS    =     11413.9499
 EELEC  =   -127573.4206  EHBOND  =         0.0000  RESTRAINT  =        29.5506
 EAMBER (non-restraint)  =    -99125.5519
 ------------------------------------------------------------------------------


 NSTEP =    10000   TIME(PS) =      80.000  TEMP(K) =   301.00  PRESS =     0.0
 Etot   =    -78653.3319  EKtot   =     20445.2578  EPtot      =    -99098.5897
 BOND   =       661.8744  ANGLE   =      1878.8941  DIHED      =      2904.2781
 1-4 NB =       806.5613  1-4 EEL =     10737.7758  VDWAALS    =     11645.5508
 EELEC  =   -127762.8631  EHBOND  =         0.0000  RESTRAINT  =        29.3387
 EAMBER (non-restraint)  =    -99127.9285
 ------------------------------------------------------------------------------


      A V E R A G E S   O V E R      20 S T E P S


 NSTEP =    10000   TIME(PS) =      80.000  TEMP(K) =   300.24  PRESS =     0.0
 Etot   =    -78674.3690  EKtot   =     20393.7455  EPtot      =    -99068.1145
 BOND   =       679.7383  ANGLE   =      1904.2460  DIHED      =      2899.3688
 1-4 NB =       817.0522  1-4 EEL =     10793.2411  VDWAALS    =     11622.9275
 EELEC  =   -127814.6276  EHBOND  =         0.0000  RESTRAINT  =        29.9392
 EAMBER (non-restraint)  =    -99098.0537
 ------------------------------------------------------------------------------


      R M S  F L U C T U A T I O N S


 NSTEP =    10000   TIME(PS) =      80.000  TEMP(K) =     1.08  PRESS =     0.0
 Etot   =        34.8973  EKtot   =        73.2664  EPtot      =        57.3334
 BOND   =        26.0330  ANGLE   =        22.9839  DIHED      =        15.2483
 1-4 NB =         9.3655  1-4 EEL =        29.9293  VDWAALS    =       138.9033
 EELEC  =       155.9388  EHBOND  =         0.0000  RESTRAINT  =         2.4696
 EAMBER (non-restraint)  =        54.8638
 ------------------------------------------------------------------------------

--------------------------------------------------------------------------------
   5.  TIMINGS
--------------------------------------------------------------------------------

|  NonSetup CPU Time in Major Routines:
|
|     Routine           Sec        %
|     ------------------------------
|     Nonbond           0.79   16.94
|     Bond              0.00    0.00
|     Angle             0.00    0.00
|     Dihedral          0.00    0.00
|     Shake             0.05    1.05
|     RunMD             3.82   81.78
|     Other             0.01    0.23
|     ------------------------------
|     Total             4.67

|  PME Nonbond Pairlist CPU Time:
|
|     Routine              Sec        %
|     ---------------------------------
|     Set Up Cit           0.00    0.00
|     Build List           0.00    0.00
|     ---------------------------------
|     Total                0.00    0.00

|  PME Direct Force CPU Time:
|
|     Routine              Sec        %
|     ---------------------------------
|     NonBonded Calc       0.00    0.00
|     Exclude Masked       0.00    0.00
|     Other                0.01    0.14
|     ---------------------------------
|     Total                0.01    0.14

|  PME Reciprocal Force CPU Time:
|
|     Routine              Sec        %
|     ---------------------------------
|     1D bspline           0.00    0.00
|     Grid Charges         0.00    0.00
|     Scalar Sum           0.00    0.00
|     Gradient Sum         0.00    0.00
|     FFT                  0.00    0.00
|     ---------------------------------
|     Total                0.00    0.00

|  Final Performance Info:
|     -----------------------------------------------------
|     Average timings for last    9500 steps:
|     Elapsed(s) =       4.43 Per Step(ms) =       0.47
|         ns/day =     370.15   seconds/ns =     233.42
|
|     Average timings for all steps:
|     Elapsed(s) =       4.67 Per Step(ms) =       0.47
|         ns/day =     370.06   seconds/ns =     233.48
|     -----------------------------------------------------

|  Setup CPU time:            0.49 seconds
|  NonSetup CPU time:         4.67 seconds
|  Total CPU time:            5.16 seconds     0.00 hours

|  Setup wall time:           0    seconds
|  NonSetup wall time:        5    seconds
|  Total wall time:           5    seconds     0.00 hours
