
          -------------------------------------------------------
          Amber 24 PMEMD                              2024
          -------------------------------------------------------

| PMEMD implementation of SANDER, Release 24

|  Compiled date/time: Mon Feb  3 14:39:30 2025
| Run on 09/11/2025 at 21:57:10

|   Executable path: /home/jacosta19/software/amber24/bin/pmemd.cuda_SPFP
| Working directory: /home/jacosta19/Desktop/GFP_MD/1ema
|          Hostname: Unknown
  [-O]verwriting output

File Assignments:
|   MDIN: eq2.in                                                                
|  MDOUT: GFP.1ema.eq2.out                                                      
| INPCRD: GFP.1ema.eq1.ncrst                                                    
|   PARM: GFP.1ema.top                                                          
| RESTRT: GFP.1ema.eq2.ncrst                                                    
|   REFC: GFP.1ema.min.ncrst                                                    
|  MDVEL: mdvel                                                                 
|   MDEN: mden                                                                  
|  MDCRD: GFP.1ema.eq2.nc                                                       
| MDINFO: mdinfo                                                                
|  MDFRC: mdfrc                                                                 


 Here is the input file:

eq2 temp = 300, k = 7.5 V=cte (ntb=1)                                          
&cntrl                                                                         
 nstlim = 10000, dt = 0.002,                                                   
 ntx = 7, irest = 1, iwrap=0, cut = 9.0, ioutfm = 1,                           
 ntpr = 500, ntwr = 500, ntwx = 500,                                           
 tempi = 300., temp0 = 300.,                                                   
 ntt = 1,                                                                      
 ntb = 1,                                                                      
 ntc = 2, ntf = 2,                                                             
 ntr = 1,                                                                      
 restraint_wt = 1.5, restraintmask = ":1-226@CA"                               
&end                                                                           
                                                                               


Note: ig = -1. Setting random seed to   284703 based on wallclock time in 
      microseconds.
| irandom = 1, using AMBER's internal random number generator (default).
| WARNING: ntx set to 7; the file type is now auto-detected; please update to ntx = 5.
 
|--------------------- INFORMATION ----------------------
| GPU (CUDA) Version of PMEMD in use: NVIDIA GPU IN USE.
|                    Version 18.0.0
| 
|                      03/25/2018
| 
| Implementation by:
|                    Ross C. Walker     (SDSC)
|                    Scott Le Grand     (nVIDIA)
| 
| Version 18 performance extensions by:
|                    David Cerutti     (Rutgers)
| 
| Precision model in use:
|      [SPFP] - Single Precision Forces, 64-bit Fixed Point
|               Accumulation. (Default)
| 
|--------------------------------------------------------
 
|----------------- CITATION INFORMATION -----------------
|
|    When publishing work that utilized the CUDA version
|    of AMBER, please cite the following in addition to
|    the regular AMBER citations:
|
|  - Romelia Salomon-Ferrer; Andreas W. Goetz; Duncan
|    Poole; Scott Le Grand; Ross C. Walker "Routine
|    microsecond molecular dynamics simulations with
|    AMBER - Part II: Particle Mesh Ewald", J. Chem.
|    Theory Comput., 2013, 9 (9), pp3878-3888,
|    DOI: 10.1021/ct400314y.
|
|  - Andreas W. Goetz; Mark J. Williamson; Dong Xu;
|    Duncan Poole; Scott Le Grand; Ross C. Walker
|    "Routine microsecond molecular dynamics simulations
|    with AMBER - Part I: Generalized Born", J. Chem.
|    Theory Comput., 2012, 8 (5), pp1542-1555.
|
|  - Scott Le Grand; Andreas W. Goetz; Ross C. Walker
|    "SPFP: Speed without compromise - a mixed precision
|    model for GPU accelerated molecular dynamics
|    simulations.", Comp. Phys. Comm., 2013, 184
|    pp374-380, DOI: 10.1016/j.cpc.2012.09.022
|
|--------------------------------------------------------
 
|------------------- GPU DEVICE INFO --------------------
|
|            CUDA_VISIBLE_DEVICES: not set
|   CUDA Capable Devices Detected:      1
|           CUDA Device ID in use:      0
|                CUDA Device Name: NVIDIA GeForce RTX 2080 Ti
|     CUDA Device Global Mem Size:  10825 MB
| CUDA Device Num Multiprocessors:     68
|           CUDA Device Core Freq:   1.54 GHz
|
|--------------------------------------------------------
 
 
| Conditional Compilation Defines Used:
| PUBFFT
| BINTRAJ
| CUDA
| EMIL

| Largest sphere to fit in unit cell has radius =    35.746

| New format PARM file being parsed.
| Version =    1.000 Date = 09/09/25 Time = 13:45:57

| Note: 1-4 EEL scale factors are being read from the topology file.

| Note: 1-4 VDW scale factors are being read from the topology file.
| Duplicated    0 dihedrals

| Duplicated    0 dihedrals

--------------------------------------------------------------------------------
   1.  RESOURCE   USE: 
--------------------------------------------------------------------------------

 getting box info from netcdf restart file
 NATOM  =   41017 NTYPES =      16 NBONH =   39196 MBONA  =    1859
 NTHETH =    4031 MTHETA =    2515 NPHIH =    8177 MPHIA  =    7897
 NHPARM =       0 NPARM  =       0 NNB   =   69708 NRES   =   12709
 NBONA  =    1859 NTHETA =    2515 NPHIA =    7897 NUMBND =      79
 NUMANG =     183 NPTRA  =     201 NATYP =      39 NPHB   =       0
 IFBOX  =       1 NMXRS  =      37 IFCAP =       0 NEXTRA =       0
 NCOPY  =       0

| Coordinate Index Table dimensions:    14   16   17
| Direct force subcell size =     5.1066    5.0651    5.1206

     BOX TYPE: RECTILINEAR

--------------------------------------------------------------------------------
   2.  CONTROL  DATA  FOR  THE  RUN
--------------------------------------------------------------------------------

default_name                                                                    

General flags:
     imin    =       0, nmropt  =       0

Nature and format of input:
     ntx     =       7, irest   =       1, ntrx    =       1

Nature and format of output:
     ntxo    =       2, ntpr    =     500, ntrx    =       1, ntwr    =     500
     iwrap   =       0, ntwx    =     500, ntwv    =       0, ntwe    =       0
     ioutfm  =       1, ntwprt  =       0, idecomp =       0, rbornstat=      0

Potential function:
     ntf     =       2, ntb     =       1, igb     =       0, nsnb    =      25
     ipol    =       0, gbsa    =       0, iesp    =       0
     dielc   =   1.00000, cut     =   9.00000, intdiel =   1.00000

Frozen or restrained atoms:
     ibelly  =       0, ntr     =       1
     restraint_wt =   1.50000

Molecular dynamics:
     nstlim  =     10000, nscm    =         0, nrespa  =         1
     t       =   0.00000, dt      =   0.00200, vlimit  =  -1.00000

Berendsen (weak-coupling) temperature regulation:
     temp0   = 300.00000, tempi   = 300.00000, tautp   =   1.00000

SHAKE:
     ntc     =       2, jfastw  =       0
     tol     =   0.00001

| Intermolecular bonds treatment:
|     no_intermolecular_bonds =       1

| Energy averages sample interval:
|     ene_avg_sampling =     500

Ewald parameters:
     verbose =       0, ew_type =       0, nbflag  =       1, use_pme =       1
     vdwmeth =       1, eedmeth =       1, netfrc  =       1
     Box X =   71.492   Box Y =   81.041   Box Z =   87.051
     Alpha =   90.000   Beta  =   90.000   Gamma =   90.000
     NFFT1 =   72       NFFT2 =   84       NFFT3 =   96
     Cutoff=    9.000   Tol   =0.100E-04
     Ewald Coefficient =  0.30768
     Interpolation order =    4

    LOADING THE CONSTRAINED ATOMS AS GROUPS


   5.  REFERENCE ATOM COORDINATES

  default_name                                                                    
     Mask :1-226@CA; matches   225 atoms

--------------------------------------------------------------------------------
   3.  ATOMIC COORDINATES AND VELOCITIES
--------------------------------------------------------------------------------

default_name                                                                    
 begin time read from input coords =    40.000 ps

 
 Number of triangulated 3-point waters found:    12477

     Sum of charges from parm topology file =  -0.00000310
     Forcing neutrality...

| Dynamic Memory, Types Used:
| Reals             1326710
| Integers          1550298

| Nonbonded Pairs Initial Allocation:     9351876

| GPU memory information (estimate):
| KB of GPU memory in use:    149092
| KB of CPU memory in use:     73828

--------------------------------------------------------------------------------
   4.  RESULTS
--------------------------------------------------------------------------------


 NSTEP =      500   TIME(PS) =      41.000  TEMP(K) =   301.83  PRESS =     0.0
 Etot   =    -98206.8495  EKtot   =     25147.6895  EPtot      =   -123354.5389
 BOND   =       669.8869  ANGLE   =      1884.3801  DIHED      =      2884.9833
 1-4 NB =       813.5341  1-4 EEL =     10583.2828  VDWAALS    =     15502.2006
 EELEC  =   -155732.3318  EHBOND  =         0.0000  RESTRAINT  =        39.5250
 EAMBER (non-restraint)  =   -123394.0639
 ------------------------------------------------------------------------------


 NSTEP =     1000   TIME(PS) =      42.000  TEMP(K) =   301.34  PRESS =     0.0
 Etot   =    -98189.4601  EKtot   =     25107.1953  EPtot      =   -123296.6555
 BOND   =       660.5240  ANGLE   =      1897.4549  DIHED      =      2875.7708
 1-4 NB =       801.4150  1-4 EEL =     10636.1602  VDWAALS    =     15450.2455
 EELEC  =   -155663.0875  EHBOND  =         0.0000  RESTRAINT  =        44.8616
 EAMBER (non-restraint)  =   -123341.5170
 ------------------------------------------------------------------------------


 NSTEP =     1500   TIME(PS) =      43.000  TEMP(K) =   300.33  PRESS =     0.0
 Etot   =    -98264.2546  EKtot   =     25022.6934  EPtot      =   -123286.9479
 BOND   =       651.8414  ANGLE   =      1893.4766  DIHED      =      2916.7502
 1-4 NB =       822.6684  1-4 EEL =     10636.5448  VDWAALS    =     15420.0748
 EELEC  =   -155670.6087  EHBOND  =         0.0000  RESTRAINT  =        42.3045
 EAMBER (non-restraint)  =   -123329.2525
 ------------------------------------------------------------------------------


 NSTEP =     2000   TIME(PS) =      44.000  TEMP(K) =   300.58  PRESS =     0.0
 Etot   =    -98314.9765  EKtot   =     25043.5781  EPtot      =   -123358.5546
 BOND   =       674.6097  ANGLE   =      1914.5044  DIHED      =      2870.0405
 1-4 NB =       815.0754  1-4 EEL =     10620.7292  VDWAALS    =     15242.3225
 EELEC  =   -155551.3630  EHBOND  =         0.0000  RESTRAINT  =        55.5269
 EAMBER (non-restraint)  =   -123414.0815
 ------------------------------------------------------------------------------


 NSTEP =     2500   TIME(PS) =      45.000  TEMP(K) =   301.58  PRESS =     0.0
 Etot   =    -98358.4514  EKtot   =     25127.3164  EPtot      =   -123485.7678
 BOND   =       667.9061  ANGLE   =      1841.0611  DIHED      =      2894.7700
 1-4 NB =       819.3769  1-4 EEL =     10581.4698  VDWAALS    =     15525.3292
 EELEC  =   -155859.5608  EHBOND  =         0.0000  RESTRAINT  =        43.8800
 EAMBER (non-restraint)  =   -123529.6477
 ------------------------------------------------------------------------------


 NSTEP =     3000   TIME(PS) =      46.000  TEMP(K) =   297.65  PRESS =     0.0
 Etot   =    -98311.8671  EKtot   =     24799.9258  EPtot      =   -123111.7929
 BOND   =       633.2694  ANGLE   =      1895.1587  DIHED      =      2883.7290
 1-4 NB =       829.8218  1-4 EEL =     10685.5736  VDWAALS    =     15298.0480
 EELEC  =   -155378.0581  EHBOND  =         0.0000  RESTRAINT  =        40.6647
 EAMBER (non-restraint)  =   -123152.4576
 ------------------------------------------------------------------------------


 NSTEP =     3500   TIME(PS) =      47.000  TEMP(K) =   299.89  PRESS =     0.0
 Etot   =    -98267.2352  EKtot   =     24986.1602  EPtot      =   -123253.3954
 BOND   =       652.3730  ANGLE   =      1853.6358  DIHED      =      2875.8512
 1-4 NB =       848.7693  1-4 EEL =     10689.2789  VDWAALS    =     15654.1382
 EELEC  =   -155868.1208  EHBOND  =         0.0000  RESTRAINT  =        40.6789
 EAMBER (non-restraint)  =   -123294.0743
 ------------------------------------------------------------------------------


 NSTEP =     4000   TIME(PS) =      48.000  TEMP(K) =   299.91  PRESS =     0.0
 Etot   =    -98273.0183  EKtot   =     24987.6738  EPtot      =   -123260.6921
 BOND   =       690.9421  ANGLE   =      1934.4903  DIHED      =      2876.1455
 1-4 NB =       801.9217  1-4 EEL =     10621.3455  VDWAALS    =     15448.7217
 EELEC  =   -155678.3876  EHBOND  =         0.0000  RESTRAINT  =        44.1287
 EAMBER (non-restraint)  =   -123304.8208
 ------------------------------------------------------------------------------


 NSTEP =     4500   TIME(PS) =      49.000  TEMP(K) =   300.08  PRESS =     0.0
 Etot   =    -98299.0975  EKtot   =     25001.6855  EPtot      =   -123300.7830
 BOND   =       668.2854  ANGLE   =      1871.6950  DIHED      =      2887.4903
 1-4 NB =       833.8094  1-4 EEL =     10683.2194  VDWAALS    =     15156.1015
 EELEC  =   -155447.3997  EHBOND  =         0.0000  RESTRAINT  =        46.0156
 EAMBER (non-restraint)  =   -123346.7986
 ------------------------------------------------------------------------------


 NSTEP =     5000   TIME(PS) =      50.000  TEMP(K) =   299.15  PRESS =     0.0
 Etot   =    -98311.1546  EKtot   =     24924.4961  EPtot      =   -123235.6507
 BOND   =       660.0177  ANGLE   =      1882.2242  DIHED      =      2894.9253
 1-4 NB =       815.5135  1-4 EEL =     10656.0488  VDWAALS    =     15078.0492
 EELEC  =   -155263.5212  EHBOND  =         0.0000  RESTRAINT  =        41.0918
 EAMBER (non-restraint)  =   -123276.7425
 ------------------------------------------------------------------------------


 NSTEP =     5500   TIME(PS) =      51.000  TEMP(K) =   303.88  PRESS =     0.0
 Etot   =    -98291.2378  EKtot   =     25319.0273  EPtot      =   -123610.2651
 BOND   =       636.5447  ANGLE   =      1800.5125  DIHED      =      2883.6254
 1-4 NB =       817.9149  1-4 EEL =     10669.4044  VDWAALS    =     15596.6176
 EELEC  =   -156059.6703  EHBOND  =         0.0000  RESTRAINT  =        44.7857
 EAMBER (non-restraint)  =   -123655.0509
 ------------------------------------------------------------------------------


 NSTEP =     6000   TIME(PS) =      52.000  TEMP(K) =   298.01  PRESS =     0.0
 Etot   =    -98237.3492  EKtot   =     24829.7402  EPtot      =   -123067.0894
 BOND   =       670.3929  ANGLE   =      1838.6644  DIHED      =      2896.5996
 1-4 NB =       817.7135  1-4 EEL =     10647.0101  VDWAALS    =     15206.6725
 EELEC  =   -155186.7174  EHBOND  =         0.0000  RESTRAINT  =        42.5750
 EAMBER (non-restraint)  =   -123109.6644
 ------------------------------------------------------------------------------


 NSTEP =     6500   TIME(PS) =      53.000  TEMP(K) =   298.22  PRESS =     0.0
 Etot   =    -98227.1354  EKtot   =     24847.0879  EPtot      =   -123074.2233
 BOND   =       658.3783  ANGLE   =      1891.9223  DIHED      =      2899.5541
 1-4 NB =       809.8840  1-4 EEL =     10613.8685  VDWAALS    =     15607.2858
 EELEC  =   -155595.2217  EHBOND  =         0.0000  RESTRAINT  =        40.1054
 EAMBER (non-restraint)  =   -123114.3287
 ------------------------------------------------------------------------------


 NSTEP =     7000   TIME(PS) =      54.000  TEMP(K) =   298.87  PRESS =     0.0
 Etot   =    -98235.9363  EKtot   =     24900.9727  EPtot      =   -123136.9090
 BOND   =       617.2936  ANGLE   =      1900.8134  DIHED      =      2910.7602
 1-4 NB =       807.7568  1-4 EEL =     10644.4697  VDWAALS    =     15582.0116
 EELEC  =   -155642.3791  EHBOND  =         0.0000  RESTRAINT  =        42.3649
 EAMBER (non-restraint)  =   -123179.2738
 ------------------------------------------------------------------------------


 NSTEP =     7500   TIME(PS) =      55.000  TEMP(K) =   301.09  PRESS =     0.0
 Etot   =    -98292.1402  EKtot   =     25086.0273  EPtot      =   -123378.1675
 BOND   =       653.1836  ANGLE   =      1893.7936  DIHED      =      2924.5585
 1-4 NB =       803.7714  1-4 EEL =     10653.5599  VDWAALS    =     15361.2245
 EELEC  =   -155711.6996  EHBOND  =         0.0000  RESTRAINT  =        43.4406
 EAMBER (non-restraint)  =   -123421.6081
 ------------------------------------------------------------------------------


 NSTEP =     8000   TIME(PS) =      56.000  TEMP(K) =   300.57  PRESS =     0.0
 Etot   =    -98347.6847  EKtot   =     25042.9121  EPtot      =   -123390.5968
 BOND   =       647.1871  ANGLE   =      1840.9483  DIHED      =      2905.1121
 1-4 NB =       806.8892  1-4 EEL =     10611.0926  VDWAALS    =     15538.9101
 EELEC  =   -155781.0914  EHBOND  =         0.0000  RESTRAINT  =        40.3552
 EAMBER (non-restraint)  =   -123430.9521
 ------------------------------------------------------------------------------


 NSTEP =     8500   TIME(PS) =      57.000  TEMP(K) =   300.66  PRESS =     0.0
 Etot   =    -98342.7735  EKtot   =     25050.3340  EPtot      =   -123393.1075
 BOND   =       652.8979  ANGLE   =      1861.3419  DIHED      =      2891.7023
 1-4 NB =       799.4316  1-4 EEL =     10577.2876  VDWAALS    =     15442.2105
 EELEC  =   -155670.6130  EHBOND  =         0.0000  RESTRAINT  =        52.6339
 EAMBER (non-restraint)  =   -123445.7413
 ------------------------------------------------------------------------------


 NSTEP =     9000   TIME(PS) =      58.000  TEMP(K) =   298.85  PRESS =     0.0
 Etot   =    -98309.3295  EKtot   =     24899.6133  EPtot      =   -123208.9428
 BOND   =       635.7575  ANGLE   =      1849.5370  DIHED      =      2906.7307
 1-4 NB =       799.1744  1-4 EEL =     10624.2033  VDWAALS    =     15365.3049
 EELEC  =   -155432.6276  EHBOND  =         0.0000  RESTRAINT  =        42.9771
 EAMBER (non-restraint)  =   -123251.9199
 ------------------------------------------------------------------------------


 NSTEP =     9500   TIME(PS) =      59.000  TEMP(K) =   300.90  PRESS =     0.0
 Etot   =    -98269.3753  EKtot   =     25070.0176  EPtot      =   -123339.3928
 BOND   =       674.7322  ANGLE   =      1850.0165  DIHED      =      2886.7745
 1-4 NB =       803.1492  1-4 EEL =     10616.1656  VDWAALS    =     15484.1257
 EELEC  =   -155699.1554  EHBOND  =         0.0000  RESTRAINT  =        44.7989
 EAMBER (non-restraint)  =   -123384.1918
 ------------------------------------------------------------------------------


 NSTEP =    10000   TIME(PS) =      60.000  TEMP(K) =   299.41  PRESS =     0.0
 Etot   =    -98273.0594  EKtot   =     24946.5371  EPtot      =   -123219.5965
 BOND   =       668.6290  ANGLE   =      1860.7148  DIHED      =      2885.1827
 1-4 NB =       803.0574  1-4 EEL =     10669.6046  VDWAALS    =     15343.2185
 EELEC  =   -155492.9898  EHBOND  =         0.0000  RESTRAINT  =        42.9863
 EAMBER (non-restraint)  =   -123262.5827
 ------------------------------------------------------------------------------


      A V E R A G E S   O V E R      20 S T E P S


 NSTEP =    10000   TIME(PS) =      60.000  TEMP(K) =   300.14  PRESS =     0.0
 Etot   =    -98281.1193  EKtot   =     25007.0342  EPtot      =   -123288.1535
 BOND   =       657.2326  ANGLE   =      1872.8173  DIHED      =      2892.5528
 1-4 NB =       813.5324  1-4 EEL =     10636.0160  VDWAALS    =     15415.1406
 EELEC  =   -155619.2302  EHBOND  =         0.0000  RESTRAINT  =        43.7850
 EAMBER (non-restraint)  =   -123331.9385
 ------------------------------------------------------------------------------


      R M S  F L U C T U A T I O N S


 NSTEP =    10000   TIME(PS) =      60.000  TEMP(K) =     1.45  PRESS =     0.0
 Etot   =        44.7682  EKtot   =       120.5369  EPtot      =       132.0887
 BOND   =        16.8983  ANGLE   =        30.8326  DIHED      =        14.2154
 1-4 NB =        12.5877  1-4 EEL =        33.1399  VDWAALS    =       154.2832
 EELEC  =       204.4611  EHBOND  =         0.0000  RESTRAINT  =         3.8835
 EAMBER (non-restraint)  =       128.2052
 ------------------------------------------------------------------------------

--------------------------------------------------------------------------------
   5.  TIMINGS
--------------------------------------------------------------------------------

|  NonSetup CPU Time in Major Routines:
|
|     Routine           Sec        %
|     ------------------------------
|     Nonbond           0.93   17.05
|     Bond              0.00    0.00
|     Angle             0.00    0.00
|     Dihedral          0.00    0.00
|     Shake             0.05    0.89
|     RunMD             4.47   81.87
|     Other             0.01    0.20
|     ------------------------------
|     Total             5.47

|  PME Nonbond Pairlist CPU Time:
|
|     Routine              Sec        %
|     ---------------------------------
|     Set Up Cit           0.00    0.00
|     Build List           0.00    0.00
|     ---------------------------------
|     Total                0.00    0.00

|  PME Direct Force CPU Time:
|
|     Routine              Sec        %
|     ---------------------------------
|     NonBonded Calc       0.00    0.00
|     Exclude Masked       0.00    0.00
|     Other                0.01    0.12
|     ---------------------------------
|     Total                0.01    0.12

|  PME Reciprocal Force CPU Time:
|
|     Routine              Sec        %
|     ---------------------------------
|     1D bspline           0.00    0.00
|     Grid Charges         0.00    0.00
|     Scalar Sum           0.00    0.00
|     Gradient Sum         0.00    0.00
|     FFT                  0.00    0.00
|     ---------------------------------
|     Total                0.00    0.00

|  Final Performance Info:
|     -----------------------------------------------------
|     Average timings for last    9500 steps:
|     Elapsed(s) =       5.19 Per Step(ms) =       0.55
|         ns/day =     316.45   seconds/ns =     273.03
|
|     Average timings for all steps:
|     Elapsed(s) =       5.46 Per Step(ms) =       0.55
|         ns/day =     316.34   seconds/ns =     273.12
|     -----------------------------------------------------

|  Setup CPU time:            0.51 seconds
|  NonSetup CPU time:         5.47 seconds
|  Total CPU time:            5.98 seconds     0.00 hours

|  Setup wall time:           1    seconds
|  NonSetup wall time:        5    seconds
|  Total wall time:           6    seconds     0.00 hours
