
          -------------------------------------------------------
          Amber 24 PMEMD                              2024
          -------------------------------------------------------

| PMEMD implementation of SANDER, Release 24

|  Compiled date/time: Mon Feb  3 14:39:30 2025
| Run on 09/11/2025 at 21:56:42

|   Executable path: /home/jacosta19/software/amber24/bin/pmemd.cuda_SPFP
| Working directory: /home/jacosta19/Desktop/GFP_MD/1ema
|          Hostname: Unknown
  [-O]verwriting output

File Assignments:
|   MDIN: min3.in                                                               
|  MDOUT: GFP.1ema.m3.out                                                       
| INPCRD: GFP.1ema.m2.ncrst                                                     
|   PARM: GFP.1ema.top                                                          
| RESTRT: GFP.1ema.m3.ncrst                                                     
|   REFC: GFP.1ema.m2.ncrst                                                     
|  MDVEL: mdvel                                                                 
|   MDEN: mden                                                                  
|  MDCRD: mdcrd                                                                 
| MDINFO: mdinfo                                                                
|  MDFRC: mdfrc                                                                 


 Here is the input file:

Minimizacion de todo excepto CA's de la proteina                               
 &cntrl                                                                        
 ntx = 1, ntrx = 1,                                                            
 ntpr = 500, igb=0,                                                            
 ntf = 1, ntb = 1,                                                             
 nsnb = 10,                                                                    
 imin = 1, maxcyc = 5000, ncyc = 1000,                                         
 ntmin = 1, dx0 = 0.1, drms = 0.001,                                           
 ntp = 0, ntc = 1, cut=9., ioutfm = 1,                                         
 ntr = 1, restraint_wt=20., restraintmask=":1-226@CA",                         
&end                                                                           
&wt                                                                            
type="END",                                                                    
&end                                                                           
                                                                               


Note: ig = -1. Setting random seed to   264862 based on wallclock time in 
      microseconds.
| irandom = 1, using AMBER's internal random number generator (default).
| INFO:    The nsnb ctrl option does not affect nonbonded list update frequency.
|          It does affect steepest descent minimization freq if ntmin == 0
 
|--------------------- INFORMATION ----------------------
| GPU (CUDA) Version of PMEMD in use: NVIDIA GPU IN USE.
|                    Version 18.0.0
| 
|                      03/25/2018
| 
| Implementation by:
|                    Ross C. Walker     (SDSC)
|                    Scott Le Grand     (nVIDIA)
| 
| Version 18 performance extensions by:
|                    David Cerutti     (Rutgers)
| 
| Precision model in use:
|      [SPFP] - Single Precision Forces, 64-bit Fixed Point
|               Accumulation. (Default)
| 
|--------------------------------------------------------
 
|----------------- CITATION INFORMATION -----------------
|
|    When publishing work that utilized the CUDA version
|    of AMBER, please cite the following in addition to
|    the regular AMBER citations:
|
|  - Romelia Salomon-Ferrer; Andreas W. Goetz; Duncan
|    Poole; Scott Le Grand; Ross C. Walker "Routine
|    microsecond molecular dynamics simulations with
|    AMBER - Part II: Particle Mesh Ewald", J. Chem.
|    Theory Comput., 2013, 9 (9), pp3878-3888,
|    DOI: 10.1021/ct400314y.
|
|  - Andreas W. Goetz; Mark J. Williamson; Dong Xu;
|    Duncan Poole; Scott Le Grand; Ross C. Walker
|    "Routine microsecond molecular dynamics simulations
|    with AMBER - Part I: Generalized Born", J. Chem.
|    Theory Comput., 2012, 8 (5), pp1542-1555.
|
|  - Scott Le Grand; Andreas W. Goetz; Ross C. Walker
|    "SPFP: Speed without compromise - a mixed precision
|    model for GPU accelerated molecular dynamics
|    simulations.", Comp. Phys. Comm., 2013, 184
|    pp374-380, DOI: 10.1016/j.cpc.2012.09.022
|
|--------------------------------------------------------
 
|------------------- GPU DEVICE INFO --------------------
|
|            CUDA_VISIBLE_DEVICES: not set
|   CUDA Capable Devices Detected:      1
|           CUDA Device ID in use:      0
|                CUDA Device Name: NVIDIA GeForce RTX 2080 Ti
|     CUDA Device Global Mem Size:  10825 MB
| CUDA Device Num Multiprocessors:     68
|           CUDA Device Core Freq:   1.54 GHz
|
|--------------------------------------------------------
 
 
| Conditional Compilation Defines Used:
| PUBFFT
| BINTRAJ
| CUDA
| EMIL

| Largest sphere to fit in unit cell has radius =    35.746

| New format PARM file being parsed.
| Version =    1.000 Date = 09/09/25 Time = 13:45:57

| Note: 1-4 EEL scale factors are being read from the topology file.

| Note: 1-4 VDW scale factors are being read from the topology file.
| Duplicated    0 dihedrals

| Duplicated    0 dihedrals

--------------------------------------------------------------------------------
   1.  RESOURCE   USE: 
--------------------------------------------------------------------------------

 getting box info from netcdf restart file
 NATOM  =   41017 NTYPES =      16 NBONH =   39196 MBONA  =    1859
 NTHETH =    4031 MTHETA =    2515 NPHIH =    8177 MPHIA  =    7897
 NHPARM =       0 NPARM  =       0 NNB   =   69708 NRES   =   12709
 NBONA  =    1859 NTHETA =    2515 NPHIA =    7897 NUMBND =      79
 NUMANG =     183 NPTRA  =     201 NATYP =      39 NPHB   =       0
 IFBOX  =       1 NMXRS  =      37 IFCAP =       0 NEXTRA =       0
 NCOPY  =       0

| Coordinate Index Table dimensions:    14   16   17
| Direct force subcell size =     5.1066    5.0651    5.1206

     BOX TYPE: RECTILINEAR

--------------------------------------------------------------------------------
   2.  CONTROL  DATA  FOR  THE  RUN
--------------------------------------------------------------------------------

default_name                                                                    

General flags:
     imin    =       1, nmropt  =       0

Nature and format of input:
     ntx     =       1, irest   =       0, ntrx    =       1

Nature and format of output:
     ntxo    =       2, ntpr    =     500, ntrx    =       1, ntwr    =       1
     iwrap   =       0, ntwx    =       0, ntwv    =       0, ntwe    =       0
     ioutfm  =       1, ntwprt  =       0, idecomp =       0, rbornstat=      0

Potential function:
     ntf     =       1, ntb     =       1, igb     =       0, nsnb    =      10
     ipol    =       0, gbsa    =       0, iesp    =       0
     dielc   =   1.00000, cut     =   9.00000, intdiel =   1.00000

Frozen or restrained atoms:
     ibelly  =       0, ntr     =       1
     restraint_wt =  20.00000

Energy minimization:
     maxcyc  =    5000, ncyc    =    1000, ntmin   =       1
     dx0     =   0.10000, drms    =   0.00100

| Intermolecular bonds treatment:
|     no_intermolecular_bonds =       1

| Energy averages sample interval:
|     ene_avg_sampling =       1

Ewald parameters:
     verbose =       0, ew_type =       0, nbflag  =       1, use_pme =       1
     vdwmeth =       1, eedmeth =       1, netfrc  =       0
     Box X =   71.492   Box Y =   81.041   Box Z =   87.051
     Alpha =   90.000   Beta  =   90.000   Gamma =   90.000
     NFFT1 =   72       NFFT2 =   84       NFFT3 =   96
     Cutoff=    9.000   Tol   =0.100E-04
     Ewald Coefficient =  0.30768
     Interpolation order =    4

    LOADING THE CONSTRAINED ATOMS AS GROUPS


   5.  REFERENCE ATOM COORDINATES

  default_name                                                                    
     Mask :1-226@CA; matches   225 atoms

--------------------------------------------------------------------------------
   3.  ATOMIC COORDINATES AND VELOCITIES
--------------------------------------------------------------------------------

default_name                                                                    
 begin time read from input coords =     0.000 ps

 
 Number of triangulated 3-point waters found:    12477

     Sum of charges from parm topology file =  -0.00000310
     Forcing neutrality...

| Dynamic Memory, Types Used:
| Reals             1201894
| Integers          1546768

| Nonbonded Pairs Initial Allocation:     9351876

| GPU memory information (estimate):
| KB of GPU memory in use:    151323
| KB of CPU memory in use:     76059

--------------------------------------------------------------------------------
   4.  RESULTS
--------------------------------------------------------------------------------



   NSTEP       ENERGY          RMS            GMAX         NAME    NUMBER
      1      -1.6731E+05     1.6596E-01     1.1472E+01     CA        441

 BOND    =    13518.0288  ANGLE   =      543.6754  DIHED      =     2597.4493
 VDWAALS =    36532.7777  EEL     =  -231948.6206  HBOND      =        0.0000
 1-4 VDW =      733.1808  1-4 EEL =    10710.6202  RESTRAINT  =        0.0000


   NSTEP       ENERGY          RMS            GMAX         NAME    NUMBER
    500      -1.6734E+05     3.1606E-02     4.3489E+00     CG        490

 BOND    =    13524.0534  ANGLE   =      540.0786  DIHED      =     2595.3914
 VDWAALS =    36540.5360  EEL     =  -231973.8903  HBOND      =        0.0000
 1-4 VDW =      726.8249  1-4 EEL =    10700.1548  RESTRAINT  =        8.4428
 EAMBER  =  -167346.8510


   NSTEP       ENERGY          RMS            GMAX         NAME    NUMBER
   1000      -1.6735E+05     4.2527E-02     4.2984E+00     CG       2976

 BOND    =    13526.1837  ANGLE   =      540.8431  DIHED      =     2595.0093
 VDWAALS =    36548.5437  EEL     =  -231992.5051  HBOND      =        0.0000
 1-4 VDW =      726.4431  1-4 EEL =    10698.5535  RESTRAINT  =       11.5277
 EAMBER  =  -167356.9286


   NSTEP       ENERGY          RMS            GMAX         NAME    NUMBER
   1500      -1.6738E+05     5.6963E-02     9.1099E+00     O       27263

 BOND    =    13537.8579  ANGLE   =      542.2270  DIHED      =     2595.6046
 VDWAALS =    36602.7306  EEL     =  -232098.0025  HBOND      =        0.0000
 1-4 VDW =      726.6704  1-4 EEL =    10696.5801  RESTRAINT  =       15.4810
 EAMBER  =  -167396.3318


   NSTEP       ENERGY          RMS            GMAX         NAME    NUMBER
   2000      -1.6740E+05     2.3379E-02     2.8843E+00     CG        490

 BOND    =    13543.5988  ANGLE   =      542.4006  DIHED      =     2595.6488
 VDWAALS =    36631.7592  EEL     =  -232152.6532  HBOND      =        0.0000
 1-4 VDW =      726.8398  1-4 EEL =    10696.2990  RESTRAINT  =       15.6797
 EAMBER  =  -167416.1070


   NSTEP       ENERGY          RMS            GMAX         NAME    NUMBER
   2500      -1.6742E+05     2.7509E-02     2.7830E+00     H1      33885

 BOND    =    13552.4714  ANGLE   =      542.3758  DIHED      =     2595.7355
 VDWAALS =    36677.7822  EEL     =  -232231.6382  HBOND      =        0.0000
 1-4 VDW =      727.2712  1-4 EEL =    10696.8406  RESTRAINT  =       15.8803
 EAMBER  =  -167439.1616


   NSTEP       ENERGY          RMS            GMAX         NAME    NUMBER
   3000      -1.6745E+05     4.0847E-02     4.6548E+00     H1      15009

 BOND    =    13559.0504  ANGLE   =      542.2909  DIHED      =     2595.6880
 VDWAALS =    36724.8962  EEL     =  -232316.9587  HBOND      =        0.0000
 1-4 VDW =      727.5786  1-4 EEL =    10697.6736  RESTRAINT  =       16.0356
 EAMBER  =  -167469.7809


   NSTEP       ENERGY          RMS            GMAX         NAME    NUMBER
   3500      -1.6748E+05     2.6914E-01     2.2880E+01     O       30074

 BOND    =    13570.3610  ANGLE   =      542.4041  DIHED      =     2595.7024
 VDWAALS =    36763.8212  EEL     =  -232396.9784  HBOND      =        0.0000
 1-4 VDW =      727.7632  1-4 EEL =    10698.5473  RESTRAINT  =       16.2479
 EAMBER  =  -167498.3793


   NSTEP       ENERGY          RMS            GMAX         NAME    NUMBER
   4000      -1.6751E+05     2.9453E-02     4.6932E+00     CG        490

 BOND    =    13572.6898  ANGLE   =      542.3506  DIHED      =     2595.6834
 VDWAALS =    36793.2110  EEL     =  -232452.4876  HBOND      =        0.0000
 1-4 VDW =      727.7341  1-4 EEL =    10698.6103  RESTRAINT  =       16.3271
 EAMBER  =  -167522.2085


   NSTEP       ENERGY          RMS            GMAX         NAME    NUMBER
   4500      -1.6752E+05     1.1094E-01     8.7810E+00     CA       3536

 BOND    =    13580.0698  ANGLE   =      542.3488  DIHED      =     2595.8229
 VDWAALS =    36836.0940  EEL     =  -232519.3688  HBOND      =        0.0000
 1-4 VDW =      728.1153  1-4 EEL =    10699.3089  RESTRAINT  =       16.5122
 EAMBER  =  -167537.6091


   NSTEP       ENERGY          RMS            GMAX         NAME    NUMBER
   5000      -1.6754E+05     8.0882E-03     4.0942E-01     H1      17475

 BOND    =    13586.0855  ANGLE   =      542.4438  DIHED      =     2596.1657
 VDWAALS =    36870.4236  EEL     =  -232582.7325  HBOND      =        0.0000
 1-4 VDW =      728.3014  1-4 EEL =    10699.7253  RESTRAINT  =       16.7763
 EAMBER  =  -167559.5871


  Maximum number of minimization cycles reached.


                    FINAL RESULTS



   NSTEP       ENERGY          RMS            GMAX         NAME    NUMBER
   5000      -1.6754E+05     8.0882E-03     4.0942E-01     H1      17475

 BOND    =    13586.0855  ANGLE   =      542.4438  DIHED      =     2596.1657
 VDWAALS =    36870.4236  EEL     =  -232582.7325  HBOND      =        0.0000
 1-4 VDW =      728.3014  1-4 EEL =    10699.7253  RESTRAINT  =       16.7763
 EAMBER  =  -167559.5871
--------------------------------------------------------------------------------
   5.  TIMINGS
--------------------------------------------------------------------------------

|  NonSetup CPU Time in Major Routines:
|
|     Routine           Sec        %
|     ------------------------------
|     Nonbond           2.72   18.84
|     Bond              0.00    0.00
|     Angle             0.00    0.00
|     Dihedral          0.00    0.00
|     Shake             0.00    0.00
|     Other            11.69   81.16
|     ------------------------------
|     Total            14.41

|  PME Nonbond Pairlist CPU Time:
|
|     Routine              Sec        %
|     ---------------------------------
|     Set Up Cit           0.00    0.00
|     Build List           0.00    0.00
|     ---------------------------------
|     Total                0.00    0.00

|  PME Direct Force CPU Time:
|
|     Routine              Sec        %
|     ---------------------------------
|     NonBonded Calc       0.00    0.00
|     Exclude Masked       0.00    0.00
|     Other                0.01    0.04
|     ---------------------------------
|     Total                0.01    0.04

|  PME Reciprocal Force CPU Time:
|
|     Routine              Sec        %
|     ---------------------------------
|     1D bspline           0.00    0.00
|     Grid Charges         0.00    0.00
|     Scalar Sum           0.00    0.00
|     Gradient Sum         0.00    0.00
|     FFT                  0.00    0.00
|     ---------------------------------
|     Total                0.00    0.00

|  Setup CPU time:            0.58 seconds
|  NonSetup CPU time:        14.41 seconds
|  Total CPU time:           14.99 seconds     0.00 hours

|  Setup wall time:           1    seconds
|  NonSetup wall time:       14    seconds
|  Total wall time:          15    seconds     0.00 hours
