
          -------------------------------------------------------
          Amber 24 PMEMD                              2024
          -------------------------------------------------------

| PMEMD implementation of SANDER, Release 24

|  Compiled date/time: Mon Feb  3 14:39:30 2025
| Run on 09/11/2025 at 21:57:16

|   Executable path: /home/jacosta19/software/amber24/bin/pmemd.cuda_SPFP
| Working directory: /home/jacosta19/Desktop/GFP_MD/1ema
|          Hostname: Unknown
  [-O]verwriting output

File Assignments:
|   MDIN: eq3.in                                                                
|  MDOUT: GFP.1ema.eq3.out                                                      
| INPCRD: GFP.1ema.eq2.ncrst                                                    
|   PARM: GFP.1ema.top                                                          
| RESTRT: GFP.1ema.eq3.ncrst                                                    
|   REFC: GFP.1ema.min.ncrst                                                    
|  MDVEL: mdvel                                                                 
|   MDEN: mden                                                                  
|  MDCRD: GFP.1ema.eq3.nc                                                       
| MDINFO: mdinfo                                                                
|  MDFRC: mdfrc                                                                 


 Here is the input file:

eq3 temp = 300, k = 5 V=cte (ntb=1)                                            
&cntrl                                                                         
 nstlim = 10000, dt = 0.002,                                                   
 ntx = 7, irest = 1, iwrap=0, cut = 9.0, ioutfm = 1,                           
 ntpr = 500, ntwr = 500, ntwx =500,                                            
 tempi = 300., temp0 = 300.,                                                   
 ntt = 1,                                                                      
 ntb = 1,                                                                      
 ntc = 2, ntf = 2,                                                             
 ntr = 1,                                                                      
 restraint_wt = 0.5, restraintmask = ":1-226@CA"                               
&end                                                                           
                                                                               


Note: ig = -1. Setting random seed to   423612 based on wallclock time in 
      microseconds.
| irandom = 1, using AMBER's internal random number generator (default).
| WARNING: ntx set to 7; the file type is now auto-detected; please update to ntx = 5.
 
|--------------------- INFORMATION ----------------------
| GPU (CUDA) Version of PMEMD in use: NVIDIA GPU IN USE.
|                    Version 18.0.0
| 
|                      03/25/2018
| 
| Implementation by:
|                    Ross C. Walker     (SDSC)
|                    Scott Le Grand     (nVIDIA)
| 
| Version 18 performance extensions by:
|                    David Cerutti     (Rutgers)
| 
| Precision model in use:
|      [SPFP] - Single Precision Forces, 64-bit Fixed Point
|               Accumulation. (Default)
| 
|--------------------------------------------------------
 
|----------------- CITATION INFORMATION -----------------
|
|    When publishing work that utilized the CUDA version
|    of AMBER, please cite the following in addition to
|    the regular AMBER citations:
|
|  - Romelia Salomon-Ferrer; Andreas W. Goetz; Duncan
|    Poole; Scott Le Grand; Ross C. Walker "Routine
|    microsecond molecular dynamics simulations with
|    AMBER - Part II: Particle Mesh Ewald", J. Chem.
|    Theory Comput., 2013, 9 (9), pp3878-3888,
|    DOI: 10.1021/ct400314y.
|
|  - Andreas W. Goetz; Mark J. Williamson; Dong Xu;
|    Duncan Poole; Scott Le Grand; Ross C. Walker
|    "Routine microsecond molecular dynamics simulations
|    with AMBER - Part I: Generalized Born", J. Chem.
|    Theory Comput., 2012, 8 (5), pp1542-1555.
|
|  - Scott Le Grand; Andreas W. Goetz; Ross C. Walker
|    "SPFP: Speed without compromise - a mixed precision
|    model for GPU accelerated molecular dynamics
|    simulations.", Comp. Phys. Comm., 2013, 184
|    pp374-380, DOI: 10.1016/j.cpc.2012.09.022
|
|--------------------------------------------------------
 
|------------------- GPU DEVICE INFO --------------------
|
|            CUDA_VISIBLE_DEVICES: not set
|   CUDA Capable Devices Detected:      1
|           CUDA Device ID in use:      0
|                CUDA Device Name: NVIDIA GeForce RTX 2080 Ti
|     CUDA Device Global Mem Size:  10825 MB
| CUDA Device Num Multiprocessors:     68
|           CUDA Device Core Freq:   1.54 GHz
|
|--------------------------------------------------------
 
 
| Conditional Compilation Defines Used:
| PUBFFT
| BINTRAJ
| CUDA
| EMIL

| Largest sphere to fit in unit cell has radius =    35.746

| New format PARM file being parsed.
| Version =    1.000 Date = 09/09/25 Time = 13:45:57

| Note: 1-4 EEL scale factors are being read from the topology file.

| Note: 1-4 VDW scale factors are being read from the topology file.
| Duplicated    0 dihedrals

| Duplicated    0 dihedrals

--------------------------------------------------------------------------------
   1.  RESOURCE   USE: 
--------------------------------------------------------------------------------

 getting box info from netcdf restart file
 NATOM  =   41017 NTYPES =      16 NBONH =   39196 MBONA  =    1859
 NTHETH =    4031 MTHETA =    2515 NPHIH =    8177 MPHIA  =    7897
 NHPARM =       0 NPARM  =       0 NNB   =   69708 NRES   =   12709
 NBONA  =    1859 NTHETA =    2515 NPHIA =    7897 NUMBND =      79
 NUMANG =     183 NPTRA  =     201 NATYP =      39 NPHB   =       0
 IFBOX  =       1 NMXRS  =      37 IFCAP =       0 NEXTRA =       0
 NCOPY  =       0

| Coordinate Index Table dimensions:    14   16   17
| Direct force subcell size =     5.1066    5.0651    5.1206

     BOX TYPE: RECTILINEAR

--------------------------------------------------------------------------------
   2.  CONTROL  DATA  FOR  THE  RUN
--------------------------------------------------------------------------------

default_name                                                                    

General flags:
     imin    =       0, nmropt  =       0

Nature and format of input:
     ntx     =       7, irest   =       1, ntrx    =       1

Nature and format of output:
     ntxo    =       2, ntpr    =     500, ntrx    =       1, ntwr    =     500
     iwrap   =       0, ntwx    =     500, ntwv    =       0, ntwe    =       0
     ioutfm  =       1, ntwprt  =       0, idecomp =       0, rbornstat=      0

Potential function:
     ntf     =       2, ntb     =       1, igb     =       0, nsnb    =      25
     ipol    =       0, gbsa    =       0, iesp    =       0
     dielc   =   1.00000, cut     =   9.00000, intdiel =   1.00000

Frozen or restrained atoms:
     ibelly  =       0, ntr     =       1
     restraint_wt =   0.50000

Molecular dynamics:
     nstlim  =     10000, nscm    =         0, nrespa  =         1
     t       =   0.00000, dt      =   0.00200, vlimit  =  -1.00000

Berendsen (weak-coupling) temperature regulation:
     temp0   = 300.00000, tempi   = 300.00000, tautp   =   1.00000

SHAKE:
     ntc     =       2, jfastw  =       0
     tol     =   0.00001

| Intermolecular bonds treatment:
|     no_intermolecular_bonds =       1

| Energy averages sample interval:
|     ene_avg_sampling =     500

Ewald parameters:
     verbose =       0, ew_type =       0, nbflag  =       1, use_pme =       1
     vdwmeth =       1, eedmeth =       1, netfrc  =       1
     Box X =   71.492   Box Y =   81.041   Box Z =   87.051
     Alpha =   90.000   Beta  =   90.000   Gamma =   90.000
     NFFT1 =   72       NFFT2 =   84       NFFT3 =   96
     Cutoff=    9.000   Tol   =0.100E-04
     Ewald Coefficient =  0.30768
     Interpolation order =    4

    LOADING THE CONSTRAINED ATOMS AS GROUPS


   5.  REFERENCE ATOM COORDINATES

  default_name                                                                    
     Mask :1-226@CA; matches   225 atoms

--------------------------------------------------------------------------------
   3.  ATOMIC COORDINATES AND VELOCITIES
--------------------------------------------------------------------------------

default_name                                                                    
 begin time read from input coords =    60.000 ps

 
 Number of triangulated 3-point waters found:    12477

     Sum of charges from parm topology file =  -0.00000310
     Forcing neutrality...

| Dynamic Memory, Types Used:
| Reals             1326710
| Integers          1550298

| Nonbonded Pairs Initial Allocation:     9351876

| GPU memory information (estimate):
| KB of GPU memory in use:    149092
| KB of CPU memory in use:     73828

--------------------------------------------------------------------------------
   4.  RESULTS
--------------------------------------------------------------------------------


 NSTEP =      500   TIME(PS) =      61.000  TEMP(K) =   300.73  PRESS =     0.0
 Etot   =    -98289.8422  EKtot   =     25056.3066  EPtot      =   -123346.1489
 BOND   =       711.1433  ANGLE   =      1835.6935  DIHED      =      2870.7321
 1-4 NB =       795.5498  1-4 EEL =     10642.4968  VDWAALS    =     15268.3432
 EELEC  =   -155497.8824  EHBOND  =         0.0000  RESTRAINT  =        27.7748
 EAMBER (non-restraint)  =   -123373.9237
 ------------------------------------------------------------------------------


 NSTEP =     1000   TIME(PS) =      62.000  TEMP(K) =   299.49  PRESS =     0.0
 Etot   =    -98296.0273  EKtot   =     24953.2070  EPtot      =   -123249.2343
 BOND   =       686.0736  ANGLE   =      1849.9122  DIHED      =      2861.3815
 1-4 NB =       825.6418  1-4 EEL =     10600.0723  VDWAALS    =     15461.6724
 EELEC  =   -155555.6102  EHBOND  =         0.0000  RESTRAINT  =        21.6222
 EAMBER (non-restraint)  =   -123270.8565
 ------------------------------------------------------------------------------


 NSTEP =     1500   TIME(PS) =      63.000  TEMP(K) =   301.89  PRESS =     0.0
 Etot   =    -98296.3679  EKtot   =     25152.6797  EPtot      =   -123449.0476
 BOND   =       676.1767  ANGLE   =      1875.9679  DIHED      =      2891.2110
 1-4 NB =       794.3321  1-4 EEL =     10572.9953  VDWAALS    =     15240.6852
 EELEC  =   -155522.1768  EHBOND  =         0.0000  RESTRAINT  =        21.7609
 EAMBER (non-restraint)  =   -123470.8086
 ------------------------------------------------------------------------------


 NSTEP =     2000   TIME(PS) =      64.000  TEMP(K) =   300.79  PRESS =     0.0
 Etot   =    -98259.3201  EKtot   =     25061.1992  EPtot      =   -123320.5193
 BOND   =       658.5956  ANGLE   =      1925.9631  DIHED      =      2894.4320
 1-4 NB =       821.7581  1-4 EEL =     10625.5950  VDWAALS    =     15521.4810
 EELEC  =   -155793.0112  EHBOND  =         0.0000  RESTRAINT  =        24.6670
 EAMBER (non-restraint)  =   -123345.1863
 ------------------------------------------------------------------------------


 NSTEP =     2500   TIME(PS) =      65.000  TEMP(K) =   301.15  PRESS =     0.0
 Etot   =    -98234.5910  EKtot   =     25090.9004  EPtot      =   -123325.4914
 BOND   =       630.6437  ANGLE   =      1929.0306  DIHED      =      2905.9008
 1-4 NB =       793.6129  1-4 EEL =     10612.7303  VDWAALS    =     15237.8984
 EELEC  =   -155458.2019  EHBOND  =         0.0000  RESTRAINT  =        22.8937
 EAMBER (non-restraint)  =   -123348.3851
 ------------------------------------------------------------------------------


 NSTEP =     3000   TIME(PS) =      66.000  TEMP(K) =   300.81  PRESS =     0.0
 Etot   =    -98201.2088  EKtot   =     25063.2344  EPtot      =   -123264.4432
 BOND   =       648.1954  ANGLE   =      1899.9879  DIHED      =      2882.0671
 1-4 NB =       820.0505  1-4 EEL =     10616.9932  VDWAALS    =     15321.3974
 EELEC  =   -155480.4375  EHBOND  =         0.0000  RESTRAINT  =        27.3027
 EAMBER (non-restraint)  =   -123291.7460
 ------------------------------------------------------------------------------


 NSTEP =     3500   TIME(PS) =      67.000  TEMP(K) =   298.86  PRESS =     0.0
 Etot   =    -98189.0640  EKtot   =     24900.7773  EPtot      =   -123089.8413
 BOND   =       652.4580  ANGLE   =      1911.2239  DIHED      =      2882.8971
 1-4 NB =       800.6480  1-4 EEL =     10628.6481  VDWAALS    =     15252.2912
 EELEC  =   -155243.5423  EHBOND  =         0.0000  RESTRAINT  =        25.5346
 EAMBER (non-restraint)  =   -123115.3759
 ------------------------------------------------------------------------------


 NSTEP =     4000   TIME(PS) =      68.000  TEMP(K) =   298.54  PRESS =     0.0
 Etot   =    -98130.9864  EKtot   =     24873.4180  EPtot      =   -123004.4044
 BOND   =       683.9977  ANGLE   =      1875.0651  DIHED      =      2898.4463
 1-4 NB =       785.9003  1-4 EEL =     10605.0143  VDWAALS    =     15314.8341
 EELEC  =   -155189.4800  EHBOND  =         0.0000  RESTRAINT  =        21.8178
 EAMBER (non-restraint)  =   -123026.2222
 ------------------------------------------------------------------------------


 NSTEP =     4500   TIME(PS) =      69.000  TEMP(K) =   300.59  PRESS =     0.0
 Etot   =    -98164.4111  EKtot   =     25044.8867  EPtot      =   -123209.2979
 BOND   =       692.9043  ANGLE   =      1838.3045  DIHED      =      2880.3940
 1-4 NB =       821.5610  1-4 EEL =     10638.1014  VDWAALS    =     15219.1049
 EELEC  =   -155321.1381  EHBOND  =         0.0000  RESTRAINT  =        21.4699
 EAMBER (non-restraint)  =   -123230.7678
 ------------------------------------------------------------------------------


 NSTEP =     5000   TIME(PS) =      70.000  TEMP(K) =   300.73  PRESS =     0.0
 Etot   =    -98235.9615  EKtot   =     25055.9961  EPtot      =   -123291.9576
 BOND   =       667.0330  ANGLE   =      1917.6757  DIHED      =      2876.3365
 1-4 NB =       822.5880  1-4 EEL =     10593.5159  VDWAALS    =     15384.7618
 EELEC  =   -155577.6256  EHBOND  =         0.0000  RESTRAINT  =        23.7574
 EAMBER (non-restraint)  =   -123315.7149
 ------------------------------------------------------------------------------


 NSTEP =     5500   TIME(PS) =      71.000  TEMP(K) =   299.98  PRESS =     0.0
 Etot   =    -98228.6331  EKtot   =     24993.9590  EPtot      =   -123222.5921
 BOND   =       660.3044  ANGLE   =      1925.2052  DIHED      =      2879.3589
 1-4 NB =       806.0740  1-4 EEL =     10597.7530  VDWAALS    =     15059.4462
 EELEC  =   -155171.9531  EHBOND  =         0.0000  RESTRAINT  =        21.2193
 EAMBER (non-restraint)  =   -123243.8114
 ------------------------------------------------------------------------------


 NSTEP =     6000   TIME(PS) =      72.000  TEMP(K) =   299.05  PRESS =     0.0
 Etot   =    -98141.7444  EKtot   =     24916.3516  EPtot      =   -123058.0959
 BOND   =       689.0472  ANGLE   =      1842.7606  DIHED      =      2902.3220
 1-4 NB =       803.9326  1-4 EEL =     10584.5413  VDWAALS    =     15175.8085
 EELEC  =   -155082.8297  EHBOND  =         0.0000  RESTRAINT  =        26.3217
 EAMBER (non-restraint)  =   -123084.4176
 ------------------------------------------------------------------------------


 NSTEP =     6500   TIME(PS) =      73.000  TEMP(K) =   299.54  PRESS =     0.0
 Etot   =    -98109.9475  EKtot   =     24956.6914  EPtot      =   -123066.6390
 BOND   =       692.7514  ANGLE   =      1899.5923  DIHED      =      2914.0268
 1-4 NB =       793.8706  1-4 EEL =     10577.7404  VDWAALS    =     15032.3624
 EELEC  =   -155004.0559  EHBOND  =         0.0000  RESTRAINT  =        27.0730
 EAMBER (non-restraint)  =   -123093.7120
 ------------------------------------------------------------------------------


 NSTEP =     7000   TIME(PS) =      74.000  TEMP(K) =   301.08  PRESS =     0.0
 Etot   =    -98153.4862  EKtot   =     25085.2598  EPtot      =   -123238.7459
 BOND   =       647.2286  ANGLE   =      1890.3510  DIHED      =      2885.3103
 1-4 NB =       800.1775  1-4 EEL =     10674.0880  VDWAALS    =     15206.4388
 EELEC  =   -155370.6025  EHBOND  =         0.0000  RESTRAINT  =        28.2622
 EAMBER (non-restraint)  =   -123267.0082
 ------------------------------------------------------------------------------


 NSTEP =     7500   TIME(PS) =      75.000  TEMP(K) =   300.33  PRESS =     0.0
 Etot   =    -98185.1112  EKtot   =     25023.0176  EPtot      =   -123208.1288
 BOND   =       665.1209  ANGLE   =      1891.0160  DIHED      =      2882.9600
 1-4 NB =       817.6798  1-4 EEL =     10614.9593  VDWAALS    =     15297.6890
 EELEC  =   -155401.3490  EHBOND  =         0.0000  RESTRAINT  =        23.7952
 EAMBER (non-restraint)  =   -123231.9239
 ------------------------------------------------------------------------------


 NSTEP =     8000   TIME(PS) =      76.000  TEMP(K) =   301.80  PRESS =     0.0
 Etot   =    -98238.2593  EKtot   =     25145.5371  EPtot      =   -123383.7964
 BOND   =       686.1494  ANGLE   =      1807.5155  DIHED      =      2909.7253
 1-4 NB =       789.1673  1-4 EEL =     10673.9851  VDWAALS    =     15175.9647
 EELEC  =   -155450.0857  EHBOND  =         0.0000  RESTRAINT  =        23.7821
 EAMBER (non-restraint)  =   -123407.5786
 ------------------------------------------------------------------------------


 NSTEP =     8500   TIME(PS) =      77.000  TEMP(K) =   300.32  PRESS =     0.0
 Etot   =    -98239.8397  EKtot   =     25022.1641  EPtot      =   -123262.0038
 BOND   =       699.4565  ANGLE   =      1841.3569  DIHED      =      2905.9152
 1-4 NB =       813.0958  1-4 EEL =     10630.5222  VDWAALS    =     15138.6300
 EELEC  =   -155315.3822  EHBOND  =         0.0000  RESTRAINT  =        24.4019
 EAMBER (non-restraint)  =   -123286.4056
 ------------------------------------------------------------------------------


 NSTEP =     9000   TIME(PS) =      78.000  TEMP(K) =   298.87  PRESS =     0.0
 Etot   =    -98177.4789  EKtot   =     24901.5000  EPtot      =   -123078.9789
 BOND   =       692.1981  ANGLE   =      1835.0103  DIHED      =      2867.9874
 1-4 NB =       809.6028  1-4 EEL =     10573.9902  VDWAALS    =     15263.9773
 EELEC  =   -155144.5606  EHBOND  =         0.0000  RESTRAINT  =        22.8156
 EAMBER (non-restraint)  =   -123101.7945
 ------------------------------------------------------------------------------


 NSTEP =     9500   TIME(PS) =      79.000  TEMP(K) =   300.33  PRESS =     0.0
 Etot   =    -98212.0971  EKtot   =     25023.0117  EPtot      =   -123235.1088
 BOND   =       659.3984  ANGLE   =      1830.5270  DIHED      =      2854.8088
 1-4 NB =       803.2501  1-4 EEL =     10562.6281  VDWAALS    =     15133.5794
 EELEC  =   -155103.6829  EHBOND  =         0.0000  RESTRAINT  =        24.3821
 EAMBER (non-restraint)  =   -123259.4910
 ------------------------------------------------------------------------------


 NSTEP =    10000   TIME(PS) =      80.000  TEMP(K) =   300.50  PRESS =     0.0
 Etot   =    -98267.4128  EKtot   =     25037.1719  EPtot      =   -123304.5847
 BOND   =       711.5417  ANGLE   =      1854.0409  DIHED      =      2854.4498
 1-4 NB =       811.3835  1-4 EEL =     10645.3729  VDWAALS    =     15094.7478
 EELEC  =   -155305.6632  EHBOND  =         0.0000  RESTRAINT  =        29.5417
 EAMBER (non-restraint)  =   -123334.1265
 ------------------------------------------------------------------------------


      A V E R A G E S   O V E R      20 S T E P S


 NSTEP =    10000   TIME(PS) =      80.000  TEMP(K) =   300.27  PRESS =     0.0
 Etot   =    -98212.5895  EKtot   =     25017.8635  EPtot      =   -123230.4530
 BOND   =       675.5209  ANGLE   =      1873.8100  DIHED      =      2885.0331
 1-4 NB =       806.4938  1-4 EEL =     10613.5872  VDWAALS    =     15240.0557
 EELEC  =   -155349.4635  EHBOND  =         0.0000  RESTRAINT  =        24.5098
 EAMBER (non-restraint)  =   -123254.9628
 ------------------------------------------------------------------------------


      R M S  F L U C T U A T I O N S


 NSTEP =    10000   TIME(PS) =      80.000  TEMP(K) =     0.93  PRESS =     0.0
 Etot   =        54.0953  EKtot   =        77.2361  EPtot      =       115.1225
 BOND   =        21.8487  ANGLE   =        36.8287  DIHED      =        17.2881
 1-4 NB =        12.0007  1-4 EEL =        31.0469  VDWAALS    =       121.3694
 EELEC  =       193.6993  EHBOND  =         0.0000  RESTRAINT  =         2.4405
 EAMBER (non-restraint)  =       112.6820
 ------------------------------------------------------------------------------

--------------------------------------------------------------------------------
   5.  TIMINGS
--------------------------------------------------------------------------------

|  NonSetup CPU Time in Major Routines:
|
|     Routine           Sec        %
|     ------------------------------
|     Nonbond           0.93   16.90
|     Bond              0.00    0.00
|     Angle             0.00    0.00
|     Dihedral          0.00    0.00
|     Shake             0.05    0.88
|     RunMD             4.51   82.02
|     Other             0.01    0.19
|     ------------------------------
|     Total             5.50

|  PME Nonbond Pairlist CPU Time:
|
|     Routine              Sec        %
|     ---------------------------------
|     Set Up Cit           0.00    0.00
|     Build List           0.00    0.00
|     ---------------------------------
|     Total                0.00    0.00

|  PME Direct Force CPU Time:
|
|     Routine              Sec        %
|     ---------------------------------
|     NonBonded Calc       0.00    0.00
|     Exclude Masked       0.00    0.00
|     Other                0.01    0.12
|     ---------------------------------
|     Total                0.01    0.12

|  PME Reciprocal Force CPU Time:
|
|     Routine              Sec        %
|     ---------------------------------
|     1D bspline           0.00    0.00
|     Grid Charges         0.00    0.00
|     Scalar Sum           0.00    0.00
|     Gradient Sum         0.00    0.00
|     FFT                  0.00    0.00
|     ---------------------------------
|     Total                0.00    0.00

|  Final Performance Info:
|     -----------------------------------------------------
|     Average timings for last    9500 steps:
|     Elapsed(s) =       5.22 Per Step(ms) =       0.55
|         ns/day =     314.58   seconds/ns =     274.65
|
|     Average timings for all steps:
|     Elapsed(s) =       5.49 Per Step(ms) =       0.55
|         ns/day =     314.51   seconds/ns =     274.71
|     -----------------------------------------------------

|  Setup CPU time:            0.51 seconds
|  NonSetup CPU time:         5.50 seconds
|  Total CPU time:            6.01 seconds     0.00 hours

|  Setup wall time:           1    seconds
|  NonSetup wall time:        5    seconds
|  Total wall time:           6    seconds     0.00 hours
