
          -------------------------------------------------------
          Amber 24 PMEMD                              2024
          -------------------------------------------------------

| PMEMD implementation of SANDER, Release 24

|  Compiled date/time: Mon Feb  3 14:39:30 2025
| Run on 09/14/2025 at 09:43:41

|   Executable path: /home/jacosta19/software/amber24/bin/pmemd.cuda_SPFP
| Working directory: /home/jacosta19/Desktop/GFP_MD/1yfp
|          Hostname: Unknown
  [-O]verwriting output

File Assignments:
|   MDIN: eq2.in                                                                
|  MDOUT: GFP.1yfp.eq2.out                                                      
| INPCRD: GFP.1yfp.eq1.ncrst                                                    
|   PARM: GFP.1yfp.top                                                          
| RESTRT: GFP.1yfp.eq2.ncrst                                                    
|   REFC: GFP.1yfp.min.ncrst                                                    
|  MDVEL: mdvel                                                                 
|   MDEN: mden                                                                  
|  MDCRD: GFP.1yfp.eq2.nc                                                       
| MDINFO: mdinfo                                                                
|  MDFRC: mdfrc                                                                 


 Here is the input file:

eq2 temp = 300, k = 7.5 V=cte (ntb=1)                                          
&cntrl                                                                         
 nstlim = 10000, dt = 0.002,                                                   
 ntx = 7, irest = 1, iwrap=0, cut = 9.0, ioutfm = 1,                           
 ntpr = 500, ntwr = 500, ntwx = 500,                                           
 tempi = 300., temp0 = 300.,                                                   
 ntt = 1,                                                                      
 ntb = 1,                                                                      
 ntc = 2, ntf = 2,                                                             
 ntr = 1,                                                                      
 restraint_wt = 1.5, restraintmask = ":1-225@CA"                               
&end                                                                           
                                                                               


Note: ig = -1. Setting random seed to   716844 based on wallclock time in 
      microseconds.
| irandom = 1, using AMBER's internal random number generator (default).
| WARNING: ntx set to 7; the file type is now auto-detected; please update to ntx = 5.
 
|--------------------- INFORMATION ----------------------
| GPU (CUDA) Version of PMEMD in use: NVIDIA GPU IN USE.
|                    Version 18.0.0
| 
|                      03/25/2018
| 
| Implementation by:
|                    Ross C. Walker     (SDSC)
|                    Scott Le Grand     (nVIDIA)
| 
| Version 18 performance extensions by:
|                    David Cerutti     (Rutgers)
| 
| Precision model in use:
|      [SPFP] - Single Precision Forces, 64-bit Fixed Point
|               Accumulation. (Default)
| 
|--------------------------------------------------------
 
|----------------- CITATION INFORMATION -----------------
|
|    When publishing work that utilized the CUDA version
|    of AMBER, please cite the following in addition to
|    the regular AMBER citations:
|
|  - Romelia Salomon-Ferrer; Andreas W. Goetz; Duncan
|    Poole; Scott Le Grand; Ross C. Walker "Routine
|    microsecond molecular dynamics simulations with
|    AMBER - Part II: Particle Mesh Ewald", J. Chem.
|    Theory Comput., 2013, 9 (9), pp3878-3888,
|    DOI: 10.1021/ct400314y.
|
|  - Andreas W. Goetz; Mark J. Williamson; Dong Xu;
|    Duncan Poole; Scott Le Grand; Ross C. Walker
|    "Routine microsecond molecular dynamics simulations
|    with AMBER - Part I: Generalized Born", J. Chem.
|    Theory Comput., 2012, 8 (5), pp1542-1555.
|
|  - Scott Le Grand; Andreas W. Goetz; Ross C. Walker
|    "SPFP: Speed without compromise - a mixed precision
|    model for GPU accelerated molecular dynamics
|    simulations.", Comp. Phys. Comm., 2013, 184
|    pp374-380, DOI: 10.1016/j.cpc.2012.09.022
|
|--------------------------------------------------------
 
|------------------- GPU DEVICE INFO --------------------
|
|            CUDA_VISIBLE_DEVICES: not set
|   CUDA Capable Devices Detected:      1
|           CUDA Device ID in use:      0
|                CUDA Device Name: NVIDIA GeForce RTX 2080 Ti
|     CUDA Device Global Mem Size:  10825 MB
| CUDA Device Num Multiprocessors:     68
|           CUDA Device Core Freq:   1.54 GHz
|
|--------------------------------------------------------
 
 
| Conditional Compilation Defines Used:
| PUBFFT
| BINTRAJ
| CUDA
| EMIL

| Largest sphere to fit in unit cell has radius =    34.138

| New format PARM file being parsed.
| Version =    1.000 Date = 09/09/25 Time = 15:45:24

| Note: 1-4 EEL scale factors are being read from the topology file.

| Note: 1-4 VDW scale factors are being read from the topology file.
| Duplicated    0 dihedrals

| Duplicated    0 dihedrals

--------------------------------------------------------------------------------
   1.  RESOURCE   USE: 
--------------------------------------------------------------------------------

 getting box info from netcdf restart file
 NATOM  =   34150 NTYPES =      16 NBONH =   32333 MBONA  =    1856
 NTHETH =    4021 MTHETA =    2510 NPHIH =    8146 MPHIA  =    7859
 NHPARM =       0 NPARM  =       0 NNB   =   60513 NRES   =   10422
 NBONA  =    1856 NTHETA =    2510 NPHIA =    7859 NUMBND =      78
 NUMANG =     179 NPTRA  =     199 NATYP =      39 NPHB   =       0
 IFBOX  =       1 NMXRS  =      30 IFCAP =       0 NEXTRA =       0
 NCOPY  =       0

| Coordinate Index Table dimensions:    17   14   13
| Direct force subcell size =     5.0129    5.2114    5.2520

     BOX TYPE: RECTILINEAR

--------------------------------------------------------------------------------
   2.  CONTROL  DATA  FOR  THE  RUN
--------------------------------------------------------------------------------

default_name                                                                    

General flags:
     imin    =       0, nmropt  =       0

Nature and format of input:
     ntx     =       7, irest   =       1, ntrx    =       1

Nature and format of output:
     ntxo    =       2, ntpr    =     500, ntrx    =       1, ntwr    =     500
     iwrap   =       0, ntwx    =     500, ntwv    =       0, ntwe    =       0
     ioutfm  =       1, ntwprt  =       0, idecomp =       0, rbornstat=      0

Potential function:
     ntf     =       2, ntb     =       1, igb     =       0, nsnb    =      25
     ipol    =       0, gbsa    =       0, iesp    =       0
     dielc   =   1.00000, cut     =   9.00000, intdiel =   1.00000

Frozen or restrained atoms:
     ibelly  =       0, ntr     =       1
     restraint_wt =   1.50000

Molecular dynamics:
     nstlim  =     10000, nscm    =         0, nrespa  =         1
     t       =   0.00000, dt      =   0.00200, vlimit  =  -1.00000

Berendsen (weak-coupling) temperature regulation:
     temp0   = 300.00000, tempi   = 300.00000, tautp   =   1.00000

SHAKE:
     ntc     =       2, jfastw  =       0
     tol     =   0.00001

| Intermolecular bonds treatment:
|     no_intermolecular_bonds =       1

| Energy averages sample interval:
|     ene_avg_sampling =     500

Ewald parameters:
     verbose =       0, ew_type =       0, nbflag  =       1, use_pme =       1
     vdwmeth =       1, eedmeth =       1, netfrc  =       1
     Box X =   85.219   Box Y =   72.959   Box Z =   68.277
     Alpha =   90.000   Beta  =   90.000   Gamma =   90.000
     NFFT1 =   96       NFFT2 =   80       NFFT3 =   72
     Cutoff=    9.000   Tol   =0.100E-04
     Ewald Coefficient =  0.30768
     Interpolation order =    4

    LOADING THE CONSTRAINED ATOMS AS GROUPS


   5.  REFERENCE ATOM COORDINATES

  default_name                                                                    
     Mask :1-225@CA; matches   224 atoms

--------------------------------------------------------------------------------
   3.  ATOMIC COORDINATES AND VELOCITIES
--------------------------------------------------------------------------------

default_name                                                                    
 begin time read from input coords =    40.000 ps

 
 Number of triangulated 3-point waters found:    10191

     Sum of charges from parm topology file =  -0.00000110
     Forcing neutrality...

| Dynamic Memory, Types Used:
| Reals             1127552
| Integers          1356654

| Nonbonded Pairs Initial Allocation:     7786200

| GPU memory information (estimate):
| KB of GPU memory in use:    122815
| KB of CPU memory in use:     66367

--------------------------------------------------------------------------------
   4.  RESULTS
--------------------------------------------------------------------------------


 NSTEP =      500   TIME(PS) =      41.000  TEMP(K) =   299.42  PRESS =     0.0
 Etot   =    -80848.9789  EKtot   =     20859.9727  EPtot      =   -101708.9515
 BOND   =       689.1838  ANGLE   =      1869.8656  DIHED      =      2894.5596
 1-4 NB =       804.1006  1-4 EEL =     10737.1603  VDWAALS    =     12177.3374
 EELEC  =   -130931.0887  EHBOND  =         0.0000  RESTRAINT  =        49.9298
 EAMBER (non-restraint)  =   -101758.8813
 ------------------------------------------------------------------------------


 NSTEP =     1000   TIME(PS) =      42.000  TEMP(K) =   300.78  PRESS =     0.0
 Etot   =    -80887.8581  EKtot   =     20955.0684  EPtot      =   -101842.9264
 BOND   =       672.9766  ANGLE   =      1839.2322  DIHED      =      2842.4408
 1-4 NB =       807.3226  1-4 EEL =     10723.7880  VDWAALS    =     12267.4929
 EELEC  =   -131043.2362  EHBOND  =         0.0000  RESTRAINT  =        47.0565
 EAMBER (non-restraint)  =   -101889.9829
 ------------------------------------------------------------------------------


 NSTEP =     1500   TIME(PS) =      43.000  TEMP(K) =   298.73  PRESS =     0.0
 Etot   =    -80913.6661  EKtot   =     20812.1621  EPtot      =   -101725.8282
 BOND   =       644.9552  ANGLE   =      1829.0557  DIHED      =      2871.5346
 1-4 NB =       821.7926  1-4 EEL =     10741.6956  VDWAALS    =     12086.6844
 EELEC  =   -130770.3527  EHBOND  =         0.0000  RESTRAINT  =        48.8064
 EAMBER (non-restraint)  =   -101774.6346
 ------------------------------------------------------------------------------


 NSTEP =     2000   TIME(PS) =      44.000  TEMP(K) =   299.99  PRESS =     0.0
 Etot   =    -80882.3272  EKtot   =     20899.9883  EPtot      =   -101782.3154
 BOND   =       629.0283  ANGLE   =      1864.0107  DIHED      =      2877.2224
 1-4 NB =       821.3327  1-4 EEL =     10743.6013  VDWAALS    =     11903.9095
 EELEC  =   -130672.4059  EHBOND  =         0.0000  RESTRAINT  =        50.9856
 EAMBER (non-restraint)  =   -101833.3011
 ------------------------------------------------------------------------------


 NSTEP =     2500   TIME(PS) =      45.000  TEMP(K) =   302.48  PRESS =     0.0
 Etot   =    -80862.0420  EKtot   =     21073.3789  EPtot      =   -101935.4209
 BOND   =       658.6401  ANGLE   =      1860.0847  DIHED      =      2833.5649
 1-4 NB =       808.0181  1-4 EEL =     10699.3620  VDWAALS    =     12256.9919
 EELEC  =   -131108.2129  EHBOND  =         0.0000  RESTRAINT  =        56.1303
 EAMBER (non-restraint)  =   -101991.5512
 ------------------------------------------------------------------------------


 NSTEP =     3000   TIME(PS) =      46.000  TEMP(K) =   301.75  PRESS =     0.0
 Etot   =    -80917.5108  EKtot   =     21022.2207  EPtot      =   -101939.7315
 BOND   =       701.6458  ANGLE   =      1832.5714  DIHED      =      2878.1244
 1-4 NB =       805.6356  1-4 EEL =     10696.9675  VDWAALS    =     12163.2699
 EELEC  =   -131062.9787  EHBOND  =         0.0000  RESTRAINT  =        45.0326
 EAMBER (non-restraint)  =   -101984.7641
 ------------------------------------------------------------------------------


 NSTEP =     3500   TIME(PS) =      47.000  TEMP(K) =   300.17  PRESS =     0.0
 Etot   =    -80916.0051  EKtot   =     20912.5742  EPtot      =   -101828.5793
 BOND   =       657.8332  ANGLE   =      1881.8413  DIHED      =      2851.0779
 1-4 NB =       842.0142  1-4 EEL =     10769.0750  VDWAALS    =     11951.0320
 EELEC  =   -130830.8927  EHBOND  =         0.0000  RESTRAINT  =        49.4397
 EAMBER (non-restraint)  =   -101878.0191
 ------------------------------------------------------------------------------


 NSTEP =     4000   TIME(PS) =      48.000  TEMP(K) =   299.07  PRESS =     0.0
 Etot   =    -80922.3394  EKtot   =     20835.8438  EPtot      =   -101758.1831
 BOND   =       658.8248  ANGLE   =      1861.4174  DIHED      =      2869.7103
 1-4 NB =       801.3209  1-4 EEL =     10727.6271  VDWAALS    =     12070.9025
 EELEC  =   -130792.8400  EHBOND  =         0.0000  RESTRAINT  =        44.8540
 EAMBER (non-restraint)  =   -101803.0371
 ------------------------------------------------------------------------------


 NSTEP =     4500   TIME(PS) =      49.000  TEMP(K) =   298.41  PRESS =     0.0
 Etot   =    -80912.5025  EKtot   =     20789.8672  EPtot      =   -101702.3697
 BOND   =       652.5669  ANGLE   =      1873.7834  DIHED      =      2881.6270
 1-4 NB =       821.7458  1-4 EEL =     10737.4266  VDWAALS    =     12019.2404
 EELEC  =   -130729.4201  EHBOND  =         0.0000  RESTRAINT  =        40.6603
 EAMBER (non-restraint)  =   -101743.0299
 ------------------------------------------------------------------------------


 NSTEP =     5000   TIME(PS) =      50.000  TEMP(K) =   298.80  PRESS =     0.0
 Etot   =    -80905.4074  EKtot   =     20817.1211  EPtot      =   -101722.5285
 BOND   =       664.9231  ANGLE   =      1878.6666  DIHED      =      2880.6648
 1-4 NB =       812.1014  1-4 EEL =     10730.7895  VDWAALS    =     12046.6020
 EELEC  =   -130786.7010  EHBOND  =         0.0000  RESTRAINT  =        50.4252
 EAMBER (non-restraint)  =   -101772.9538
 ------------------------------------------------------------------------------


 NSTEP =     5500   TIME(PS) =      51.000  TEMP(K) =   300.33  PRESS =     0.0
 Etot   =    -80875.8420  EKtot   =     20923.5332  EPtot      =   -101799.3752
 BOND   =       648.4831  ANGLE   =      1879.8947  DIHED      =      2855.3764
 1-4 NB =       817.5964  1-4 EEL =     10694.3453  VDWAALS    =     12309.9921
 EELEC  =   -131046.9039  EHBOND  =         0.0000  RESTRAINT  =        41.8408
 EAMBER (non-restraint)  =   -101841.2159
 ------------------------------------------------------------------------------


 NSTEP =     6000   TIME(PS) =      52.000  TEMP(K) =   299.58  PRESS =     0.0
 Etot   =    -80850.8509  EKtot   =     20870.9453  EPtot      =   -101721.7962
 BOND   =       689.5496  ANGLE   =      1865.3292  DIHED      =      2863.9118
 1-4 NB =       825.7422  1-4 EEL =     10755.7558  VDWAALS    =     12083.0549
 EELEC  =   -130852.9745  EHBOND  =         0.0000  RESTRAINT  =        47.8348
 EAMBER (non-restraint)  =   -101769.6310
 ------------------------------------------------------------------------------


 NSTEP =     6500   TIME(PS) =      53.000  TEMP(K) =   299.35  PRESS =     0.0
 Etot   =    -80819.8592  EKtot   =     20854.9102  EPtot      =   -101674.7693
 BOND   =       673.5154  ANGLE   =      1807.8422  DIHED      =      2907.9989
 1-4 NB =       824.1460  1-4 EEL =     10770.4025  VDWAALS    =     12287.0043
 EELEC  =   -130988.0306  EHBOND  =         0.0000  RESTRAINT  =        42.3520
 EAMBER (non-restraint)  =   -101717.1213
 ------------------------------------------------------------------------------


 NSTEP =     7000   TIME(PS) =      54.000  TEMP(K) =   299.89  PRESS =     0.0
 Etot   =    -80823.4713  EKtot   =     20892.9141  EPtot      =   -101716.3854
 BOND   =       673.9620  ANGLE   =      1851.8064  DIHED      =      2869.3450
 1-4 NB =       834.3587  1-4 EEL =     10757.2115  VDWAALS    =     12115.8015
 EELEC  =   -130869.1358  EHBOND  =         0.0000  RESTRAINT  =        50.2654
 EAMBER (non-restraint)  =   -101766.6508
 ------------------------------------------------------------------------------


 NSTEP =     7500   TIME(PS) =      55.000  TEMP(K) =   299.70  PRESS =     0.0
 Etot   =    -80830.2135  EKtot   =     20879.4121  EPtot      =   -101709.6256
 BOND   =       638.0382  ANGLE   =      1839.1912  DIHED      =      2856.6053
 1-4 NB =       834.9773  1-4 EEL =     10750.6769  VDWAALS    =     12283.4109
 EELEC  =   -130959.4123  EHBOND  =         0.0000  RESTRAINT  =        46.8869
 EAMBER (non-restraint)  =   -101756.5125
 ------------------------------------------------------------------------------


 NSTEP =     8000   TIME(PS) =      56.000  TEMP(K) =   299.28  PRESS =     0.0
 Etot   =    -80837.1008  EKtot   =     20850.0879  EPtot      =   -101687.1887
 BOND   =       692.8667  ANGLE   =      1871.0746  DIHED      =      2882.8511
 1-4 NB =       808.1937  1-4 EEL =     10720.2584  VDWAALS    =     11994.3234
 EELEC  =   -130699.5308  EHBOND  =         0.0000  RESTRAINT  =        42.7742
 EAMBER (non-restraint)  =   -101729.9629
 ------------------------------------------------------------------------------


 NSTEP =     8500   TIME(PS) =      57.000  TEMP(K) =   300.38  PRESS =     0.0
 Etot   =    -80885.7608  EKtot   =     20926.8379  EPtot      =   -101812.5987
 BOND   =       656.3291  ANGLE   =      1822.1751  DIHED      =      2844.9073
 1-4 NB =       845.5084  1-4 EEL =     10773.0464  VDWAALS    =     12157.5162
 EELEC  =   -130963.2636  EHBOND  =         0.0000  RESTRAINT  =        51.1825
 EAMBER (non-restraint)  =   -101863.7812
 ------------------------------------------------------------------------------


 NSTEP =     9000   TIME(PS) =      58.000  TEMP(K) =   299.80  PRESS =     0.0
 Etot   =    -80910.3592  EKtot   =     20886.7949  EPtot      =   -101797.1541
 BOND   =       634.3921  ANGLE   =      1882.3654  DIHED      =      2884.6809
 1-4 NB =       803.0800  1-4 EEL =     10700.1894  VDWAALS    =     12071.0198
 EELEC  =   -130821.8136  EHBOND  =         0.0000  RESTRAINT  =        48.9318
 EAMBER (non-restraint)  =   -101846.0859
 ------------------------------------------------------------------------------


 NSTEP =     9500   TIME(PS) =      59.000  TEMP(K) =   302.69  PRESS =     0.0
 Etot   =    -80909.3842  EKtot   =     21087.6055  EPtot      =   -101996.9897
 BOND   =       721.5285  ANGLE   =      1884.6454  DIHED      =      2859.8706
 1-4 NB =       781.3870  1-4 EEL =     10719.0589  VDWAALS    =     11924.4497
 EELEC  =   -130934.4164  EHBOND  =         0.0000  RESTRAINT  =        46.4866
 EAMBER (non-restraint)  =   -102043.4763
 ------------------------------------------------------------------------------


 NSTEP =    10000   TIME(PS) =      60.000  TEMP(K) =   301.75  PRESS =     0.0
 Etot   =    -80909.5029  EKtot   =     21022.5996  EPtot      =   -101932.1025
 BOND   =       654.1248  ANGLE   =      1861.8045  DIHED      =      2873.6781
 1-4 NB =       815.1847  1-4 EEL =     10716.3687  VDWAALS    =     12014.4947
 EELEC  =   -130911.5674  EHBOND  =         0.0000  RESTRAINT  =        43.8094
 EAMBER (non-restraint)  =   -101975.9119
 ------------------------------------------------------------------------------


      A V E R A G E S   O V E R      20 S T E P S


 NSTEP =    10000   TIME(PS) =      60.000  TEMP(K) =   300.12  PRESS =     0.0
 Etot   =    -80881.0491  EKtot   =     20908.6919  EPtot      =   -101789.7410
 BOND   =       665.6684  ANGLE   =      1857.8329  DIHED      =      2868.9876
 1-4 NB =       816.7779  1-4 EEL =     10733.2403  VDWAALS    =     12109.2265
 EELEC  =   -130888.7589  EHBOND  =         0.0000  RESTRAINT  =        47.2842
 EAMBER (non-restraint)  =   -101837.0252
 ------------------------------------------------------------------------------


      R M S  F L U C T U A T I O N S


 NSTEP =    10000   TIME(PS) =      60.000  TEMP(K) =     1.19  PRESS =     0.0
 Etot   =        34.1676  EKtot   =        82.6520  EPtot      =        93.7847
 BOND   =        23.2598  ANGLE   =        21.7798  DIHED      =        17.8863
 1-4 NB =        15.0610  1-4 EEL =        24.1835  VDWAALS    =       122.2110
 EELEC  =       123.1497  EHBOND  =         0.0000  RESTRAINT  =         3.7746
 EAMBER (non-restraint)  =        90.0101
 ------------------------------------------------------------------------------

--------------------------------------------------------------------------------
   5.  TIMINGS
--------------------------------------------------------------------------------

|  NonSetup CPU Time in Major Routines:
|
|     Routine           Sec        %
|     ------------------------------
|     Nonbond           0.79   15.97
|     Bond              0.00    0.00
|     Angle             0.00    0.00
|     Dihedral          0.00    0.00
|     Shake             0.05    0.97
|     RunMD             4.12   82.85
|     Other             0.01    0.21
|     ------------------------------
|     Total             4.97

|  PME Nonbond Pairlist CPU Time:
|
|     Routine              Sec        %
|     ---------------------------------
|     Set Up Cit           0.00    0.00
|     Build List           0.00    0.00
|     ---------------------------------
|     Total                0.00    0.00

|  PME Direct Force CPU Time:
|
|     Routine              Sec        %
|     ---------------------------------
|     NonBonded Calc       0.00    0.00
|     Exclude Masked       0.00    0.00
|     Other                0.01    0.13
|     ---------------------------------
|     Total                0.01    0.13

|  PME Reciprocal Force CPU Time:
|
|     Routine              Sec        %
|     ---------------------------------
|     1D bspline           0.00    0.00
|     Grid Charges         0.00    0.00
|     Scalar Sum           0.00    0.00
|     Gradient Sum         0.00    0.00
|     FFT                  0.00    0.00
|     ---------------------------------
|     Total                0.00    0.00

|  Final Performance Info:
|     -----------------------------------------------------
|     Average timings for last    9500 steps:
|     Elapsed(s) =       4.72 Per Step(ms) =       0.50
|         ns/day =     347.98   seconds/ns =     248.29
|
|     Average timings for all steps:
|     Elapsed(s) =       4.97 Per Step(ms) =       0.50
|         ns/day =     347.82   seconds/ns =     248.40
|     -----------------------------------------------------

|  Setup CPU time:            0.48 seconds
|  NonSetup CPU time:         4.97 seconds
|  Total CPU time:            5.45 seconds     0.00 hours

|  Setup wall time:           0    seconds
|  NonSetup wall time:        5    seconds
|  Total wall time:           5    seconds     0.00 hours
