
          -------------------------------------------------------
          Amber 24 PMEMD                              2024
          -------------------------------------------------------

| PMEMD implementation of SANDER, Release 24

|  Compiled date/time: Mon Feb  3 14:39:30 2025
| Run on 09/14/2025 at 09:43:30

|   Executable path: /home/jacosta19/software/amber24/bin/pmemd.cuda_SPFP
| Working directory: /home/jacosta19/Desktop/GFP_MD/1yfp
|          Hostname: Unknown
  [-O]verwriting output

File Assignments:
|   MDIN: h.in                                                                  
|  MDOUT: GFP.1yfp.h.out                                                        
| INPCRD: GFP.1yfp.min.ncrst                                                    
|   PARM: GFP.1yfp.top                                                          
| RESTRT: GFP.1yfp.h.ncrst                                                      
|   REFC: GFP.1yfp.min.ncrst                                                    
|  MDVEL: mdvel                                                                 
|   MDEN: mden                                                                  
|  MDCRD: GFP.1yfp.h.nc                                                         
| MDINFO: mdinfo                                                                
|  MDFRC: mdfrc                                                                 


 Here is the input file:

calentamiento 100 --> 300 k = 20 V=cte (ntb=1)                                 
&cntrl                                                                         
 nstlim = 10000, dt = 0.002, cut = 9., ioutfm = 1,                             
 ntx = 1, irest = 0, iwrap=0,                                                  
 ntpr = 500, ntwr = 500, ntwx = 500,                                           
 tempi = 100.0, temp0 = 300.0,                                                 
 ntt = 1,                                                                      
 ntb = 1,                                                                      
 ntc = 2, ntf = 2,                                                             
 ntr = 1, restraint_wt = 5.0, restraintmask = ":1-225@CA"                      
&end                                                                           
&wt                                                                            
type="END",                                                                    
&end                                                                           
                                                                               


Note: ig = -1. Setting random seed to   596791 based on wallclock time in 
      microseconds.
| irandom = 1, using AMBER's internal random number generator (default).
 
|--------------------- INFORMATION ----------------------
| GPU (CUDA) Version of PMEMD in use: NVIDIA GPU IN USE.
|                    Version 18.0.0
| 
|                      03/25/2018
| 
| Implementation by:
|                    Ross C. Walker     (SDSC)
|                    Scott Le Grand     (nVIDIA)
| 
| Version 18 performance extensions by:
|                    David Cerutti     (Rutgers)
| 
| Precision model in use:
|      [SPFP] - Single Precision Forces, 64-bit Fixed Point
|               Accumulation. (Default)
| 
|--------------------------------------------------------
 
|----------------- CITATION INFORMATION -----------------
|
|    When publishing work that utilized the CUDA version
|    of AMBER, please cite the following in addition to
|    the regular AMBER citations:
|
|  - Romelia Salomon-Ferrer; Andreas W. Goetz; Duncan
|    Poole; Scott Le Grand; Ross C. Walker "Routine
|    microsecond molecular dynamics simulations with
|    AMBER - Part II: Particle Mesh Ewald", J. Chem.
|    Theory Comput., 2013, 9 (9), pp3878-3888,
|    DOI: 10.1021/ct400314y.
|
|  - Andreas W. Goetz; Mark J. Williamson; Dong Xu;
|    Duncan Poole; Scott Le Grand; Ross C. Walker
|    "Routine microsecond molecular dynamics simulations
|    with AMBER - Part I: Generalized Born", J. Chem.
|    Theory Comput., 2012, 8 (5), pp1542-1555.
|
|  - Scott Le Grand; Andreas W. Goetz; Ross C. Walker
|    "SPFP: Speed without compromise - a mixed precision
|    model for GPU accelerated molecular dynamics
|    simulations.", Comp. Phys. Comm., 2013, 184
|    pp374-380, DOI: 10.1016/j.cpc.2012.09.022
|
|--------------------------------------------------------
 
|------------------- GPU DEVICE INFO --------------------
|
|            CUDA_VISIBLE_DEVICES: not set
|   CUDA Capable Devices Detected:      1
|           CUDA Device ID in use:      0
|                CUDA Device Name: NVIDIA GeForce RTX 2080 Ti
|     CUDA Device Global Mem Size:  10825 MB
| CUDA Device Num Multiprocessors:     68
|           CUDA Device Core Freq:   1.54 GHz
|
|--------------------------------------------------------
 
 
| Conditional Compilation Defines Used:
| PUBFFT
| BINTRAJ
| CUDA
| EMIL

| Largest sphere to fit in unit cell has radius =    34.138

| New format PARM file being parsed.
| Version =    1.000 Date = 09/09/25 Time = 15:45:24

| Note: 1-4 EEL scale factors are being read from the topology file.

| Note: 1-4 VDW scale factors are being read from the topology file.
| Duplicated    0 dihedrals

| Duplicated    0 dihedrals

--------------------------------------------------------------------------------
   1.  RESOURCE   USE: 
--------------------------------------------------------------------------------

 getting box info from netcdf restart file
 NATOM  =   34150 NTYPES =      16 NBONH =   32333 MBONA  =    1856
 NTHETH =    4021 MTHETA =    2510 NPHIH =    8146 MPHIA  =    7859
 NHPARM =       0 NPARM  =       0 NNB   =   60513 NRES   =   10422
 NBONA  =    1856 NTHETA =    2510 NPHIA =    7859 NUMBND =      78
 NUMANG =     179 NPTRA  =     199 NATYP =      39 NPHB   =       0
 IFBOX  =       1 NMXRS  =      30 IFCAP =       0 NEXTRA =       0
 NCOPY  =       0

| Coordinate Index Table dimensions:    17   14   13
| Direct force subcell size =     5.0129    5.2114    5.2520

     BOX TYPE: RECTILINEAR

--------------------------------------------------------------------------------
   2.  CONTROL  DATA  FOR  THE  RUN
--------------------------------------------------------------------------------

default_name                                                                    

General flags:
     imin    =       0, nmropt  =       0

Nature and format of input:
     ntx     =       1, irest   =       0, ntrx    =       1

Nature and format of output:
     ntxo    =       2, ntpr    =     500, ntrx    =       1, ntwr    =     500
     iwrap   =       0, ntwx    =     500, ntwv    =       0, ntwe    =       0
     ioutfm  =       1, ntwprt  =       0, idecomp =       0, rbornstat=      0

Potential function:
     ntf     =       2, ntb     =       1, igb     =       0, nsnb    =      25
     ipol    =       0, gbsa    =       0, iesp    =       0
     dielc   =   1.00000, cut     =   9.00000, intdiel =   1.00000

Frozen or restrained atoms:
     ibelly  =       0, ntr     =       1
     restraint_wt =   5.00000

Molecular dynamics:
     nstlim  =     10000, nscm    =         0, nrespa  =         1
     t       =   0.00000, dt      =   0.00200, vlimit  =  -1.00000

Berendsen (weak-coupling) temperature regulation:
     temp0   = 300.00000, tempi   = 100.00000, tautp   =   1.00000

SHAKE:
     ntc     =       2, jfastw  =       0
     tol     =   0.00001

| Intermolecular bonds treatment:
|     no_intermolecular_bonds =       1

| Energy averages sample interval:
|     ene_avg_sampling =     500

Ewald parameters:
     verbose =       0, ew_type =       0, nbflag  =       1, use_pme =       1
     vdwmeth =       1, eedmeth =       1, netfrc  =       1
     Box X =   85.219   Box Y =   72.959   Box Z =   68.277
     Alpha =   90.000   Beta  =   90.000   Gamma =   90.000
     NFFT1 =   96       NFFT2 =   80       NFFT3 =   72
     Cutoff=    9.000   Tol   =0.100E-04
     Ewald Coefficient =  0.30768
     Interpolation order =    4

    LOADING THE CONSTRAINED ATOMS AS GROUPS


   5.  REFERENCE ATOM COORDINATES

  default_name                                                                    
     Mask :1-225@CA; matches   224 atoms

--------------------------------------------------------------------------------
   3.  ATOMIC COORDINATES AND VELOCITIES
--------------------------------------------------------------------------------

default_name                                                                    
 begin time read from input coords =     0.000 ps

 
 Number of triangulated 3-point waters found:    10191

     Sum of charges from parm topology file =  -0.00000110
     Forcing neutrality...

| Dynamic Memory, Types Used:
| Reals             1127552
| Integers          1356654

| Nonbonded Pairs Initial Allocation:     7786200

| GPU memory information (estimate):
| KB of GPU memory in use:    122815
| KB of CPU memory in use:     66367

--------------------------------------------------------------------------------
   4.  RESULTS
--------------------------------------------------------------------------------


 NSTEP =        0   TIME(PS) =       0.000  TEMP(K) =   145.91  PRESS =     0.0
 Etot   =   -138847.9409  EKtot   =     10164.9625  EPtot      =   -149012.9034
 BOND   =        94.7528  ANGLE   =       522.9165  DIHED      =      2594.8849
 1-4 NB =       735.5509  1-4 EEL =     10800.7255  VDWAALS    =     29764.6268
 EELEC  =   -193526.3609  EHBOND  =         0.0000  RESTRAINT  =         0.0000
 ------------------------------------------------------------------------------


 NSTEP =      500   TIME(PS) =       1.000  TEMP(K) =   150.56  PRESS =     0.0
 Etot   =   -106420.6670  EKtot   =     10489.3340  EPtot      =   -116910.0010
 BOND   =       381.5191  ANGLE   =      1138.1878  DIHED      =      2727.4783
 1-4 NB =       751.3158  1-4 EEL =     10752.2286  VDWAALS    =     17693.6724
 EELEC  =   -150404.0375  EHBOND  =         0.0000  RESTRAINT  =        49.6345
 EAMBER (non-restraint)  =   -116959.6355
 ------------------------------------------------------------------------------


 NSTEP =     1000   TIME(PS) =       2.000  TEMP(K) =   203.15  PRESS =     0.0
 Etot   =    -98025.2939  EKtot   =     14152.9121  EPtot      =   -112178.2060
 BOND   =       460.5377  ANGLE   =      1367.3727  DIHED      =      2833.5370
 1-4 NB =       807.6064  1-4 EEL =     10764.3857  VDWAALS    =     16170.9835
 EELEC  =   -144643.1394  EHBOND  =         0.0000  RESTRAINT  =        60.5104
 EAMBER (non-restraint)  =   -112238.7164
 ------------------------------------------------------------------------------


 NSTEP =     1500   TIME(PS) =       3.000  TEMP(K) =   236.82  PRESS =     0.0
 Etot   =    -92640.9043  EKtot   =     16498.7012  EPtot      =   -109139.6055
 BOND   =       512.6905  ANGLE   =      1548.6814  DIHED      =      2857.0251
 1-4 NB =       824.7548  1-4 EEL =     10737.4549  VDWAALS    =     15305.2405
 EELEC  =   -140991.3861  EHBOND  =         0.0000  RESTRAINT  =        65.9334
 EAMBER (non-restraint)  =   -109205.5389
 ------------------------------------------------------------------------------


 NSTEP =     2000   TIME(PS) =       4.000  TEMP(K) =   254.81  PRESS =     0.0
 Etot   =    -89008.1518  EKtot   =     17751.7715  EPtot      =   -106759.9232
 BOND   =       605.6162  ANGLE   =      1693.3720  DIHED      =      2865.9373
 1-4 NB =       814.6396  1-4 EEL =     10792.3775  VDWAALS    =     14438.1192
 EELEC  =   -138040.3281  EHBOND  =         0.0000  RESTRAINT  =        70.3430
 EAMBER (non-restraint)  =   -106830.2663
 ------------------------------------------------------------------------------


 NSTEP =     2500   TIME(PS) =       5.000  TEMP(K) =   269.21  PRESS =     0.0
 Etot   =    -86486.4134  EKtot   =     18755.0977  EPtot      =   -105241.5110
 BOND   =       628.2668  ANGLE   =      1779.9540  DIHED      =      2888.6357
 1-4 NB =       845.9300  1-4 EEL =     10801.6158  VDWAALS    =     13854.1128
 EELEC  =   -136104.6984  EHBOND  =         0.0000  RESTRAINT  =        64.6723
 EAMBER (non-restraint)  =   -105306.1833
 ------------------------------------------------------------------------------


 NSTEP =     3000   TIME(PS) =       6.000  TEMP(K) =   276.71  PRESS =     0.0
 Etot   =    -84698.5979  EKtot   =     19277.4961  EPtot      =   -103976.0940
 BOND   =       653.8731  ANGLE   =      1910.6909  DIHED      =      2885.4342
 1-4 NB =       828.6308  1-4 EEL =     10720.4877  VDWAALS    =     13507.5927
 EELEC  =   -134553.8286  EHBOND  =         0.0000  RESTRAINT  =        71.0251
 EAMBER (non-restraint)  =   -104047.1191
 ------------------------------------------------------------------------------


 NSTEP =     3500   TIME(PS) =       7.000  TEMP(K) =   285.09  PRESS =     0.0
 Etot   =    -83433.7878  EKtot   =     19861.5195  EPtot      =   -103295.3073
 BOND   =       695.5099  ANGLE   =      1894.4131  DIHED      =      2922.9716
 1-4 NB =       845.2329  1-4 EEL =     10766.7957  VDWAALS    =     12865.3919
 EELEC  =   -133357.5417  EHBOND  =         0.0000  RESTRAINT  =        71.9193
 EAMBER (non-restraint)  =   -103367.2266
 ------------------------------------------------------------------------------


 NSTEP =     4000   TIME(PS) =       8.000  TEMP(K) =   290.21  PRESS =     0.0
 Etot   =    -82534.6986  EKtot   =     20218.6836  EPtot      =   -102753.3822
 BOND   =       705.7703  ANGLE   =      1927.9059  DIHED      =      2923.8305
 1-4 NB =       828.0357  1-4 EEL =     10695.3013  VDWAALS    =     12583.1822
 EELEC  =   -132488.5049  EHBOND  =         0.0000  RESTRAINT  =        71.0970
 EAMBER (non-restraint)  =   -102824.4791
 ------------------------------------------------------------------------------


 NSTEP =     4500   TIME(PS) =       9.000  TEMP(K) =   292.47  PRESS =     0.0
 Etot   =    -81909.4744  EKtot   =     20375.4570  EPtot      =   -102284.9314
 BOND   =       713.2449  ANGLE   =      1974.9162  DIHED      =      2887.3588
 1-4 NB =       800.8757  1-4 EEL =     10723.9291  VDWAALS    =     12512.6255
 EELEC  =   -131965.7423  EHBOND  =         0.0000  RESTRAINT  =        67.8607
 EAMBER (non-restraint)  =   -102352.7921
 ------------------------------------------------------------------------------


 NSTEP =     5000   TIME(PS) =      10.000  TEMP(K) =   294.52  PRESS =     0.0
 Etot   =    -81430.1159  EKtot   =     20518.4180  EPtot      =   -101948.5339
 BOND   =       709.9900  ANGLE   =      1933.0510  DIHED      =      2912.0939
 1-4 NB =       816.5787  1-4 EEL =     10752.4637  VDWAALS    =     12377.5060
 EELEC  =   -131521.9710  EHBOND  =         0.0000  RESTRAINT  =        71.7538
 EAMBER (non-restraint)  =   -102020.2877
 ------------------------------------------------------------------------------


 NSTEP =     5500   TIME(PS) =      11.000  TEMP(K) =   296.82  PRESS =     0.0
 Etot   =    -81101.1480  EKtot   =     20679.1270  EPtot      =   -101780.2749
 BOND   =       730.1417  ANGLE   =      1964.1750  DIHED      =      2922.0506
 1-4 NB =       815.8039  1-4 EEL =     10687.2261  VDWAALS    =     12336.5328
 EELEC  =   -131303.8473  EHBOND  =         0.0000  RESTRAINT  =        67.6422
 EAMBER (non-restraint)  =   -101847.9171
 ------------------------------------------------------------------------------


 NSTEP =     6000   TIME(PS) =      12.000  TEMP(K) =   298.77  PRESS =     0.0
 Etot   =    -80915.3176  EKtot   =     20814.5293  EPtot      =   -101729.8469
 BOND   =       664.3469  ANGLE   =      1913.8574  DIHED      =      2910.2904
 1-4 NB =       826.6557  1-4 EEL =     10790.5157  VDWAALS    =     12333.8544
 EELEC  =   -131245.7593  EHBOND  =         0.0000  RESTRAINT  =        76.3919
 EAMBER (non-restraint)  =   -101806.2388
 ------------------------------------------------------------------------------


 NSTEP =     6500   TIME(PS) =      13.000  TEMP(K) =   298.59  PRESS =     0.0
 Etot   =    -80746.6482  EKtot   =     20802.1270  EPtot      =   -101548.7751
 BOND   =       709.3785  ANGLE   =      1886.7444  DIHED      =      2911.6552
 1-4 NB =       821.1252  1-4 EEL =     10734.6458  VDWAALS    =     12146.6994
 EELEC  =   -130828.7987  EHBOND  =         0.0000  RESTRAINT  =        69.7751
 EAMBER (non-restraint)  =   -101618.5502
 ------------------------------------------------------------------------------


 NSTEP =     7000   TIME(PS) =      14.000  TEMP(K) =   297.22  PRESS =     0.0
 Etot   =    -80656.1830  EKtot   =     20706.5215  EPtot      =   -101362.7045
 BOND   =       716.0487  ANGLE   =      1882.4828  DIHED      =      2896.0621
 1-4 NB =       810.1910  1-4 EEL =     10699.5543  VDWAALS    =     12310.0311
 EELEC  =   -130749.3681  EHBOND  =         0.0000  RESTRAINT  =        72.2936
 EAMBER (non-restraint)  =   -101434.9981
 ------------------------------------------------------------------------------


 NSTEP =     7500   TIME(PS) =      15.000  TEMP(K) =   299.86  PRESS =     0.0
 Etot   =    -80625.1573  EKtot   =     20890.7852  EPtot      =   -101515.9425
 BOND   =       683.8154  ANGLE   =      1863.9577  DIHED      =      2922.1625
 1-4 NB =       813.7008  1-4 EEL =     10742.2699  VDWAALS    =     12457.0374
 EELEC  =   -131077.4476  EHBOND  =         0.0000  RESTRAINT  =        78.5613
 EAMBER (non-restraint)  =   -101594.5038
 ------------------------------------------------------------------------------


 NSTEP =     8000   TIME(PS) =      16.000  TEMP(K) =   301.31  PRESS =     0.0
 Etot   =    -80650.1868  EKtot   =     20991.5430  EPtot      =   -101641.7297
 BOND   =       683.2451  ANGLE   =      1863.3517  DIHED      =      2883.3562
 1-4 NB =       830.5259  1-4 EEL =     10810.8687  VDWAALS    =     12087.7952
 EELEC  =   -130871.5333  EHBOND  =         0.0000  RESTRAINT  =        70.6608
 EAMBER (non-restraint)  =   -101712.3906
 ------------------------------------------------------------------------------


 NSTEP =     8500   TIME(PS) =      17.000  TEMP(K) =   300.08  PRESS =     0.0
 Etot   =    -80663.4867  EKtot   =     20905.7070  EPtot      =   -101569.1937
 BOND   =       699.0679  ANGLE   =      1888.4896  DIHED      =      2882.8034
 1-4 NB =       837.1840  1-4 EEL =     10827.3144  VDWAALS    =     12297.9743
 EELEC  =   -131067.2010  EHBOND  =         0.0000  RESTRAINT  =        65.1738
 EAMBER (non-restraint)  =   -101634.3675
 ------------------------------------------------------------------------------


 NSTEP =     9000   TIME(PS) =      18.000  TEMP(K) =   299.28  PRESS =     0.0
 Etot   =    -80674.4503  EKtot   =     20849.9844  EPtot      =   -101524.4347
 BOND   =       683.6127  ANGLE   =      1881.6330  DIHED      =      2915.9083
 1-4 NB =       819.3246  1-4 EEL =     10765.8032  VDWAALS    =     12178.8854
 EELEC  =   -130841.6113  EHBOND  =         0.0000  RESTRAINT  =        72.0094
 EAMBER (non-restraint)  =   -101596.4441
 ------------------------------------------------------------------------------


 NSTEP =     9500   TIME(PS) =      19.000  TEMP(K) =   299.47  PRESS =     0.0
 Etot   =    -80689.2841  EKtot   =     20863.1992  EPtot      =   -101552.4833
 BOND   =       677.4051  ANGLE   =      1839.8814  DIHED      =      2884.5921
 1-4 NB =       833.6071  1-4 EEL =     10821.2940  VDWAALS    =     12166.1745
 EELEC  =   -130837.9999  EHBOND  =         0.0000  RESTRAINT  =        62.5624
 EAMBER (non-restraint)  =   -101615.0457
 ------------------------------------------------------------------------------


 NSTEP =    10000   TIME(PS) =      20.000  TEMP(K) =   302.29  PRESS =     0.0
 Etot   =    -80654.0976  EKtot   =     21059.9375  EPtot      =   -101714.0351
 BOND   =       684.3688  ANGLE   =      1868.9464  DIHED      =      2886.4615
 1-4 NB =       825.7577  1-4 EEL =     10795.5098  VDWAALS    =     12091.1558
 EELEC  =   -130947.1820  EHBOND  =         0.0000  RESTRAINT  =        80.9467
 EAMBER (non-restraint)  =   -101794.9818
 ------------------------------------------------------------------------------


      A V E R A G E S   O V E R      20 S T E P S


 NSTEP =    10000   TIME(PS) =      20.000  TEMP(K) =   277.36  PRESS =     0.0
 Etot   =    -84698.2032  EKtot   =     19323.1426  EPtot      =   -104021.3458
 BOND   =       649.9225  ANGLE   =      1801.1032  DIHED      =      2885.9822
 1-4 NB =       819.8738  1-4 EEL =     10759.1021  VDWAALS    =     13185.7283
 EELEC  =   -134192.0963  EHBOND  =         0.0000  RESTRAINT  =        69.0383
 EAMBER (non-restraint)  =   -104090.3841
 ------------------------------------------------------------------------------


      R M S  F L U C T U A T I O N S


 NSTEP =    10000   TIME(PS) =      20.000  TEMP(K) =    38.35  PRESS =     0.0
 Etot   =      6768.1134  EKtot   =      2672.0394  EPtot      =      4100.8971
 BOND   =        90.6379  ANGLE   =       208.4564  DIHED      =        43.2911
 1-4 NB =        19.4572  1-4 EEL =        40.9339  VDWAALS    =      1524.5580
 EELEC  =      5273.7499  EHBOND  =         0.0000  RESTRAINT  =         6.6064
 EAMBER (non-restraint)  =      4094.2907
 ------------------------------------------------------------------------------

--------------------------------------------------------------------------------
   5.  TIMINGS
--------------------------------------------------------------------------------

|  NonSetup CPU Time in Major Routines:
|
|     Routine           Sec        %
|     ------------------------------
|     Nonbond           0.77   15.94
|     Bond              0.00    0.00
|     Angle             0.00    0.00
|     Dihedral          0.00    0.00
|     Shake             0.05    1.01
|     RunMD             3.99   82.81
|     Other             0.01    0.24
|     ------------------------------
|     Total             4.82

|  PME Nonbond Pairlist CPU Time:
|
|     Routine              Sec        %
|     ---------------------------------
|     Set Up Cit           0.00    0.00
|     Build List           0.00    0.00
|     ---------------------------------
|     Total                0.00    0.00

|  PME Direct Force CPU Time:
|
|     Routine              Sec        %
|     ---------------------------------
|     NonBonded Calc       0.00    0.00
|     Exclude Masked       0.00    0.00
|     Other                0.01    0.13
|     ---------------------------------
|     Total                0.01    0.13

|  PME Reciprocal Force CPU Time:
|
|     Routine              Sec        %
|     ---------------------------------
|     1D bspline           0.00    0.00
|     Grid Charges         0.00    0.00
|     Scalar Sum           0.00    0.00
|     Gradient Sum         0.00    0.00
|     FFT                  0.00    0.00
|     ---------------------------------
|     Total                0.00    0.00

|  Final Performance Info:
|     -----------------------------------------------------
|     Average timings for last   10000 steps:
|     Elapsed(s) =       4.82 Per Step(ms) =       0.48
|         ns/day =     358.50   seconds/ns =     241.00
|
|     Average timings for all steps:
|     Elapsed(s) =       4.82 Per Step(ms) =       0.48
|         ns/day =     358.50   seconds/ns =     241.00
|     -----------------------------------------------------

|  Setup CPU time:            0.55 seconds
|  NonSetup CPU time:         4.82 seconds
|  Total CPU time:            5.37 seconds     0.00 hours

|  Setup wall time:           0    seconds
|  NonSetup wall time:        5    seconds
|  Total wall time:           5    seconds     0.00 hours
