
          -------------------------------------------------------
          Amber 24 PMEMD                              2024
          -------------------------------------------------------

| PMEMD implementation of SANDER, Release 24

|  Compiled date/time: Mon Feb  3 14:39:30 2025
| Run on 09/14/2025 at 09:42:00

|   Executable path: /home/jacosta19/software/amber24/bin/pmemd.cuda_SPFP
| Working directory: /home/jacosta19/Desktop/GFP_MD/1yfp
|          Hostname: Unknown
  [-O]verwriting output

File Assignments:
|   MDIN: min2.in                                                               
|  MDOUT: GFP.1yfp.m2.out                                                       
| INPCRD: GFP.1yfp.m1.ncrst                                                     
|   PARM: GFP.1yfp.top                                                          
| RESTRT: GFP.1yfp.m2.ncrst                                                     
|   REFC: GFP.1yfp.m1.ncrst                                                     
|  MDVEL: mdvel                                                                 
|   MDEN: mden                                                                  
|  MDCRD: mdcrd                                                                 
| MDINFO: mdinfo                                                                
|  MDFRC: mdfrc                                                                 


 Here is the input file:

Minimizacion de aguas y contraiones + APL                                      
 &cntrl                                                                        
 ntx = 1, ntrx = 1,                                                            
 ntpr = 500, igb=0,                                                            
 ntf = 1, ntb = 1,                                                             
 nsnb = 10, ntr = 1,                                                           
 imin = 1, maxcyc = 50000, ncyc = 25000,                                       
 ntmin = 1, dx0 = 0.1, drms = 0.01,                                            
 ntp = 0, ntc = 1, cut=9., ioutfm = 1,                                         
 restraint_wt=20., restraintmask=":1-225@CA",                                  
&end                                                                           
&wt                                                                            
type="END",                                                                    
&end                                                                           
                                                                               


Note: ig = -1. Setting random seed to   276970 based on wallclock time in 
      microseconds.
| irandom = 1, using AMBER's internal random number generator (default).
| INFO:    The nsnb ctrl option does not affect nonbonded list update frequency.
|          It does affect steepest descent minimization freq if ntmin == 0
 
|--------------------- INFORMATION ----------------------
| GPU (CUDA) Version of PMEMD in use: NVIDIA GPU IN USE.
|                    Version 18.0.0
| 
|                      03/25/2018
| 
| Implementation by:
|                    Ross C. Walker     (SDSC)
|                    Scott Le Grand     (nVIDIA)
| 
| Version 18 performance extensions by:
|                    David Cerutti     (Rutgers)
| 
| Precision model in use:
|      [SPFP] - Single Precision Forces, 64-bit Fixed Point
|               Accumulation. (Default)
| 
|--------------------------------------------------------
 
|----------------- CITATION INFORMATION -----------------
|
|    When publishing work that utilized the CUDA version
|    of AMBER, please cite the following in addition to
|    the regular AMBER citations:
|
|  - Romelia Salomon-Ferrer; Andreas W. Goetz; Duncan
|    Poole; Scott Le Grand; Ross C. Walker "Routine
|    microsecond molecular dynamics simulations with
|    AMBER - Part II: Particle Mesh Ewald", J. Chem.
|    Theory Comput., 2013, 9 (9), pp3878-3888,
|    DOI: 10.1021/ct400314y.
|
|  - Andreas W. Goetz; Mark J. Williamson; Dong Xu;
|    Duncan Poole; Scott Le Grand; Ross C. Walker
|    "Routine microsecond molecular dynamics simulations
|    with AMBER - Part I: Generalized Born", J. Chem.
|    Theory Comput., 2012, 8 (5), pp1542-1555.
|
|  - Scott Le Grand; Andreas W. Goetz; Ross C. Walker
|    "SPFP: Speed without compromise - a mixed precision
|    model for GPU accelerated molecular dynamics
|    simulations.", Comp. Phys. Comm., 2013, 184
|    pp374-380, DOI: 10.1016/j.cpc.2012.09.022
|
|--------------------------------------------------------
 
|------------------- GPU DEVICE INFO --------------------
|
|            CUDA_VISIBLE_DEVICES: not set
|   CUDA Capable Devices Detected:      1
|           CUDA Device ID in use:      0
|                CUDA Device Name: NVIDIA GeForce RTX 2080 Ti
|     CUDA Device Global Mem Size:  10825 MB
| CUDA Device Num Multiprocessors:     68
|           CUDA Device Core Freq:   1.54 GHz
|
|--------------------------------------------------------
 
 
| Conditional Compilation Defines Used:
| PUBFFT
| BINTRAJ
| CUDA
| EMIL

| Largest sphere to fit in unit cell has radius =    34.138

| New format PARM file being parsed.
| Version =    1.000 Date = 09/09/25 Time = 15:45:24

| Note: 1-4 EEL scale factors are being read from the topology file.

| Note: 1-4 VDW scale factors are being read from the topology file.
| Duplicated    0 dihedrals

| Duplicated    0 dihedrals

--------------------------------------------------------------------------------
   1.  RESOURCE   USE: 
--------------------------------------------------------------------------------

 getting box info from netcdf restart file
 NATOM  =   34150 NTYPES =      16 NBONH =   32333 MBONA  =    1856
 NTHETH =    4021 MTHETA =    2510 NPHIH =    8146 MPHIA  =    7859
 NHPARM =       0 NPARM  =       0 NNB   =   60513 NRES   =   10422
 NBONA  =    1856 NTHETA =    2510 NPHIA =    7859 NUMBND =      78
 NUMANG =     179 NPTRA  =     199 NATYP =      39 NPHB   =       0
 IFBOX  =       1 NMXRS  =      30 IFCAP =       0 NEXTRA =       0
 NCOPY  =       0

| Coordinate Index Table dimensions:    17   14   13
| Direct force subcell size =     5.0129    5.2114    5.2520

     BOX TYPE: RECTILINEAR

--------------------------------------------------------------------------------
   2.  CONTROL  DATA  FOR  THE  RUN
--------------------------------------------------------------------------------

default_name                                                                    

General flags:
     imin    =       1, nmropt  =       0

Nature and format of input:
     ntx     =       1, irest   =       0, ntrx    =       1

Nature and format of output:
     ntxo    =       2, ntpr    =     500, ntrx    =       1, ntwr    =       1
     iwrap   =       0, ntwx    =       0, ntwv    =       0, ntwe    =       0
     ioutfm  =       1, ntwprt  =       0, idecomp =       0, rbornstat=      0

Potential function:
     ntf     =       1, ntb     =       1, igb     =       0, nsnb    =      10
     ipol    =       0, gbsa    =       0, iesp    =       0
     dielc   =   1.00000, cut     =   9.00000, intdiel =   1.00000

Frozen or restrained atoms:
     ibelly  =       0, ntr     =       1
     restraint_wt =  20.00000

Energy minimization:
     maxcyc  =   50000, ncyc    =   25000, ntmin   =       1
     dx0     =   0.10000, drms    =   0.01000

| Intermolecular bonds treatment:
|     no_intermolecular_bonds =       1

| Energy averages sample interval:
|     ene_avg_sampling =       1

Ewald parameters:
     verbose =       0, ew_type =       0, nbflag  =       1, use_pme =       1
     vdwmeth =       1, eedmeth =       1, netfrc  =       0
     Box X =   85.219   Box Y =   72.959   Box Z =   68.277
     Alpha =   90.000   Beta  =   90.000   Gamma =   90.000
     NFFT1 =   96       NFFT2 =   80       NFFT3 =   72
     Cutoff=    9.000   Tol   =0.100E-04
     Ewald Coefficient =  0.30768
     Interpolation order =    4

    LOADING THE CONSTRAINED ATOMS AS GROUPS


   5.  REFERENCE ATOM COORDINATES

  default_name                                                                    
     Mask :1-225@CA; matches   224 atoms

--------------------------------------------------------------------------------
   3.  ATOMIC COORDINATES AND VELOCITIES
--------------------------------------------------------------------------------

default_name                                                                    
 begin time read from input coords =     0.000 ps

 
 Number of triangulated 3-point waters found:    10191

     Sum of charges from parm topology file =  -0.00000110
     Forcing neutrality...

| Dynamic Memory, Types Used:
| Reals             1023342
| Integers          1353134

| Nonbonded Pairs Initial Allocation:     7786200

| GPU memory information (estimate):
| KB of GPU memory in use:    124650
| KB of CPU memory in use:     68202

--------------------------------------------------------------------------------
   4.  RESULTS
--------------------------------------------------------------------------------



   NSTEP       ENERGY          RMS            GMAX         NAME    NUMBER
      1      -1.1706E+05     1.4675E+00     8.2210E+01     NE       2633

 BOND    =     6567.3554  ANGLE   =      469.1741  DIHED      =     2648.2842
 VDWAALS =     8782.1681  EEL     =  -147417.0701  HBOND      =        0.0000
 1-4 VDW =      877.1584  1-4 EEL =    11012.4717  RESTRAINT  =        0.0000


   NSTEP       ENERGY          RMS            GMAX         NAME    NUMBER
    500      -1.2577E+05     1.1684E+00     1.3450E+02     C1        942

 BOND    =     8287.3436  ANGLE   =      515.0307  DIHED      =     2609.0157
 VDWAALS =    16573.0545  EEL     =  -165363.2450  HBOND      =        0.0000
 1-4 VDW =      732.5616  1-4 EEL =    10848.3253  RESTRAINT  =       28.5534
 EAMBER  =  -125797.9136


   NSTEP       ENERGY          RMS            GMAX         NAME    NUMBER
   1000      -1.2838E+05     3.0538E-01     1.9727E+01     C1        942

 BOND    =     8857.3426  ANGLE   =      522.0511  DIHED      =     2596.3177
 VDWAALS =    19323.7350  EEL     =  -171280.9471  HBOND      =        0.0000
 1-4 VDW =      727.7841  1-4 EEL =    10835.5586  RESTRAINT  =       36.4464
 EAMBER  =  -128418.1580


   NSTEP       ENERGY          RMS            GMAX         NAME    NUMBER
   1500      -1.2984E+05     5.9490E-01     4.1725E+01     C1        942

 BOND    =     9198.4974  ANGLE   =      527.5663  DIHED      =     2591.7281
 VDWAALS =    20901.2047  EEL     =  -174659.3057  HBOND      =        0.0000
 1-4 VDW =      725.3499  1-4 EEL =    10829.8173  RESTRAINT  =       40.7188
 EAMBER  =  -129885.1419


   NSTEP       ENERGY          RMS            GMAX         NAME    NUMBER
   2000      -1.3080E+05     2.4518E-01     1.2071E+01     C1        942

 BOND    =     9418.4450  ANGLE   =      527.4833  DIHED      =     2586.4139
 VDWAALS =    21974.6877  EEL     =  -176902.6331  HBOND      =        0.0000
 1-4 VDW =      724.1220  1-4 EEL =    10829.6910  RESTRAINT  =       43.0938
 EAMBER  =  -130841.7903


   NSTEP       ENERGY          RMS            GMAX         NAME    NUMBER
   2500      -1.3151E+05     1.9979E-01     1.7680E+01     CG       1110

 BOND    =     9587.7294  ANGLE   =      529.3294  DIHED      =     2584.2122
 VDWAALS =    22772.9532  EEL     =  -178583.3182  HBOND      =        0.0000
 1-4 VDW =      724.1163  1-4 EEL =    10829.5429  RESTRAINT  =       43.8346
 EAMBER  =  -131555.4348


   NSTEP       ENERGY          RMS            GMAX         NAME    NUMBER
   3000      -1.3206E+05     3.4397E-01     2.1211E+01     CD2      2293

 BOND    =     9714.9709  ANGLE   =      529.7063  DIHED      =     2583.3394
 VDWAALS =    23345.5802  EEL     =  -179834.9536  HBOND      =        0.0000
 1-4 VDW =      723.9283  1-4 EEL =    10828.7421  RESTRAINT  =       44.1343
 EAMBER  =  -132108.6865


   NSTEP       ENERGY          RMS            GMAX         NAME    NUMBER
   3500      -1.3252E+05     4.1876E-01     4.7796E+01     CG       1986

 BOND    =     9817.6813  ANGLE   =      530.6138  DIHED      =     2583.2751
 VDWAALS =    23803.2242  EEL     =  -180848.7098  HBOND      =        0.0000
 1-4 VDW =      723.5615  1-4 EEL =    10827.3001  RESTRAINT  =       44.2547
 EAMBER  =  -132563.0538


   NSTEP       ENERGY          RMS            GMAX         NAME    NUMBER
   4000      -1.3290E+05     1.0213E-01     2.9728E+00     CD2      2293

 BOND    =     9902.1145  ANGLE   =      530.8617  DIHED      =     2583.8666
 VDWAALS =    24186.1151  EEL     =  -181699.5443  HBOND      =        0.0000
 1-4 VDW =      723.5859  1-4 EEL =    10825.7457  RESTRAINT  =       44.5168
 EAMBER  =  -132947.2548


   NSTEP       ENERGY          RMS            GMAX         NAME    NUMBER
   4500      -1.3323E+05     1.9791E-01     1.3022E+01     CD2      2293

 BOND    =     9979.5053  ANGLE   =      530.7898  DIHED      =     2584.4836
 VDWAALS =    24510.7203  EEL     =  -182431.7364  HBOND      =        0.0000
 1-4 VDW =      723.7942  1-4 EEL =    10824.9376  RESTRAINT  =       44.9957
 EAMBER  =  -133277.5056


   NSTEP       ENERGY          RMS            GMAX         NAME    NUMBER
   5000      -1.3352E+05     2.4723E-01     1.9789E+01     CG       1986

 BOND    =    10047.4710  ANGLE   =      530.4140  DIHED      =     2585.0634
 VDWAALS =    24780.6714  EEL     =  -183054.5421  HBOND      =        0.0000
 1-4 VDW =      724.1211  1-4 EEL =    10825.0329  RESTRAINT  =       45.1988
 EAMBER  =  -133561.7684


   NSTEP       ENERGY          RMS            GMAX         NAME    NUMBER
   5500      -1.3377E+05     2.6148E-01     3.3878E+01     CG       1986

 BOND    =    10102.3314  ANGLE   =      530.3243  DIHED      =     2585.7742
 VDWAALS =    24992.3153  EEL     =  -183572.1818  HBOND      =        0.0000
 1-4 VDW =      724.3362  1-4 EEL =    10825.4363  RESTRAINT  =       45.1547
 EAMBER  =  -133811.6641


   NSTEP       ENERGY          RMS            GMAX         NAME    NUMBER
   6000      -1.3400E+05     8.6856E-02     3.6042E+00     CD2      2293

 BOND    =    10149.6399  ANGLE   =      530.2359  DIHED      =     2586.7091
 VDWAALS =    25177.1212  EEL     =  -184042.2881  HBOND      =        0.0000
 1-4 VDW =      724.4825  1-4 EEL =    10825.5965  RESTRAINT  =       45.5327
 EAMBER  =  -134048.5030


   NSTEP       ENERGY          RMS            GMAX         NAME    NUMBER
   6500      -1.3421E+05     7.4466E-02     2.1854E+00     CG       1986

 BOND    =    10193.3548  ANGLE   =      529.8098  DIHED      =     2587.3049
 VDWAALS =    25344.7057  EEL     =  -184459.3221  HBOND      =        0.0000
 1-4 VDW =      724.7969  1-4 EEL =    10825.7892  RESTRAINT  =       45.6351
 EAMBER  =  -134253.5608


   NSTEP       ENERGY          RMS            GMAX         NAME    NUMBER
   7000      -1.3439E+05     1.0653E-01     6.4141E+00     CG       1986

 BOND    =    10230.9472  ANGLE   =      529.4475  DIHED      =     2587.9098
 VDWAALS =    25501.9757  EEL     =  -184835.6800  HBOND      =        0.0000
 1-4 VDW =      725.0687  1-4 EEL =    10825.5418  RESTRAINT  =       45.6767
 EAMBER  =  -134434.7893


   NSTEP       ENERGY          RMS            GMAX         NAME    NUMBER
   7500      -1.3455E+05     1.6283E-01     1.1191E+01     CD2      2293

 BOND    =    10266.4286  ANGLE   =      528.8217  DIHED      =     2588.1353
 VDWAALS =    25660.0934  EEL     =  -185191.6640  HBOND      =        0.0000
 1-4 VDW =      725.3999  1-4 EEL =    10826.0369  RESTRAINT  =       45.6089
 EAMBER  =  -134596.7482


   NSTEP       ENERGY          RMS            GMAX         NAME    NUMBER
   8000      -1.3470E+05     1.9683E-01     2.6755E+01     CG       1986

 BOND    =    10296.1264  ANGLE   =      528.1395  DIHED      =     2588.5185
 VDWAALS =    25788.9298  EEL     =  -185501.1199  HBOND      =        0.0000
 1-4 VDW =      725.6730  1-4 EEL =    10827.0834  RESTRAINT  =       45.5010
 EAMBER  =  -134746.6494


   NSTEP       ENERGY          RMS            GMAX         NAME    NUMBER
   8500      -1.3484E+05     2.1013E-01     1.4730E+01     CG       1986

 BOND    =    10320.7970  ANGLE   =      527.5331  DIHED      =     2588.9342
 VDWAALS =    25898.3973  EEL     =  -185775.2096  HBOND      =        0.0000
 1-4 VDW =      725.8706  1-4 EEL =    10827.8395  RESTRAINT  =       45.3162
 EAMBER  =  -134885.8378


   NSTEP       ENERGY          RMS            GMAX         NAME    NUMBER
   9000      -1.3496E+05     2.2848E-01     1.6638E+01     CD2      2293

 BOND    =    10345.2300  ANGLE   =      527.2420  DIHED      =     2589.6015
 VDWAALS =    26015.1002  EEL     =  -186040.9738  HBOND      =        0.0000
 1-4 VDW =      726.1675  1-4 EEL =    10828.1372  RESTRAINT  =       44.8654
 EAMBER  =  -135009.4954


   NSTEP       ENERGY          RMS            GMAX         NAME    NUMBER
   9500      -1.3508E+05     9.8394E-02     6.2576E+00     CD2      2293

 BOND    =    10369.7037  ANGLE   =      527.0495  DIHED      =     2589.9499
 VDWAALS =    26129.1765  EEL     =  -186294.8365  HBOND      =        0.0000
 1-4 VDW =      726.4436  1-4 EEL =    10827.4590  RESTRAINT  =       44.5233
 EAMBER  =  -135125.0544


   NSTEP       ENERGY          RMS            GMAX         NAME    NUMBER
  10000      -1.3519E+05     1.2190E-01     7.9033E+00     CD2      2293

 BOND    =    10393.4556  ANGLE   =      527.1616  DIHED      =     2590.2401
 VDWAALS =    26236.3176  EEL     =  -186531.3298  HBOND      =        0.0000
 1-4 VDW =      726.5587  1-4 EEL =    10826.4750  RESTRAINT  =       44.3212
 EAMBER  =  -135231.1212


   NSTEP       ENERGY          RMS            GMAX         NAME    NUMBER
  10500      -1.3529E+05     1.4792E-01     1.3567E+01     CG       1986

 BOND    =    10416.4151  ANGLE   =      527.2778  DIHED      =     2590.5615
 VDWAALS =    26343.4264  EEL     =  -186759.4266  HBOND      =        0.0000
 1-4 VDW =      726.7000  1-4 EEL =    10825.5333  RESTRAINT  =       44.1454
 EAMBER  =  -135329.5126


   NSTEP       ENERGY          RMS            GMAX         NAME    NUMBER
  11000      -1.3538E+05     1.5164E-01     9.9685E+00     CD2      2293

 BOND    =    10438.5254  ANGLE   =      527.2268  DIHED      =     2590.9557
 VDWAALS =    26454.1487  EEL     =  -186988.0987  HBOND      =        0.0000
 1-4 VDW =      726.8580  1-4 EEL =    10824.5752  RESTRAINT  =       43.9562
 EAMBER  =  -135425.8090


   NSTEP       ENERGY          RMS            GMAX         NAME    NUMBER
  11500      -1.3547E+05     1.8868E-01     2.9219E+01     CG       1986

 BOND    =    10458.0468  ANGLE   =      527.3207  DIHED      =     2591.4517
 VDWAALS =    26546.6264  EEL     =  -187186.6127  HBOND      =        0.0000
 1-4 VDW =      726.9249  1-4 EEL =    10823.0995  RESTRAINT  =       43.9719
 EAMBER  =  -135513.1426


   NSTEP       ENERGY          RMS            GMAX         NAME    NUMBER
  12000      -1.3555E+05     4.7775E-02     1.5287E+00     CD2      2293

 BOND    =    10473.8575  ANGLE   =      527.0844  DIHED      =     2592.1417
 VDWAALS =    26627.5543  EEL     =  -187361.8913  HBOND      =        0.0000
 1-4 VDW =      727.0481  1-4 EEL =    10821.9266  RESTRAINT  =       43.5553
 EAMBER  =  -135592.2786


   NSTEP       ENERGY          RMS            GMAX         NAME    NUMBER
  12500      -1.3562E+05     4.3517E-02     1.2290E+00     CD2      2293

 BOND    =    10489.6243  ANGLE   =      527.3749  DIHED      =     2592.7107
 VDWAALS =    26707.5436  EEL     =  -187528.5212  HBOND      =        0.0000
 1-4 VDW =      727.1415  1-4 EEL =    10821.0944  RESTRAINT  =       43.5047
 EAMBER  =  -135663.0317


   NSTEP       ENERGY          RMS            GMAX         NAME    NUMBER
  13000      -1.3569E+05     7.7080E-02     4.7764E+00     CD2      2293

 BOND    =    10505.5767  ANGLE   =      527.8203  DIHED      =     2593.4045
 VDWAALS =    26785.6906  EEL     =  -187690.5335  HBOND      =        0.0000
 1-4 VDW =      727.2707  1-4 EEL =    10820.3767  RESTRAINT  =       43.5000
 EAMBER  =  -135730.3939


   NSTEP       ENERGY          RMS            GMAX         NAME    NUMBER
  13500      -1.3576E+05     6.5171E-02     3.7266E+00     CD2      2293

 BOND    =    10521.7534  ANGLE   =      528.0588  DIHED      =     2594.1655
 VDWAALS =    26857.5010  EEL     =  -187850.3566  HBOND      =        0.0000
 1-4 VDW =      727.3976  1-4 EEL =    10819.4336  RESTRAINT  =       43.5125
 EAMBER  =  -135802.0467


   NSTEP       ENERGY          RMS            GMAX         NAME    NUMBER
  14000      -1.3582E+05     1.2527E-01     1.5304E+01     CG       1986

 BOND    =    10535.5489  ANGLE   =      528.3845  DIHED      =     2594.8894
 VDWAALS =    26923.2611  EEL     =  -187990.4900  HBOND      =        0.0000
 1-4 VDW =      727.4729  1-4 EEL =    10818.4367  RESTRAINT  =       43.5630
 EAMBER  =  -135862.4965


   NSTEP       ENERGY          RMS            GMAX         NAME    NUMBER
  14500      -1.3588E+05     1.3954E-01     9.3839E+00     CD2      2293

 BOND    =    10547.6427  ANGLE   =      528.6254  DIHED      =     2595.3989
 VDWAALS =    26976.9341  EEL     =  -188114.5795  HBOND      =        0.0000
 1-4 VDW =      727.5208  1-4 EEL =    10817.6999  RESTRAINT  =       43.6376
 EAMBER  =  -135920.7577


   NSTEP       ENERGY          RMS            GMAX         NAME    NUMBER
  15000      -1.3594E+05     1.5708E-01     1.1311E+01     CD2      2293

 BOND    =    10560.3358  ANGLE   =      528.8924  DIHED      =     2595.8513
 VDWAALS =    27032.3962  EEL     =  -188241.1178  HBOND      =        0.0000
 1-4 VDW =      727.5650  1-4 EEL =    10817.0478  RESTRAINT  =       43.7108
 EAMBER  =  -135979.0293


   NSTEP       ENERGY          RMS            GMAX         NAME    NUMBER
  15500      -1.3599E+05     3.9488E-02     1.3964E+00     CD2      2293

 BOND    =    10572.7896  ANGLE   =      528.7948  DIHED      =     2596.2566
 VDWAALS =    27090.9993  EEL     =  -188363.5300  HBOND      =        0.0000
 1-4 VDW =      727.7496  1-4 EEL =    10816.6554  RESTRAINT  =       43.7179
 EAMBER  =  -136030.2847


   NSTEP       ENERGY          RMS            GMAX         NAME    NUMBER
  16000      -1.3604E+05     6.0498E-02     3.4601E+00     CD2      2293

 BOND    =    10584.7192  ANGLE   =      528.6238  DIHED      =     2596.6636
 VDWAALS =    27144.6908  EEL     =  -188478.1263  HBOND      =        0.0000
 1-4 VDW =      728.0763  1-4 EEL =    10816.4345  RESTRAINT  =       43.6794
 EAMBER  =  -136078.9180


   NSTEP       ENERGY          RMS            GMAX         NAME    NUMBER
  16500      -1.3608E+05     6.3382E-02     5.4499E+00     CG       1986

 BOND    =    10596.3699  ANGLE   =      528.2052  DIHED      =     2596.9979
 VDWAALS =    27200.8999  EEL     =  -188594.4552  HBOND      =        0.0000
 1-4 VDW =      728.4757  1-4 EEL =    10816.3049  RESTRAINT  =       43.6374
 EAMBER  =  -136127.2017


   NSTEP       ENERGY          RMS            GMAX         NAME    NUMBER
  17000      -1.3612E+05     1.0402E-01     1.0122E+01     CG       3266

 BOND    =    10607.0947  ANGLE   =      528.1048  DIHED      =     2597.2740
 VDWAALS =    27254.4515  EEL     =  -188700.0001  HBOND      =        0.0000
 1-4 VDW =      728.7290  1-4 EEL =    10816.4125  RESTRAINT  =       43.5929
 EAMBER  =  -136167.9336


   NSTEP       ENERGY          RMS            GMAX         NAME    NUMBER
  17500      -1.3617E+05     1.1699E-01     1.0285E+01     CD       3309

 BOND    =    10618.2929  ANGLE   =      527.9650  DIHED      =     2597.5325
 VDWAALS =    27303.5725  EEL     =  -188803.5240  HBOND      =        0.0000
 1-4 VDW =      728.9458  1-4 EEL =    10816.5490  RESTRAINT  =       43.5255
 EAMBER  =  -136210.6664


   NSTEP       ENERGY          RMS            GMAX         NAME    NUMBER
  18000      -1.3620E+05     1.2441E-01     9.1884E+00     CD2      2293

 BOND    =    10628.7897  ANGLE   =      527.8743  DIHED      =     2597.7683
 VDWAALS =    27354.2404  EEL     =  -188902.8842  HBOND      =        0.0000
 1-4 VDW =      729.1488  1-4 EEL =    10816.7001  RESTRAINT  =       43.4384
 EAMBER  =  -136248.3626


   NSTEP       ENERGY          RMS            GMAX         NAME    NUMBER
  18500      -1.3624E+05     3.4416E-02     1.5251E+00     H2      31741

 BOND    =    10639.0694  ANGLE   =      527.6691  DIHED      =     2598.0502
 VDWAALS =    27404.3958  EEL     =  -188998.7813  HBOND      =        0.0000
 1-4 VDW =      729.3264  1-4 EEL =    10816.7844  RESTRAINT  =       43.3471
 EAMBER  =  -136283.4860


   NSTEP       ENERGY          RMS            GMAX         NAME    NUMBER
  19000      -1.3628E+05     3.1542E-02     1.0104E+00     H2      18394

 BOND    =    10649.6327  ANGLE   =      527.4280  DIHED      =     2598.4054
 VDWAALS =    27450.6748  EEL     =  -189093.3787  HBOND      =        0.0000
 1-4 VDW =      729.4613  1-4 EEL =    10816.8951  RESTRAINT  =       43.2371
 EAMBER  =  -136320.8814


   NSTEP       ENERGY          RMS            GMAX         NAME    NUMBER
  19500      -1.3631E+05     5.8489E-02     3.9382E+00     CD2      2293

 BOND    =    10659.7741  ANGLE   =      527.1711  DIHED      =     2598.7703
 VDWAALS =    27498.8231  EEL     =  -189188.8368  HBOND      =        0.0000
 1-4 VDW =      729.4220  1-4 EEL =    10817.0469  RESTRAINT  =       43.0917
 EAMBER  =  -136357.8294


   NSTEP       ENERGY          RMS            GMAX         NAME    NUMBER
  20000      -1.3635E+05     8.5730E-02     6.0541E+00     CD2      2293

 BOND    =    10669.2327  ANGLE   =      526.8858  DIHED      =     2599.0758
 VDWAALS =    27543.8907  EEL     =  -189280.9338  HBOND      =        0.0000
 1-4 VDW =      729.3344  1-4 EEL =    10817.3021  RESTRAINT  =       42.8888
 EAMBER  =  -136395.2123


   NSTEP       ENERGY          RMS            GMAX         NAME    NUMBER
  20500      -1.3639E+05     9.8145E-02     1.3477E+01     CG       3266

 BOND    =    10677.8836  ANGLE   =      526.5588  DIHED      =     2599.1717
 VDWAALS =    27584.6693  EEL     =  -189367.8460  HBOND      =        0.0000
 1-4 VDW =      729.3354  1-4 EEL =    10817.6505  RESTRAINT  =       42.6903
 EAMBER  =  -136432.5767


   NSTEP       ENERGY          RMS            GMAX         NAME    NUMBER
  21000      -1.3643E+05     1.0509E-01     8.4576E+00     CG       3266

 BOND    =    10686.4284  ANGLE   =      526.3098  DIHED      =     2599.0875
 VDWAALS =    27625.1276  EEL     =  -189453.0983  HBOND      =        0.0000
 1-4 VDW =      729.4294  1-4 EEL =    10817.8340  RESTRAINT  =       42.5284
 EAMBER  =  -136468.8816


   NSTEP       ENERGY          RMS            GMAX         NAME    NUMBER
  21500      -1.3646E+05     3.6608E-02     1.9810E+00     CD2      2293

 BOND    =    10693.8290  ANGLE   =      526.0644  DIHED      =     2599.0612
 VDWAALS =    27659.5700  EEL     =  -189524.9571  HBOND      =        0.0000
 1-4 VDW =      729.5838  1-4 EEL =    10817.9850  RESTRAINT  =       42.3867
 EAMBER  =  -136498.8638


   NSTEP       ENERGY          RMS            GMAX         NAME    NUMBER
  22000      -1.3649E+05     4.7195E-02     3.0267E+00     CD2      2293

 BOND    =    10700.9354  ANGLE   =      525.8917  DIHED      =     2599.0664
 VDWAALS =    27691.2210  EEL     =  -189593.1987  HBOND      =        0.0000
 1-4 VDW =      729.7839  1-4 EEL =    10818.2947  RESTRAINT  =       42.2356
 EAMBER  =  -136528.0056


   NSTEP       ENERGY          RMS            GMAX         NAME    NUMBER
  22500      -1.3651E+05     4.6019E-02     3.0422E+00     CD2      2293

 BOND    =    10707.7791  ANGLE   =      525.7471  DIHED      =     2599.0994
 VDWAALS =    27722.5703  EEL     =  -189660.3401  HBOND      =        0.0000
 1-4 VDW =      729.9867  1-4 EEL =    10818.5246  RESTRAINT  =       42.1028
 EAMBER  =  -136556.6327


   NSTEP       ENERGY          RMS            GMAX         NAME    NUMBER
  23000      -1.3654E+05     6.7007E-02     5.7156E+00     CG       3266

 BOND    =    10714.6357  ANGLE   =      525.5792  DIHED      =     2599.2234
 VDWAALS =    27755.7271  EEL     =  -189726.9472  HBOND      =        0.0000
 1-4 VDW =      730.1400  1-4 EEL =    10818.1610  RESTRAINT  =       41.9920
 EAMBER  =  -136583.4807


   NSTEP       ENERGY          RMS            GMAX         NAME    NUMBER
  23500      -1.3657E+05     7.2409E-02     5.5509E+00     CD2      2293

 BOND    =    10720.8343  ANGLE   =      525.2542  DIHED      =     2599.4835
 VDWAALS =    27785.8338  EEL     =  -189790.8950  HBOND      =        0.0000
 1-4 VDW =      730.3663  1-4 EEL =    10817.8497  RESTRAINT  =       41.8807
 EAMBER  =  -136611.2734


   NSTEP       ENERGY          RMS            GMAX         NAME    NUMBER
  24000      -1.3660E+05     2.7423E-02     9.7294E-01     H1      19047

 BOND    =    10726.7663  ANGLE   =      524.8713  DIHED      =     2599.7024
 VDWAALS =    27817.4607  EEL     =  -189853.9961  HBOND      =        0.0000
 1-4 VDW =      730.6909  1-4 EEL =    10817.6674  RESTRAINT  =       41.7320
 EAMBER  =  -136636.8370


   NSTEP       ENERGY          RMS            GMAX         NAME    NUMBER
  24500      -1.3662E+05     1.0830E-01     1.8317E+01     CG       3266

 BOND    =    10733.6397  ANGLE   =      524.6452  DIHED      =     2599.8038
 VDWAALS =    27851.8745  EEL     =  -189920.0327  HBOND      =        0.0000
 1-4 VDW =      730.9535  1-4 EEL =    10817.3995  RESTRAINT  =       41.6207
 EAMBER  =  -136661.7165


   NSTEP       ENERGY          RMS            GMAX         NAME    NUMBER
  25000      -1.3665E+05     3.2004E-02     1.9222E+00     H1      18375

 BOND    =    10740.0872  ANGLE   =      524.4967  DIHED      =     2599.8257
 VDWAALS =    27884.0383  EEL     =  -189984.3075  HBOND      =        0.0000
 1-4 VDW =      731.2258  1-4 EEL =    10817.0766  RESTRAINT  =       41.5634
 EAMBER  =  -136687.5571


   NSTEP       ENERGY          RMS            GMAX         NAME    NUMBER
  25500      -1.3674E+05     8.2491E-02     8.4941E+00     CG       3266

 BOND    =    10769.7302  ANGLE   =      524.1095  DIHED      =     2599.9192
 VDWAALS =    28030.4007  EEL     =  -190257.5125  HBOND      =        0.0000
 1-4 VDW =      732.0236  1-4 EEL =    10815.4726  RESTRAINT  =       41.6620
 EAMBER  =  -136785.8567


   NSTEP       ENERGY          RMS            GMAX         NAME    NUMBER
  26000      -1.3683E+05     6.8728E-02     3.8730E+00     H2      16723

 BOND    =    10793.8800  ANGLE   =      524.0832  DIHED      =     2600.0498
 VDWAALS =    28163.5786  EEL     =  -190497.8420  HBOND      =        0.0000
 1-4 VDW =      732.8401  1-4 EEL =    10814.3998  RESTRAINT  =       41.3215
 EAMBER  =  -136869.0105


   NSTEP       ENERGY          RMS            GMAX         NAME    NUMBER
  26500      -1.3692E+05     7.0945E-02     5.7428E+00     H2      26209

 BOND    =    10819.4968  ANGLE   =      524.6158  DIHED      =     2601.4082
 VDWAALS =    28293.1757  EEL     =  -190743.0183  HBOND      =        0.0000
 1-4 VDW =      733.8650  1-4 EEL =    10813.0710  RESTRAINT  =       41.8272
 EAMBER  =  -136957.3857


   NSTEP       ENERGY          RMS            GMAX         NAME    NUMBER
  27000      -1.3697E+05     6.5210E-02     6.8432E+00     O       27911

 BOND    =    10832.0560  ANGLE   =      524.7646  DIHED      =     2601.8595
 VDWAALS =    28359.4999  EEL     =  -190880.4113  HBOND      =        0.0000
 1-4 VDW =      734.2148  1-4 EEL =    10812.1203  RESTRAINT  =       42.1841
 EAMBER  =  -137015.8962


   NSTEP       ENERGY          RMS            GMAX         NAME    NUMBER
  27500      -1.3704E+05     4.3398E-02     3.1236E+00     O       29888

 BOND    =    10848.4954  ANGLE   =      524.8790  DIHED      =     2601.7794
 VDWAALS =    28433.6852  EEL     =  -191035.2461  HBOND      =        0.0000
 1-4 VDW =      734.5643  1-4 EEL =    10811.8698  RESTRAINT  =       41.9052
 EAMBER  =  -137079.9730


   NSTEP       ENERGY          RMS            GMAX         NAME    NUMBER
  28000      -1.3710E+05     4.3789E-01     5.6484E+01     CG       3266

 BOND    =    10863.7768  ANGLE   =      526.2049  DIHED      =     2599.8827
 VDWAALS =    28484.5126  EEL     =  -191160.3447  HBOND      =        0.0000
 1-4 VDW =      734.2890  1-4 EEL =    10812.2793  RESTRAINT  =       42.2425
 EAMBER  =  -137139.3994


   NSTEP       ENERGY          RMS            GMAX         NAME    NUMBER
  28500      -1.3717E+05     9.3350E-02     1.5579E+01     CG       3266

 BOND    =    10880.9091  ANGLE   =      526.0607  DIHED      =     2600.2669
 VDWAALS =    28580.8341  EEL     =  -191350.0523  HBOND      =        0.0000
 1-4 VDW =      735.0167  1-4 EEL =    10812.6707  RESTRAINT  =       42.2416
 EAMBER  =  -137214.2940


   NSTEP       ENERGY          RMS            GMAX         NAME    NUMBER
  29000      -1.3724E+05     2.6526E-02     1.4199E+00     OE2      1350

 BOND    =    10901.2637  ANGLE   =      526.3030  DIHED      =     2601.8553
 VDWAALS =    28705.0626  EEL     =  -191563.3775  HBOND      =        0.0000
 1-4 VDW =      736.0005  1-4 EEL =    10813.1019  RESTRAINT  =       42.1039
 EAMBER  =  -137279.7905


   NSTEP       ENERGY          RMS            GMAX         NAME    NUMBER
  29500      -1.3730E+05     5.2875E-02     5.0210E+00     H1      28911

 BOND    =    10919.2034  ANGLE   =      526.6639  DIHED      =     2602.7859
 VDWAALS =    28801.1880  EEL     =  -191743.2279  HBOND      =        0.0000
 1-4 VDW =      736.9860  1-4 EEL =    10813.7147  RESTRAINT  =       42.1998
 EAMBER  =  -137342.6861


   NSTEP       ENERGY          RMS            GMAX         NAME    NUMBER
  30000      -1.3736E+05     9.1665E-02     9.4177E+00     CA       2222

 BOND    =    10934.1772  ANGLE   =      526.6163  DIHED      =     2603.0046
 VDWAALS =    28877.1495  EEL     =  -191895.4559  HBOND      =        0.0000
 1-4 VDW =      737.5592  1-4 EEL =    10814.5266  RESTRAINT  =       41.9579
 EAMBER  =  -137402.4224


   NSTEP       ENERGY          RMS            GMAX         NAME    NUMBER
  30500      -1.3741E+05     5.2383E-02     3.4134E+00     H2      11614

 BOND    =    10950.5653  ANGLE   =      527.1965  DIHED      =     2602.9628
 VDWAALS =    28972.0597  EEL     =  -192061.7869  HBOND      =        0.0000
 1-4 VDW =      738.3041  1-4 EEL =    10815.0313  RESTRAINT  =       42.0105
 EAMBER  =  -137455.6672


   NSTEP       ENERGY          RMS            GMAX         NAME    NUMBER
  31000      -1.3746E+05     2.3664E-02     1.3174E+00     CA        103

 BOND    =    10966.0500  ANGLE   =      526.9850  DIHED      =     2602.8853
 VDWAALS =    29059.9304  EEL     =  -192207.8547  HBOND      =        0.0000
 1-4 VDW =      738.7843  1-4 EEL =    10814.7528  RESTRAINT  =       41.9761
 EAMBER  =  -137498.4668


   NSTEP       ENERGY          RMS            GMAX         NAME    NUMBER
  31500      -1.3749E+05     3.9897E-02     2.5802E+00     CA       1469

 BOND    =    10978.1222  ANGLE   =      526.9407  DIHED      =     2602.7511
 VDWAALS =    29129.5374  EEL     =  -192324.8139  HBOND      =        0.0000
 1-4 VDW =      739.1883  1-4 EEL =    10813.7792  RESTRAINT  =       42.0945
 EAMBER  =  -137534.4950


   NSTEP       ENERGY          RMS            GMAX         NAME    NUMBER
  32000      -1.3754E+05     4.8607E-02     2.9518E+00     CG       3266

 BOND    =    10989.5367  ANGLE   =      528.7149  DIHED      =     2601.8205
 VDWAALS =    29196.5901  EEL     =  -192449.5209  HBOND      =        0.0000
 1-4 VDW =      739.4194  1-4 EEL =    10810.4494  RESTRAINT  =       43.0687
 EAMBER  =  -137582.9898


   NSTEP       ENERGY          RMS            GMAX         NAME    NUMBER
  32500      -1.3760E+05     8.0138E-02     1.2147E+01     CA       2901

 BOND    =    11001.5722  ANGLE   =      528.6825  DIHED      =     2601.5569
 VDWAALS =    29275.2464  EEL     =  -192597.9637  HBOND      =        0.0000
 1-4 VDW =      740.2339  1-4 EEL =    10810.4006  RESTRAINT  =       43.1850
 EAMBER  =  -137640.2711


   NSTEP       ENERGY          RMS            GMAX         NAME    NUMBER
  33000      -1.3763E+05     2.6891E-02     2.0101E+00     C        2897

 BOND    =    11012.0416  ANGLE   =      528.0240  DIHED      =     2601.5736
 VDWAALS =    29332.2977  EEL     =  -192696.1264  HBOND      =        0.0000
 1-4 VDW =      741.1142  1-4 EEL =    10811.8757  RESTRAINT  =       42.7826
 EAMBER  =  -137669.1997


   NSTEP       ENERGY          RMS            GMAX         NAME    NUMBER
  33500      -1.3767E+05     1.2851E-01     9.7403E+00     CG       3266

 BOND    =    11024.9116  ANGLE   =      526.9593  DIHED      =     2602.1146
 VDWAALS =    29406.8661  EEL     =  -192830.6142  HBOND      =        0.0000
 1-4 VDW =      741.7752  1-4 EEL =    10813.6267  RESTRAINT  =       42.4444
 EAMBER  =  -137714.3607


   NSTEP       ENERGY          RMS            GMAX         NAME    NUMBER
  34000      -1.3771E+05     2.0537E-02     1.4046E+00     H2      11422

 BOND    =    11035.9683  ANGLE   =      526.3893  DIHED      =     2599.5861
 VDWAALS =    29476.6370  EEL     =  -192948.5414  HBOND      =        0.0000
 1-4 VDW =      741.4379  1-4 EEL =    10814.2821  RESTRAINT  =       42.2730
 EAMBER  =  -137754.2407


   NSTEP       ENERGY          RMS            GMAX         NAME    NUMBER
  34500      -1.3775E+05     8.6443E-02     7.1186E+00     O        4625

 BOND    =    11045.7116  ANGLE   =      525.7941  DIHED      =     2599.0209
 VDWAALS =    29529.7915  EEL     =  -193048.9644  HBOND      =        0.0000
 1-4 VDW =      741.7077  1-4 EEL =    10814.5040  RESTRAINT  =       42.1742
 EAMBER  =  -137792.4345


                    FINAL RESULTS



   NSTEP       ENERGY          RMS            GMAX         NAME    NUMBER
  34601      -1.3775E+05     9.9872E-03     4.6192E-01     O        4535

 BOND    =    11046.4047  ANGLE   =      525.6359  DIHED      =     2598.8370
 VDWAALS =    29536.2752  EEL     =  -193059.7247  HBOND      =        0.0000
 1-4 VDW =      741.7839  1-4 EEL =    10814.4101  RESTRAINT  =       42.1584
 EAMBER  =  -137796.3780
--------------------------------------------------------------------------------
   5.  TIMINGS
--------------------------------------------------------------------------------

|  NonSetup CPU Time in Major Routines:
|
|     Routine           Sec        %
|     ------------------------------
|     Nonbond          16.67   21.84
|     Bond              0.00    0.00
|     Angle             0.00    0.00
|     Dihedral          0.00    0.00
|     Shake             0.00    0.00
|     Other            59.66   78.16
|     ------------------------------
|     Total            76.33

|  PME Nonbond Pairlist CPU Time:
|
|     Routine              Sec        %
|     ---------------------------------
|     Set Up Cit           0.00    0.00
|     Build List           0.00    0.00
|     ---------------------------------
|     Total                0.00    0.00

|  PME Direct Force CPU Time:
|
|     Routine              Sec        %
|     ---------------------------------
|     NonBonded Calc       0.00    0.00
|     Exclude Masked       0.00    0.00
|     Other                0.04    0.05
|     ---------------------------------
|     Total                0.04    0.05

|  PME Reciprocal Force CPU Time:
|
|     Routine              Sec        %
|     ---------------------------------
|     1D bspline           0.00    0.00
|     Grid Charges         0.00    0.00
|     Scalar Sum           0.00    0.00
|     Gradient Sum         0.00    0.00
|     FFT                  0.00    0.00
|     ---------------------------------
|     Total                0.00    0.00

|  Setup CPU time:            0.57 seconds
|  NonSetup CPU time:        76.33 seconds
|  Total CPU time:           76.90 seconds     0.02 hours

|  Setup wall time:           1    seconds
|  NonSetup wall time:       76    seconds
|  Total wall time:          77    seconds     0.02 hours
