
          -------------------------------------------------------
          Amber 24 PMEMD                              2024
          -------------------------------------------------------

| PMEMD implementation of SANDER, Release 24

|  Compiled date/time: Mon Feb  3 14:39:30 2025
| Run on 09/14/2025 at 09:43:47

|   Executable path: /home/jacosta19/software/amber24/bin/pmemd.cuda_SPFP
| Working directory: /home/jacosta19/Desktop/GFP_MD/1yfp
|          Hostname: Unknown
  [-O]verwriting output

File Assignments:
|   MDIN: eq3.in                                                                
|  MDOUT: GFP.1yfp.eq3.out                                                      
| INPCRD: GFP.1yfp.eq2.ncrst                                                    
|   PARM: GFP.1yfp.top                                                          
| RESTRT: GFP.1yfp.eq3.ncrst                                                    
|   REFC: GFP.1yfp.min.ncrst                                                    
|  MDVEL: mdvel                                                                 
|   MDEN: mden                                                                  
|  MDCRD: GFP.1yfp.eq3.nc                                                       
| MDINFO: mdinfo                                                                
|  MDFRC: mdfrc                                                                 


 Here is the input file:

eq3 temp = 300, k = 5 V=cte (ntb=1)                                            
&cntrl                                                                         
 nstlim = 10000, dt = 0.002,                                                   
 ntx = 7, irest = 1, iwrap=0, cut = 9.0, ioutfm = 1,                           
 ntpr = 500, ntwr = 500, ntwx =500,                                            
 tempi = 300., temp0 = 300.,                                                   
 ntt = 1,                                                                      
 ntb = 1,                                                                      
 ntc = 2, ntf = 2,                                                             
 ntr = 1,                                                                      
 restraint_wt = 0.5, restraintmask = ":1-225@CA"                               
&end                                                                           
                                                                               


Note: ig = -1. Setting random seed to   328310 based on wallclock time in 
      microseconds.
| irandom = 1, using AMBER's internal random number generator (default).
| WARNING: ntx set to 7; the file type is now auto-detected; please update to ntx = 5.
 
|--------------------- INFORMATION ----------------------
| GPU (CUDA) Version of PMEMD in use: NVIDIA GPU IN USE.
|                    Version 18.0.0
| 
|                      03/25/2018
| 
| Implementation by:
|                    Ross C. Walker     (SDSC)
|                    Scott Le Grand     (nVIDIA)
| 
| Version 18 performance extensions by:
|                    David Cerutti     (Rutgers)
| 
| Precision model in use:
|      [SPFP] - Single Precision Forces, 64-bit Fixed Point
|               Accumulation. (Default)
| 
|--------------------------------------------------------
 
|----------------- CITATION INFORMATION -----------------
|
|    When publishing work that utilized the CUDA version
|    of AMBER, please cite the following in addition to
|    the regular AMBER citations:
|
|  - Romelia Salomon-Ferrer; Andreas W. Goetz; Duncan
|    Poole; Scott Le Grand; Ross C. Walker "Routine
|    microsecond molecular dynamics simulations with
|    AMBER - Part II: Particle Mesh Ewald", J. Chem.
|    Theory Comput., 2013, 9 (9), pp3878-3888,
|    DOI: 10.1021/ct400314y.
|
|  - Andreas W. Goetz; Mark J. Williamson; Dong Xu;
|    Duncan Poole; Scott Le Grand; Ross C. Walker
|    "Routine microsecond molecular dynamics simulations
|    with AMBER - Part I: Generalized Born", J. Chem.
|    Theory Comput., 2012, 8 (5), pp1542-1555.
|
|  - Scott Le Grand; Andreas W. Goetz; Ross C. Walker
|    "SPFP: Speed without compromise - a mixed precision
|    model for GPU accelerated molecular dynamics
|    simulations.", Comp. Phys. Comm., 2013, 184
|    pp374-380, DOI: 10.1016/j.cpc.2012.09.022
|
|--------------------------------------------------------
 
|------------------- GPU DEVICE INFO --------------------
|
|            CUDA_VISIBLE_DEVICES: not set
|   CUDA Capable Devices Detected:      1
|           CUDA Device ID in use:      0
|                CUDA Device Name: NVIDIA GeForce RTX 2080 Ti
|     CUDA Device Global Mem Size:  10825 MB
| CUDA Device Num Multiprocessors:     68
|           CUDA Device Core Freq:   1.54 GHz
|
|--------------------------------------------------------
 
 
| Conditional Compilation Defines Used:
| PUBFFT
| BINTRAJ
| CUDA
| EMIL

| Largest sphere to fit in unit cell has radius =    34.138

| New format PARM file being parsed.
| Version =    1.000 Date = 09/09/25 Time = 15:45:24

| Note: 1-4 EEL scale factors are being read from the topology file.

| Note: 1-4 VDW scale factors are being read from the topology file.
| Duplicated    0 dihedrals

| Duplicated    0 dihedrals

--------------------------------------------------------------------------------
   1.  RESOURCE   USE: 
--------------------------------------------------------------------------------

 getting box info from netcdf restart file
 NATOM  =   34150 NTYPES =      16 NBONH =   32333 MBONA  =    1856
 NTHETH =    4021 MTHETA =    2510 NPHIH =    8146 MPHIA  =    7859
 NHPARM =       0 NPARM  =       0 NNB   =   60513 NRES   =   10422
 NBONA  =    1856 NTHETA =    2510 NPHIA =    7859 NUMBND =      78
 NUMANG =     179 NPTRA  =     199 NATYP =      39 NPHB   =       0
 IFBOX  =       1 NMXRS  =      30 IFCAP =       0 NEXTRA =       0
 NCOPY  =       0

| Coordinate Index Table dimensions:    17   14   13
| Direct force subcell size =     5.0129    5.2114    5.2520

     BOX TYPE: RECTILINEAR

--------------------------------------------------------------------------------
   2.  CONTROL  DATA  FOR  THE  RUN
--------------------------------------------------------------------------------

default_name                                                                    

General flags:
     imin    =       0, nmropt  =       0

Nature and format of input:
     ntx     =       7, irest   =       1, ntrx    =       1

Nature and format of output:
     ntxo    =       2, ntpr    =     500, ntrx    =       1, ntwr    =     500
     iwrap   =       0, ntwx    =     500, ntwv    =       0, ntwe    =       0
     ioutfm  =       1, ntwprt  =       0, idecomp =       0, rbornstat=      0

Potential function:
     ntf     =       2, ntb     =       1, igb     =       0, nsnb    =      25
     ipol    =       0, gbsa    =       0, iesp    =       0
     dielc   =   1.00000, cut     =   9.00000, intdiel =   1.00000

Frozen or restrained atoms:
     ibelly  =       0, ntr     =       1
     restraint_wt =   0.50000

Molecular dynamics:
     nstlim  =     10000, nscm    =         0, nrespa  =         1
     t       =   0.00000, dt      =   0.00200, vlimit  =  -1.00000

Berendsen (weak-coupling) temperature regulation:
     temp0   = 300.00000, tempi   = 300.00000, tautp   =   1.00000

SHAKE:
     ntc     =       2, jfastw  =       0
     tol     =   0.00001

| Intermolecular bonds treatment:
|     no_intermolecular_bonds =       1

| Energy averages sample interval:
|     ene_avg_sampling =     500

Ewald parameters:
     verbose =       0, ew_type =       0, nbflag  =       1, use_pme =       1
     vdwmeth =       1, eedmeth =       1, netfrc  =       1
     Box X =   85.219   Box Y =   72.959   Box Z =   68.277
     Alpha =   90.000   Beta  =   90.000   Gamma =   90.000
     NFFT1 =   96       NFFT2 =   80       NFFT3 =   72
     Cutoff=    9.000   Tol   =0.100E-04
     Ewald Coefficient =  0.30768
     Interpolation order =    4

    LOADING THE CONSTRAINED ATOMS AS GROUPS


   5.  REFERENCE ATOM COORDINATES

  default_name                                                                    
     Mask :1-225@CA; matches   224 atoms

--------------------------------------------------------------------------------
   3.  ATOMIC COORDINATES AND VELOCITIES
--------------------------------------------------------------------------------

default_name                                                                    
 begin time read from input coords =    60.000 ps

 
 Number of triangulated 3-point waters found:    10191

     Sum of charges from parm topology file =  -0.00000110
     Forcing neutrality...

| Dynamic Memory, Types Used:
| Reals             1127552
| Integers          1356654

| Nonbonded Pairs Initial Allocation:     7786200

| GPU memory information (estimate):
| KB of GPU memory in use:    122815
| KB of CPU memory in use:     66367

--------------------------------------------------------------------------------
   4.  RESULTS
--------------------------------------------------------------------------------


 NSTEP =      500   TIME(PS) =      61.000  TEMP(K) =   299.26  PRESS =     0.0
 Etot   =    -80923.7183  EKtot   =     20848.6777  EPtot      =   -101772.3960
 BOND   =       657.3254  ANGLE   =      1892.7013  DIHED      =      2886.7890
 1-4 NB =       812.2076  1-4 EEL =     10715.6554  VDWAALS    =     11861.8920
 EELEC  =   -130626.2996  EHBOND  =         0.0000  RESTRAINT  =        27.3328
 EAMBER (non-restraint)  =   -101799.7288
 ------------------------------------------------------------------------------


 NSTEP =     1000   TIME(PS) =      62.000  TEMP(K) =   298.42  PRESS =     0.0
 Etot   =    -80902.5875  EKtot   =     20790.2949  EPtot      =   -101692.8824
 BOND   =       657.2786  ANGLE   =      1874.3909  DIHED      =      2865.2023
 1-4 NB =       806.1729  1-4 EEL =     10734.6320  VDWAALS    =     12021.8318
 EELEC  =   -130678.6931  EHBOND  =         0.0000  RESTRAINT  =        26.3023
 EAMBER (non-restraint)  =   -101719.1847
 ------------------------------------------------------------------------------


 NSTEP =     1500   TIME(PS) =      63.000  TEMP(K) =   298.84  PRESS =     0.0
 Etot   =    -80914.0884  EKtot   =     20819.6719  EPtot      =   -101733.7603
 BOND   =       670.6330  ANGLE   =      1869.1799  DIHED      =      2854.9851
 1-4 NB =       830.9536  1-4 EEL =     10748.9986  VDWAALS    =     12247.3585
 EELEC  =   -130978.2804  EHBOND  =         0.0000  RESTRAINT  =        22.4114
 EAMBER (non-restraint)  =   -101756.1717
 ------------------------------------------------------------------------------


 NSTEP =     2000   TIME(PS) =      64.000  TEMP(K) =   300.38  PRESS =     0.0
 Etot   =    -80867.4048  EKtot   =     20927.1660  EPtot      =   -101794.5708
 BOND   =       659.7659  ANGLE   =      1834.1357  DIHED      =      2861.3530
 1-4 NB =       822.1281  1-4 EEL =     10735.0390  VDWAALS    =     11929.2413
 EELEC  =   -130660.7316  EHBOND  =         0.0000  RESTRAINT  =        24.4979
 EAMBER (non-restraint)  =   -101819.0687
 ------------------------------------------------------------------------------


 NSTEP =     2500   TIME(PS) =      65.000  TEMP(K) =   301.65  PRESS =     0.0
 Etot   =    -80857.5588  EKtot   =     21015.2422  EPtot      =   -101872.8010
 BOND   =       664.9145  ANGLE   =      1798.0046  DIHED      =      2850.7756
 1-4 NB =       805.7791  1-4 EEL =     10724.2751  VDWAALS    =     12509.5371
 EELEC  =   -131251.7875  EHBOND  =         0.0000  RESTRAINT  =        25.7003
 EAMBER (non-restraint)  =   -101898.5014
 ------------------------------------------------------------------------------


 NSTEP =     3000   TIME(PS) =      66.000  TEMP(K) =   301.35  PRESS =     0.0
 Etot   =    -80835.5089  EKtot   =     20994.3535  EPtot      =   -101829.8624
 BOND   =       649.6002  ANGLE   =      1836.6208  DIHED      =      2828.0522
 1-4 NB =       804.0798  1-4 EEL =     10744.0934  VDWAALS    =     12060.3569
 EELEC  =   -130778.5248  EHBOND  =         0.0000  RESTRAINT  =        25.8591
 EAMBER (non-restraint)  =   -101855.7215
 ------------------------------------------------------------------------------


 NSTEP =     3500   TIME(PS) =      67.000  TEMP(K) =   298.91  PRESS =     0.0
 Etot   =    -80851.8960  EKtot   =     20824.5312  EPtot      =   -101676.4272
 BOND   =       708.4509  ANGLE   =      1836.1763  DIHED      =      2850.3241
 1-4 NB =       798.8482  1-4 EEL =     10683.2383  VDWAALS    =     12119.5195
 EELEC  =   -130698.9755  EHBOND  =         0.0000  RESTRAINT  =        25.9908
 EAMBER (non-restraint)  =   -101702.4181
 ------------------------------------------------------------------------------


 NSTEP =     4000   TIME(PS) =      68.000  TEMP(K) =   303.32  PRESS =     0.0
 Etot   =    -80870.1154  EKtot   =     21131.7402  EPtot      =   -102001.8556
 BOND   =       685.8026  ANGLE   =      1828.9338  DIHED      =      2827.3412
 1-4 NB =       811.4487  1-4 EEL =     10679.0274  VDWAALS    =     12219.0448
 EELEC  =   -131083.8503  EHBOND  =         0.0000  RESTRAINT  =        30.3962
 EAMBER (non-restraint)  =   -102032.2518
 ------------------------------------------------------------------------------


 NSTEP =     4500   TIME(PS) =      69.000  TEMP(K) =   300.57  PRESS =     0.0
 Etot   =    -80863.3044  EKtot   =     20940.2520  EPtot      =   -101803.5564
 BOND   =       676.6048  ANGLE   =      1834.2021  DIHED      =      2873.1750
 1-4 NB =       815.0459  1-4 EEL =     10721.4234  VDWAALS    =     12217.9352
 EELEC  =   -130969.5116  EHBOND  =         0.0000  RESTRAINT  =        27.5689
 EAMBER (non-restraint)  =   -101831.1253
 ------------------------------------------------------------------------------


 NSTEP =     5000   TIME(PS) =      70.000  TEMP(K) =   300.47  PRESS =     0.0
 Etot   =    -80850.4331  EKtot   =     20933.1680  EPtot      =   -101783.6011
 BOND   =       693.0682  ANGLE   =      1804.1729  DIHED      =      2870.6398
 1-4 NB =       793.5615  1-4 EEL =     10720.5477  VDWAALS    =     12134.5404
 EELEC  =   -130827.8083  EHBOND  =         0.0000  RESTRAINT  =        27.6767
 EAMBER (non-restraint)  =   -101811.2777
 ------------------------------------------------------------------------------


 NSTEP =     5500   TIME(PS) =      71.000  TEMP(K) =   299.17  PRESS =     0.0
 Etot   =    -80879.7853  EKtot   =     20842.7949  EPtot      =   -101722.5802
 BOND   =       653.5853  ANGLE   =      1804.9241  DIHED      =      2872.6891
 1-4 NB =       792.9567  1-4 EEL =     10665.1705  VDWAALS    =     11819.1073
 EELEC  =   -130356.1472  EHBOND  =         0.0000  RESTRAINT  =        25.1340
 EAMBER (non-restraint)  =   -101747.7142
 ------------------------------------------------------------------------------


 NSTEP =     6000   TIME(PS) =      72.000  TEMP(K) =   301.91  PRESS =     0.0
 Etot   =    -80888.0987  EKtot   =     21033.1602  EPtot      =   -101921.2589
 BOND   =       686.2462  ANGLE   =      1817.9551  DIHED      =      2853.0114
 1-4 NB =       803.3255  1-4 EEL =     10691.8652  VDWAALS    =     12050.4424
 EELEC  =   -130849.3866  EHBOND  =         0.0000  RESTRAINT  =        25.2819
 EAMBER (non-restraint)  =   -101946.5408
 ------------------------------------------------------------------------------


 NSTEP =     6500   TIME(PS) =      73.000  TEMP(K) =   300.19  PRESS =     0.0
 Etot   =    -80880.2952  EKtot   =     20913.8320  EPtot      =   -101794.1272
 BOND   =       688.7929  ANGLE   =      1823.1398  DIHED      =      2841.0259
 1-4 NB =       819.6267  1-4 EEL =     10726.2116  VDWAALS    =     12064.8293
 EELEC  =   -130784.8869  EHBOND  =         0.0000  RESTRAINT  =        27.1336
 EAMBER (non-restraint)  =   -101821.2608
 ------------------------------------------------------------------------------


 NSTEP =     7000   TIME(PS) =      74.000  TEMP(K) =   300.68  PRESS =     0.0
 Etot   =    -80876.2261  EKtot   =     20947.9551  EPtot      =   -101824.1811
 BOND   =       668.1003  ANGLE   =      1852.3261  DIHED      =      2857.7896
 1-4 NB =       796.6669  1-4 EEL =     10731.8292  VDWAALS    =     12102.4493
 EELEC  =   -130860.9750  EHBOND  =         0.0000  RESTRAINT  =        27.6325
 EAMBER (non-restraint)  =   -101851.8136
 ------------------------------------------------------------------------------


 NSTEP =     7500   TIME(PS) =      75.000  TEMP(K) =   299.24  PRESS =     0.0
 Etot   =    -80852.9848  EKtot   =     20847.5605  EPtot      =   -101700.5453
 BOND   =       695.5283  ANGLE   =      1887.8270  DIHED      =      2854.4095
 1-4 NB =       813.6224  1-4 EEL =     10701.3803  VDWAALS    =     11917.2968
 EELEC  =   -130596.0464  EHBOND  =         0.0000  RESTRAINT  =        25.4367
 EAMBER (non-restraint)  =   -101725.9820
 ------------------------------------------------------------------------------


 NSTEP =     8000   TIME(PS) =      76.000  TEMP(K) =   299.83  PRESS =     0.0
 Etot   =    -80874.9870  EKtot   =     20888.8027  EPtot      =   -101763.7897
 BOND   =       698.7889  ANGLE   =      1824.8693  DIHED      =      2838.9196
 1-4 NB =       810.5599  1-4 EEL =     10760.8234  VDWAALS    =     12029.3413
 EELEC  =   -130755.0932  EHBOND  =         0.0000  RESTRAINT  =        28.0009
 EAMBER (non-restraint)  =   -101791.7906
 ------------------------------------------------------------------------------


 NSTEP =     8500   TIME(PS) =      77.000  TEMP(K) =   298.36  PRESS =     0.0
 Etot   =    -80873.6425  EKtot   =     20786.4297  EPtot      =   -101660.0722
 BOND   =       681.0800  ANGLE   =      1848.7786  DIHED      =      2875.8364
 1-4 NB =       800.8988  1-4 EEL =     10726.4247  VDWAALS    =     12068.1218
 EELEC  =   -130690.2830  EHBOND  =         0.0000  RESTRAINT  =        29.0706
 EAMBER (non-restraint)  =   -101689.1428
 ------------------------------------------------------------------------------


 NSTEP =     9000   TIME(PS) =      78.000  TEMP(K) =   299.51  PRESS =     0.0
 Etot   =    -80849.3312  EKtot   =     20865.9219  EPtot      =   -101715.2530
 BOND   =       718.8765  ANGLE   =      1853.2377  DIHED      =      2852.3133
 1-4 NB =       800.7248  1-4 EEL =     10639.1635  VDWAALS    =     11884.8101
 EELEC  =   -130491.7667  EHBOND  =         0.0000  RESTRAINT  =        27.3877
 EAMBER (non-restraint)  =   -101742.6408
 ------------------------------------------------------------------------------


 NSTEP =     9500   TIME(PS) =      79.000  TEMP(K) =   300.33  PRESS =     0.0
 Etot   =    -80812.2446  EKtot   =     20923.6504  EPtot      =   -101735.8950
 BOND   =       672.7917  ANGLE   =      1842.3581  DIHED      =      2873.9733
 1-4 NB =       811.0804  1-4 EEL =     10724.0252  VDWAALS    =     11977.5987
 EELEC  =   -130658.7877  EHBOND  =         0.0000  RESTRAINT  =        21.0654
 EAMBER (non-restraint)  =   -101756.9604
 ------------------------------------------------------------------------------


 NSTEP =    10000   TIME(PS) =      80.000  TEMP(K) =   299.45  PRESS =     0.0
 Etot   =    -80801.2190  EKtot   =     20862.3906  EPtot      =   -101663.6097
 BOND   =       687.6579  ANGLE   =      1870.6845  DIHED      =      2849.0835
 1-4 NB =       822.9222  1-4 EEL =     10713.4734  VDWAALS    =     12161.1290
 EELEC  =   -130794.7106  EHBOND  =         0.0000  RESTRAINT  =        26.1504
 EAMBER (non-restraint)  =   -101689.7601
 ------------------------------------------------------------------------------


      A V E R A G E S   O V E R      20 S T E P S


 NSTEP =    10000   TIME(PS) =      80.000  TEMP(K) =   300.09  PRESS =     0.0
 Etot   =    -80866.2715  EKtot   =     20906.8798  EPtot      =   -101773.1513
 BOND   =       678.7446  ANGLE   =      1841.7309  DIHED      =      2856.8844
 1-4 NB =       808.6305  1-4 EEL =     10714.3649  VDWAALS    =     12069.8192
 EELEC  =   -130769.6273  EHBOND  =         0.0000  RESTRAINT  =        26.3015
 EAMBER (non-restraint)  =   -101799.4528
 ------------------------------------------------------------------------------


      R M S  F L U C T U A T I O N S


 NSTEP =    10000   TIME(PS) =      80.000  TEMP(K) =     1.23  PRESS =     0.0
 Etot   =        29.2484  EKtot   =        85.9126  EPtot      =        85.6500
 BOND   =        18.5016  ANGLE   =        26.3473  DIHED      =        15.5000
 1-4 NB =         9.9977  1-4 EEL =        29.0865  VDWAALS    =       155.1487
 EELEC  =       197.0397  EHBOND  =         0.0000  RESTRAINT  =         2.0635
 EAMBER (non-restraint)  =        83.5865
 ------------------------------------------------------------------------------

--------------------------------------------------------------------------------
   5.  TIMINGS
--------------------------------------------------------------------------------

|  NonSetup CPU Time in Major Routines:
|
|     Routine           Sec        %
|     ------------------------------
|     Nonbond           0.81   16.16
|     Bond              0.00    0.00
|     Angle             0.00    0.00
|     Dihedral          0.00    0.00
|     Shake             0.05    0.98
|     RunMD             4.13   82.65
|     Other             0.01    0.21
|     ------------------------------
|     Total             4.99

|  PME Nonbond Pairlist CPU Time:
|
|     Routine              Sec        %
|     ---------------------------------
|     Set Up Cit           0.00    0.00
|     Build List           0.00    0.00
|     ---------------------------------
|     Total                0.00    0.00

|  PME Direct Force CPU Time:
|
|     Routine              Sec        %
|     ---------------------------------
|     NonBonded Calc       0.00    0.00
|     Exclude Masked       0.00    0.00
|     Other                0.01    0.13
|     ---------------------------------
|     Total                0.01    0.13

|  PME Reciprocal Force CPU Time:
|
|     Routine              Sec        %
|     ---------------------------------
|     1D bspline           0.00    0.00
|     Grid Charges         0.00    0.00
|     Scalar Sum           0.00    0.00
|     Gradient Sum         0.00    0.00
|     FFT                  0.00    0.00
|     ---------------------------------
|     Total                0.00    0.00

|  Final Performance Info:
|     -----------------------------------------------------
|     Average timings for last    9500 steps:
|     Elapsed(s) =       4.74 Per Step(ms) =       0.50
|         ns/day =     346.30   seconds/ns =     249.49
|
|     Average timings for all steps:
|     Elapsed(s) =       4.99 Per Step(ms) =       0.50
|         ns/day =     346.32   seconds/ns =     249.48
|     -----------------------------------------------------

|  Setup CPU time:            0.48 seconds
|  NonSetup CPU time:         4.99 seconds
|  Total CPU time:            5.48 seconds     0.00 hours

|  Setup wall time:           1    seconds
|  NonSetup wall time:        5    seconds
|  Total wall time:           6    seconds     0.00 hours
