
          -------------------------------------------------------
          Amber 24 PMEMD                              2024
          -------------------------------------------------------

| PMEMD implementation of SANDER, Release 24

|  Compiled date/time: Mon Feb  3 14:39:30 2025
| Run on 09/14/2025 at 09:43:58

|   Executable path: /home/jacosta19/software/amber24/bin/pmemd.cuda_SPFP
| Working directory: /home/jacosta19/Desktop/GFP_MD/1yfp
|          Hostname: Unknown
  [-O]verwriting output

File Assignments:
|   MDIN: eq5.in                                                                
|  MDOUT: GFP.1yfp.eq5.out                                                      
| INPCRD: GFP.1yfp.eq4.ncrst                                                    
|   PARM: GFP.1yfp.top                                                          
| RESTRT: GFP.1yfp.eq5.ncrst                                                    
|   REFC: GFP.1yfp.min.ncrst                                                    
|  MDVEL: mdvel                                                                 
|   MDEN: mden                                                                  
|  MDCRD: GFP.1yfp.eq5.nc                                                       
| MDINFO: mdinfo                                                                
|  MDFRC: mdfrc                                                                 


 Here is the input file:

eq5 temp = 300, k = 1 P=cte (ntb=2, ntp=1)                                     
&cntrl                                                                         
 nstlim = 5000, dt = 0.002,                                                    
 ntx = 7, irest = 1, iwrap = 1, cut = 9.0, ioutfm = 1,                         
 ntpr = 1000, ntwr = 1000, ntwx = 1000,                                        
 tempi = 300., temp0 = 300.,                                                   
 ntt = 1,                                                                      
 ntb = 2, ntp = 1,                                                             
 ntc = 2, ntf = 2,                                                             
 ntr = 1, restraint_wt = 0.1, restraintmask = ":1-225@CA"                      
&end                                                                           
&wt                                                                            
type="END",                                                                    
&end                                                                           
                                                                               


Note: ig = -1. Setting random seed to   627432 based on wallclock time in 
      microseconds.
| irandom = 1, using AMBER's internal random number generator (default).
| WARNING: ntx set to 7; the file type is now auto-detected; please update to ntx = 5.
 
|--------------------- INFORMATION ----------------------
| GPU (CUDA) Version of PMEMD in use: NVIDIA GPU IN USE.
|                    Version 18.0.0
| 
|                      03/25/2018
| 
| Implementation by:
|                    Ross C. Walker     (SDSC)
|                    Scott Le Grand     (nVIDIA)
| 
| Version 18 performance extensions by:
|                    David Cerutti     (Rutgers)
| 
| Precision model in use:
|      [SPFP] - Single Precision Forces, 64-bit Fixed Point
|               Accumulation. (Default)
| 
|--------------------------------------------------------
 
|----------------- CITATION INFORMATION -----------------
|
|    When publishing work that utilized the CUDA version
|    of AMBER, please cite the following in addition to
|    the regular AMBER citations:
|
|  - Romelia Salomon-Ferrer; Andreas W. Goetz; Duncan
|    Poole; Scott Le Grand; Ross C. Walker "Routine
|    microsecond molecular dynamics simulations with
|    AMBER - Part II: Particle Mesh Ewald", J. Chem.
|    Theory Comput., 2013, 9 (9), pp3878-3888,
|    DOI: 10.1021/ct400314y.
|
|  - Andreas W. Goetz; Mark J. Williamson; Dong Xu;
|    Duncan Poole; Scott Le Grand; Ross C. Walker
|    "Routine microsecond molecular dynamics simulations
|    with AMBER - Part I: Generalized Born", J. Chem.
|    Theory Comput., 2012, 8 (5), pp1542-1555.
|
|  - Scott Le Grand; Andreas W. Goetz; Ross C. Walker
|    "SPFP: Speed without compromise - a mixed precision
|    model for GPU accelerated molecular dynamics
|    simulations.", Comp. Phys. Comm., 2013, 184
|    pp374-380, DOI: 10.1016/j.cpc.2012.09.022
|
|--------------------------------------------------------
 
|------------------- GPU DEVICE INFO --------------------
|
|            CUDA_VISIBLE_DEVICES: not set
|   CUDA Capable Devices Detected:      1
|           CUDA Device ID in use:      0
|                CUDA Device Name: NVIDIA GeForce RTX 2080 Ti
|     CUDA Device Global Mem Size:  10825 MB
| CUDA Device Num Multiprocessors:     68
|           CUDA Device Core Freq:   1.54 GHz
|
|--------------------------------------------------------
 
 
| Conditional Compilation Defines Used:
| PUBFFT
| BINTRAJ
| CUDA
| EMIL

| Largest sphere to fit in unit cell has radius =    34.138

| New format PARM file being parsed.
| Version =    1.000 Date = 09/09/25 Time = 15:45:24

| Note: 1-4 EEL scale factors are being read from the topology file.

| Note: 1-4 VDW scale factors are being read from the topology file.
| Duplicated    0 dihedrals

| Duplicated    0 dihedrals

--------------------------------------------------------------------------------
   1.  RESOURCE   USE: 
--------------------------------------------------------------------------------

 getting box info from netcdf restart file
 NATOM  =   34150 NTYPES =      16 NBONH =   32333 MBONA  =    1856
 NTHETH =    4021 MTHETA =    2510 NPHIH =    8146 MPHIA  =    7859
 NHPARM =       0 NPARM  =       0 NNB   =   60513 NRES   =   10422
 NBONA  =    1856 NTHETA =    2510 NPHIA =    7859 NUMBND =      78
 NUMANG =     179 NPTRA  =     199 NATYP =      39 NPHB   =       0
 IFBOX  =       1 NMXRS  =      30 IFCAP =       0 NEXTRA =       0
 NCOPY  =       0

| Coordinate Index Table dimensions:    17   14   13
| Direct force subcell size =     5.0129    5.2114    5.2520

     BOX TYPE: RECTILINEAR

--------------------------------------------------------------------------------
   2.  CONTROL  DATA  FOR  THE  RUN
--------------------------------------------------------------------------------

default_name                                                                    

General flags:
     imin    =       0, nmropt  =       0

Nature and format of input:
     ntx     =       7, irest   =       1, ntrx    =       1

Nature and format of output:
     ntxo    =       2, ntpr    =    1000, ntrx    =       1, ntwr    =    1000
     iwrap   =       1, ntwx    =    1000, ntwv    =       0, ntwe    =       0
     ioutfm  =       1, ntwprt  =       0, idecomp =       0, rbornstat=      0

Potential function:
     ntf     =       2, ntb     =       2, igb     =       0, nsnb    =      25
     ipol    =       0, gbsa    =       0, iesp    =       0
     dielc   =   1.00000, cut     =   9.00000, intdiel =   1.00000

Frozen or restrained atoms:
     ibelly  =       0, ntr     =       1
     restraint_wt =   0.10000

Molecular dynamics:
     nstlim  =      5000, nscm    =         0, nrespa  =         1
     t       =   0.00000, dt      =   0.00200, vlimit  =  -1.00000

Berendsen (weak-coupling) temperature regulation:
     temp0   = 300.00000, tempi   = 300.00000, tautp   =   1.00000

Pressure regulation:
     ntp     =       1
     pres0   =   1.00000, comp    =  44.60000, taup    =   1.00000

SHAKE:
     ntc     =       2, jfastw  =       0
     tol     =   0.00001

| Intermolecular bonds treatment:
|     no_intermolecular_bonds =       1

| Energy averages sample interval:
|     ene_avg_sampling =    1000

Ewald parameters:
     verbose =       0, ew_type =       0, nbflag  =       1, use_pme =       1
     vdwmeth =       1, eedmeth =       1, netfrc  =       1
     Box X =   85.219   Box Y =   72.959   Box Z =   68.277
     Alpha =   90.000   Beta  =   90.000   Gamma =   90.000
     NFFT1 =   96       NFFT2 =   80       NFFT3 =   72
     Cutoff=    9.000   Tol   =0.100E-04
     Ewald Coefficient =  0.30768
     Interpolation order =    4

    LOADING THE CONSTRAINED ATOMS AS GROUPS


   5.  REFERENCE ATOM COORDINATES

  default_name                                                                    
     Mask :1-225@CA; matches   224 atoms

--------------------------------------------------------------------------------
   3.  ATOMIC COORDINATES AND VELOCITIES
--------------------------------------------------------------------------------

default_name                                                                    
 begin time read from input coords =   100.000 ps

 
 Number of triangulated 3-point waters found:    10191

     Sum of charges from parm topology file =  -0.00000110
     Forcing neutrality...

| Dynamic Memory, Types Used:
| Reals             1587872
| Integers          1441794

| Nonbonded Pairs Initial Allocation:     7786200

| GPU memory information (estimate):
| KB of GPU memory in use:    124717
| KB of CPU memory in use:     68269

--------------------------------------------------------------------------------
   4.  RESULTS
--------------------------------------------------------------------------------


 NSTEP =     1000   TIME(PS) =     102.000  TEMP(K) =   300.01  PRESS =  -315.9
 Etot   =    -81236.0962  EKtot   =     20900.8516  EPtot      =   -102136.9477
 BOND   =       669.7063  ANGLE   =      1895.6394  DIHED      =      2860.9512
 1-4 NB =       801.1322  1-4 EEL =     10672.1257  VDWAALS    =     12219.4470
 EELEC  =   -131265.9919  EHBOND  =         0.0000  RESTRAINT  =        10.0424
 EAMBER (non-restraint)  =   -102146.9901
 EKCMT  =      9215.5508  VIRIAL  =     12035.5961  VOLUME     =    413450.5774
                                                    Density    =         0.8409
 ------------------------------------------------------------------------------


 NSTEP =     2000   TIME(PS) =     104.000  TEMP(K) =   300.08  PRESS =  -299.9
 Etot   =    -81472.8222  EKtot   =     20906.2617  EPtot      =   -102379.0839
 BOND   =       682.5690  ANGLE   =      1898.3061  DIHED      =      2862.3699
 1-4 NB =       805.5045  1-4 EEL =     10700.0152  VDWAALS    =     12164.7752
 EELEC  =   -131503.6086  EHBOND  =         0.0000  RESTRAINT  =        10.9847
 EAMBER (non-restraint)  =   -102390.0686
 EKCMT  =      9141.9243  VIRIAL  =     11753.6663  VOLUME     =    403381.0417
                                                    Density    =         0.8619
 ------------------------------------------------------------------------------


 NSTEP =     3000   TIME(PS) =     106.000  TEMP(K) =   299.51  PRESS =  -158.6
 Etot   =    -81629.8599  EKtot   =     20866.0508  EPtot      =   -102495.9107
 BOND   =       681.0042  ANGLE   =      1894.2948  DIHED      =      2829.6329
 1-4 NB =       790.6739  1-4 EEL =     10653.5482  VDWAALS    =     12286.2504
 EELEC  =   -131642.8818  EHBOND  =         0.0000  RESTRAINT  =        11.5667
 EAMBER (non-restraint)  =   -102507.4774
 EKCMT  =      9171.5769  VIRIAL  =     10518.8601  VOLUME     =    393362.0100
                                                    Density    =         0.8838
 ------------------------------------------------------------------------------


 NSTEP =     4000   TIME(PS) =     108.000  TEMP(K) =   296.76  PRESS =  -252.4
 Etot   =    -81718.7728  EKtot   =     20674.3906  EPtot      =   -102393.1634
 BOND   =       728.1161  ANGLE   =      1864.4968  DIHED      =      2823.3837
 1-4 NB =       788.5561  1-4 EEL =     10628.3300  VDWAALS    =     12182.9345
 EELEC  =   -131420.8245  EHBOND  =         0.0000  RESTRAINT  =        11.8438
 EAMBER (non-restraint)  =   -102405.0072
 EKCMT  =      9101.7143  VIRIAL  =     11197.6650  VOLUME     =    384529.0341
                                                    Density    =         0.9041
 ------------------------------------------------------------------------------


 NSTEP =     5000   TIME(PS) =     110.000  TEMP(K) =   298.29  PRESS =  -200.2
 Etot   =    -81905.4011  EKtot   =     20780.9453  EPtot      =   -102686.3464
 BOND   =       663.4217  ANGLE   =      1817.6646  DIHED      =      2854.7948
 1-4 NB =       818.4165  1-4 EEL =     10638.6427  VDWAALS    =     12391.5638
 EELEC  =   -131881.7075  EHBOND  =         0.0000  RESTRAINT  =        10.8571
 EAMBER (non-restraint)  =   -102697.2035
 EKCMT  =      9127.6873  VIRIAL  =     10746.8852  VOLUME     =    374653.4725
                                                    Density    =         0.9280
 ------------------------------------------------------------------------------


      A V E R A G E S   O V E R       5 S T E P S


 NSTEP =     5000   TIME(PS) =     110.000  TEMP(K) =   298.93  PRESS =  -245.4
 Etot   =    -81592.5904  EKtot   =     20825.7000  EPtot      =   -102418.2904
 BOND   =       684.9635  ANGLE   =      1874.0803  DIHED      =      2846.2265
 1-4 NB =       800.8567  1-4 EEL =     10658.5324  VDWAALS    =     12248.9942
 EELEC  =   -131543.0029  EHBOND  =         0.0000  RESTRAINT  =        11.0589
 EAMBER (non-restraint)  =   -102429.3494
 EKCMT  =      9151.6907  VIRIAL  =     11250.5345  VOLUME     =    393875.2271
                                                    Density    =         0.8837
 ------------------------------------------------------------------------------


      R M S  F L U C T U A T I O N S


 NSTEP =     5000   TIME(PS) =     110.000  TEMP(K) =     1.26  PRESS =    59.3
 Etot   =       226.5366  EKtot   =        87.9359  EPtot      =       178.4383
 BOND   =        22.7173  ANGLE   =        30.7730  DIHED      =        16.4194
 1-4 NB =        10.8168  1-4 EEL =        25.4489  VDWAALS    =        82.5153
 EELEC  =       208.7636  EHBOND  =         0.0000  RESTRAINT  =         0.6251
 EAMBER (non-restraint)  =       177.8132
 EKCMT  =        39.0967  VIRIAL  =       576.4145  VOLUME     =     13642.9133
                                                    Density    =         0.0306
 ------------------------------------------------------------------------------

--------------------------------------------------------------------------------
   5.  TIMINGS
--------------------------------------------------------------------------------

|  NonSetup CPU Time in Major Routines:
|
|     Routine           Sec        %
|     ------------------------------
|     Nonbond           2.91   82.20
|     Bond              0.00    0.00
|     Angle             0.00    0.00
|     Dihedral          0.00    0.00
|     Shake             0.03    0.72
|     RunMD             0.60   16.92
|     Other             0.01    0.16
|     ------------------------------
|     Total             3.54

|  PME Nonbond Pairlist CPU Time:
|
|     Routine              Sec        %
|     ---------------------------------
|     Set Up Cit           0.00    0.00
|     Build List           0.00    0.00
|     ---------------------------------
|     Total                0.00    0.00

|  PME Direct Force CPU Time:
|
|     Routine              Sec        %
|     ---------------------------------
|     NonBonded Calc       0.00    0.00
|     Exclude Masked       0.00    0.00
|     Other                0.00    0.10
|     ---------------------------------
|     Total                0.00    0.10

|  PME Reciprocal Force CPU Time:
|
|     Routine              Sec        %
|     ---------------------------------
|     1D bspline           0.00    0.00
|     Grid Charges         0.00    0.00
|     Scalar Sum           0.00    0.00
|     Gradient Sum         0.00    0.00
|     FFT                  0.00    0.00
|     ---------------------------------
|     Total                0.00    0.00

|  Final Performance Info:
|     -----------------------------------------------------
|     Average timings for last    4000 steps:
|     Elapsed(s) =       2.84 Per Step(ms) =       0.71
|         ns/day =     243.22   seconds/ns =     355.23
|
|     Average timings for all steps:
|     Elapsed(s) =       3.54 Per Step(ms) =       0.71
|         ns/day =     244.05   seconds/ns =     354.02
|     -----------------------------------------------------

|  Setup CPU time:            0.49 seconds
|  NonSetup CPU time:         3.54 seconds
|  Total CPU time:            4.03 seconds     0.00 hours

|  Setup wall time:           0    seconds
|  NonSetup wall time:        4    seconds
|  Total wall time:           4    seconds     0.00 hours
