
          -------------------------------------------------------
          Amber 24 PMEMD                              2024
          -------------------------------------------------------

| PMEMD implementation of SANDER, Release 24

|  Compiled date/time: Mon Feb  3 14:39:30 2025
| Run on 09/15/2025 at 14:26:24

|   Executable path: /home/jacosta19/software/amber24/bin/pmemd.cuda_SPFP
| Working directory: /home/jacosta19/Desktop/GFP_MD/2wsn
|          Hostname: Unknown
  [-O]verwriting output

File Assignments:
|   MDIN: eq3.in                                                                
|  MDOUT: GFP.2wsn.eq3.out                                                      
| INPCRD: GFP.2wsn.eq2.ncrst                                                    
|   PARM: GFP.2wsn.top                                                          
| RESTRT: GFP.2wsn.eq3.ncrst                                                    
|   REFC: GFP.2wsn.min.ncrst                                                    
|  MDVEL: mdvel                                                                 
|   MDEN: mden                                                                  
|  MDCRD: GFP.2wsn.eq3.nc                                                       
| MDINFO: mdinfo                                                                
|  MDFRC: mdfrc                                                                 


 Here is the input file:

eq3 temp = 300, k = 5 V=cte (ntb=1)                                            
&cntrl                                                                         
 nstlim = 10000, dt = 0.002,                                                   
 ntx = 7, irest = 1, iwrap=0, cut = 9.0, ioutfm = 1,                           
 ntpr = 500, ntwr = 500, ntwx =500,                                            
 tempi = 300., temp0 = 300.,                                                   
 ntt = 1,                                                                      
 ntb = 1,                                                                      
 ntc = 2, ntf = 2,                                                             
 ntr = 1,                                                                      
 restraint_wt = 0.5, restraintmask = ":1-225@CA"                               
&end                                                                           
                                                                               


Note: ig = -1. Setting random seed to   764319 based on wallclock time in 
      microseconds.
| irandom = 1, using AMBER's internal random number generator (default).
| WARNING: ntx set to 7; the file type is now auto-detected; please update to ntx = 5.
 
|--------------------- INFORMATION ----------------------
| GPU (CUDA) Version of PMEMD in use: NVIDIA GPU IN USE.
|                    Version 18.0.0
| 
|                      03/25/2018
| 
| Implementation by:
|                    Ross C. Walker     (SDSC)
|                    Scott Le Grand     (nVIDIA)
| 
| Version 18 performance extensions by:
|                    David Cerutti     (Rutgers)
| 
| Precision model in use:
|      [SPFP] - Single Precision Forces, 64-bit Fixed Point
|               Accumulation. (Default)
| 
|--------------------------------------------------------
 
|----------------- CITATION INFORMATION -----------------
|
|    When publishing work that utilized the CUDA version
|    of AMBER, please cite the following in addition to
|    the regular AMBER citations:
|
|  - Romelia Salomon-Ferrer; Andreas W. Goetz; Duncan
|    Poole; Scott Le Grand; Ross C. Walker "Routine
|    microsecond molecular dynamics simulations with
|    AMBER - Part II: Particle Mesh Ewald", J. Chem.
|    Theory Comput., 2013, 9 (9), pp3878-3888,
|    DOI: 10.1021/ct400314y.
|
|  - Andreas W. Goetz; Mark J. Williamson; Dong Xu;
|    Duncan Poole; Scott Le Grand; Ross C. Walker
|    "Routine microsecond molecular dynamics simulations
|    with AMBER - Part I: Generalized Born", J. Chem.
|    Theory Comput., 2012, 8 (5), pp1542-1555.
|
|  - Scott Le Grand; Andreas W. Goetz; Ross C. Walker
|    "SPFP: Speed without compromise - a mixed precision
|    model for GPU accelerated molecular dynamics
|    simulations.", Comp. Phys. Comm., 2013, 184
|    pp374-380, DOI: 10.1016/j.cpc.2012.09.022
|
|--------------------------------------------------------
 
|------------------- GPU DEVICE INFO --------------------
|
|            CUDA_VISIBLE_DEVICES: not set
|   CUDA Capable Devices Detected:      1
|           CUDA Device ID in use:      0
|                CUDA Device Name: NVIDIA GeForce RTX 2080 Ti
|     CUDA Device Global Mem Size:  10825 MB
| CUDA Device Num Multiprocessors:     68
|           CUDA Device Core Freq:   1.54 GHz
|
|--------------------------------------------------------
 
 
| Conditional Compilation Defines Used:
| PUBFFT
| BINTRAJ
| CUDA
| EMIL

| Largest sphere to fit in unit cell has radius =    35.878

| New format PARM file being parsed.
| Version =    1.000 Date = 09/09/25 Time = 16:13:17

| Note: 1-4 EEL scale factors are being read from the topology file.

| Note: 1-4 VDW scale factors are being read from the topology file.
| Duplicated    0 dihedrals

| Duplicated    0 dihedrals

--------------------------------------------------------------------------------
   1.  RESOURCE   USE: 
--------------------------------------------------------------------------------

 getting box info from netcdf restart file
 NATOM  =   39744 NTYPES =      16 NBONH =   37937 MBONA  =    1844
 NTHETH =    3999 MTHETA =    2499 NPHIH =    8123 MPHIA  =    7877
 NHPARM =       0 NPARM  =       0 NNB   =   67903 NRES   =   12294
 NBONA  =    1844 NTHETA =    2499 NPHIA =    7877 NUMBND =      77
 NUMANG =     179 NPTRA  =     200 NATYP =      39 NPHB   =       0
 IFBOX  =       1 NMXRS  =      40 IFCAP =       0 NEXTRA =       0
 NCOPY  =       0

| Coordinate Index Table dimensions:    14   16   16
| Direct force subcell size =     5.1254    5.0825    5.2035

     BOX TYPE: RECTILINEAR

--------------------------------------------------------------------------------
   2.  CONTROL  DATA  FOR  THE  RUN
--------------------------------------------------------------------------------

default_name                                                                    

General flags:
     imin    =       0, nmropt  =       0

Nature and format of input:
     ntx     =       7, irest   =       1, ntrx    =       1

Nature and format of output:
     ntxo    =       2, ntpr    =     500, ntrx    =       1, ntwr    =     500
     iwrap   =       0, ntwx    =     500, ntwv    =       0, ntwe    =       0
     ioutfm  =       1, ntwprt  =       0, idecomp =       0, rbornstat=      0

Potential function:
     ntf     =       2, ntb     =       1, igb     =       0, nsnb    =      25
     ipol    =       0, gbsa    =       0, iesp    =       0
     dielc   =   1.00000, cut     =   9.00000, intdiel =   1.00000

Frozen or restrained atoms:
     ibelly  =       0, ntr     =       1
     restraint_wt =   0.50000

Molecular dynamics:
     nstlim  =     10000, nscm    =         0, nrespa  =         1
     t       =   0.00000, dt      =   0.00200, vlimit  =  -1.00000

Berendsen (weak-coupling) temperature regulation:
     temp0   = 300.00000, tempi   = 300.00000, tautp   =   1.00000

SHAKE:
     ntc     =       2, jfastw  =       0
     tol     =   0.00001

| Intermolecular bonds treatment:
|     no_intermolecular_bonds =       1

| Energy averages sample interval:
|     ene_avg_sampling =     500

Ewald parameters:
     verbose =       0, ew_type =       0, nbflag  =       1, use_pme =       1
     vdwmeth =       1, eedmeth =       1, netfrc  =       1
     Box X =   71.755   Box Y =   81.320   Box Z =   83.256
     Alpha =   90.000   Beta  =   90.000   Gamma =   90.000
     NFFT1 =   72       NFFT2 =   84       NFFT3 =   84
     Cutoff=    9.000   Tol   =0.100E-04
     Ewald Coefficient =  0.30768
     Interpolation order =    4

    LOADING THE CONSTRAINED ATOMS AS GROUPS


   5.  REFERENCE ATOM COORDINATES

  default_name                                                                    
     Mask :1-225@CA; matches   224 atoms

--------------------------------------------------------------------------------
   3.  ATOMIC COORDINATES AND VELOCITIES
--------------------------------------------------------------------------------

default_name                                                                    
 begin time read from input coords =    60.000 ps

 
 Number of triangulated 3-point waters found:    12062

     Sum of charges from parm topology file =   0.00000190
     Forcing neutrality...

| Dynamic Memory, Types Used:
| Reals             1289739
| Integers          1512268

| Nonbonded Pairs Initial Allocation:     9061632

| GPU memory information (estimate):
| KB of GPU memory in use:    145043
| KB of CPU memory in use:     69779

--------------------------------------------------------------------------------
   4.  RESULTS
--------------------------------------------------------------------------------


 NSTEP =      500   TIME(PS) =      61.000  TEMP(K) =   298.51  PRESS =     0.0
 Etot   =    -95205.8947  EKtot   =     24112.3145  EPtot      =   -119318.2091
 BOND   =       656.0876  ANGLE   =      1852.0173  DIHED      =      2920.5160
 1-4 NB =       791.2536  1-4 EEL =     10684.6497  VDWAALS    =     14710.6050
 EELEC  =   -150964.4908  EHBOND  =         0.0000  RESTRAINT  =        31.1525
 EAMBER (non-restraint)  =   -119349.3616
 ------------------------------------------------------------------------------


 NSTEP =     1000   TIME(PS) =      62.000  TEMP(K) =   300.17  PRESS =     0.0
 Etot   =    -95200.3912  EKtot   =     24245.9590  EPtot      =   -119446.3501
 BOND   =       672.5016  ANGLE   =      1877.8292  DIHED      =      2865.0023
 1-4 NB =       792.2924  1-4 EEL =     10691.0508  VDWAALS    =     14690.7512
 EELEC  =   -151062.7013  EHBOND  =         0.0000  RESTRAINT  =        26.9236
 EAMBER (non-restraint)  =   -119473.2738
 ------------------------------------------------------------------------------


 NSTEP =     1500   TIME(PS) =      63.000  TEMP(K) =   300.06  PRESS =     0.0
 Etot   =    -95214.1918  EKtot   =     24237.3008  EPtot      =   -119451.4926
 BOND   =       652.5768  ANGLE   =      1824.4582  DIHED      =      2881.7518
 1-4 NB =       788.6213  1-4 EEL =     10694.6196  VDWAALS    =     14760.4781
 EELEC  =   -151083.7555  EHBOND  =         0.0000  RESTRAINT  =        29.7569
 EAMBER (non-restraint)  =   -119481.2496
 ------------------------------------------------------------------------------


 NSTEP =     2000   TIME(PS) =      64.000  TEMP(K) =   300.67  PRESS =     0.0
 Etot   =    -95197.6272  EKtot   =     24286.3691  EPtot      =   -119483.9963
 BOND   =       643.3651  ANGLE   =      1832.7753  DIHED      =      2892.3009
 1-4 NB =       806.7554  1-4 EEL =     10741.9582  VDWAALS    =     14620.3713
 EELEC  =   -151047.9046  EHBOND  =         0.0000  RESTRAINT  =        26.3820
 EAMBER (non-restraint)  =   -119510.3783
 ------------------------------------------------------------------------------


 NSTEP =     2500   TIME(PS) =      65.000  TEMP(K) =   299.35  PRESS =     0.0
 Etot   =    -95134.0927  EKtot   =     24180.1914  EPtot      =   -119314.2841
 BOND   =       689.2019  ANGLE   =      1826.4052  DIHED      =      2862.9154
 1-4 NB =       809.6529  1-4 EEL =     10713.3573  VDWAALS    =     14752.8531
 EELEC  =   -150996.3436  EHBOND  =         0.0000  RESTRAINT  =        27.6737
 EAMBER (non-restraint)  =   -119341.9578
 ------------------------------------------------------------------------------


 NSTEP =     3000   TIME(PS) =      66.000  TEMP(K) =   299.02  PRESS =     0.0
 Etot   =    -95152.8268  EKtot   =     24153.1797  EPtot      =   -119306.0065
 BOND   =       631.0589  ANGLE   =      1886.7131  DIHED      =      2870.5440
 1-4 NB =       818.3665  1-4 EEL =     10694.7412  VDWAALS    =     14577.9689
 EELEC  =   -150812.1350  EHBOND  =         0.0000  RESTRAINT  =        26.7359
 EAMBER (non-restraint)  =   -119332.7424
 ------------------------------------------------------------------------------


 NSTEP =     3500   TIME(PS) =      67.000  TEMP(K) =   298.72  PRESS =     0.0
 Etot   =    -95150.5397  EKtot   =     24128.8164  EPtot      =   -119279.3561
 BOND   =       668.7519  ANGLE   =      1836.1897  DIHED      =      2846.3838
 1-4 NB =       790.9565  1-4 EEL =     10698.8800  VDWAALS    =     14782.4300
 EELEC  =   -150931.7488  EHBOND  =         0.0000  RESTRAINT  =        28.8009
 EAMBER (non-restraint)  =   -119308.1570
 ------------------------------------------------------------------------------


 NSTEP =     4000   TIME(PS) =      68.000  TEMP(K) =   299.59  PRESS =     0.0
 Etot   =    -95134.7749  EKtot   =     24198.9453  EPtot      =   -119333.7202
 BOND   =       651.0346  ANGLE   =      1858.1713  DIHED      =      2853.7416
 1-4 NB =       806.3981  1-4 EEL =     10749.3586  VDWAALS    =     14732.6059
 EELEC  =   -151013.2287  EHBOND  =         0.0000  RESTRAINT  =        28.1983
 EAMBER (non-restraint)  =   -119361.9185
 ------------------------------------------------------------------------------


 NSTEP =     4500   TIME(PS) =      69.000  TEMP(K) =   298.65  PRESS =     0.0
 Etot   =    -95132.3389  EKtot   =     24123.3398  EPtot      =   -119255.6787
 BOND   =       670.7754  ANGLE   =      1913.3399  DIHED      =      2877.6219
 1-4 NB =       793.4124  1-4 EEL =     10717.2424  VDWAALS    =     14693.0275
 EELEC  =   -150945.9333  EHBOND  =         0.0000  RESTRAINT  =        24.8351
 EAMBER (non-restraint)  =   -119280.5138
 ------------------------------------------------------------------------------


 NSTEP =     5000   TIME(PS) =      70.000  TEMP(K) =   300.38  PRESS =     0.0
 Etot   =    -95123.1210  EKtot   =     24263.3887  EPtot      =   -119386.5097
 BOND   =       655.0123  ANGLE   =      1824.6963  DIHED      =      2848.2602
 1-4 NB =       802.7226  1-4 EEL =     10738.8118  VDWAALS    =     14503.1354
 EELEC  =   -150787.3252  EHBOND  =         0.0000  RESTRAINT  =        28.1769
 EAMBER (non-restraint)  =   -119414.6866
 ------------------------------------------------------------------------------


 NSTEP =     5500   TIME(PS) =      71.000  TEMP(K) =   298.64  PRESS =     0.0
 Etot   =    -95169.1143  EKtot   =     24122.8105  EPtot      =   -119291.9249
 BOND   =       664.2319  ANGLE   =      1863.4433  DIHED      =      2875.5372
 1-4 NB =       798.2837  1-4 EEL =     10721.7656  VDWAALS    =     14687.2987
 EELEC  =   -150929.8024  EHBOND  =         0.0000  RESTRAINT  =        27.3172
 EAMBER (non-restraint)  =   -119319.2420
 ------------------------------------------------------------------------------


 NSTEP =     6000   TIME(PS) =      72.000  TEMP(K) =   299.91  PRESS =     0.0
 Etot   =    -95166.1074  EKtot   =     24224.9824  EPtot      =   -119391.0898
 BOND   =       673.9577  ANGLE   =      1862.7370  DIHED      =      2863.3669
 1-4 NB =       796.2886  1-4 EEL =     10661.2106  VDWAALS    =     15087.8777
 EELEC  =   -151367.2954  EHBOND  =         0.0000  RESTRAINT  =        30.7672
 EAMBER (non-restraint)  =   -119421.8570
 ------------------------------------------------------------------------------


 NSTEP =     6500   TIME(PS) =      73.000  TEMP(K) =   299.99  PRESS =     0.0
 Etot   =    -95132.3223  EKtot   =     24231.5449  EPtot      =   -119363.8672
 BOND   =       645.2971  ANGLE   =      1859.2387  DIHED      =      2863.0562
 1-4 NB =       780.2925  1-4 EEL =     10737.4552  VDWAALS    =     14484.3437
 EELEC  =   -150766.7083  EHBOND  =         0.0000  RESTRAINT  =        33.1578
 EAMBER (non-restraint)  =   -119397.0249
 ------------------------------------------------------------------------------


 NSTEP =     7000   TIME(PS) =      74.000  TEMP(K) =   301.14  PRESS =     0.0
 Etot   =    -95110.2388  EKtot   =     24324.6270  EPtot      =   -119434.8657
 BOND   =       657.4829  ANGLE   =      1858.7492  DIHED      =      2873.3882
 1-4 NB =       794.4832  1-4 EEL =     10657.5460  VDWAALS    =     14875.6419
 EELEC  =   -151184.9658  EHBOND  =         0.0000  RESTRAINT  =        32.8086
 EAMBER (non-restraint)  =   -119467.6743
 ------------------------------------------------------------------------------


 NSTEP =     7500   TIME(PS) =      75.000  TEMP(K) =   301.30  PRESS =     0.0
 Etot   =    -95126.1665  EKtot   =     24337.3848  EPtot      =   -119463.5513
 BOND   =       656.2265  ANGLE   =      1862.4860  DIHED      =      2867.3033
 1-4 NB =       788.0317  1-4 EEL =     10714.5155  VDWAALS    =     14914.1414
 EELEC  =   -151292.9240  EHBOND  =         0.0000  RESTRAINT  =        26.6684
 EAMBER (non-restraint)  =   -119490.2196
 ------------------------------------------------------------------------------


 NSTEP =     8000   TIME(PS) =      76.000  TEMP(K) =   300.23  PRESS =     0.0
 Etot   =    -95122.7764  EKtot   =     24250.5137  EPtot      =   -119373.2901
 BOND   =       653.6289  ANGLE   =      1830.1173  DIHED      =      2865.0821
 1-4 NB =       820.6037  1-4 EEL =     10699.6085  VDWAALS    =     14837.6804
 EELEC  =   -151113.0976  EHBOND  =         0.0000  RESTRAINT  =        33.0866
 EAMBER (non-restraint)  =   -119406.3767
 ------------------------------------------------------------------------------


 NSTEP =     8500   TIME(PS) =      77.000  TEMP(K) =   299.77  PRESS =     0.0
 Etot   =    -95137.7075  EKtot   =     24213.4043  EPtot      =   -119351.1118
 BOND   =       618.4638  ANGLE   =      1879.7397  DIHED      =      2846.6710
 1-4 NB =       799.5623  1-4 EEL =     10700.2990  VDWAALS    =     14585.0091
 EELEC  =   -150809.7401  EHBOND  =         0.0000  RESTRAINT  =        28.8834
 EAMBER (non-restraint)  =   -119379.9952
 ------------------------------------------------------------------------------


 NSTEP =     9000   TIME(PS) =      78.000  TEMP(K) =   301.69  PRESS =     0.0
 Etot   =    -95172.6765  EKtot   =     24368.7617  EPtot      =   -119541.4382
 BOND   =       649.1432  ANGLE   =      1856.3558  DIHED      =      2885.6092
 1-4 NB =       786.8001  1-4 EEL =     10725.8288  VDWAALS    =     14596.8952
 EELEC  =   -151072.6444  EHBOND  =         0.0000  RESTRAINT  =        30.5740
 EAMBER (non-restraint)  =   -119572.0122
 ------------------------------------------------------------------------------


 NSTEP =     9500   TIME(PS) =      79.000  TEMP(K) =   297.28  PRESS =     0.0
 Etot   =    -95176.1737  EKtot   =     24012.7969  EPtot      =   -119188.9706
 BOND   =       653.3509  ANGLE   =      1823.9299  DIHED      =      2843.1344
 1-4 NB =       816.9139  1-4 EEL =     10781.9998  VDWAALS    =     14902.1950
 EELEC  =   -151046.7680  EHBOND  =         0.0000  RESTRAINT  =        36.2735
 EAMBER (non-restraint)  =   -119225.2441
 ------------------------------------------------------------------------------


 NSTEP =    10000   TIME(PS) =      80.000  TEMP(K) =   300.58  PRESS =     0.0
 Etot   =    -95183.5217  EKtot   =     24278.9297  EPtot      =   -119462.4514
 BOND   =       668.4645  ANGLE   =      1906.4261  DIHED      =      2901.0088
 1-4 NB =       804.8252  1-4 EEL =     10748.3949  VDWAALS    =     14963.3624
 EELEC  =   -151487.6165  EHBOND  =         0.0000  RESTRAINT  =        32.6832
 EAMBER (non-restraint)  =   -119495.1345
 ------------------------------------------------------------------------------


      A V E R A G E S   O V E R      20 S T E P S


 NSTEP =    10000   TIME(PS) =      80.000  TEMP(K) =   299.78  PRESS =     0.0
 Etot   =    -95157.1302  EKtot   =     24214.7780  EPtot      =   -119371.9082
 BOND   =       656.5307  ANGLE   =      1856.7909  DIHED      =      2870.1597
 1-4 NB =       799.3258  1-4 EEL =     10713.6647  VDWAALS    =     14737.9336
 EELEC  =   -151035.8565  EHBOND  =         0.0000  RESTRAINT  =        29.5428
 EAMBER (non-restraint)  =   -119401.4510
 ------------------------------------------------------------------------------


      R M S  F L U C T U A T I O N S


 NSTEP =    10000   TIME(PS) =      80.000  TEMP(K) =     1.06  PRESS =     0.0
 Etot   =        30.7121  EKtot   =        85.5285  EPtot      =        86.2450
 BOND   =        15.3298  ANGLE   =        25.9461  DIHED      =        19.0421
 1-4 NB =        10.9386  1-4 EEL =        29.9547  VDWAALS    =       153.7272
 EELEC  =       185.1461  EHBOND  =         0.0000  RESTRAINT  =         2.8715
 EAMBER (non-restraint)  =        83.3734
 ------------------------------------------------------------------------------

--------------------------------------------------------------------------------
   5.  TIMINGS
--------------------------------------------------------------------------------

|  NonSetup CPU Time in Major Routines:
|
|     Routine           Sec        %
|     ------------------------------
|     Nonbond           0.92   17.16
|     Bond              0.00    0.00
|     Angle             0.00    0.00
|     Dihedral          0.00    0.00
|     Shake             0.05    0.91
|     RunMD             4.36   81.73
|     Other             0.01    0.20
|     ------------------------------
|     Total             5.33

|  PME Nonbond Pairlist CPU Time:
|
|     Routine              Sec        %
|     ---------------------------------
|     Set Up Cit           0.00    0.00
|     Build List           0.00    0.00
|     ---------------------------------
|     Total                0.00    0.00

|  PME Direct Force CPU Time:
|
|     Routine              Sec        %
|     ---------------------------------
|     NonBonded Calc       0.00    0.00
|     Exclude Masked       0.00    0.00
|     Other                0.01    0.12
|     ---------------------------------
|     Total                0.01    0.12

|  PME Reciprocal Force CPU Time:
|
|     Routine              Sec        %
|     ---------------------------------
|     1D bspline           0.00    0.00
|     Grid Charges         0.00    0.00
|     Scalar Sum           0.00    0.00
|     Gradient Sum         0.00    0.00
|     FFT                  0.00    0.00
|     ---------------------------------
|     Total                0.00    0.00

|  Final Performance Info:
|     -----------------------------------------------------
|     Average timings for last    9500 steps:
|     Elapsed(s) =       5.06 Per Step(ms) =       0.53
|         ns/day =     324.26   seconds/ns =     266.46
|
|     Average timings for all steps:
|     Elapsed(s) =       5.33 Per Step(ms) =       0.53
|         ns/day =     324.24   seconds/ns =     266.47
|     -----------------------------------------------------

|  Setup CPU time:            0.50 seconds
|  NonSetup CPU time:         5.33 seconds
|  Total CPU time:            5.83 seconds     0.00 hours

|  Setup wall time:           0    seconds
|  NonSetup wall time:        6    seconds
|  Total wall time:           6    seconds     0.00 hours
