
          -------------------------------------------------------
          Amber 24 PMEMD                              2024
          -------------------------------------------------------

| PMEMD implementation of SANDER, Release 24

|  Compiled date/time: Mon Feb  3 14:39:30 2025
| Run on 09/15/2025 at 14:24:08

|   Executable path: /home/jacosta19/software/amber24/bin/pmemd.cuda_SPFP
| Working directory: /home/jacosta19/Desktop/GFP_MD/2wsn
|          Hostname: Unknown
  [-O]verwriting output

File Assignments:
|   MDIN: min2.in                                                               
|  MDOUT: GFP.2wsn.m2.out                                                       
| INPCRD: GFP.2wsn.m1.ncrst                                                     
|   PARM: GFP.2wsn.top                                                          
| RESTRT: GFP.2wsn.m2.ncrst                                                     
|   REFC: GFP.2wsn.m1.ncrst                                                     
|  MDVEL: mdvel                                                                 
|   MDEN: mden                                                                  
|  MDCRD: mdcrd                                                                 
| MDINFO: mdinfo                                                                
|  MDFRC: mdfrc                                                                 


 Here is the input file:

Minimizacion de aguas y contraiones + APL                                      
 &cntrl                                                                        
 ntx = 1, ntrx = 1,                                                            
 ntpr = 500, igb=0,                                                            
 ntf = 1, ntb = 1,                                                             
 nsnb = 10, ntr = 1,                                                           
 imin = 1, maxcyc = 50000, ncyc = 25000,                                       
 ntmin = 1, dx0 = 0.1, drms = 0.01,                                            
 ntp = 0, ntc = 1, cut=9., ioutfm = 1,                                         
 restraint_wt=20., restraintmask=":1-225@CA",                                  
&end                                                                           
&wt                                                                            
type="END",                                                                    
&end                                                                           
                                                                               


Note: ig = -1. Setting random seed to   980615 based on wallclock time in 
      microseconds.
| irandom = 1, using AMBER's internal random number generator (default).
| INFO:    The nsnb ctrl option does not affect nonbonded list update frequency.
|          It does affect steepest descent minimization freq if ntmin == 0
 
|--------------------- INFORMATION ----------------------
| GPU (CUDA) Version of PMEMD in use: NVIDIA GPU IN USE.
|                    Version 18.0.0
| 
|                      03/25/2018
| 
| Implementation by:
|                    Ross C. Walker     (SDSC)
|                    Scott Le Grand     (nVIDIA)
| 
| Version 18 performance extensions by:
|                    David Cerutti     (Rutgers)
| 
| Precision model in use:
|      [SPFP] - Single Precision Forces, 64-bit Fixed Point
|               Accumulation. (Default)
| 
|--------------------------------------------------------
 
|----------------- CITATION INFORMATION -----------------
|
|    When publishing work that utilized the CUDA version
|    of AMBER, please cite the following in addition to
|    the regular AMBER citations:
|
|  - Romelia Salomon-Ferrer; Andreas W. Goetz; Duncan
|    Poole; Scott Le Grand; Ross C. Walker "Routine
|    microsecond molecular dynamics simulations with
|    AMBER - Part II: Particle Mesh Ewald", J. Chem.
|    Theory Comput., 2013, 9 (9), pp3878-3888,
|    DOI: 10.1021/ct400314y.
|
|  - Andreas W. Goetz; Mark J. Williamson; Dong Xu;
|    Duncan Poole; Scott Le Grand; Ross C. Walker
|    "Routine microsecond molecular dynamics simulations
|    with AMBER - Part I: Generalized Born", J. Chem.
|    Theory Comput., 2012, 8 (5), pp1542-1555.
|
|  - Scott Le Grand; Andreas W. Goetz; Ross C. Walker
|    "SPFP: Speed without compromise - a mixed precision
|    model for GPU accelerated molecular dynamics
|    simulations.", Comp. Phys. Comm., 2013, 184
|    pp374-380, DOI: 10.1016/j.cpc.2012.09.022
|
|--------------------------------------------------------
 
|------------------- GPU DEVICE INFO --------------------
|
|            CUDA_VISIBLE_DEVICES: not set
|   CUDA Capable Devices Detected:      1
|           CUDA Device ID in use:      0
|                CUDA Device Name: NVIDIA GeForce RTX 2080 Ti
|     CUDA Device Global Mem Size:  10825 MB
| CUDA Device Num Multiprocessors:     68
|           CUDA Device Core Freq:   1.54 GHz
|
|--------------------------------------------------------
 
 
| Conditional Compilation Defines Used:
| PUBFFT
| BINTRAJ
| CUDA
| EMIL

| Largest sphere to fit in unit cell has radius =    35.878

| New format PARM file being parsed.
| Version =    1.000 Date = 09/09/25 Time = 16:13:17

| Note: 1-4 EEL scale factors are being read from the topology file.

| Note: 1-4 VDW scale factors are being read from the topology file.
| Duplicated    0 dihedrals

| Duplicated    0 dihedrals

--------------------------------------------------------------------------------
   1.  RESOURCE   USE: 
--------------------------------------------------------------------------------

 getting box info from netcdf restart file
 NATOM  =   39744 NTYPES =      16 NBONH =   37937 MBONA  =    1844
 NTHETH =    3999 MTHETA =    2499 NPHIH =    8123 MPHIA  =    7877
 NHPARM =       0 NPARM  =       0 NNB   =   67903 NRES   =   12294
 NBONA  =    1844 NTHETA =    2499 NPHIA =    7877 NUMBND =      77
 NUMANG =     179 NPTRA  =     200 NATYP =      39 NPHB   =       0
 IFBOX  =       1 NMXRS  =      40 IFCAP =       0 NEXTRA =       0
 NCOPY  =       0

| Coordinate Index Table dimensions:    14   16   16
| Direct force subcell size =     5.1254    5.0825    5.2035

     BOX TYPE: RECTILINEAR

--------------------------------------------------------------------------------
   2.  CONTROL  DATA  FOR  THE  RUN
--------------------------------------------------------------------------------

default_name                                                                    

General flags:
     imin    =       1, nmropt  =       0

Nature and format of input:
     ntx     =       1, irest   =       0, ntrx    =       1

Nature and format of output:
     ntxo    =       2, ntpr    =     500, ntrx    =       1, ntwr    =       1
     iwrap   =       0, ntwx    =       0, ntwv    =       0, ntwe    =       0
     ioutfm  =       1, ntwprt  =       0, idecomp =       0, rbornstat=      0

Potential function:
     ntf     =       1, ntb     =       1, igb     =       0, nsnb    =      10
     ipol    =       0, gbsa    =       0, iesp    =       0
     dielc   =   1.00000, cut     =   9.00000, intdiel =   1.00000

Frozen or restrained atoms:
     ibelly  =       0, ntr     =       1
     restraint_wt =  20.00000

Energy minimization:
     maxcyc  =   50000, ncyc    =   25000, ntmin   =       1
     dx0     =   0.10000, drms    =   0.01000

| Intermolecular bonds treatment:
|     no_intermolecular_bonds =       1

| Energy averages sample interval:
|     ene_avg_sampling =       1

Ewald parameters:
     verbose =       0, ew_type =       0, nbflag  =       1, use_pme =       1
     vdwmeth =       1, eedmeth =       1, netfrc  =       0
     Box X =   71.755   Box Y =   81.320   Box Z =   83.256
     Alpha =   90.000   Beta  =   90.000   Gamma =   90.000
     NFFT1 =   72       NFFT2 =   84       NFFT3 =   84
     Cutoff=    9.000   Tol   =0.100E-04
     Ewald Coefficient =  0.30768
     Interpolation order =    4

    LOADING THE CONSTRAINED ATOMS AS GROUPS


   5.  REFERENCE ATOM COORDINATES

  default_name                                                                    
     Mask :1-225@CA; matches   224 atoms

--------------------------------------------------------------------------------
   3.  ATOMIC COORDINATES AND VELOCITIES
--------------------------------------------------------------------------------

default_name                                                                    
 begin time read from input coords =     0.000 ps

 
 Number of triangulated 3-point waters found:    12062

     Sum of charges from parm topology file =   0.00000190
     Forcing neutrality...

| Dynamic Memory, Types Used:
| Reals             1168756
| Integers          1508766

| Nonbonded Pairs Initial Allocation:     9061632

| GPU memory information (estimate):
| KB of GPU memory in use:    147209
| KB of CPU memory in use:     71945

--------------------------------------------------------------------------------
   4.  RESULTS
--------------------------------------------------------------------------------



   NSTEP       ENERGY          RMS            GMAX         NAME    NUMBER
      1      -1.3847E+05     1.3918E+00     3.2798E+01     O        4018

 BOND    =     7725.2875  ANGLE   =      494.6299  DIHED      =     2578.7968
 VDWAALS =    10662.5341  EEL     =  -171660.0412  HBOND      =        0.0000
 1-4 VDW =      786.5943  1-4 EEL =    10945.2092  RESTRAINT  =        0.0000


   NSTEP       ENERGY          RMS            GMAX         NAME    NUMBER
    500      -1.4839E+05     3.3707E-01     1.9627E+01     C1        926

 BOND    =     9775.9667  ANGLE   =      527.1736  DIHED      =     2575.3629
 VDWAALS =    19953.8424  EEL     =  -192767.4309  HBOND      =        0.0000
 1-4 VDW =      712.9509  1-4 EEL =    10810.1187  RESTRAINT  =       20.6932
 EAMBER  =  -148412.0157


   NSTEP       ENERGY          RMS            GMAX         NAME    NUMBER
   1000      -1.5117E+05     4.9293E-01     2.8910E+01     C1        926

 BOND    =    10450.0853  ANGLE   =      529.6428  DIHED      =     2574.2141
 VDWAALS =    23118.7958  EEL     =  -199388.6380  HBOND      =        0.0000
 1-4 VDW =      710.1291  1-4 EEL =    10806.1025  RESTRAINT  =       26.4993
 EAMBER  =  -151199.6685


   NSTEP       ENERGY          RMS            GMAX         NAME    NUMBER
   1500      -1.5277E+05     5.3572E-01     3.4298E+01     CD        416

 BOND    =    10815.5346  ANGLE   =      530.2504  DIHED      =     2576.6151
 VDWAALS =    24800.6670  EEL     =  -203033.9611  HBOND      =        0.0000
 1-4 VDW =      710.4154  1-4 EEL =    10806.9565  RESTRAINT  =       27.8091
 EAMBER  =  -152793.5223


   NSTEP       ENERGY          RMS            GMAX         NAME    NUMBER
   2000      -1.5387E+05     6.2029E-01     3.3122E+01     CZ       1065

 BOND    =    11076.9850  ANGLE   =      531.5129  DIHED      =     2578.8682
 VDWAALS =    26023.3838  EEL     =  -205628.0105  HBOND      =        0.0000
 1-4 VDW =      709.8560  1-4 EEL =    10806.5912  RESTRAINT  =       28.9564
 EAMBER  =  -153900.8135


   NSTEP       ENERGY          RMS            GMAX         NAME    NUMBER
   2500      -1.5471E+05     2.1719E-01     1.0209E+01     CZ       1065

 BOND    =    11267.4707  ANGLE   =      533.4456  DIHED      =     2580.9070
 VDWAALS =    26977.6238  EEL     =  -207612.3720  HBOND      =        0.0000
 1-4 VDW =      708.9242  1-4 EEL =    10804.8028  RESTRAINT  =       30.5441
 EAMBER  =  -154739.1978


   NSTEP       ENERGY          RMS            GMAX         NAME    NUMBER
   3000      -1.5534E+05     3.2806E-01     1.8121E+01     CZ       1065

 BOND    =    11421.4205  ANGLE   =      534.6910  DIHED      =     2582.4366
 VDWAALS =    27691.1842  EEL     =  -209111.5200  HBOND      =        0.0000
 1-4 VDW =      708.1676  1-4 EEL =    10802.7666  RESTRAINT  =       31.6278
 EAMBER  =  -155370.8535


   NSTEP       ENERGY          RMS            GMAX         NAME    NUMBER
   3500      -1.5584E+05     3.5979E-01     2.0531E+01     CZ       1065

 BOND    =    11542.2027  ANGLE   =      535.1282  DIHED      =     2583.3265
 VDWAALS =    28214.0367  EEL     =  -210261.9471  HBOND      =        0.0000
 1-4 VDW =      708.0456  1-4 EEL =    10802.3832  RESTRAINT  =       32.3114
 EAMBER  =  -155876.8242


   NSTEP       ENERGY          RMS            GMAX         NAME    NUMBER
   4000      -1.5627E+05     1.4071E-01     6.0606E+00     CZ       1065

 BOND    =    11639.9888  ANGLE   =      534.9598  DIHED      =     2583.4293
 VDWAALS =    28621.0092  EEL     =  -211191.5254  HBOND      =        0.0000
 1-4 VDW =      708.2955  1-4 EEL =    10802.0400  RESTRAINT  =       32.8162
 EAMBER  =  -156301.8027


   NSTEP       ENERGY          RMS            GMAX         NAME    NUMBER
   4500      -1.5664E+05     1.2831E-01     9.6110E+00     CD        416

 BOND    =    11725.8137  ANGLE   =      535.2447  DIHED      =     2583.3542
 VDWAALS =    28948.2377  EEL     =  -211979.1335  HBOND      =        0.0000
 1-4 VDW =      708.5496  1-4 EEL =    10801.7034  RESTRAINT  =       33.2410
 EAMBER  =  -156676.2301


   NSTEP       ENERGY          RMS            GMAX         NAME    NUMBER
   5000      -1.5698E+05     2.1147E-01     1.4743E+01     CD        416

 BOND    =    11802.4320  ANGLE   =      535.4398  DIHED      =     2583.6602
 VDWAALS =    29240.2881  EEL     =  -212684.4887  HBOND      =        0.0000
 1-4 VDW =      708.7018  1-4 EEL =    10801.8627  RESTRAINT  =       33.5496
 EAMBER  =  -157012.1040


   NSTEP       ENERGY          RMS            GMAX         NAME    NUMBER
   5500      -1.5728E+05     2.3113E-01     1.2975E+01     CZ       1065

 BOND    =    11867.3874  ANGLE   =      535.7170  DIHED      =     2584.3672
 VDWAALS =    29491.8008  EEL     =  -213302.0712  HBOND      =        0.0000
 1-4 VDW =      708.7276  1-4 EEL =    10802.0787  RESTRAINT  =       33.7720
 EAMBER  =  -157311.9926


   NSTEP       ENERGY          RMS            GMAX         NAME    NUMBER
   6000      -1.5754E+05     8.4676E-02     2.5878E+00     CZ       1065

 BOND    =    11926.0733  ANGLE   =      535.5080  DIHED      =     2585.0398
 VDWAALS =    29751.6490  EEL     =  -213885.7868  HBOND      =        0.0000
 1-4 VDW =      708.8464  1-4 EEL =    10802.0592  RESTRAINT  =       33.8079
 EAMBER  =  -157576.6110


   NSTEP       ENERGY          RMS            GMAX         NAME    NUMBER
   6500      -1.5777E+05     1.0089E-01     4.3980E+00     CZ       1065

 BOND    =    11981.5002  ANGLE   =      535.2354  DIHED      =     2585.7520
 VDWAALS =    29996.8110  EEL     =  -214417.7121  HBOND      =        0.0000
 1-4 VDW =      708.8926  1-4 EEL =    10801.9011  RESTRAINT  =       33.6369
 EAMBER  =  -157807.6199


   NSTEP       ENERGY          RMS            GMAX         NAME    NUMBER
   7000      -1.5798E+05     6.8849E-02     1.8292E+00     H2       4119

 BOND    =    12028.7348  ANGLE   =      534.9708  DIHED      =     2586.4632
 VDWAALS =    30199.7571  EEL     =  -214878.6037  HBOND      =        0.0000
 1-4 VDW =      709.0163  1-4 EEL =    10801.7710  RESTRAINT  =       33.3980
 EAMBER  =  -158017.8905


   NSTEP       ENERGY          RMS            GMAX         NAME    NUMBER
   7500      -1.5818E+05     1.1371E-01     9.7430E+00     CD        416

 BOND    =    12072.1441  ANGLE   =      535.1442  DIHED      =     2587.2997
 VDWAALS =    30382.4783  EEL     =  -215300.0370  HBOND      =        0.0000
 1-4 VDW =      709.0399  1-4 EEL =    10802.1893  RESTRAINT  =       33.1304
 EAMBER  =  -158211.7416


   NSTEP       ENERGY          RMS            GMAX         NAME    NUMBER
   8000      -1.5835E+05     1.6821E-01     9.5714E+00     CZ         71

 BOND    =    12109.7440  ANGLE   =      535.5697  DIHED      =     2586.4539
 VDWAALS =    30548.1774  EEL     =  -215670.9654  HBOND      =        0.0000
 1-4 VDW =      708.9787  1-4 EEL =    10802.3612  RESTRAINT  =       32.9490
 EAMBER  =  -158379.6805


   NSTEP       ENERGY          RMS            GMAX         NAME    NUMBER
   8500      -1.5850E+05     6.0984E-02     2.0021E+00     O       19324

 BOND    =    12143.3006  ANGLE   =      535.6094  DIHED      =     2586.3840
 VDWAALS =    30695.7902  EEL     =  -216004.8539  HBOND      =        0.0000
 1-4 VDW =      709.1386  1-4 EEL =    10803.3881  RESTRAINT  =       32.9731
 EAMBER  =  -158531.2430


   NSTEP       ENERGY          RMS            GMAX         NAME    NUMBER
   9000      -1.5864E+05     2.2102E-01     1.2772E+01     CZ         71

 BOND    =    12176.4537  ANGLE   =      535.6341  DIHED      =     2585.0341
 VDWAALS =    30839.4701  EEL     =  -216321.3504  HBOND      =        0.0000
 1-4 VDW =      709.4552  1-4 EEL =    10803.9336  RESTRAINT  =       33.1145
 EAMBER  =  -158671.3696


   NSTEP       ENERGY          RMS            GMAX         NAME    NUMBER
   9500      -1.5876E+05     5.7525E-02     1.7310E+00     H1       3800

 BOND    =    12206.4294  ANGLE   =      535.6454  DIHED      =     2585.0108
 VDWAALS =    30975.0380  EEL     =  -216609.9488  HBOND      =        0.0000
 1-4 VDW =      709.6596  1-4 EEL =    10802.2255  RESTRAINT  =       33.5313
 EAMBER  =  -158795.9402


   NSTEP       ENERGY          RMS            GMAX         NAME    NUMBER
  10000      -1.5888E+05     8.8324E-02     4.1159E+00     CZ         71

 BOND    =    12234.9153  ANGLE   =      535.8882  DIHED      =     2585.3312
 VDWAALS =    31103.3330  EEL     =  -216880.9081  HBOND      =        0.0000
 1-4 VDW =      709.6896  1-4 EEL =    10801.8267  RESTRAINT  =       33.7898
 EAMBER  =  -158909.9241


   NSTEP       ENERGY          RMS            GMAX         NAME    NUMBER
  10500      -1.5898E+05     1.2928E-01     7.1465E+00     NE2      3350

 BOND    =    12261.1350  ANGLE   =      536.0022  DIHED      =     2585.6871
 VDWAALS =    31222.8065  EEL     =  -217133.0516  HBOND      =        0.0000
 1-4 VDW =      709.7881  1-4 EEL =    10801.7596  RESTRAINT  =       34.0299
 EAMBER  =  -159015.8730


   NSTEP       ENERGY          RMS            GMAX         NAME    NUMBER
  11000      -1.5909E+05     1.3795E-01     9.8546E+00     NE2      3350

 BOND    =    12284.5439  ANGLE   =      536.0792  DIHED      =     2586.1312
 VDWAALS =    31327.1434  EEL     =  -217365.5716  HBOND      =        0.0000
 1-4 VDW =      709.9093  1-4 EEL =    10802.1742  RESTRAINT  =       34.2766
 EAMBER  =  -159119.5905


   NSTEP       ENERGY          RMS            GMAX         NAME    NUMBER
  11500      -1.5918E+05     1.4813E-01     1.0958E+01     NE2      3350

 BOND    =    12305.5516  ANGLE   =      536.0939  DIHED      =     2586.6859
 VDWAALS =    31419.5888  EEL     =  -217577.4834  HBOND      =        0.0000
 1-4 VDW =      710.1612  1-4 EEL =    10803.1380  RESTRAINT  =       34.4982
 EAMBER  =  -159216.2641


   NSTEP       ENERGY          RMS            GMAX         NAME    NUMBER
  12000      -1.5927E+05     1.8107E-01     1.4048E+01     NE2      3350

 BOND    =    12326.4714  ANGLE   =      536.0163  DIHED      =     2587.1084
 VDWAALS =    31512.5828  EEL     =  -217785.9171  HBOND      =        0.0000
 1-4 VDW =      710.4134  1-4 EEL =    10803.7623  RESTRAINT  =       34.6169
 EAMBER  =  -159309.5625


   NSTEP       ENERGY          RMS            GMAX         NAME    NUMBER
  12500      -1.5936E+05     4.2494E-02     1.4988E+00     H2      13143

 BOND    =    12345.5936  ANGLE   =      536.0196  DIHED      =     2587.3579
 VDWAALS =    31606.5899  EEL     =  -217981.8371  HBOND      =        0.0000
 1-4 VDW =      710.6155  1-4 EEL =    10803.9715  RESTRAINT  =       34.6479
 EAMBER  =  -159391.6891


   NSTEP       ENERGY          RMS            GMAX         NAME    NUMBER
  13000      -1.5943E+05     6.7598E-02     5.1901E+00     NE2      3350

 BOND    =    12364.8372  ANGLE   =      536.0483  DIHED      =     2587.5304
 VDWAALS =    31703.6494  EEL     =  -218176.3829  HBOND      =        0.0000
 1-4 VDW =      710.8108  1-4 EEL =    10803.9466  RESTRAINT  =       34.6641
 EAMBER  =  -159469.5601


   NSTEP       ENERGY          RMS            GMAX         NAME    NUMBER
  13500      -1.5951E+05     1.0155E-01     8.8963E+00     NE2      3350

 BOND    =    12384.3096  ANGLE   =      536.1250  DIHED      =     2587.6241
 VDWAALS =    31793.5248  EEL     =  -218361.4002  HBOND      =        0.0000
 1-4 VDW =      711.0686  1-4 EEL =    10803.8709  RESTRAINT  =       34.6756
 EAMBER  =  -159544.8772


   NSTEP       ENERGY          RMS            GMAX         NAME    NUMBER
  14000      -1.5958E+05     1.2221E-01     2.0072E+01     CG        241

 BOND    =    12403.0822  ANGLE   =      536.1081  DIHED      =     2587.7547
 VDWAALS =    31877.3293  EEL     =  -218536.6738  HBOND      =        0.0000
 1-4 VDW =      711.3304  1-4 EEL =    10803.7884  RESTRAINT  =       34.7121
 EAMBER  =  -159617.2807


   NSTEP       ENERGY          RMS            GMAX         NAME    NUMBER
  14500      -1.5965E+05     3.9955E-02     1.9440E+00     H2      26025

 BOND    =    12419.1592  ANGLE   =      535.9917  DIHED      =     2587.8454
 VDWAALS =    31945.7476  EEL     =  -218688.1126  HBOND      =        0.0000
 1-4 VDW =      711.5554  1-4 EEL =    10803.8159  RESTRAINT  =       34.7402
 EAMBER  =  -159683.9973


   NSTEP       ENERGY          RMS            GMAX         NAME    NUMBER
  15000      -1.5971E+05     1.6301E-01     3.0520E+01     CG        241

 BOND    =    12434.6751  ANGLE   =      536.3568  DIHED      =     2587.9461
 VDWAALS =    32011.8302  EEL     =  -218835.1878  HBOND      =        0.0000
 1-4 VDW =      711.7594  1-4 EEL =    10803.7866  RESTRAINT  =       34.7659
 EAMBER  =  -159748.8336


   NSTEP       ENERGY          RMS            GMAX         NAME    NUMBER
  15500      -1.5978E+05     4.6808E-02     3.1835E+00     NE2      3350

 BOND    =    12449.5629  ANGLE   =      536.3104  DIHED      =     2588.0623
 VDWAALS =    32079.1998  EEL     =  -218982.2280  HBOND      =        0.0000
 1-4 VDW =      711.9141  1-4 EEL =    10803.7515  RESTRAINT  =       34.7473
 EAMBER  =  -159813.4269


   NSTEP       ENERGY          RMS            GMAX         NAME    NUMBER
  16000      -1.5984E+05     6.5766E-02     5.7831E+00     NE2      3350

 BOND    =    12464.8954  ANGLE   =      536.4606  DIHED      =     2588.3128
 VDWAALS =    32146.4104  EEL     =  -219129.1669  HBOND      =        0.0000
 1-4 VDW =      712.1031  1-4 EEL =    10803.6653  RESTRAINT  =       34.6461
 EAMBER  =  -159877.3194


   NSTEP       ENERGY          RMS            GMAX         NAME    NUMBER
  16500      -1.5991E+05     6.1146E-02     5.0511E+00     NE2      3350

 BOND    =    12481.2037  ANGLE   =      536.6073  DIHED      =     2588.6965
 VDWAALS =    32220.4347  EEL     =  -219284.7947  HBOND      =        0.0000
 1-4 VDW =      712.2816  1-4 EEL =    10803.6002  RESTRAINT  =       34.5205
 EAMBER  =  -159941.9706


   NSTEP       ENERGY          RMS            GMAX         NAME    NUMBER
  17000      -1.5996E+05     9.7431E-02     9.9427E+00     NE2      3350

 BOND    =    12496.5555  ANGLE   =      536.5319  DIHED      =     2589.2435
 VDWAALS =    32289.4730  EEL     =  -219427.2705  HBOND      =        0.0000
 1-4 VDW =      712.3916  1-4 EEL =    10803.9229  RESTRAINT  =       34.4000
 EAMBER  =  -159999.1521


   NSTEP       ENERGY          RMS            GMAX         NAME    NUMBER
  17500      -1.6002E+05     1.2415E-01     1.7793E+01     CG        241

 BOND    =    12510.8965  ANGLE   =      536.4282  DIHED      =     2589.6929
 VDWAALS =    32353.6097  EEL     =  -219558.2396  HBOND      =        0.0000
 1-4 VDW =      712.6427  1-4 EEL =    10804.1986  RESTRAINT  =       34.2567
 EAMBER  =  -160050.7710


   NSTEP       ENERGY          RMS            GMAX         NAME    NUMBER
  18000      -1.6007E+05     3.7512E-02     1.7844E+00     H1       6596

 BOND    =    12524.7311  ANGLE   =      536.4338  DIHED      =     2589.9534
 VDWAALS =    32419.9966  EEL     =  -219692.0970  HBOND      =        0.0000
 1-4 VDW =      712.8602  1-4 EEL =    10804.0278  RESTRAINT  =       34.1569
 EAMBER  =  -160104.0941


   NSTEP       ENERGY          RMS            GMAX         NAME    NUMBER
  18500      -1.6013E+05     1.3870E-01     2.0690E+01     CG        241

 BOND    =    12539.8871  ANGLE   =      536.2670  DIHED      =     2590.1212
 VDWAALS =    32488.5549  EEL     =  -219831.5368  HBOND      =        0.0000
 1-4 VDW =      713.0405  1-4 EEL =    10803.5499  RESTRAINT  =       34.1370
 EAMBER  =  -160160.1162


   NSTEP       ENERGY          RMS            GMAX         NAME    NUMBER
  19000      -1.6018E+05     3.7059E-02     1.8818E+00     H1      26546

 BOND    =    12552.9387  ANGLE   =      536.4851  DIHED      =     2590.4104
 VDWAALS =    32555.0379  EEL     =  -219965.4337  HBOND      =        0.0000
 1-4 VDW =      713.1875  1-4 EEL =    10803.4643  RESTRAINT  =       34.1185
 EAMBER  =  -160213.9099


   NSTEP       ENERGY          RMS            GMAX         NAME    NUMBER
  19500      -1.6023E+05     3.4208E-02     2.7247E+00     H1       9872

 BOND    =    12566.5233  ANGLE   =      536.5975  DIHED      =     2590.7010
 VDWAALS =    32622.5217  EEL     =  -220099.3771  HBOND      =        0.0000
 1-4 VDW =      713.2464  1-4 EEL =    10803.1477  RESTRAINT  =       34.1034
 EAMBER  =  -160266.6395


   NSTEP       ENERGY          RMS            GMAX         NAME    NUMBER
  20000      -1.6028E+05     7.6030E-02     7.4090E+00     NE2      3350

 BOND    =    12579.8100  ANGLE   =      536.8610  DIHED      =     2590.9017
 VDWAALS =    32690.0598  EEL     =  -220227.8687  HBOND      =        0.0000
 1-4 VDW =      713.3031  1-4 EEL =    10802.9739  RESTRAINT  =       34.0926
 EAMBER  =  -160313.9591


   NSTEP       ENERGY          RMS            GMAX         NAME    NUMBER
  20500      -1.6032E+05     8.9504E-02     1.2908E+01     CG        241

 BOND    =    12592.2939  ANGLE   =      536.9189  DIHED      =     2591.0887
 VDWAALS =    32751.0988  EEL     =  -220345.2777  HBOND      =        0.0000
 1-4 VDW =      713.4980  1-4 EEL =    10802.8261  RESTRAINT  =       34.0332
 EAMBER  =  -160357.5534


   NSTEP       ENERGY          RMS            GMAX         NAME    NUMBER
  21000      -1.6036E+05     9.7658E-02     9.2508E+00     NE2      3350

 BOND    =    12602.9645  ANGLE   =      536.8648  DIHED      =     2591.3010
 VDWAALS =    32805.2994  EEL     =  -220446.6848  HBOND      =        0.0000
 1-4 VDW =      713.8659  1-4 EEL =    10802.7321  RESTRAINT  =       33.8386
 EAMBER  =  -160393.6572


   NSTEP       ENERGY          RMS            GMAX         NAME    NUMBER
  21500      -1.6040E+05     1.0869E-01     1.0941E+01     NE2      3350

 BOND    =    12612.9695  ANGLE   =      536.7610  DIHED      =     2591.5667
 VDWAALS =    32854.0261  EEL     =  -220541.6213  HBOND      =        0.0000
 1-4 VDW =      714.2524  1-4 EEL =    10802.7973  RESTRAINT  =       33.6107
 EAMBER  =  -160429.2483


   NSTEP       ENERGY          RMS            GMAX         NAME    NUMBER
  22000      -1.6044E+05     3.8646E-02     2.9582E+00     NE2      3350

 BOND    =    12623.2912  ANGLE   =      536.4722  DIHED      =     2591.7596
 VDWAALS =    32902.7383  EEL     =  -220640.8078  HBOND      =        0.0000
 1-4 VDW =      714.5160  1-4 EEL =    10802.8480  RESTRAINT  =       33.3479
 EAMBER  =  -160469.1824


   NSTEP       ENERGY          RMS            GMAX         NAME    NUMBER
  22500      -1.6047E+05     4.9646E-02     4.4693E+00     NE2      3350

 BOND    =    12633.6417  ANGLE   =      536.3345  DIHED      =     2592.1691
 VDWAALS =    32955.9574  EEL     =  -220740.9737  HBOND      =        0.0000
 1-4 VDW =      714.7852  1-4 EEL =    10802.7186  RESTRAINT  =       33.1156
 EAMBER  =  -160505.3672


   NSTEP       ENERGY          RMS            GMAX         NAME    NUMBER
  23000      -1.6051E+05     3.1058E-02     1.6682E+00     H2      35868

 BOND    =    12644.2902  ANGLE   =      536.2459  DIHED      =     2592.4275
 VDWAALS =    33009.8648  EEL     =  -220842.8360  HBOND      =        0.0000
 1-4 VDW =      715.0510  1-4 EEL =    10802.6547  RESTRAINT  =       32.9802
 EAMBER  =  -160542.3019


   NSTEP       ENERGY          RMS            GMAX         NAME    NUMBER
  23500      -1.6055E+05     6.9995E-02     6.9018E+00     NE2      3350

 BOND    =    12655.4150  ANGLE   =      536.0983  DIHED      =     2592.4909
 VDWAALS =    33059.9158  EEL     =  -220945.4573  HBOND      =        0.0000
 1-4 VDW =      715.3155  1-4 EEL =    10802.5176  RESTRAINT  =       32.9142
 EAMBER  =  -160583.7042


   NSTEP       ENERGY          RMS            GMAX         NAME    NUMBER
  24000      -1.6059E+05     7.6699E-02     7.8724E+00     NE2      3350

 BOND    =    12665.2809  ANGLE   =      536.1259  DIHED      =     2592.6339
 VDWAALS =    33105.9275  EEL     =  -221041.8710  HBOND      =        0.0000
 1-4 VDW =      715.5132  1-4 EEL =    10802.1290  RESTRAINT  =       32.8400
 EAMBER  =  -160624.2607


   NSTEP       ENERGY          RMS            GMAX         NAME    NUMBER
  24500      -1.6063E+05     8.4894E-02     8.2039E+00     NE2      3350

 BOND    =    12676.6101  ANGLE   =      536.2272  DIHED      =     2592.7870
 VDWAALS =    33160.8777  EEL     =  -221146.2378  HBOND      =        0.0000
 1-4 VDW =      715.6950  1-4 EEL =    10801.9447  RESTRAINT  =       32.8348
 EAMBER  =  -160662.0960


   NSTEP       ENERGY          RMS            GMAX         NAME    NUMBER
  25000      -1.6067E+05     1.1213E-01     1.1003E+01     NE2      3350

 BOND    =    12688.2449  ANGLE   =      536.2441  DIHED      =     2592.9204
 VDWAALS =    33215.2146  EEL     =  -221249.1470  HBOND      =        0.0000
 1-4 VDW =      715.9456  1-4 EEL =    10802.1164  RESTRAINT  =       32.7808
 EAMBER  =  -160698.4610


   NSTEP       ENERGY          RMS            GMAX         NAME    NUMBER
  25500      -1.6074E+05     9.8623E-02     1.6614E+01     CG        241

 BOND    =    12710.6267  ANGLE   =      536.4718  DIHED      =     2593.3959
 VDWAALS =    33323.0296  EEL     =  -221455.2089  HBOND      =        0.0000
 1-4 VDW =      716.3069  1-4 EEL =    10802.3420  RESTRAINT  =       32.6237
 EAMBER  =  -160773.0361


   NSTEP       ENERGY          RMS            GMAX         NAME    NUMBER
  26000      -1.6080E+05     3.7185E-02     2.0767E+00     CA       2685

 BOND    =    12729.6398  ANGLE   =      536.5660  DIHED      =     2594.2105
 VDWAALS =    33416.8568  EEL     =  -221634.5376  HBOND      =        0.0000
 1-4 VDW =      716.8091  1-4 EEL =    10803.6635  RESTRAINT  =       32.5461
 EAMBER  =  -160836.7920


   NSTEP       ENERGY          RMS            GMAX         NAME    NUMBER
  26500      -1.6087E+05     3.5451E-02     2.8838E+00     O       30010

 BOND    =    12747.1784  ANGLE   =      536.2057  DIHED      =     2594.1768
 VDWAALS =    33505.2316  EEL     =  -221808.4815  HBOND      =        0.0000
 1-4 VDW =      717.4735  1-4 EEL =    10804.1813  RESTRAINT  =       32.3052
 EAMBER  =  -160904.0342


   NSTEP       ENERGY          RMS            GMAX         NAME    NUMBER
  27000      -1.6093E+05     5.5769E-02     3.9165E+00     CG        241

 BOND    =    12763.1068  ANGLE   =      536.3593  DIHED      =     2594.0043
 VDWAALS =    33582.4850  EEL     =  -221964.5350  HBOND      =        0.0000
 1-4 VDW =      717.9207  1-4 EEL =    10804.4572  RESTRAINT  =       32.1567
 EAMBER  =  -160966.2017


   NSTEP       ENERGY          RMS            GMAX         NAME    NUMBER
  27500      -1.6099E+05     1.5027E-01     2.3325E+01     CD        416

 BOND    =    12776.8872  ANGLE   =      536.4015  DIHED      =     2594.1967
 VDWAALS =    33639.5135  EEL     =  -222088.4400  HBOND      =        0.0000
 1-4 VDW =      718.1587  1-4 EEL =    10804.7691  RESTRAINT  =       32.0789
 EAMBER  =  -161018.5133


   NSTEP       ENERGY          RMS            GMAX         NAME    NUMBER
  28000      -1.6107E+05     3.0218E-02     1.3451E+00     CD        416

 BOND    =    12801.2342  ANGLE   =      535.7392  DIHED      =     2594.0954
 VDWAALS =    33752.3582  EEL     =  -222308.5849  HBOND      =        0.0000
 1-4 VDW =      718.7672  1-4 EEL =    10805.5395  RESTRAINT  =       31.9488
 EAMBER  =  -161100.8512


   NSTEP       ENERGY          RMS            GMAX         NAME    NUMBER
  28500      -1.6115E+05     4.5688E-02     7.3440E+00     CD        416

 BOND    =    12821.9780  ANGLE   =      535.5688  DIHED      =     2594.3924
 VDWAALS =    33849.8867  EEL     =  -222508.8541  HBOND      =        0.0000
 1-4 VDW =      719.3790  1-4 EEL =    10805.8664  RESTRAINT  =       31.7756
 EAMBER  =  -161181.7829


   NSTEP       ENERGY          RMS            GMAX         NAME    NUMBER
  29000      -1.6121E+05     3.0869E-02     2.3416E+00     CG       2526

 BOND    =    12835.1235  ANGLE   =      535.3031  DIHED      =     2594.9912
 VDWAALS =    33910.9339  EEL     =  -222643.6661  HBOND      =        0.0000
 1-4 VDW =      719.7847  1-4 EEL =    10806.3724  RESTRAINT  =       31.6737
 EAMBER  =  -161241.1572


   NSTEP       ENERGY          RMS            GMAX         NAME    NUMBER
  29500      -1.6128E+05     4.8802E-02     6.7415E+00     CB       1618

 BOND    =    12854.9049  ANGLE   =      534.8749  DIHED      =     2595.4692
 VDWAALS =    34007.3394  EEL     =  -222826.6572  HBOND      =        0.0000
 1-4 VDW =      720.3255  1-4 EEL =    10806.9984  RESTRAINT  =       31.4291
 EAMBER  =  -161306.7450


   NSTEP       ENERGY          RMS            GMAX         NAME    NUMBER
  30000      -1.6131E+05     3.6159E-02     3.8387E+00     CD        416

 BOND    =    12866.0820  ANGLE   =      534.8705  DIHED      =     2595.9935
 VDWAALS =    34062.9029  EEL     =  -222932.2966  HBOND      =        0.0000
 1-4 VDW =      720.5946  1-4 EEL =    10807.3654  RESTRAINT  =       31.4118
 EAMBER  =  -161344.4876


   NSTEP       ENERGY          RMS            GMAX         NAME    NUMBER
  30500      -1.6137E+05     8.4683E-02     7.8424E+00     CD        416

 BOND    =    12883.9159  ANGLE   =      534.4479  DIHED      =     2596.5211
 VDWAALS =    34149.3848  EEL     =  -223098.7896  HBOND      =        0.0000
 1-4 VDW =      721.2937  1-4 EEL =    10807.8017  RESTRAINT  =       31.3047
 EAMBER  =  -161405.4245


   NSTEP       ENERGY          RMS            GMAX         NAME    NUMBER
  31000      -1.6143E+05     1.1365E-01     1.4045E+01     CD        416

 BOND    =    12900.5106  ANGLE   =      533.9965  DIHED      =     2596.7772
 VDWAALS =    34232.1355  EEL     =  -223257.2709  HBOND      =        0.0000
 1-4 VDW =      721.9120  1-4 EEL =    10808.6823  RESTRAINT  =       31.2628
 EAMBER  =  -161463.2568


   NSTEP       ENERGY          RMS            GMAX         NAME    NUMBER
  31500      -1.6150E+05     3.3036E-02     2.8594E+00     CD        416

 BOND    =    12919.0037  ANGLE   =      533.4917  DIHED      =     2597.0508
 VDWAALS =    34333.5976  EEL     =  -223441.1239  HBOND      =        0.0000
 1-4 VDW =      722.6311  1-4 EEL =    10808.0398  RESTRAINT  =       31.3898
 EAMBER  =  -161527.3092


   NSTEP       ENERGY          RMS            GMAX         NAME    NUMBER
  32000      -1.6154E+05     2.4878E-01     1.4147E+01     CD        416

 BOND    =    12936.2706  ANGLE   =      533.6012  DIHED      =     2597.1414
 VDWAALS =    34417.1038  EEL     =  -223591.4019  HBOND      =        0.0000
 1-4 VDW =      723.4200  1-4 EEL =    10807.9978  RESTRAINT  =       31.5630
 EAMBER  =  -161575.8672


   NSTEP       ENERGY          RMS            GMAX         NAME    NUMBER
  32500      -1.6160E+05     6.0580E-02     6.1906E+00     O       27388

 BOND    =    12949.5465  ANGLE   =      533.3265  DIHED      =     2597.1006
 VDWAALS =    34484.2606  EEL     =  -223729.2351  HBOND      =        0.0000
 1-4 VDW =      723.8895  1-4 EEL =    10808.3291  RESTRAINT  =       31.6595
 EAMBER  =  -161632.7824


   NSTEP       ENERGY          RMS            GMAX         NAME    NUMBER
  33000      -1.6166E+05     3.0607E-02     2.6000E+00     CD        416

 BOND    =    12965.3630  ANGLE   =      533.0181  DIHED      =     2596.2329
 VDWAALS =    34566.7695  EEL     =  -223888.2931  HBOND      =        0.0000
 1-4 VDW =      724.4903  1-4 EEL =    10807.7176  RESTRAINT  =       31.8164
 EAMBER  =  -161694.7018


   NSTEP       ENERGY          RMS            GMAX         NAME    NUMBER
  33500      -1.6172E+05     3.3584E-02     2.8832E+00     H1      29960

 BOND    =    12983.9820  ANGLE   =      532.9842  DIHED      =     2594.5406
 VDWAALS =    34667.2000  EEL     =  -224060.3415  HBOND      =        0.0000
 1-4 VDW =      724.7157  1-4 EEL =    10807.5859  RESTRAINT  =       31.9454
 EAMBER  =  -161749.3331


   NSTEP       ENERGY          RMS            GMAX         NAME    NUMBER
  34000      -1.6177E+05     1.3864E-01     1.6734E+01     CG       1764

 BOND    =    13003.1050  ANGLE   =      533.3747  DIHED      =     2594.0669
 VDWAALS =    34765.6752  EEL     =  -224235.3577  HBOND      =        0.0000
 1-4 VDW =      724.9331  1-4 EEL =    10807.2038  RESTRAINT  =       32.2938
 EAMBER  =  -161806.9990


   NSTEP       ENERGY          RMS            GMAX         NAME    NUMBER
  34500      -1.6182E+05     1.2068E-01     1.3602E+01     CG       1764

 BOND    =    13020.9670  ANGLE   =      533.7502  DIHED      =     2594.3444
 VDWAALS =    34862.2957  EEL     =  -224399.9337  HBOND      =        0.0000
 1-4 VDW =      725.4452  1-4 EEL =    10808.6257  RESTRAINT  =       32.7851
 EAMBER  =  -161854.5055


   NSTEP       ENERGY          RMS            GMAX         NAME    NUMBER
  35000      -1.6187E+05     7.3220E-02     1.0540E+01     CG       1764

 BOND    =    13030.9681  ANGLE   =      533.8819  DIHED      =     2594.2085
 VDWAALS =    34915.5588  EEL     =  -224513.2753  HBOND      =        0.0000
 1-4 VDW =      725.3845  1-4 EEL =    10809.2232  RESTRAINT  =       33.0795
 EAMBER  =  -161904.0504


   NSTEP       ENERGY          RMS            GMAX         NAME    NUMBER
  35500      -1.6190E+05     7.1172E-02     9.5668E+00     CG       1764

 BOND    =    13038.8789  ANGLE   =      534.3847  DIHED      =     2594.5689
 VDWAALS =    34960.2431  EEL     =  -224594.1357  HBOND      =        0.0000
 1-4 VDW =      725.4816  1-4 EEL =    10808.4924  RESTRAINT  =       33.1951
 EAMBER  =  -161932.0861


   NSTEP       ENERGY          RMS            GMAX         NAME    NUMBER
  36000      -1.6194E+05     5.8979E-02     1.1005E+01     H1       8978

 BOND    =    13053.5332  ANGLE   =      534.6547  DIHED      =     2595.7109
 VDWAALS =    35039.8002  EEL     =  -224736.6117  HBOND      =        0.0000
 1-4 VDW =      726.1993  1-4 EEL =    10808.6377  RESTRAINT  =       33.0949
 EAMBER  =  -161978.0756


   NSTEP       ENERGY          RMS            GMAX         NAME    NUMBER
  36500      -1.6198E+05     5.7525E-02     4.6969E+00     CA       2254

 BOND    =    13068.5014  ANGLE   =      534.8605  DIHED      =     2597.1984
 VDWAALS =    35116.5213  EEL     =  -224869.6158  HBOND      =        0.0000
 1-4 VDW =      726.5627  1-4 EEL =    10809.8513  RESTRAINT  =       33.1518
 EAMBER  =  -162016.1202


   NSTEP       ENERGY          RMS            GMAX         NAME    NUMBER
  37000      -1.6202E+05     1.8555E-02     9.4662E-01     O        8644

 BOND    =    13080.6824  ANGLE   =      535.1667  DIHED      =     2598.6076
 VDWAALS =    35181.6922  EEL     =  -224985.5710  HBOND      =        0.0000
 1-4 VDW =      726.9599  1-4 EEL =    10810.8291  RESTRAINT  =       33.2670
 EAMBER  =  -162051.6331


   NSTEP       ENERGY          RMS            GMAX         NAME    NUMBER
  37500      -1.6206E+05     1.8637E-02     9.3630E-01     O       39358

 BOND    =    13094.1770  ANGLE   =      535.6403  DIHED      =     2599.7365
 VDWAALS =    35229.7558  EEL     =  -225086.8259  HBOND      =        0.0000
 1-4 VDW =      727.1202  1-4 EEL =    10811.6596  RESTRAINT  =       33.4481
 EAMBER  =  -162088.7366


   NSTEP       ENERGY          RMS            GMAX         NAME    NUMBER
  38000      -1.6210E+05     4.6565E-02     3.1669E+00     O       15472

 BOND    =    13111.7507  ANGLE   =      535.8790  DIHED      =     2599.3000
 VDWAALS =    35298.4389  EEL     =  -225222.9318  HBOND      =        0.0000
 1-4 VDW =      727.1200  1-4 EEL =    10812.5784  RESTRAINT  =       33.4850
 EAMBER  =  -162137.8648


                    FINAL RESULTS



   NSTEP       ENERGY          RMS            GMAX         NAME    NUMBER
  38044      -1.6211E+05     9.6737E-03     5.9286E-01     H2      15399

 BOND    =    13109.9188  ANGLE   =      535.7174  DIHED      =     2599.2517
 VDWAALS =    35300.5965  EEL     =  -225224.0359  HBOND      =        0.0000
 1-4 VDW =      727.1150  1-4 EEL =    10812.6255  RESTRAINT  =       33.4956
 EAMBER  =  -162138.8111
--------------------------------------------------------------------------------
   5.  TIMINGS
--------------------------------------------------------------------------------

|  NonSetup CPU Time in Major Routines:
|
|     Routine           Sec        %
|     ------------------------------
|     Nonbond          19.41   19.14
|     Bond              0.00    0.00
|     Angle             0.00    0.00
|     Dihedral          0.00    0.00
|     Shake             0.00    0.00
|     Other            82.01   80.86
|     ------------------------------
|     Total           101.42

|  PME Nonbond Pairlist CPU Time:
|
|     Routine              Sec        %
|     ---------------------------------
|     Set Up Cit           0.00    0.00
|     Build List           0.00    0.00
|     ---------------------------------
|     Total                0.00    0.00

|  PME Direct Force CPU Time:
|
|     Routine              Sec        %
|     ---------------------------------
|     NonBonded Calc       0.00    0.00
|     Exclude Masked       0.00    0.00
|     Other                0.05    0.05
|     ---------------------------------
|     Total                0.05    0.05

|  PME Reciprocal Force CPU Time:
|
|     Routine              Sec        %
|     ---------------------------------
|     1D bspline           0.00    0.00
|     Grid Charges         0.00    0.00
|     Scalar Sum           0.00    0.00
|     Gradient Sum         0.00    0.00
|     FFT                  0.00    0.00
|     ---------------------------------
|     Total                0.00    0.00

|  Setup CPU time:            0.57 seconds
|  NonSetup CPU time:       101.42 seconds
|  Total CPU time:          101.99 seconds     0.03 hours

|  Setup wall time:           1    seconds
|  NonSetup wall time:      101    seconds
|  Total wall time:         102    seconds     0.03 hours
