
          -------------------------------------------------------
          Amber 24 PMEMD                              2024
          -------------------------------------------------------

| PMEMD implementation of SANDER, Release 24

|  Compiled date/time: Mon Feb  3 14:39:30 2025
| Run on 09/15/2025 at 14:26:30

|   Executable path: /home/jacosta19/software/amber24/bin/pmemd.cuda_SPFP
| Working directory: /home/jacosta19/Desktop/GFP_MD/2wsn
|          Hostname: Unknown
  [-O]verwriting output

File Assignments:
|   MDIN: eq4.in                                                                
|  MDOUT: GFP.2wsn.eq4.out                                                      
| INPCRD: GFP.2wsn.eq3.ncrst                                                    
|   PARM: GFP.2wsn.top                                                          
| RESTRT: GFP.2wsn.eq4.ncrst                                                    
|   REFC: GFP.2wsn.min.ncrst                                                    
|  MDVEL: mdvel                                                                 
|   MDEN: mden                                                                  
|  MDCRD: GFP.2wsn.eq4.nc                                                       
| MDINFO: mdinfo                                                                
|  MDFRC: mdfrc                                                                 


 Here is the input file:

eq4 temp = 300, k = 2.5 V=cte (ntb=1)                                          
&cntrl                                                                         
 nstlim = 10000, dt = 0.002,                                                   
 ntx = 7, irest = 1, iwrap=0, cut= 9.0, ioutfm = 1,                            
 ntpr = 500, ntwr = 500, ntwx = 500,                                           
 tempi = 300., temp0 = 300.,                                                   
 ntt = 1,                                                                      
 ntb = 1,                                                                      
 ntc = 2, ntf = 2,                                                             
 ntr = 1,                                                                      
 restraint_wt = 0.25, restraintmask = ":1-225@CA"                              
&end                                                                           
                                                                               


Note: ig = -1. Setting random seed to   759623 based on wallclock time in 
      microseconds.
| irandom = 1, using AMBER's internal random number generator (default).
| WARNING: ntx set to 7; the file type is now auto-detected; please update to ntx = 5.
 
|--------------------- INFORMATION ----------------------
| GPU (CUDA) Version of PMEMD in use: NVIDIA GPU IN USE.
|                    Version 18.0.0
| 
|                      03/25/2018
| 
| Implementation by:
|                    Ross C. Walker     (SDSC)
|                    Scott Le Grand     (nVIDIA)
| 
| Version 18 performance extensions by:
|                    David Cerutti     (Rutgers)
| 
| Precision model in use:
|      [SPFP] - Single Precision Forces, 64-bit Fixed Point
|               Accumulation. (Default)
| 
|--------------------------------------------------------
 
|----------------- CITATION INFORMATION -----------------
|
|    When publishing work that utilized the CUDA version
|    of AMBER, please cite the following in addition to
|    the regular AMBER citations:
|
|  - Romelia Salomon-Ferrer; Andreas W. Goetz; Duncan
|    Poole; Scott Le Grand; Ross C. Walker "Routine
|    microsecond molecular dynamics simulations with
|    AMBER - Part II: Particle Mesh Ewald", J. Chem.
|    Theory Comput., 2013, 9 (9), pp3878-3888,
|    DOI: 10.1021/ct400314y.
|
|  - Andreas W. Goetz; Mark J. Williamson; Dong Xu;
|    Duncan Poole; Scott Le Grand; Ross C. Walker
|    "Routine microsecond molecular dynamics simulations
|    with AMBER - Part I: Generalized Born", J. Chem.
|    Theory Comput., 2012, 8 (5), pp1542-1555.
|
|  - Scott Le Grand; Andreas W. Goetz; Ross C. Walker
|    "SPFP: Speed without compromise - a mixed precision
|    model for GPU accelerated molecular dynamics
|    simulations.", Comp. Phys. Comm., 2013, 184
|    pp374-380, DOI: 10.1016/j.cpc.2012.09.022
|
|--------------------------------------------------------
 
|------------------- GPU DEVICE INFO --------------------
|
|            CUDA_VISIBLE_DEVICES: not set
|   CUDA Capable Devices Detected:      1
|           CUDA Device ID in use:      0
|                CUDA Device Name: NVIDIA GeForce RTX 2080 Ti
|     CUDA Device Global Mem Size:  10825 MB
| CUDA Device Num Multiprocessors:     68
|           CUDA Device Core Freq:   1.54 GHz
|
|--------------------------------------------------------
 
 
| Conditional Compilation Defines Used:
| PUBFFT
| BINTRAJ
| CUDA
| EMIL

| Largest sphere to fit in unit cell has radius =    35.878

| New format PARM file being parsed.
| Version =    1.000 Date = 09/09/25 Time = 16:13:17

| Note: 1-4 EEL scale factors are being read from the topology file.

| Note: 1-4 VDW scale factors are being read from the topology file.
| Duplicated    0 dihedrals

| Duplicated    0 dihedrals

--------------------------------------------------------------------------------
   1.  RESOURCE   USE: 
--------------------------------------------------------------------------------

 getting box info from netcdf restart file
 NATOM  =   39744 NTYPES =      16 NBONH =   37937 MBONA  =    1844
 NTHETH =    3999 MTHETA =    2499 NPHIH =    8123 MPHIA  =    7877
 NHPARM =       0 NPARM  =       0 NNB   =   67903 NRES   =   12294
 NBONA  =    1844 NTHETA =    2499 NPHIA =    7877 NUMBND =      77
 NUMANG =     179 NPTRA  =     200 NATYP =      39 NPHB   =       0
 IFBOX  =       1 NMXRS  =      40 IFCAP =       0 NEXTRA =       0
 NCOPY  =       0

| Coordinate Index Table dimensions:    14   16   16
| Direct force subcell size =     5.1254    5.0825    5.2035

     BOX TYPE: RECTILINEAR

--------------------------------------------------------------------------------
   2.  CONTROL  DATA  FOR  THE  RUN
--------------------------------------------------------------------------------

default_name                                                                    

General flags:
     imin    =       0, nmropt  =       0

Nature and format of input:
     ntx     =       7, irest   =       1, ntrx    =       1

Nature and format of output:
     ntxo    =       2, ntpr    =     500, ntrx    =       1, ntwr    =     500
     iwrap   =       0, ntwx    =     500, ntwv    =       0, ntwe    =       0
     ioutfm  =       1, ntwprt  =       0, idecomp =       0, rbornstat=      0

Potential function:
     ntf     =       2, ntb     =       1, igb     =       0, nsnb    =      25
     ipol    =       0, gbsa    =       0, iesp    =       0
     dielc   =   1.00000, cut     =   9.00000, intdiel =   1.00000

Frozen or restrained atoms:
     ibelly  =       0, ntr     =       1
     restraint_wt =   0.25000

Molecular dynamics:
     nstlim  =     10000, nscm    =         0, nrespa  =         1
     t       =   0.00000, dt      =   0.00200, vlimit  =  -1.00000

Berendsen (weak-coupling) temperature regulation:
     temp0   = 300.00000, tempi   = 300.00000, tautp   =   1.00000

SHAKE:
     ntc     =       2, jfastw  =       0
     tol     =   0.00001

| Intermolecular bonds treatment:
|     no_intermolecular_bonds =       1

| Energy averages sample interval:
|     ene_avg_sampling =     500

Ewald parameters:
     verbose =       0, ew_type =       0, nbflag  =       1, use_pme =       1
     vdwmeth =       1, eedmeth =       1, netfrc  =       1
     Box X =   71.755   Box Y =   81.320   Box Z =   83.256
     Alpha =   90.000   Beta  =   90.000   Gamma =   90.000
     NFFT1 =   72       NFFT2 =   84       NFFT3 =   84
     Cutoff=    9.000   Tol   =0.100E-04
     Ewald Coefficient =  0.30768
     Interpolation order =    4

    LOADING THE CONSTRAINED ATOMS AS GROUPS


   5.  REFERENCE ATOM COORDINATES

  default_name                                                                    
     Mask :1-225@CA; matches   224 atoms

--------------------------------------------------------------------------------
   3.  ATOMIC COORDINATES AND VELOCITIES
--------------------------------------------------------------------------------

default_name                                                                    
 begin time read from input coords =    80.000 ps

 
 Number of triangulated 3-point waters found:    12062

     Sum of charges from parm topology file =   0.00000190
     Forcing neutrality...

| Dynamic Memory, Types Used:
| Reals             1289739
| Integers          1512268

| Nonbonded Pairs Initial Allocation:     9061632

| GPU memory information (estimate):
| KB of GPU memory in use:    145043
| KB of CPU memory in use:     69779

--------------------------------------------------------------------------------
   4.  RESULTS
--------------------------------------------------------------------------------


 NSTEP =      500   TIME(PS) =      81.000  TEMP(K) =   299.01  PRESS =     0.0
 Etot   =    -95185.4354  EKtot   =     24152.7285  EPtot      =   -119338.1639
 BOND   =       665.7494  ANGLE   =      1859.8669  DIHED      =      2864.4045
 1-4 NB =       793.9125  1-4 EEL =     10710.3066  VDWAALS    =     14540.2778
 EELEC  =   -150792.7796  EHBOND  =         0.0000  RESTRAINT  =        20.0980
 EAMBER (non-restraint)  =   -119358.2619
 ------------------------------------------------------------------------------


 NSTEP =     1000   TIME(PS) =      82.000  TEMP(K) =   302.39  PRESS =     0.0
 Etot   =    -95207.2073  EKtot   =     24425.3340  EPtot      =   -119632.5413
 BOND   =       683.0769  ANGLE   =      1882.5414  DIHED      =      2846.7938
 1-4 NB =       784.3532  1-4 EEL =     10660.0764  VDWAALS    =     14786.8085
 EELEC  =   -151293.8398  EHBOND  =         0.0000  RESTRAINT  =        17.6483
 EAMBER (non-restraint)  =   -119650.1896
 ------------------------------------------------------------------------------


 NSTEP =     1500   TIME(PS) =      83.000  TEMP(K) =   300.85  PRESS =     0.0
 Etot   =    -95198.6060  EKtot   =     24300.7656  EPtot      =   -119499.3716
 BOND   =       685.4922  ANGLE   =      1875.3576  DIHED      =      2868.7485
 1-4 NB =       798.9881  1-4 EEL =     10735.9114  VDWAALS    =     14835.5952
 EELEC  =   -151320.6743  EHBOND  =         0.0000  RESTRAINT  =        21.2097
 EAMBER (non-restraint)  =   -119520.5813
 ------------------------------------------------------------------------------


 NSTEP =     2000   TIME(PS) =      84.000  TEMP(K) =   300.74  PRESS =     0.0
 Etot   =    -95216.1611  EKtot   =     24292.3086  EPtot      =   -119508.4697
 BOND   =       653.3939  ANGLE   =      1915.4542  DIHED      =      2887.2410
 1-4 NB =       809.3990  1-4 EEL =     10731.1741  VDWAALS    =     14714.1175
 EELEC  =   -151238.6602  EHBOND  =         0.0000  RESTRAINT  =        19.4108
 EAMBER (non-restraint)  =   -119527.8805
 ------------------------------------------------------------------------------


 NSTEP =     2500   TIME(PS) =      85.000  TEMP(K) =   300.41  PRESS =     0.0
 Etot   =    -95181.9919  EKtot   =     24265.0527  EPtot      =   -119447.0447
 BOND   =       683.8719  ANGLE   =      1872.5996  DIHED      =      2889.7048
 1-4 NB =       801.1989  1-4 EEL =     10679.9653  VDWAALS    =     14479.3702
 EELEC  =   -150879.2307  EHBOND  =         0.0000  RESTRAINT  =        25.4753
 EAMBER (non-restraint)  =   -119472.5200
 ------------------------------------------------------------------------------


 NSTEP =     3000   TIME(PS) =      86.000  TEMP(K) =   300.65  PRESS =     0.0
 Etot   =    -95194.1614  EKtot   =     24284.9062  EPtot      =   -119479.0676
 BOND   =       627.4439  ANGLE   =      1881.8403  DIHED      =      2875.3590
 1-4 NB =       805.1958  1-4 EEL =     10709.6634  VDWAALS    =     14844.9958
 EELEC  =   -151244.7929  EHBOND  =         0.0000  RESTRAINT  =        21.2271
 EAMBER (non-restraint)  =   -119500.2947
 ------------------------------------------------------------------------------


 NSTEP =     3500   TIME(PS) =      87.000  TEMP(K) =   298.86  PRESS =     0.0
 Etot   =    -95229.2832  EKtot   =     24139.9668  EPtot      =   -119369.2500
 BOND   =       646.8984  ANGLE   =      1867.4086  DIHED      =      2858.9010
 1-4 NB =       794.1681  1-4 EEL =     10750.3713  VDWAALS    =     14626.8602
 EELEC  =   -150935.2810  EHBOND  =         0.0000  RESTRAINT  =        21.4233
 EAMBER (non-restraint)  =   -119390.6734
 ------------------------------------------------------------------------------


 NSTEP =     4000   TIME(PS) =      88.000  TEMP(K) =   299.41  PRESS =     0.0
 Etot   =    -95224.2728  EKtot   =     24184.8105  EPtot      =   -119409.0834
 BOND   =       669.4038  ANGLE   =      1924.4478  DIHED      =      2848.1939
 1-4 NB =       802.5984  1-4 EEL =     10722.4591  VDWAALS    =     14969.8023
 EELEC  =   -151366.9405  EHBOND  =         0.0000  RESTRAINT  =        20.9518
 EAMBER (non-restraint)  =   -119430.0351
 ------------------------------------------------------------------------------


 NSTEP =     4500   TIME(PS) =      89.000  TEMP(K) =   301.55  PRESS =     0.0
 Etot   =    -95196.2542  EKtot   =     24357.7207  EPtot      =   -119553.9749
 BOND   =       669.8311  ANGLE   =      1906.3354  DIHED      =      2834.3005
 1-4 NB =       794.4569  1-4 EEL =     10688.5785  VDWAALS    =     14788.1218
 EELEC  =   -151259.5041  EHBOND  =         0.0000  RESTRAINT  =        23.9048
 EAMBER (non-restraint)  =   -119577.8797
 ------------------------------------------------------------------------------


 NSTEP =     5000   TIME(PS) =      90.000  TEMP(K) =   300.44  PRESS =     0.0
 Etot   =    -95144.9004  EKtot   =     24267.8477  EPtot      =   -119412.7481
 BOND   =       649.7937  ANGLE   =      1899.7339  DIHED      =      2882.3769
 1-4 NB =       785.9077  1-4 EEL =     10724.0592  VDWAALS    =     14793.9998
 EELEC  =   -151173.3637  EHBOND  =         0.0000  RESTRAINT  =        24.7443
 EAMBER (non-restraint)  =   -119437.4924
 ------------------------------------------------------------------------------


 NSTEP =     5500   TIME(PS) =      91.000  TEMP(K) =   299.12  PRESS =     0.0
 Etot   =    -95125.0509  EKtot   =     24160.8984  EPtot      =   -119285.9494
 BOND   =       639.9499  ANGLE   =      1903.3015  DIHED      =      2852.1288
 1-4 NB =       819.2638  1-4 EEL =     10691.7163  VDWAALS    =     14574.4545
 EELEC  =   -150787.0208  EHBOND  =         0.0000  RESTRAINT  =        20.2567
 EAMBER (non-restraint)  =   -119306.2061
 ------------------------------------------------------------------------------


 NSTEP =     6000   TIME(PS) =      92.000  TEMP(K) =   299.68  PRESS =     0.0
 Etot   =    -95086.6988  EKtot   =     24206.4883  EPtot      =   -119293.1871
 BOND   =       673.4086  ANGLE   =      1853.8291  DIHED      =      2881.7916
 1-4 NB =       803.9198  1-4 EEL =     10673.1878  VDWAALS    =     14280.2058
 EELEC  =   -150481.9331  EHBOND  =         0.0000  RESTRAINT  =        22.4033
 EAMBER (non-restraint)  =   -119315.5904
 ------------------------------------------------------------------------------


 NSTEP =     6500   TIME(PS) =      93.000  TEMP(K) =   300.26  PRESS =     0.0
 Etot   =    -95091.0241  EKtot   =     24253.1582  EPtot      =   -119344.1823
 BOND   =       673.5638  ANGLE   =      1894.1079  DIHED      =      2883.8168
 1-4 NB =       794.9768  1-4 EEL =     10689.8979  VDWAALS    =     14694.0116
 EELEC  =   -150999.4923  EHBOND  =         0.0000  RESTRAINT  =        24.9352
 EAMBER (non-restraint)  =   -119369.1175
 ------------------------------------------------------------------------------


 NSTEP =     7000   TIME(PS) =      94.000  TEMP(K) =   300.43  PRESS =     0.0
 Etot   =    -95060.8767  EKtot   =     24267.3770  EPtot      =   -119328.2537
 BOND   =       674.7081  ANGLE   =      1869.9730  DIHED      =      2865.8359
 1-4 NB =       806.0987  1-4 EEL =     10695.1461  VDWAALS    =     14554.6993
 EELEC  =   -150819.4942  EHBOND  =         0.0000  RESTRAINT  =        24.7794
 EAMBER (non-restraint)  =   -119353.0331
 ------------------------------------------------------------------------------


 NSTEP =     7500   TIME(PS) =      95.000  TEMP(K) =   300.63  PRESS =     0.0
 Etot   =    -95059.0909  EKtot   =     24283.5742  EPtot      =   -119342.6651
 BOND   =       683.1094  ANGLE   =      1879.8188  DIHED      =      2865.6822
 1-4 NB =       790.3114  1-4 EEL =     10655.3481  VDWAALS    =     14721.9515
 EELEC  =   -150963.0275  EHBOND  =         0.0000  RESTRAINT  =        24.1410
 EAMBER (non-restraint)  =   -119366.8061
 ------------------------------------------------------------------------------


 NSTEP =     8000   TIME(PS) =      96.000  TEMP(K) =   299.03  PRESS =     0.0
 Etot   =    -95109.3025  EKtot   =     24153.9453  EPtot      =   -119263.2478
 BOND   =       680.5304  ANGLE   =      1834.7128  DIHED      =      2873.7729
 1-4 NB =       799.3491  1-4 EEL =     10745.5264  VDWAALS    =     14640.1303
 EELEC  =   -150865.3186  EHBOND  =         0.0000  RESTRAINT  =        28.0488
 EAMBER (non-restraint)  =   -119291.2966
 ------------------------------------------------------------------------------


 NSTEP =     8500   TIME(PS) =      97.000  TEMP(K) =   299.83  PRESS =     0.0
 Etot   =    -95165.1421  EKtot   =     24218.7344  EPtot      =   -119383.8765
 BOND   =       657.4786  ANGLE   =      1826.2672  DIHED      =      2870.2641
 1-4 NB =       791.8231  1-4 EEL =     10684.2230  VDWAALS    =     14716.5478
 EELEC  =   -150956.0251  EHBOND  =         0.0000  RESTRAINT  =        25.5449
 EAMBER (non-restraint)  =   -119409.4213
 ------------------------------------------------------------------------------


 NSTEP =     9000   TIME(PS) =      98.000  TEMP(K) =   302.14  PRESS =     0.0
 Etot   =    -95181.3584  EKtot   =     24405.4238  EPtot      =   -119586.7822
 BOND   =       684.1663  ANGLE   =      1862.8996  DIHED      =      2855.2011
 1-4 NB =       785.9344  1-4 EEL =     10674.1962  VDWAALS    =     14756.7179
 EELEC  =   -151227.4576  EHBOND  =         0.0000  RESTRAINT  =        21.5600
 EAMBER (non-restraint)  =   -119608.3422
 ------------------------------------------------------------------------------


 NSTEP =     9500   TIME(PS) =      99.000  TEMP(K) =   301.64  PRESS =     0.0
 Etot   =    -95217.2697  EKtot   =     24364.9238  EPtot      =   -119582.1935
 BOND   =       648.0026  ANGLE   =      1898.5641  DIHED      =      2854.9907
 1-4 NB =       795.6964  1-4 EEL =     10669.8438  VDWAALS    =     14915.4880
 EELEC  =   -151387.5664  EHBOND  =         0.0000  RESTRAINT  =        22.7872
 EAMBER (non-restraint)  =   -119604.9807
 ------------------------------------------------------------------------------


 NSTEP =    10000   TIME(PS) =     100.000  TEMP(K) =   300.03  PRESS =     0.0
 Etot   =    -95270.2870  EKtot   =     24234.8477  EPtot      =   -119505.1347
 BOND   =       683.0128  ANGLE   =      1834.3384  DIHED      =      2902.5920
 1-4 NB =       799.7314  1-4 EEL =     10760.4605  VDWAALS    =     14710.5088
 EELEC  =   -151217.8119  EHBOND  =         0.0000  RESTRAINT  =        22.0332
 EAMBER (non-restraint)  =   -119527.1679
 ------------------------------------------------------------------------------


      A V E R A G E S   O V E R      20 S T E P S


 NSTEP =    10000   TIME(PS) =     100.000  TEMP(K) =   300.36  PRESS =     0.0
 Etot   =    -95167.2187  EKtot   =     24261.0406  EPtot      =   -119428.2594
 BOND   =       666.6443  ANGLE   =      1877.1699  DIHED      =      2868.1050
 1-4 NB =       797.8642  1-4 EEL =     10702.6056  VDWAALS    =     14697.2332
 EELEC  =   -151060.5107  EHBOND  =         0.0000  RESTRAINT  =        22.6292
 EAMBER (non-restraint)  =   -119450.8885
 ------------------------------------------------------------------------------


      R M S  F L U C T U A T I O N S


 NSTEP =    10000   TIME(PS) =     100.000  TEMP(K) =     1.00  PRESS =     0.0
 Etot   =        58.5056  EKtot   =        80.9094  EPtot      =       107.4698
 BOND   =        16.8350  ANGLE   =        26.4510  DIHED      =        16.5020
 1-4 NB =         8.3815  1-4 EEL =        30.4391  VDWAALS    =       155.4291
 EELEC  =       239.1385  EHBOND  =         0.0000  RESTRAINT  =         2.4630
 EAMBER (non-restraint)  =       105.0068
 ------------------------------------------------------------------------------

--------------------------------------------------------------------------------
   5.  TIMINGS
--------------------------------------------------------------------------------

|  NonSetup CPU Time in Major Routines:
|
|     Routine           Sec        %
|     ------------------------------
|     Nonbond           0.92   17.23
|     Bond              0.00    0.00
|     Angle             0.00    0.00
|     Dihedral          0.00    0.00
|     Shake             0.05    0.90
|     RunMD             4.37   81.67
|     Other             0.01    0.20
|     ------------------------------
|     Total             5.35

|  PME Nonbond Pairlist CPU Time:
|
|     Routine              Sec        %
|     ---------------------------------
|     Set Up Cit           0.00    0.00
|     Build List           0.00    0.00
|     ---------------------------------
|     Total                0.00    0.00

|  PME Direct Force CPU Time:
|
|     Routine              Sec        %
|     ---------------------------------
|     NonBonded Calc       0.00    0.00
|     Exclude Masked       0.00    0.00
|     Other                0.01    0.12
|     ---------------------------------
|     Total                0.01    0.12

|  PME Reciprocal Force CPU Time:
|
|     Routine              Sec        %
|     ---------------------------------
|     1D bspline           0.00    0.00
|     Grid Charges         0.00    0.00
|     Scalar Sum           0.00    0.00
|     Gradient Sum         0.00    0.00
|     FFT                  0.00    0.00
|     ---------------------------------
|     Total                0.00    0.00

|  Final Performance Info:
|     -----------------------------------------------------
|     Average timings for last    9500 steps:
|     Elapsed(s) =       5.08 Per Step(ms) =       0.53
|         ns/day =     323.13   seconds/ns =     267.38
|
|     Average timings for all steps:
|     Elapsed(s) =       5.35 Per Step(ms) =       0.53
|         ns/day =     323.03   seconds/ns =     267.47
|     -----------------------------------------------------

|  Setup CPU time:            0.50 seconds
|  NonSetup CPU time:         5.35 seconds
|  Total CPU time:            5.86 seconds     0.00 hours

|  Setup wall time:           0    seconds
|  NonSetup wall time:        6    seconds
|  Total wall time:           6    seconds     0.00 hours
