
          -------------------------------------------------------
          Amber 24 PMEMD                              2024
          -------------------------------------------------------

| PMEMD implementation of SANDER, Release 24

|  Compiled date/time: Mon Feb  3 14:39:30 2025
| Run on 09/15/2025 at 14:26:06

|   Executable path: /home/jacosta19/software/amber24/bin/pmemd.cuda_SPFP
| Working directory: /home/jacosta19/Desktop/GFP_MD/2wsn
|          Hostname: Unknown
  [-O]verwriting output

File Assignments:
|   MDIN: h.in                                                                  
|  MDOUT: GFP.2wsn.h.out                                                        
| INPCRD: GFP.2wsn.min.ncrst                                                    
|   PARM: GFP.2wsn.top                                                          
| RESTRT: GFP.2wsn.h.ncrst                                                      
|   REFC: GFP.2wsn.min.ncrst                                                    
|  MDVEL: mdvel                                                                 
|   MDEN: mden                                                                  
|  MDCRD: GFP.2wsn.h.nc                                                         
| MDINFO: mdinfo                                                                
|  MDFRC: mdfrc                                                                 


 Here is the input file:

calentamiento 100 --> 300 k = 20 V=cte (ntb=1)                                 
&cntrl                                                                         
 nstlim = 10000, dt = 0.002, cut = 9., ioutfm = 1,                             
 ntx = 1, irest = 0, iwrap=0,                                                  
 ntpr = 500, ntwr = 500, ntwx = 500,                                           
 tempi = 100.0, temp0 = 300.0,                                                 
 ntt = 1,                                                                      
 ntb = 1,                                                                      
 ntc = 2, ntf = 2,                                                             
 ntr = 1, restraint_wt = 5.0, restraintmask = ":1-225@CA"                      
&end                                                                           
&wt                                                                            
type="END",                                                                    
&end                                                                           
                                                                               


Note: ig = -1. Setting random seed to   995349 based on wallclock time in 
      microseconds.
| irandom = 1, using AMBER's internal random number generator (default).
 
|--------------------- INFORMATION ----------------------
| GPU (CUDA) Version of PMEMD in use: NVIDIA GPU IN USE.
|                    Version 18.0.0
| 
|                      03/25/2018
| 
| Implementation by:
|                    Ross C. Walker     (SDSC)
|                    Scott Le Grand     (nVIDIA)
| 
| Version 18 performance extensions by:
|                    David Cerutti     (Rutgers)
| 
| Precision model in use:
|      [SPFP] - Single Precision Forces, 64-bit Fixed Point
|               Accumulation. (Default)
| 
|--------------------------------------------------------
 
|----------------- CITATION INFORMATION -----------------
|
|    When publishing work that utilized the CUDA version
|    of AMBER, please cite the following in addition to
|    the regular AMBER citations:
|
|  - Romelia Salomon-Ferrer; Andreas W. Goetz; Duncan
|    Poole; Scott Le Grand; Ross C. Walker "Routine
|    microsecond molecular dynamics simulations with
|    AMBER - Part II: Particle Mesh Ewald", J. Chem.
|    Theory Comput., 2013, 9 (9), pp3878-3888,
|    DOI: 10.1021/ct400314y.
|
|  - Andreas W. Goetz; Mark J. Williamson; Dong Xu;
|    Duncan Poole; Scott Le Grand; Ross C. Walker
|    "Routine microsecond molecular dynamics simulations
|    with AMBER - Part I: Generalized Born", J. Chem.
|    Theory Comput., 2012, 8 (5), pp1542-1555.
|
|  - Scott Le Grand; Andreas W. Goetz; Ross C. Walker
|    "SPFP: Speed without compromise - a mixed precision
|    model for GPU accelerated molecular dynamics
|    simulations.", Comp. Phys. Comm., 2013, 184
|    pp374-380, DOI: 10.1016/j.cpc.2012.09.022
|
|--------------------------------------------------------
 
|------------------- GPU DEVICE INFO --------------------
|
|            CUDA_VISIBLE_DEVICES: not set
|   CUDA Capable Devices Detected:      1
|           CUDA Device ID in use:      0
|                CUDA Device Name: NVIDIA GeForce RTX 2080 Ti
|     CUDA Device Global Mem Size:  10825 MB
| CUDA Device Num Multiprocessors:     68
|           CUDA Device Core Freq:   1.54 GHz
|
|--------------------------------------------------------
 
 
| Conditional Compilation Defines Used:
| PUBFFT
| BINTRAJ
| CUDA
| EMIL

| Largest sphere to fit in unit cell has radius =    35.878

| New format PARM file being parsed.
| Version =    1.000 Date = 09/09/25 Time = 16:13:17

| Note: 1-4 EEL scale factors are being read from the topology file.

| Note: 1-4 VDW scale factors are being read from the topology file.
| Duplicated    0 dihedrals

| Duplicated    0 dihedrals

--------------------------------------------------------------------------------
   1.  RESOURCE   USE: 
--------------------------------------------------------------------------------

 getting box info from netcdf restart file
 NATOM  =   39744 NTYPES =      16 NBONH =   37937 MBONA  =    1844
 NTHETH =    3999 MTHETA =    2499 NPHIH =    8123 MPHIA  =    7877
 NHPARM =       0 NPARM  =       0 NNB   =   67903 NRES   =   12294
 NBONA  =    1844 NTHETA =    2499 NPHIA =    7877 NUMBND =      77
 NUMANG =     179 NPTRA  =     200 NATYP =      39 NPHB   =       0
 IFBOX  =       1 NMXRS  =      40 IFCAP =       0 NEXTRA =       0
 NCOPY  =       0

| Coordinate Index Table dimensions:    14   16   16
| Direct force subcell size =     5.1254    5.0825    5.2035

     BOX TYPE: RECTILINEAR

--------------------------------------------------------------------------------
   2.  CONTROL  DATA  FOR  THE  RUN
--------------------------------------------------------------------------------

default_name                                                                    

General flags:
     imin    =       0, nmropt  =       0

Nature and format of input:
     ntx     =       1, irest   =       0, ntrx    =       1

Nature and format of output:
     ntxo    =       2, ntpr    =     500, ntrx    =       1, ntwr    =     500
     iwrap   =       0, ntwx    =     500, ntwv    =       0, ntwe    =       0
     ioutfm  =       1, ntwprt  =       0, idecomp =       0, rbornstat=      0

Potential function:
     ntf     =       2, ntb     =       1, igb     =       0, nsnb    =      25
     ipol    =       0, gbsa    =       0, iesp    =       0
     dielc   =   1.00000, cut     =   9.00000, intdiel =   1.00000

Frozen or restrained atoms:
     ibelly  =       0, ntr     =       1
     restraint_wt =   5.00000

Molecular dynamics:
     nstlim  =     10000, nscm    =         0, nrespa  =         1
     t       =   0.00000, dt      =   0.00200, vlimit  =  -1.00000

Berendsen (weak-coupling) temperature regulation:
     temp0   = 300.00000, tempi   = 100.00000, tautp   =   1.00000

SHAKE:
     ntc     =       2, jfastw  =       0
     tol     =   0.00001

| Intermolecular bonds treatment:
|     no_intermolecular_bonds =       1

| Energy averages sample interval:
|     ene_avg_sampling =     500

Ewald parameters:
     verbose =       0, ew_type =       0, nbflag  =       1, use_pme =       1
     vdwmeth =       1, eedmeth =       1, netfrc  =       1
     Box X =   71.755   Box Y =   81.320   Box Z =   83.256
     Alpha =   90.000   Beta  =   90.000   Gamma =   90.000
     NFFT1 =   72       NFFT2 =   84       NFFT3 =   84
     Cutoff=    9.000   Tol   =0.100E-04
     Ewald Coefficient =  0.30768
     Interpolation order =    4

    LOADING THE CONSTRAINED ATOMS AS GROUPS


   5.  REFERENCE ATOM COORDINATES

  default_name                                                                    
     Mask :1-225@CA; matches   224 atoms

--------------------------------------------------------------------------------
   3.  ATOMIC COORDINATES AND VELOCITIES
--------------------------------------------------------------------------------

default_name                                                                    
 begin time read from input coords =     0.000 ps

 
 Number of triangulated 3-point waters found:    12062

     Sum of charges from parm topology file =   0.00000190
     Forcing neutrality...

| Dynamic Memory, Types Used:
| Reals             1289739
| Integers          1512268

| Nonbonded Pairs Initial Allocation:     9061632

| GPU memory information (estimate):
| KB of GPU memory in use:    145043
| KB of CPU memory in use:     69779

--------------------------------------------------------------------------------
   4.  RESULTS
--------------------------------------------------------------------------------


 NSTEP =        0   TIME(PS) =       0.000  TEMP(K) =   146.76  PRESS =     0.0
 Etot   =   -163643.3463  EKtot   =     11854.7130  EPtot      =   -175498.0593
 BOND   =        95.1586  ANGLE   =       534.4128  DIHED      =      2595.0634
 1-4 NB =       724.2123  1-4 EEL =     10800.0640  VDWAALS    =     35622.3323
 EELEC  =   -225869.3026  EHBOND  =         0.0000  RESTRAINT  =         0.0000
 ------------------------------------------------------------------------------


 NSTEP =      500   TIME(PS) =       1.000  TEMP(K) =   150.45  PRESS =     0.0
 Etot   =   -125446.5136  EKtot   =     12152.6396  EPtot      =   -137599.1532
 BOND   =       366.8008  ANGLE   =      1174.6020  DIHED      =      2754.9136
 1-4 NB =       743.4391  1-4 EEL =     10826.4666  VDWAALS    =     21440.0872
 EELEC  =   -174950.6006  EHBOND  =         0.0000  RESTRAINT  =        45.1382
 EAMBER (non-restraint)  =   -137644.2914
 ------------------------------------------------------------------------------


 NSTEP =     1000   TIME(PS) =       2.000  TEMP(K) =   203.90  PRESS =     0.0
 Etot   =   -115784.1742  EKtot   =     16469.5156  EPtot      =   -132253.6898
 BOND   =       498.1674  ANGLE   =      1437.7183  DIHED      =      2817.0706
 1-4 NB =       798.3760  1-4 EEL =     10746.7302  VDWAALS    =     19558.7686
 EELEC  =   -168168.3774  EHBOND  =         0.0000  RESTRAINT  =        57.8564
 EAMBER (non-restraint)  =   -132311.5462
 ------------------------------------------------------------------------------


 NSTEP =     1500   TIME(PS) =       3.000  TEMP(K) =   237.18  PRESS =     0.0
 Etot   =   -109517.4031  EKtot   =     19157.8516  EPtot      =   -128675.2547
 BOND   =       559.5723  ANGLE   =      1552.3339  DIHED      =      2869.1524
 1-4 NB =       813.9839  1-4 EEL =     10791.3348  VDWAALS    =     18864.5565
 EELEC  =   -164180.2275  EHBOND  =         0.0000  RESTRAINT  =        54.0391
 EAMBER (non-restraint)  =   -128729.2938
 ------------------------------------------------------------------------------


 NSTEP =     2000   TIME(PS) =       4.000  TEMP(K) =   255.96  PRESS =     0.0
 Etot   =   -105275.4645  EKtot   =     20675.3027  EPtot      =   -125950.7673
 BOND   =       593.4433  ANGLE   =      1703.3178  DIHED      =      2858.5265
 1-4 NB =       825.0199  1-4 EEL =     10772.7133  VDWAALS    =     17516.7346
 EELEC  =   -160284.6200  EHBOND  =         0.0000  RESTRAINT  =        64.0973
 EAMBER (non-restraint)  =   -126014.8646
 ------------------------------------------------------------------------------


 NSTEP =     2500   TIME(PS) =       5.000  TEMP(K) =   268.49  PRESS =     0.0
 Etot   =   -102315.4801  EKtot   =     21686.8867  EPtot      =   -124002.3669
 BOND   =       629.8872  ANGLE   =      1780.1264  DIHED      =      2895.5445
 1-4 NB =       790.0984  1-4 EEL =     10776.5695  VDWAALS    =     16854.3706
 EELEC  =   -157791.3154  EHBOND  =         0.0000  RESTRAINT  =        62.3520
 EAMBER (non-restraint)  =   -124064.7189
 ------------------------------------------------------------------------------


 NSTEP =     3000   TIME(PS) =       6.000  TEMP(K) =   278.68  PRESS =     0.0
 Etot   =   -100200.4425  EKtot   =     22510.5742  EPtot      =   -122711.0167
 BOND   =       651.3178  ANGLE   =      1840.4768  DIHED      =      2886.7641
 1-4 NB =       811.2305  1-4 EEL =     10735.5613  VDWAALS    =     16190.6574
 EELEC  =   -155900.9801  EHBOND  =         0.0000  RESTRAINT  =        73.9555
 EAMBER (non-restraint)  =   -122784.9722
 ------------------------------------------------------------------------------


 NSTEP =     3500   TIME(PS) =       7.000  TEMP(K) =   283.90  PRESS =     0.0
 Etot   =    -98703.4670  EKtot   =     22932.0977  EPtot      =   -121635.5646
 BOND   =       659.7958  ANGLE   =      1946.5803  DIHED      =      2916.0612
 1-4 NB =       817.8180  1-4 EEL =     10765.4457  VDWAALS    =     15718.0023
 EELEC  =   -154521.5541  EHBOND  =         0.0000  RESTRAINT  =        62.2862
 EAMBER (non-restraint)  =   -121697.8508
 ------------------------------------------------------------------------------


 NSTEP =     4000   TIME(PS) =       8.000  TEMP(K) =   290.82  PRESS =     0.0
 Etot   =    -97655.2369  EKtot   =     23490.8496  EPtot      =   -121146.0865
 BOND   =       658.2851  ANGLE   =      1946.1493  DIHED      =      2889.5025
 1-4 NB =       802.3083  1-4 EEL =     10760.0315  VDWAALS    =     15581.2895
 EELEC  =   -153857.6123  EHBOND  =         0.0000  RESTRAINT  =        73.9596
 EAMBER (non-restraint)  =   -121220.0461
 ------------------------------------------------------------------------------


 NSTEP =     4500   TIME(PS) =       9.000  TEMP(K) =   294.28  PRESS =     0.0
 Etot   =    -96875.1419  EKtot   =     23770.1250  EPtot      =   -120645.2669
 BOND   =       652.3507  ANGLE   =      1910.0234  DIHED      =      2906.1187
 1-4 NB =       795.5264  1-4 EEL =     10746.6461  VDWAALS    =     15409.6827
 EELEC  =   -153128.7212  EHBOND  =         0.0000  RESTRAINT  =        63.1063
 EAMBER (non-restraint)  =   -120708.3731
 ------------------------------------------------------------------------------


 NSTEP =     5000   TIME(PS) =      10.000  TEMP(K) =   294.97  PRESS =     0.0
 Etot   =    -96338.1869  EKtot   =     23826.3809  EPtot      =   -120164.5678
 BOND   =       671.9525  ANGLE   =      1900.4208  DIHED      =      2895.5259
 1-4 NB =       800.9648  1-4 EEL =     10756.9658  VDWAALS    =     15335.2991
 EELEC  =   -152601.0953  EHBOND  =         0.0000  RESTRAINT  =        75.3986
 EAMBER (non-restraint)  =   -120239.9663
 ------------------------------------------------------------------------------


 NSTEP =     5500   TIME(PS) =      11.000  TEMP(K) =   295.65  PRESS =     0.0
 Etot   =    -95981.6408  EKtot   =     23880.5645  EPtot      =   -119862.2052
 BOND   =       665.0599  ANGLE   =      1963.9143  DIHED      =      2941.2162
 1-4 NB =       799.0365  1-4 EEL =     10741.3624  VDWAALS    =     15083.5640
 EELEC  =   -152125.7483  EHBOND  =         0.0000  RESTRAINT  =        69.3898
 EAMBER (non-restraint)  =   -119931.5950
 ------------------------------------------------------------------------------


 NSTEP =     6000   TIME(PS) =      12.000  TEMP(K) =   297.56  PRESS =     0.0
 Etot   =    -95755.3458  EKtot   =     24034.8242  EPtot      =   -119790.1700
 BOND   =       649.3831  ANGLE   =      1887.9999  DIHED      =      2939.0786
 1-4 NB =       817.3949  1-4 EEL =     10759.6364  VDWAALS    =     15149.7327
 EELEC  =   -152066.8729  EHBOND  =         0.0000  RESTRAINT  =        73.4771
 EAMBER (non-restraint)  =   -119863.6472
 ------------------------------------------------------------------------------


 NSTEP =     6500   TIME(PS) =      13.000  TEMP(K) =   297.96  PRESS =     0.0
 Etot   =    -95546.3719  EKtot   =     24067.8145  EPtot      =   -119614.1863
 BOND   =       684.2094  ANGLE   =      1949.7036  DIHED      =      2885.5312
 1-4 NB =       809.7640  1-4 EEL =     10728.8351  VDWAALS    =     14976.2427
 EELEC  =   -151718.9260  EHBOND  =         0.0000  RESTRAINT  =        70.4536
 EAMBER (non-restraint)  =   -119684.6399
 ------------------------------------------------------------------------------


 NSTEP =     7000   TIME(PS) =      14.000  TEMP(K) =   297.83  PRESS =     0.0
 Etot   =    -95485.1734  EKtot   =     24057.2441  EPtot      =   -119542.4176
 BOND   =       664.3223  ANGLE   =      1982.7184  DIHED      =      2945.1021
 1-4 NB =       838.1959  1-4 EEL =     10715.7798  VDWAALS    =     14878.4322
 EELEC  =   -151637.3623  EHBOND  =         0.0000  RESTRAINT  =        70.3941
 EAMBER (non-restraint)  =   -119612.8117
 ------------------------------------------------------------------------------


 NSTEP =     7500   TIME(PS) =      15.000  TEMP(K) =   298.58  PRESS =     0.0
 Etot   =    -95390.3288  EKtot   =     24117.9160  EPtot      =   -119508.2449
 BOND   =       670.1372  ANGLE   =      1875.3567  DIHED      =      2900.5538
 1-4 NB =       812.8011  1-4 EEL =     10764.8492  VDWAALS    =     14669.7368
 EELEC  =   -151274.8502  EHBOND  =         0.0000  RESTRAINT  =        73.1705
 EAMBER (non-restraint)  =   -119581.4154
 ------------------------------------------------------------------------------


 NSTEP =     8000   TIME(PS) =      16.000  TEMP(K) =   297.07  PRESS =     0.0
 Etot   =    -95322.5010  EKtot   =     23995.3594  EPtot      =   -119317.8604
 BOND   =       705.4270  ANGLE   =      1987.7524  DIHED      =      2929.2413
 1-4 NB =       823.1488  1-4 EEL =     10765.4880  VDWAALS    =     14816.5864
 EELEC  =   -151407.5691  EHBOND  =         0.0000  RESTRAINT  =        62.0649
 EAMBER (non-restraint)  =   -119379.9253
 ------------------------------------------------------------------------------


 NSTEP =     8500   TIME(PS) =      17.000  TEMP(K) =   300.21  PRESS =     0.0
 Etot   =    -95263.1923  EKtot   =     24249.3086  EPtot      =   -119512.5009
 BOND   =       696.0007  ANGLE   =      1914.6712  DIHED      =      2911.6015
 1-4 NB =       822.2378  1-4 EEL =     10708.4859  VDWAALS    =     14798.1747
 EELEC  =   -151435.7789  EHBOND  =         0.0000  RESTRAINT  =        72.1062
 EAMBER (non-restraint)  =   -119584.6071
 ------------------------------------------------------------------------------


 NSTEP =     9000   TIME(PS) =      18.000  TEMP(K) =   301.04  PRESS =     0.0
 Etot   =    -95218.6422  EKtot   =     24316.4082  EPtot      =   -119535.0504
 BOND   =       679.3969  ANGLE   =      1855.8610  DIHED      =      2923.0162
 1-4 NB =       796.1047  1-4 EEL =     10729.3792  VDWAALS    =     14815.4629
 EELEC  =   -151401.6623  EHBOND  =         0.0000  RESTRAINT  =        67.3911
 EAMBER (non-restraint)  =   -119602.4415
 ------------------------------------------------------------------------------


 NSTEP =     9500   TIME(PS) =      19.000  TEMP(K) =   299.99  PRESS =     0.0
 Etot   =    -95178.4969  EKtot   =     24231.1250  EPtot      =   -119409.6219
 BOND   =       685.6722  ANGLE   =      1942.2489  DIHED      =      2905.8738
 1-4 NB =       807.1669  1-4 EEL =     10729.1371  VDWAALS    =     14487.8097
 EELEC  =   -151034.4930  EHBOND  =         0.0000  RESTRAINT  =        66.9625
 EAMBER (non-restraint)  =   -119476.5844
 ------------------------------------------------------------------------------


 NSTEP =    10000   TIME(PS) =      20.000  TEMP(K) =   300.61  PRESS =     0.0
 Etot   =    -95148.2399  EKtot   =     24281.6680  EPtot      =   -119429.9079
 BOND   =       665.4803  ANGLE   =      1858.9140  DIHED      =      2880.5190
 1-4 NB =       835.7013  1-4 EEL =     10793.3783  VDWAALS    =     14765.5572
 EELEC  =   -151307.6806  EHBOND  =         0.0000  RESTRAINT  =        78.2226
 EAMBER (non-restraint)  =   -119508.1304
 ------------------------------------------------------------------------------


      A V E R A G E S   O V E R      20 S T E P S


 NSTEP =    10000   TIME(PS) =      20.000  TEMP(K) =   277.26  PRESS =     0.0
 Etot   =   -100120.0722  EKtot   =     22395.2228  EPtot      =   -122515.2950
 BOND   =       635.3331  ANGLE   =      1820.5445  DIHED      =      2892.5457
 1-4 NB =       808.0159  1-4 EEL =     10755.7398  VDWAALS    =     16045.5374
 EELEC  =   -155539.8024  EHBOND  =         0.0000  RESTRAINT  =        66.7911
 EAMBER (non-restraint)  =   -122582.0861
 ------------------------------------------------------------------------------


      R M S  F L U C T U A T I O N S


 NSTEP =    10000   TIME(PS) =      20.000  TEMP(K) =    38.10  PRESS =     0.0
 Etot   =      7937.6902  EKtot   =      3077.7084  EPtot      =      4868.6598
 BOND   =        77.7687  ANGLE   =       202.8543  DIHED      =        43.3079
 1-4 NB =        19.6205  1-4 EEL =        27.7931  VDWAALS    =      1847.0581
 EELEC  =      6395.0453  EHBOND  =         0.0000  RESTRAINT  =         7.9030
 EAMBER (non-restraint)  =      4860.7569
 ------------------------------------------------------------------------------

--------------------------------------------------------------------------------
   5.  TIMINGS
--------------------------------------------------------------------------------

|  NonSetup CPU Time in Major Routines:
|
|     Routine           Sec        %
|     ------------------------------
|     Nonbond           0.88   17.10
|     Bond              0.00    0.00
|     Angle             0.00    0.00
|     Dihedral          0.00    0.00
|     Shake             0.05    0.93
|     RunMD             4.23   81.74
|     Other             0.01    0.22
|     ------------------------------
|     Total             5.17

|  PME Nonbond Pairlist CPU Time:
|
|     Routine              Sec        %
|     ---------------------------------
|     Set Up Cit           0.00    0.00
|     Build List           0.00    0.00
|     ---------------------------------
|     Total                0.00    0.00

|  PME Direct Force CPU Time:
|
|     Routine              Sec        %
|     ---------------------------------
|     NonBonded Calc       0.00    0.00
|     Exclude Masked       0.00    0.00
|     Other                0.01    0.13
|     ---------------------------------
|     Total                0.01    0.13

|  PME Reciprocal Force CPU Time:
|
|     Routine              Sec        %
|     ---------------------------------
|     1D bspline           0.00    0.00
|     Grid Charges         0.00    0.00
|     Scalar Sum           0.00    0.00
|     Gradient Sum         0.00    0.00
|     FFT                  0.00    0.00
|     ---------------------------------
|     Total                0.00    0.00

|  Final Performance Info:
|     -----------------------------------------------------
|     Average timings for last   10000 steps:
|     Elapsed(s) =       5.17 Per Step(ms) =       0.52
|         ns/day =     334.46   seconds/ns =     258.33
|
|     Average timings for all steps:
|     Elapsed(s) =       5.17 Per Step(ms) =       0.52
|         ns/day =     334.46   seconds/ns =     258.33
|     -----------------------------------------------------

|  Setup CPU time:            0.51 seconds
|  NonSetup CPU time:         5.17 seconds
|  Total CPU time:            5.68 seconds     0.00 hours

|  Setup wall time:           1    seconds
|  NonSetup wall time:        5    seconds
|  Total wall time:           6    seconds     0.00 hours
