
          -------------------------------------------------------
          Amber 24 PMEMD                              2024
          -------------------------------------------------------

| PMEMD implementation of SANDER, Release 24

|  Compiled date/time: Mon Feb  3 14:39:30 2025
| Run on 09/15/2025 at 14:26:12

|   Executable path: /home/jacosta19/software/amber24/bin/pmemd.cuda_SPFP
| Working directory: /home/jacosta19/Desktop/GFP_MD/2wsn
|          Hostname: Unknown
  [-O]verwriting output

File Assignments:
|   MDIN: eq1.in                                                                
|  MDOUT: GFP.2wsn.eq1.out                                                      
| INPCRD: GFP.2wsn.h.ncrst                                                      
|   PARM: GFP.2wsn.top                                                          
| RESTRT: GFP.2wsn.eq1.ncrst                                                    
|   REFC: GFP.2wsn.min.ncrst                                                    
|  MDVEL: mdvel                                                                 
|   MDEN: mden                                                                  
|  MDCRD: GFP.2wsn.eq1.nc                                                       
| MDINFO: mdinfo                                                                
|  MDFRC: mdfrc                                                                 


 Here is the input file:

eq1 temp = 300, k = 15 V=cte (ntb=1)                                           
&cntrl                                                                         
 nstlim = 10000, dt = 0.002,                                                   
 ntx = 7, irest = 1, iwrap=0, cut=9., ioutfm = 1,                              
 ntpr = 500, ntwr = 500, ntwx =500,                                            
 tempi = 300., temp0 = 300.,                                                   
 ntt = 1,                                                                      
 ntb = 1,                                                                      
 ntc = 2, ntf = 2,                                                             
 ntr = 1,                                                                      
 restraint_wt = 2.0, restraintmask = ":1-225@CA"                               
&end                                                                           
                                                                               


Note: ig = -1. Setting random seed to   838846 based on wallclock time in 
      microseconds.
| irandom = 1, using AMBER's internal random number generator (default).
| WARNING: ntx set to 7; the file type is now auto-detected; please update to ntx = 5.
 
|--------------------- INFORMATION ----------------------
| GPU (CUDA) Version of PMEMD in use: NVIDIA GPU IN USE.
|                    Version 18.0.0
| 
|                      03/25/2018
| 
| Implementation by:
|                    Ross C. Walker     (SDSC)
|                    Scott Le Grand     (nVIDIA)
| 
| Version 18 performance extensions by:
|                    David Cerutti     (Rutgers)
| 
| Precision model in use:
|      [SPFP] - Single Precision Forces, 64-bit Fixed Point
|               Accumulation. (Default)
| 
|--------------------------------------------------------
 
|----------------- CITATION INFORMATION -----------------
|
|    When publishing work that utilized the CUDA version
|    of AMBER, please cite the following in addition to
|    the regular AMBER citations:
|
|  - Romelia Salomon-Ferrer; Andreas W. Goetz; Duncan
|    Poole; Scott Le Grand; Ross C. Walker "Routine
|    microsecond molecular dynamics simulations with
|    AMBER - Part II: Particle Mesh Ewald", J. Chem.
|    Theory Comput., 2013, 9 (9), pp3878-3888,
|    DOI: 10.1021/ct400314y.
|
|  - Andreas W. Goetz; Mark J. Williamson; Dong Xu;
|    Duncan Poole; Scott Le Grand; Ross C. Walker
|    "Routine microsecond molecular dynamics simulations
|    with AMBER - Part I: Generalized Born", J. Chem.
|    Theory Comput., 2012, 8 (5), pp1542-1555.
|
|  - Scott Le Grand; Andreas W. Goetz; Ross C. Walker
|    "SPFP: Speed without compromise - a mixed precision
|    model for GPU accelerated molecular dynamics
|    simulations.", Comp. Phys. Comm., 2013, 184
|    pp374-380, DOI: 10.1016/j.cpc.2012.09.022
|
|--------------------------------------------------------
 
|------------------- GPU DEVICE INFO --------------------
|
|            CUDA_VISIBLE_DEVICES: not set
|   CUDA Capable Devices Detected:      1
|           CUDA Device ID in use:      0
|                CUDA Device Name: NVIDIA GeForce RTX 2080 Ti
|     CUDA Device Global Mem Size:  10825 MB
| CUDA Device Num Multiprocessors:     68
|           CUDA Device Core Freq:   1.54 GHz
|
|--------------------------------------------------------
 
 
| Conditional Compilation Defines Used:
| PUBFFT
| BINTRAJ
| CUDA
| EMIL

| Largest sphere to fit in unit cell has radius =    35.878

| New format PARM file being parsed.
| Version =    1.000 Date = 09/09/25 Time = 16:13:17

| Note: 1-4 EEL scale factors are being read from the topology file.

| Note: 1-4 VDW scale factors are being read from the topology file.
| Duplicated    0 dihedrals

| Duplicated    0 dihedrals

--------------------------------------------------------------------------------
   1.  RESOURCE   USE: 
--------------------------------------------------------------------------------

 getting box info from netcdf restart file
 NATOM  =   39744 NTYPES =      16 NBONH =   37937 MBONA  =    1844
 NTHETH =    3999 MTHETA =    2499 NPHIH =    8123 MPHIA  =    7877
 NHPARM =       0 NPARM  =       0 NNB   =   67903 NRES   =   12294
 NBONA  =    1844 NTHETA =    2499 NPHIA =    7877 NUMBND =      77
 NUMANG =     179 NPTRA  =     200 NATYP =      39 NPHB   =       0
 IFBOX  =       1 NMXRS  =      40 IFCAP =       0 NEXTRA =       0
 NCOPY  =       0

| Coordinate Index Table dimensions:    14   16   16
| Direct force subcell size =     5.1254    5.0825    5.2035

     BOX TYPE: RECTILINEAR

--------------------------------------------------------------------------------
   2.  CONTROL  DATA  FOR  THE  RUN
--------------------------------------------------------------------------------

default_name                                                                    

General flags:
     imin    =       0, nmropt  =       0

Nature and format of input:
     ntx     =       7, irest   =       1, ntrx    =       1

Nature and format of output:
     ntxo    =       2, ntpr    =     500, ntrx    =       1, ntwr    =     500
     iwrap   =       0, ntwx    =     500, ntwv    =       0, ntwe    =       0
     ioutfm  =       1, ntwprt  =       0, idecomp =       0, rbornstat=      0

Potential function:
     ntf     =       2, ntb     =       1, igb     =       0, nsnb    =      25
     ipol    =       0, gbsa    =       0, iesp    =       0
     dielc   =   1.00000, cut     =   9.00000, intdiel =   1.00000

Frozen or restrained atoms:
     ibelly  =       0, ntr     =       1
     restraint_wt =   2.00000

Molecular dynamics:
     nstlim  =     10000, nscm    =         0, nrespa  =         1
     t       =   0.00000, dt      =   0.00200, vlimit  =  -1.00000

Berendsen (weak-coupling) temperature regulation:
     temp0   = 300.00000, tempi   = 300.00000, tautp   =   1.00000

SHAKE:
     ntc     =       2, jfastw  =       0
     tol     =   0.00001

| Intermolecular bonds treatment:
|     no_intermolecular_bonds =       1

| Energy averages sample interval:
|     ene_avg_sampling =     500

Ewald parameters:
     verbose =       0, ew_type =       0, nbflag  =       1, use_pme =       1
     vdwmeth =       1, eedmeth =       1, netfrc  =       1
     Box X =   71.755   Box Y =   81.320   Box Z =   83.256
     Alpha =   90.000   Beta  =   90.000   Gamma =   90.000
     NFFT1 =   72       NFFT2 =   84       NFFT3 =   84
     Cutoff=    9.000   Tol   =0.100E-04
     Ewald Coefficient =  0.30768
     Interpolation order =    4

    LOADING THE CONSTRAINED ATOMS AS GROUPS


   5.  REFERENCE ATOM COORDINATES

  default_name                                                                    
     Mask :1-225@CA; matches   224 atoms

--------------------------------------------------------------------------------
   3.  ATOMIC COORDINATES AND VELOCITIES
--------------------------------------------------------------------------------

default_name                                                                    
 begin time read from input coords =    20.000 ps

 
 Number of triangulated 3-point waters found:    12062

     Sum of charges from parm topology file =   0.00000190
     Forcing neutrality...

| Dynamic Memory, Types Used:
| Reals             1289739
| Integers          1512268

| Nonbonded Pairs Initial Allocation:     9061632

| GPU memory information (estimate):
| KB of GPU memory in use:    145043
| KB of CPU memory in use:     69779

--------------------------------------------------------------------------------
   4.  RESULTS
--------------------------------------------------------------------------------


 NSTEP =      500   TIME(PS) =      21.000  TEMP(K) =   299.21  PRESS =     0.0
 Etot   =    -95204.4480  EKtot   =     24168.2949  EPtot      =   -119372.7429
 BOND   =       716.3195  ANGLE   =      1979.1779  DIHED      =      2868.8611
 1-4 NB =       792.6343  1-4 EEL =     10712.9790  VDWAALS    =     14939.6272
 EELEC  =   -151424.9091  EHBOND  =         0.0000  RESTRAINT  =        42.5672
 EAMBER (non-restraint)  =   -119415.3101
 ------------------------------------------------------------------------------


 NSTEP =     1000   TIME(PS) =      22.000  TEMP(K) =   298.16  PRESS =     0.0
 Etot   =    -95164.2761  EKtot   =     24084.0195  EPtot      =   -119248.2956
 BOND   =       703.8915  ANGLE   =      1888.9996  DIHED      =      2876.4998
 1-4 NB =       815.5019  1-4 EEL =     10777.3580  VDWAALS    =     14476.7892
 EELEC  =   -150830.7207  EHBOND  =         0.0000  RESTRAINT  =        43.3851
 EAMBER (non-restraint)  =   -119291.6807
 ------------------------------------------------------------------------------


 NSTEP =     1500   TIME(PS) =      23.000  TEMP(K) =   300.71  PRESS =     0.0
 Etot   =    -95157.8580  EKtot   =     24289.4883  EPtot      =   -119447.3463
 BOND   =       665.6236  ANGLE   =      1901.9973  DIHED      =      2886.9502
 1-4 NB =       797.2037  1-4 EEL =     10742.5000  VDWAALS    =     14875.2220
 EELEC  =   -151365.1909  EHBOND  =         0.0000  RESTRAINT  =        48.3477
 EAMBER (non-restraint)  =   -119495.6940
 ------------------------------------------------------------------------------


 NSTEP =     2000   TIME(PS) =      24.000  TEMP(K) =   300.16  PRESS =     0.0
 Etot   =    -95179.4209  EKtot   =     24245.3086  EPtot      =   -119424.7295
 BOND   =       663.5708  ANGLE   =      1895.5225  DIHED      =      2872.6956
 1-4 NB =       811.4818  1-4 EEL =     10696.2757  VDWAALS    =     14920.5103
 EELEC  =   -151335.0213  EHBOND  =         0.0000  RESTRAINT  =        50.2351
 EAMBER (non-restraint)  =   -119474.9646
 ------------------------------------------------------------------------------


 NSTEP =     2500   TIME(PS) =      25.000  TEMP(K) =   300.87  PRESS =     0.0
 Etot   =    -95136.0259  EKtot   =     24302.5586  EPtot      =   -119438.5845
 BOND   =       695.4998  ANGLE   =      1901.3655  DIHED      =      2910.5784
 1-4 NB =       791.8184  1-4 EEL =     10704.9079  VDWAALS    =     14834.0619
 EELEC  =   -151333.4664  EHBOND  =         0.0000  RESTRAINT  =        56.6500
 EAMBER (non-restraint)  =   -119495.2345
 ------------------------------------------------------------------------------


 NSTEP =     3000   TIME(PS) =      26.000  TEMP(K) =   298.53  PRESS =     0.0
 Etot   =    -95107.8752  EKtot   =     24113.8848  EPtot      =   -119221.7600
 BOND   =       666.9583  ANGLE   =      1828.6561  DIHED      =      2917.5097
 1-4 NB =       785.3600  1-4 EEL =     10721.2271  VDWAALS    =     14620.4668
 EELEC  =   -150807.0876  EHBOND  =         0.0000  RESTRAINT  =        45.1496
 EAMBER (non-restraint)  =   -119266.9096
 ------------------------------------------------------------------------------


 NSTEP =     3500   TIME(PS) =      27.000  TEMP(K) =   299.15  PRESS =     0.0
 Etot   =    -95125.2727  EKtot   =     24163.9082  EPtot      =   -119289.1809
 BOND   =       669.9711  ANGLE   =      1844.4338  DIHED      =      2900.2599
 1-4 NB =       812.4279  1-4 EEL =     10735.3476  VDWAALS    =     14981.1749
 EELEC  =   -151284.2299  EHBOND  =         0.0000  RESTRAINT  =        51.4338
 EAMBER (non-restraint)  =   -119340.6147
 ------------------------------------------------------------------------------


 NSTEP =     4000   TIME(PS) =      28.000  TEMP(K) =   300.65  PRESS =     0.0
 Etot   =    -95127.8001  EKtot   =     24284.4551  EPtot      =   -119412.2552
 BOND   =       667.4655  ANGLE   =      1891.7831  DIHED      =      2877.8406
 1-4 NB =       820.8151  1-4 EEL =     10745.1486  VDWAALS    =     14589.7007
 EELEC  =   -151053.3525  EHBOND  =         0.0000  RESTRAINT  =        48.3437
 EAMBER (non-restraint)  =   -119460.5989
 ------------------------------------------------------------------------------


 NSTEP =     4500   TIME(PS) =      29.000  TEMP(K) =   301.51  PRESS =     0.0
 Etot   =    -95170.1791  EKtot   =     24354.0820  EPtot      =   -119524.2611
 BOND   =       679.6183  ANGLE   =      1833.4669  DIHED      =      2897.3238
 1-4 NB =       812.4318  1-4 EEL =     10734.7978  VDWAALS    =     14763.1718
 EELEC  =   -151287.1516  EHBOND  =         0.0000  RESTRAINT  =        42.0800
 EAMBER (non-restraint)  =   -119566.3411
 ------------------------------------------------------------------------------


 NSTEP =     5000   TIME(PS) =      30.000  TEMP(K) =   299.89  PRESS =     0.0
 Etot   =    -95210.2000  EKtot   =     24223.2246  EPtot      =   -119433.4246
 BOND   =       654.2000  ANGLE   =      1890.8374  DIHED      =      2891.2913
 1-4 NB =       826.6004  1-4 EEL =     10769.9089  VDWAALS    =     14960.4838
 EELEC  =   -151480.7261  EHBOND  =         0.0000  RESTRAINT  =        53.9797
 EAMBER (non-restraint)  =   -119487.4043
 ------------------------------------------------------------------------------


 NSTEP =     5500   TIME(PS) =      31.000  TEMP(K) =   299.30  PRESS =     0.0
 Etot   =    -95201.3937  EKtot   =     24176.1484  EPtot      =   -119377.5421
 BOND   =       671.5830  ANGLE   =      1883.8694  DIHED      =      2873.9617
 1-4 NB =       801.4075  1-4 EEL =     10699.6453  VDWAALS    =     14762.7438
 EELEC  =   -151124.8067  EHBOND  =         0.0000  RESTRAINT  =        54.0539
 EAMBER (non-restraint)  =   -119431.5960
 ------------------------------------------------------------------------------


 NSTEP =     6000   TIME(PS) =      32.000  TEMP(K) =   298.36  PRESS =     0.0
 Etot   =    -95189.6398  EKtot   =     24099.9453  EPtot      =   -119289.5851
 BOND   =       675.6913  ANGLE   =      1867.7024  DIHED      =      2895.5347
 1-4 NB =       800.3813  1-4 EEL =     10717.7534  VDWAALS    =     14641.8280
 EELEC  =   -150943.2625  EHBOND  =         0.0000  RESTRAINT  =        54.7863
 EAMBER (non-restraint)  =   -119344.3713
 ------------------------------------------------------------------------------


 NSTEP =     6500   TIME(PS) =      33.000  TEMP(K) =   300.72  PRESS =     0.0
 Etot   =    -95188.6242  EKtot   =     24290.7539  EPtot      =   -119479.3781
 BOND   =       637.3357  ANGLE   =      1845.1968  DIHED      =      2895.9318
 1-4 NB =       796.3149  1-4 EEL =     10706.2828  VDWAALS    =     14587.3332
 EELEC  =   -150997.9284  EHBOND  =         0.0000  RESTRAINT  =        50.1552
 EAMBER (non-restraint)  =   -119529.5333
 ------------------------------------------------------------------------------


 NSTEP =     7000   TIME(PS) =      34.000  TEMP(K) =   299.19  PRESS =     0.0
 Etot   =    -95134.3362  EKtot   =     24166.5586  EPtot      =   -119300.8948
 BOND   =       674.9160  ANGLE   =      1903.1303  DIHED      =      2883.8494
 1-4 NB =       792.8665  1-4 EEL =     10683.5992  VDWAALS    =     14901.8681
 EELEC  =   -151192.9342  EHBOND  =         0.0000  RESTRAINT  =        51.8099
 EAMBER (non-restraint)  =   -119352.7047
 ------------------------------------------------------------------------------


 NSTEP =     7500   TIME(PS) =      35.000  TEMP(K) =   301.50  PRESS =     0.0
 Etot   =    -95101.9930  EKtot   =     24353.8066  EPtot      =   -119455.7997
 BOND   =       679.0920  ANGLE   =      1889.1813  DIHED      =      2869.2220
 1-4 NB =       804.0654  1-4 EEL =     10722.0605  VDWAALS    =     15036.1461
 EELEC  =   -151511.7229  EHBOND  =         0.0000  RESTRAINT  =        56.1559
 EAMBER (non-restraint)  =   -119511.9556
 ------------------------------------------------------------------------------


 NSTEP =     8000   TIME(PS) =      36.000  TEMP(K) =   302.01  PRESS =     0.0
 Etot   =    -95086.6285  EKtot   =     24394.9883  EPtot      =   -119481.6167
 BOND   =       670.4114  ANGLE   =      1868.6480  DIHED      =      2900.1521
 1-4 NB =       817.0954  1-4 EEL =     10767.6175  VDWAALS    =     14733.2547
 EELEC  =   -151287.3988  EHBOND  =         0.0000  RESTRAINT  =        48.6028
 EAMBER (non-restraint)  =   -119530.2195
 ------------------------------------------------------------------------------


 NSTEP =     8500   TIME(PS) =      37.000  TEMP(K) =   301.37  PRESS =     0.0
 Etot   =    -95123.4100  EKtot   =     24343.2852  EPtot      =   -119466.6952
 BOND   =       679.2459  ANGLE   =      1938.3427  DIHED      =      2878.8182
 1-4 NB =       814.6783  1-4 EEL =     10749.5653  VDWAALS    =     15011.6315
 EELEC  =   -151589.6318  EHBOND  =         0.0000  RESTRAINT  =        50.6547
 EAMBER (non-restraint)  =   -119517.3498
 ------------------------------------------------------------------------------


 NSTEP =     9000   TIME(PS) =      38.000  TEMP(K) =   298.42  PRESS =     0.0
 Etot   =    -95124.0642  EKtot   =     24104.4453  EPtot      =   -119228.5095
 BOND   =       662.3890  ANGLE   =      1907.7359  DIHED      =      2898.7306
 1-4 NB =       796.1573  1-4 EEL =     10747.7875  VDWAALS    =     14667.9870
 EELEC  =   -150958.4863  EHBOND  =         0.0000  RESTRAINT  =        49.1895
 EAMBER (non-restraint)  =   -119277.6991
 ------------------------------------------------------------------------------


 NSTEP =     9500   TIME(PS) =      39.000  TEMP(K) =   300.37  PRESS =     0.0
 Etot   =    -95106.7800  EKtot   =     24262.5352  EPtot      =   -119369.3151
 BOND   =       656.0759  ANGLE   =      1840.0355  DIHED      =      2894.0014
 1-4 NB =       822.7667  1-4 EEL =     10766.6555  VDWAALS    =     14460.3944
 EELEC  =   -150863.2437  EHBOND  =         0.0000  RESTRAINT  =        53.9992
 EAMBER (non-restraint)  =   -119423.3143
 ------------------------------------------------------------------------------


 NSTEP =    10000   TIME(PS) =      40.000  TEMP(K) =   300.42  PRESS =     0.0
 Etot   =    -95105.7475  EKtot   =     24265.8848  EPtot      =   -119371.6323
 BOND   =       668.5382  ANGLE   =      1898.5717  DIHED      =      2888.9230
 1-4 NB =       801.5862  1-4 EEL =     10771.6939  VDWAALS    =     14797.7247
 EELEC  =   -151251.1788  EHBOND  =         0.0000  RESTRAINT  =        52.5089
 EAMBER (non-restraint)  =   -119424.1411
 ------------------------------------------------------------------------------


      A V E R A G E S   O V E R      20 S T E P S


 NSTEP =    10000   TIME(PS) =      40.000  TEMP(K) =   300.03  PRESS =     0.0
 Etot   =    -95147.2987  EKtot   =     24234.3788  EPtot      =   -119381.6775
 BOND   =       672.9198  ANGLE   =      1884.9327  DIHED      =      2888.9468
 1-4 NB =       805.6797  1-4 EEL =     10733.6556  VDWAALS    =     14778.1060
 EELEC  =   -151196.1225  EHBOND  =         0.0000  RESTRAINT  =        50.2044
 EAMBER (non-restraint)  =   -119431.8819
 ------------------------------------------------------------------------------


      R M S  F L U C T U A T I O N S


 NSTEP =    10000   TIME(PS) =      40.000  TEMP(K) =     1.14  PRESS =     0.0
 Etot   =        37.7700  EKtot   =        92.4808  EPtot      =        88.4139
 BOND   =        16.9418  ANGLE   =        35.4793  DIHED      =        13.2635
 1-4 NB =        11.5034  1-4 EEL =        27.5549  VDWAALS    =       172.0308
 EELEC  =       230.5203  EHBOND  =         0.0000  RESTRAINT  =         4.2304
 EAMBER (non-restraint)  =        84.1835
 ------------------------------------------------------------------------------

--------------------------------------------------------------------------------
   5.  TIMINGS
--------------------------------------------------------------------------------

|  NonSetup CPU Time in Major Routines:
|
|     Routine           Sec        %
|     ------------------------------
|     Nonbond           0.92   17.38
|     Bond              0.00    0.00
|     Angle             0.00    0.00
|     Dihedral          0.00    0.00
|     Shake             0.05    0.91
|     RunMD             4.30   81.50
|     Other             0.01    0.20
|     ------------------------------
|     Total             5.27

|  PME Nonbond Pairlist CPU Time:
|
|     Routine              Sec        %
|     ---------------------------------
|     Set Up Cit           0.00    0.00
|     Build List           0.00    0.00
|     ---------------------------------
|     Total                0.00    0.00

|  PME Direct Force CPU Time:
|
|     Routine              Sec        %
|     ---------------------------------
|     NonBonded Calc       0.00    0.00
|     Exclude Masked       0.00    0.00
|     Other                0.01    0.13
|     ---------------------------------
|     Total                0.01    0.13

|  PME Reciprocal Force CPU Time:
|
|     Routine              Sec        %
|     ---------------------------------
|     1D bspline           0.00    0.00
|     Grid Charges         0.00    0.00
|     Scalar Sum           0.00    0.00
|     Gradient Sum         0.00    0.00
|     FFT                  0.00    0.00
|     ---------------------------------
|     Total                0.00    0.00

|  Final Performance Info:
|     -----------------------------------------------------
|     Average timings for last    9500 steps:
|     Elapsed(s) =       5.01 Per Step(ms) =       0.53
|         ns/day =     327.91   seconds/ns =     263.49
|
|     Average timings for all steps:
|     Elapsed(s) =       5.27 Per Step(ms) =       0.53
|         ns/day =     327.75   seconds/ns =     263.62
|     -----------------------------------------------------

|  Setup CPU time:            0.50 seconds
|  NonSetup CPU time:         5.27 seconds
|  Total CPU time:            5.78 seconds     0.00 hours

|  Setup wall time:           0    seconds
|  NonSetup wall time:        6    seconds
|  Total wall time:           6    seconds     0.00 hours
