
          -------------------------------------------------------
          Amber 24 PMEMD                              2024
          -------------------------------------------------------

| PMEMD implementation of SANDER, Release 24

|  Compiled date/time: Mon Feb  3 14:39:30 2025
| Run on 09/15/2025 at 14:23:49

|   Executable path: /home/jacosta19/software/amber24/bin/pmemd.cuda_SPFP
| Working directory: /home/jacosta19/Desktop/GFP_MD/2wsn
|          Hostname: Unknown
  [-O]verwriting output

File Assignments:
|   MDIN: min1.in                                                               
|  MDOUT: GFP.2wsn.m1.out                                                       
| INPCRD: GFP.2wsn.crd                                                          
|   PARM: GFP.2wsn.top                                                          
| RESTRT: GFP.2wsn.m1.ncrst                                                     
|   REFC: GFP.2wsn.crd                                                          
|  MDVEL: mdvel                                                                 
|   MDEN: mden                                                                  
|  MDCRD: mdcrd                                                                 
| MDINFO: mdinfo                                                                
|  MDFRC: mdfrc                                                                 


 Here is the input file:

Minimizacion de todos los hidrogenos en GPU                                    
 &cntrl                                                                        
 ntx = 1, ntrx = 1,                                                            
 ntpr = 500, igb=0,                                                            
 ntf = 1, ntb = 1,                                                             
 nsnb = 10, ntr = 1,                                                           
 imin = 1, maxcyc = 500000, ncyc = 250000,                                     
 ntmin = 1, dx0 = 0.1, drms = 0.01,                                            
 ntp = 0, ntc = 1, cut=9., ioutfm = 1,                                         
 restraint_wt=20., restraintmask='!@H=',                                       
&end                                                                           
&wt                                                                            
type="END",                                                                    
&end                                                                           
                                                                               


Note: ig = -1. Setting random seed to   472715 based on wallclock time in 
      microseconds.
| irandom = 1, using AMBER's internal random number generator (default).
| INFO:    The nsnb ctrl option does not affect nonbonded list update frequency.
|          It does affect steepest descent minimization freq if ntmin == 0
 
|--------------------- INFORMATION ----------------------
| GPU (CUDA) Version of PMEMD in use: NVIDIA GPU IN USE.
|                    Version 18.0.0
| 
|                      03/25/2018
| 
| Implementation by:
|                    Ross C. Walker     (SDSC)
|                    Scott Le Grand     (nVIDIA)
| 
| Version 18 performance extensions by:
|                    David Cerutti     (Rutgers)
| 
| Precision model in use:
|      [SPFP] - Single Precision Forces, 64-bit Fixed Point
|               Accumulation. (Default)
| 
|--------------------------------------------------------
 
|----------------- CITATION INFORMATION -----------------
|
|    When publishing work that utilized the CUDA version
|    of AMBER, please cite the following in addition to
|    the regular AMBER citations:
|
|  - Romelia Salomon-Ferrer; Andreas W. Goetz; Duncan
|    Poole; Scott Le Grand; Ross C. Walker "Routine
|    microsecond molecular dynamics simulations with
|    AMBER - Part II: Particle Mesh Ewald", J. Chem.
|    Theory Comput., 2013, 9 (9), pp3878-3888,
|    DOI: 10.1021/ct400314y.
|
|  - Andreas W. Goetz; Mark J. Williamson; Dong Xu;
|    Duncan Poole; Scott Le Grand; Ross C. Walker
|    "Routine microsecond molecular dynamics simulations
|    with AMBER - Part I: Generalized Born", J. Chem.
|    Theory Comput., 2012, 8 (5), pp1542-1555.
|
|  - Scott Le Grand; Andreas W. Goetz; Ross C. Walker
|    "SPFP: Speed without compromise - a mixed precision
|    model for GPU accelerated molecular dynamics
|    simulations.", Comp. Phys. Comm., 2013, 184
|    pp374-380, DOI: 10.1016/j.cpc.2012.09.022
|
|--------------------------------------------------------
 
|------------------- GPU DEVICE INFO --------------------
|
|            CUDA_VISIBLE_DEVICES: not set
|   CUDA Capable Devices Detected:      1
|           CUDA Device ID in use:      0
|                CUDA Device Name: NVIDIA GeForce RTX 2080 Ti
|     CUDA Device Global Mem Size:  10825 MB
| CUDA Device Num Multiprocessors:     68
|           CUDA Device Core Freq:   1.54 GHz
|
|--------------------------------------------------------
 
 
| Conditional Compilation Defines Used:
| PUBFFT
| BINTRAJ
| CUDA
| EMIL

| Largest sphere to fit in unit cell has radius =    35.878

| New format PARM file being parsed.
| Version =    1.000 Date = 09/09/25 Time = 16:13:17

| Note: 1-4 EEL scale factors are being read from the topology file.

| Note: 1-4 VDW scale factors are being read from the topology file.
| Duplicated    0 dihedrals

| Duplicated    0 dihedrals

--------------------------------------------------------------------------------
   1.  RESOURCE   USE: 
--------------------------------------------------------------------------------

 getting new box info from bottom of inpcrd
 NATOM  =   39744 NTYPES =      16 NBONH =   37937 MBONA  =    1844
 NTHETH =    3999 MTHETA =    2499 NPHIH =    8123 MPHIA  =    7877
 NHPARM =       0 NPARM  =       0 NNB   =   67903 NRES   =   12294
 NBONA  =    1844 NTHETA =    2499 NPHIA =    7877 NUMBND =      77
 NUMANG =     179 NPTRA  =     200 NATYP =      39 NPHB   =       0
 IFBOX  =       1 NMXRS  =      40 IFCAP =       0 NEXTRA =       0
 NCOPY  =       0

| Coordinate Index Table dimensions:    14   16   16
| Direct force subcell size =     5.1254    5.0825    5.2035

     BOX TYPE: RECTILINEAR

--------------------------------------------------------------------------------
   2.  CONTROL  DATA  FOR  THE  RUN
--------------------------------------------------------------------------------

default_name                                                                    

General flags:
     imin    =       1, nmropt  =       0

Nature and format of input:
     ntx     =       1, irest   =       0, ntrx    =       1

Nature and format of output:
     ntxo    =       2, ntpr    =     500, ntrx    =       1, ntwr    =       1
     iwrap   =       0, ntwx    =       0, ntwv    =       0, ntwe    =       0
     ioutfm  =       1, ntwprt  =       0, idecomp =       0, rbornstat=      0

Potential function:
     ntf     =       1, ntb     =       1, igb     =       0, nsnb    =      10
     ipol    =       0, gbsa    =       0, iesp    =       0
     dielc   =   1.00000, cut     =   9.00000, intdiel =   1.00000

Frozen or restrained atoms:
     ibelly  =       0, ntr     =       1
     restraint_wt =  20.00000

Energy minimization:
     maxcyc  =  500000, ncyc    =  250000, ntmin   =       1
     dx0     =   0.10000, drms    =   0.01000

| Intermolecular bonds treatment:
|     no_intermolecular_bonds =       1

| Energy averages sample interval:
|     ene_avg_sampling =       1

Ewald parameters:
     verbose =       0, ew_type =       0, nbflag  =       1, use_pme =       1
     vdwmeth =       1, eedmeth =       1, netfrc  =       0
     Box X =   71.755   Box Y =   81.320   Box Z =   83.256
     Alpha =   90.000   Beta  =   90.000   Gamma =   90.000
     NFFT1 =   72       NFFT2 =   84       NFFT3 =   84
     Cutoff=    9.000   Tol   =0.100E-04
     Ewald Coefficient =  0.30768
     Interpolation order =    4

    LOADING THE CONSTRAINED ATOMS AS GROUPS


   5.  REFERENCE ATOM COORDINATES

  default_name                                                                    
     Mask !@H=; matches 13869 atoms

--------------------------------------------------------------------------------
   3.  ATOMIC COORDINATES AND VELOCITIES
--------------------------------------------------------------------------------

default_name                                                                    
 begin time read from input coords =     0.000 ps

 
 Number of triangulated 3-point waters found:    12062

     Sum of charges from parm topology file =   0.00000190
     Forcing neutrality...

| Dynamic Memory, Types Used:
| Reals             1168756
| Integers          1508766

| Nonbonded Pairs Initial Allocation:     9061632

| GPU memory information (estimate):
| KB of GPU memory in use:    148419
| KB of CPU memory in use:     73155

--------------------------------------------------------------------------------
   4.  RESULTS
--------------------------------------------------------------------------------



   NSTEP       ENERGY          RMS            GMAX         NAME    NUMBER
      1       9.2300E+04     1.6864E+02     2.1588E+04     O        4018

 BOND    =      298.7691  ANGLE   =      692.0445  DIHED      =     2607.9581
 VDWAALS =   208828.2331  EEL     =  -132213.6658  HBOND      =        0.0000
 1-4 VDW =      943.2986  1-4 EEL =    11143.0807  RESTRAINT  =        0.0000


   NSTEP       ENERGY          RMS            GMAX         NAME    NUMBER
    500      -1.3400E+05     4.8875E-01     6.3977E+01     CG       1095

 BOND    =     7562.1995  ANGLE   =      496.1992  DIHED      =     2585.5091
 VDWAALS =    10543.6944  EEL     =  -169579.2127  HBOND      =        0.0000
 1-4 VDW =      788.8005  1-4 EEL =    10945.9902  RESTRAINT  =     2656.2026
 EAMBER  =  -136656.8198


   NSTEP       ENERGY          RMS            GMAX         NAME    NUMBER
   1000      -1.3474E+05     2.0401E-01     2.0050E+01     NE2      1111

 BOND    =     7642.2847  ANGLE   =      495.2905  DIHED      =     2584.5693
 VDWAALS =    10610.0911  EEL     =  -170585.9541  HBOND      =        0.0000
 1-4 VDW =      787.5778  1-4 EEL =    10945.1964  RESTRAINT  =     2782.1587
 EAMBER  =  -137520.9441


   NSTEP       ENERGY          RMS            GMAX         NAME    NUMBER
   1500      -1.3505E+05     7.6301E-02     3.2194E+00     H2      12093

 BOND    =     7676.0426  ANGLE   =      495.8508  DIHED      =     2582.6167
 VDWAALS =    10638.4219  EEL     =  -171007.7276  HBOND      =        0.0000
 1-4 VDW =      787.2573  1-4 EEL =    10944.7922  RESTRAINT  =     2830.5978
 EAMBER  =  -137882.7460


   NSTEP       ENERGY          RMS            GMAX         NAME    NUMBER
   2000      -1.3520E+05     7.8822E-02     5.6830E+00     CG       1095

 BOND    =     7690.3120  ANGLE   =      495.4684  DIHED      =     2580.9061
 VDWAALS =    10649.4910  EEL     =  -171199.7367  HBOND      =        0.0000
 1-4 VDW =      787.2243  1-4 EEL =    10944.6796  RESTRAINT  =     2851.2310
 EAMBER  =  -138051.6552


   NSTEP       ENERGY          RMS            GMAX         NAME    NUMBER
   2500      -1.3530E+05     1.2111E-01     1.0284E+01     CG       1095

 BOND    =     7698.9782  ANGLE   =      495.1934  DIHED      =     2580.2686
 VDWAALS =    10651.1850  EEL     =  -171317.6469  HBOND      =        0.0000
 1-4 VDW =      787.1785  1-4 EEL =    10944.3498  RESTRAINT  =     2859.4670
 EAMBER  =  -138160.4936


   NSTEP       ENERGY          RMS            GMAX         NAME    NUMBER
   3000      -1.3538E+05     1.4025E-01     1.4688E+01     CG       1095

 BOND    =     7706.2230  ANGLE   =      494.9616  DIHED      =     2580.1067
 VDWAALS =    10650.2028  EEL     =  -171409.6471  HBOND      =        0.0000
 1-4 VDW =      787.0813  1-4 EEL =    10944.4658  RESTRAINT  =     2866.7099
 EAMBER  =  -138246.6059


   NSTEP       ENERGY          RMS            GMAX         NAME    NUMBER
   3500      -1.3543E+05     6.1265E-02     4.0374E+00     CE1      3063

 BOND    =     7712.2232  ANGLE   =      494.5245  DIHED      =     2579.7444
 VDWAALS =    10647.7019  EEL     =  -171472.5413  HBOND      =        0.0000
 1-4 VDW =      786.9382  1-4 EEL =    10944.7960  RESTRAINT  =     2873.3991
 EAMBER  =  -138306.6131


   NSTEP       ENERGY          RMS            GMAX         NAME    NUMBER
   4000      -1.3547E+05     7.0474E-02     5.7840E+00     CG       1095

 BOND    =     7717.1343  ANGLE   =      494.6216  DIHED      =     2579.4878
 VDWAALS =    10647.7044  EEL     =  -171514.9010  HBOND      =        0.0000
 1-4 VDW =      786.8758  1-4 EEL =    10944.8187  RESTRAINT  =     2878.3523
 EAMBER  =  -138344.2584


   NSTEP       ENERGY          RMS            GMAX         NAME    NUMBER
   4500      -1.3549E+05     2.5158E-02     2.6775E+00     H2      28785

 BOND    =     7719.9460  ANGLE   =      494.9366  DIHED      =     2579.1451
 VDWAALS =    10647.3748  EEL     =  -171542.5399  HBOND      =        0.0000
 1-4 VDW =      786.7897  1-4 EEL =    10944.7064  RESTRAINT  =     2881.5014
 EAMBER  =  -138369.6412


   NSTEP       ENERGY          RMS            GMAX         NAME    NUMBER
   5000      -1.3550E+05     2.1549E-02     2.3189E+00     H2       3987

 BOND    =     7721.4042  ANGLE   =      494.8881  DIHED      =     2579.0269
 VDWAALS =    10649.2992  EEL     =  -171562.8849  HBOND      =        0.0000
 1-4 VDW =      786.7034  1-4 EEL =    10944.7476  RESTRAINT  =     2883.3004
 EAMBER  =  -138386.8155


   NSTEP       ENERGY          RMS            GMAX         NAME    NUMBER
   5500      -1.3553E+05     3.1027E-02     2.0504E+00     CE1      3063

 BOND    =     7723.0437  ANGLE   =      494.8606  DIHED      =     2579.0394
 VDWAALS =    10653.4913  EEL     =  -171594.2875  HBOND      =        0.0000
 1-4 VDW =      786.5682  1-4 EEL =    10944.7807  RESTRAINT  =     2883.2782
 EAMBER  =  -138412.5036


   NSTEP       ENERGY          RMS            GMAX         NAME    NUMBER
   6000      -1.3554E+05     4.9732E-02     3.6584E+00     CE1      3063

 BOND    =     7723.7287  ANGLE   =      494.8190  DIHED      =     2578.8382
 VDWAALS =    10656.0614  EEL     =  -171612.5255  HBOND      =        0.0000
 1-4 VDW =      786.5802  1-4 EEL =    10944.8946  RESTRAINT  =     2885.6856
 EAMBER  =  -138427.6033


   NSTEP       ENERGY          RMS            GMAX         NAME    NUMBER
   6500      -1.3556E+05     3.6611E-02     2.3816E+00     CE1      3063

 BOND    =     7723.8728  ANGLE   =      494.7310  DIHED      =     2578.7923
 VDWAALS =    10657.9079  EEL     =  -171631.9290  HBOND      =        0.0000
 1-4 VDW =      786.5885  1-4 EEL =    10945.0730  RESTRAINT  =     2886.1768
 EAMBER  =  -138444.9635


   NSTEP       ENERGY          RMS            GMAX         NAME    NUMBER
   7000      -1.3557E+05     1.4945E-02     9.3688E-01     H2      32802

 BOND    =     7725.0419  ANGLE   =      494.6278  DIHED      =     2578.7926
 VDWAALS =    10661.5720  EEL     =  -171653.1486  HBOND      =        0.0000
 1-4 VDW =      786.5942  1-4 EEL =    10945.1882  RESTRAINT  =     2886.5417
 EAMBER  =  -138461.3320


                    FINAL RESULTS



   NSTEP       ENERGY          RMS            GMAX         NAME    NUMBER
   7438      -1.3558E+05     9.9393E-03     7.2909E-01     H2      36672

 BOND    =     7725.2875  ANGLE   =      494.6299  DIHED      =     2578.7968
 VDWAALS =    10662.5341  EEL     =  -171660.1508  HBOND      =        0.0000
 1-4 VDW =      786.5943  1-4 EEL =    10945.2092  RESTRAINT  =     2886.9643
 EAMBER  =  -138467.0991
--------------------------------------------------------------------------------
   5.  TIMINGS
--------------------------------------------------------------------------------

|  NonSetup CPU Time in Major Routines:
|
|     Routine           Sec        %
|     ------------------------------
|     Nonbond           3.79   20.21
|     Bond              0.00    0.00
|     Angle             0.00    0.00
|     Dihedral          0.00    0.00
|     Shake             0.00    0.00
|     Other            14.97   79.79
|     ------------------------------
|     Total            18.76

|  PME Nonbond Pairlist CPU Time:
|
|     Routine              Sec        %
|     ---------------------------------
|     Set Up Cit           0.00    0.00
|     Build List           0.00    0.00
|     ---------------------------------
|     Total                0.00    0.00

|  PME Direct Force CPU Time:
|
|     Routine              Sec        %
|     ---------------------------------
|     NonBonded Calc       0.00    0.00
|     Exclude Masked       0.00    0.00
|     Other                0.01    0.05
|     ---------------------------------
|     Total                0.01    0.05

|  PME Reciprocal Force CPU Time:
|
|     Routine              Sec        %
|     ---------------------------------
|     1D bspline           0.00    0.00
|     Grid Charges         0.00    0.00
|     Scalar Sum           0.00    0.00
|     Gradient Sum         0.00    0.00
|     FFT                  0.00    0.00
|     ---------------------------------
|     Total                0.00    0.00

|  Setup CPU time:            0.58 seconds
|  NonSetup CPU time:        18.76 seconds
|  Total CPU time:           19.34 seconds     0.01 hours

|  Setup wall time:           1    seconds
|  NonSetup wall time:       19    seconds
|  Total wall time:          20    seconds     0.01 hours
