            --------------------------------------------------------
                             AMBER SQM VERSION 19
 
                                     By
              Ross C. Walker, Michael F. Crowley, Scott Brozell,
                         Tim Giese, Andreas W. Goetz,
                        Tai-Sung Lee and David A. Case
 
            --------------------------------------------------------
 

--------------------------------------------------------------------------------
  QM CALCULATION INFO
--------------------------------------------------------------------------------

| QMMM: Citation for AMBER QMMM Run:
| QMMM: R.C. Walker, M.F. Crowley and D.A. Case, J. COMP. CHEM. 29:1019, 2008

QMMM: SINGLET STATE CALCULATION
QMMM: RHF CALCULATION, NO. OF DOUBLY OCCUPIED LEVELS = 76

| QMMM: *** Selected Hamiltonian *** 
| QMMM: AM1         

| QMMM: *** Parameter sets in use ***
| QMMM: C : M.J.S.DEWAR et al. JACS, 107, 3902, (1985)
| QMMM: O : M.J.S.DEWAR et al. JACS, 107, 3902, (1985)
| QMMM: H : M.J.S.DEWAR et al. JACS, 107, 3902, (1985)
| QMMM: N : M.J.S.DEWAR et al. JACS, 107, 3902, (1985)

| QMMM: *** SCF convergence criteria ***
| QMMM: Energy change                :  0.1D-09 kcal/mol
| QMMM: Error matrix |FP-PF|         :  0.1D+00 au
| QMMM: Density matrix change        :  0.5D-06
| QMMM: Maximum number of SCF cycles :     1000

| QMMM: *** Diagonalization Routine Information ***
| QMMM: Pseudo diagonalizations are allowed.
| QMMM: Auto diagonalization routine selection is in use.
| QMMM:
| QMMM: Timing diagonalization routines:
| QMMM:                              norbs =      139
| QMMM:    diag iterations used for timing =       10
| QMMM:
| QMMM:              Internal diag routine = 0.045412 seconds
| QMMM:                 Dspev diag routine = 0.051231 seconds
| QMMM:                Dspevd diag routine = 0.023083 seconds
| QMMM:                Dspevx diag routine = 0.125929 seconds
| QMMM:                 Dsyev diag routine = 0.045691 seconds
| QMMM:                Dsyevd diag routine = 0.021471 seconds
| QMMM:                Dsyevr diag routine = 0.030135 seconds
| QMMM:
| QMMM:                Pseudo diag routine = 0.021767 seconds
| QMMM: Pseudo diagonalization appears to be slower than regular
| QMMM: diagonalization. Setting pseudo_diag=0 for optimum performance.
| QMMM:
| QMMM: Using dsyevd routine (diag_routine=6).

  QMMM: QM Region Cartesian Coordinates (*=link atom) 
  QMMM: QM_NO.   MM_NO.  ATOM         X         Y         Z
  QMMM:     1        1      C       20.6710   28.5220   35.8160
  QMMM:     2        2      C       21.4750   27.2690   36.1620
  QMMM:     3        3      O       20.8660   26.2200   36.3330
  QMMM:     4        4      H       21.0980   29.3760   36.3420
  QMMM:     5        5      H       19.6340   28.3810   36.1200
  QMMM:     6        6      H       20.7080   28.7030   34.7420
  QMMM:     7        7      C       23.6740   26.2600   36.7140
  QMMM:     8        8      C       26.1630   27.7230   38.8190
  QMMM:     9        9      C       22.8670   26.4200   39.6580
  QMMM:    10       10      C       24.3390   25.7210   35.3960
  QMMM:    11       11      C       27.3610   28.2950   39.0720
  QMMM:    12       12      C       24.9710   26.7630   34.5310
  QMMM:    13       13      C       28.3360   28.7020   38.1070
  QMMM:    14       14      O       25.2850   24.7810   35.7450
  QMMM:    15       15      C       28.2890   28.4680   36.7650
  QMMM:    16       16      C       29.5880   29.4400   38.2710
  QMMM:    17       17      C       30.1810   29.5790   36.9800
  QMMM:    18       18      C       30.2380   29.9820   39.3810
  QMMM:    19       19      N       29.3650   28.9740   36.0730
  QMMM:    20       20      C       31.4300   30.2600   36.7850
  QMMM:    21       21      C       31.4440   30.6420   39.2060
  QMMM:    22       22      C       32.0140   30.7710   37.9430
  QMMM:    23       23      C       24.5210   26.8190   37.7800
  QMMM:    24       24      N       22.7970   27.4420   36.3540
  QMMM:    25       25      C       25.1080   27.4310   39.8060
  QMMM:    26       26      N       25.7400   27.3170   37.5630
  QMMM:    27       27      O       25.0860   27.6380   41.0420
  QMMM:    28       28      C       22.6340   25.0660   40.1180
  QMMM:    29       29      N       24.1310   26.8720   39.0720
  QMMM:    30       30      O       21.7220   24.8900   40.9310
  QMMM:    31       31      H       23.2090   25.3550   37.1040
  QMMM:    32       32      H       22.8650   26.9660   40.6010
  QMMM:    33       33      H       22.1030   26.6140   38.9050
  QMMM:    34       34      H       23.5340   25.3000   34.7940
  QMMM:    35       35      H       27.6100   28.4640   40.1200
  QMMM:    36       36      H       27.4730   27.9290   36.2840
  QMMM:    37       37      H       25.9690   26.4350   34.2390
  QMMM:    38       38      H       24.3630   26.9130   33.6390
  QMMM:    39       39      H       25.0440   27.7000   35.0840
  QMMM:    40       40      H       25.5260   24.2670   34.9710
  QMMM:    41       41      H       32.9640   31.2980   37.8550
  QMMM:    42       42      H       29.8020   29.8870   40.3750
  QMMM:    43       43      H       31.8880   30.3700   35.8020
  QMMM:    44       44      H       31.9540   31.0670   40.0710
  QMMM:    45       45      H       23.2040   28.3610   36.2580
  QMMM:    46       46      H       29.5210   28.9090   35.0770
  QMMM:    47       47      N       23.5220   24.1880   39.6920
  QMMM:    48       48      C       23.3500   22.7570   40.0320
  QMMM:    49       49      H       22.8820   22.2110   39.2130
  QMMM:    50       50      H       22.7150   22.6920   40.9160
  QMMM:    51       51      H       24.3290   22.3180   40.2230
  QMMM:    52       52      H       24.3120   24.4890   39.1390

--------------------------------------------------------------------------------
  RESULTS
--------------------------------------------------------------------------------

      iter         sqm energy              rms gradient
      ----    -------------------    -----------------------
xmin    10      -46.0193 kcal/mol        3.1206 kcal/(mol*A)
xmin    20      -51.1146 kcal/mol        1.6102 kcal/(mol*A)
xmin    30      -52.3175 kcal/mol        0.1263 kcal/(mol*A)
xmin    40      -52.4189 kcal/mol        0.0780 kcal/(mol*A)
xmin    50      -52.4261 kcal/mol        0.0468 kcal/(mol*A)
xmin    60      -52.4345 kcal/mol        0.0452 kcal/(mol*A)
xmin    70      -52.4377 kcal/mol        0.0150 kcal/(mol*A)
xmin    80      -52.4402 kcal/mol        0.0207 kcal/(mol*A)
xmin    90      -52.4409 kcal/mol        0.0087 kcal/(mol*A)
xmin   100      -52.4428 kcal/mol        0.0130 kcal/(mol*A)
xmin   110      -52.4433 kcal/mol        0.0085 kcal/(mol*A)
xmin   120      -52.4433 kcal/mol        0.0025 kcal/(mol*A)
xmin   130      -52.4433 kcal/mol        0.0018 kcal/(mol*A)
  ... geometry converged !
 
 Final MO eigenvalues (eV):
 -41.8870  -41.6074  -40.2371  -39.1592  -39.1134  -37.7257  -37.5189  -36.0144
 -35.6202  -35.0300  -33.9104  -32.4569  -31.6328  -30.9016  -30.2317  -29.2908
 -28.8471  -28.0419  -26.3363  -25.1906  -23.8578  -23.3650  -22.9531  -22.4253
 -21.8095  -21.2814  -20.6054  -19.9150  -19.0395  -18.6890  -18.3712  -17.8993
 -17.8028  -17.4118  -17.1391  -17.0032  -16.6366  -16.3366  -16.3121  -16.1683
 -15.9189  -15.7091  -15.5403  -15.4672  -15.2749  -15.0887  -14.9698  -14.6994
 -14.5078  -14.2283  -14.1492  -13.9152  -13.7941  -13.6489  -13.4679  -13.4152
 -13.2857  -13.1751  -12.7427  -12.7267  -12.6988  -12.5754  -12.5625  -12.3879
 -12.1371  -12.0468  -11.8484  -11.4231  -11.0932  -10.8592  -10.4821  -10.2481
  -9.6396   -9.5716   -9.3006   -8.3788   -1.0517   -0.0108    0.4054    0.7505
   1.0227    1.1705    1.4132    1.5840    1.6373    1.8178    2.2418    2.4410
   2.5063    2.7711    2.8263    2.9936    3.0761    3.1325    3.2950    3.3892
   3.4683    3.5283    3.5741    3.6294    3.6817    3.7143    3.7484    3.7784
   3.8818    3.9140    3.9794    4.0827    4.1203    4.1833    4.2337    4.2541
   4.3358    4.3811    4.4314    4.5111    4.5429    4.5992    4.6116    4.7713
   4.8200    4.9087    4.9366    5.0853    5.2830    5.2972    5.4099    5.5040
   5.6018    5.6695    5.7247    5.7862    5.8482    5.9718    6.1975    6.5456
   6.6454    6.7549    7.3914

 Heat of formation   =        -52.44334967 kcal/mol  (       -2.27411429 eV)

 Total SCF energy    =    -119736.09385793 kcal/mol  (    -5192.14664836 eV)
 Electronic energy   =    -950160.88697385 kcal/mol  (   -41202.06786236 eV)
 Core-core repulsion =     830424.79311592 kcal/mol  (    36009.92121399 eV)
 
    Atomic Charges for Step       1 :
  Atom    Element       Mulliken Charge
     1      C                 -0.241
     2      C                  0.304
     3      O                 -0.362
     4      H                  0.103
     5      H                  0.123
     6      H                  0.105
     7      C                  0.046
     8      C                 -0.184
     9      C                 -0.047
    10      C                  0.037
    11      C                  0.066
    12      C                 -0.255
    13      C                 -0.163
    14      O                 -0.331
    15      C                  0.002
    16      C                 -0.059
    17      C                 -0.014
    18      C                 -0.089
    19      N                 -0.208
    20      C                 -0.136
    21      C                 -0.143
    22      C                 -0.114
    23      C                  0.033
    24      N                 -0.371
    25      C                  0.320
    26      N                 -0.188
    27      O                 -0.302
    28      C                  0.284
    29      N                 -0.312
    30      O                 -0.371
    31      H                  0.151
    32      H                  0.151
    33      H                  0.146
    34      H                  0.126
    35      H                  0.154
    36      H                  0.187
    37      H                  0.095
    38      H                  0.088
    39      H                  0.093
    40      H                  0.216
    41      H                  0.134
    42      H                  0.140
    43      H                  0.135
    44      H                  0.135
    45      H                  0.229
    46      H                  0.254
    47      N                 -0.379
    48      C                 -0.075
    49      H                  0.070
    50      H                  0.113
    51      H                  0.063
    52      H                  0.240
 Total Mulliken Charge =       0.000
 
                  X        Y        Z     TOTAL  
  QM DIPOLE     4.321    3.433   -9.698   11.158
 
 Final Structure

  QMMM: QM Region Cartesian Coordinates (*=link atom) 
  QMMM: QM_NO.   MM_NO.  ATOM         X         Y         Z
  QMMM:     1        1      C       21.0980   29.1518   35.6442
  QMMM:     2        2      C       21.5866   27.9445   36.4030
  QMMM:     3        3      O       20.9324   27.4420   37.3369
  QMMM:     4        4      H       21.8166   29.9991   35.7569
  QMMM:     5        5      H       20.1065   29.4579   36.0596
  QMMM:     6        6      H       20.9796   28.9132   34.5597
  QMMM:     7        7      C       23.4034   26.3070   36.7236
  QMMM:     8        8      C       26.1472   27.8299   38.6860
  QMMM:     9        9      C       22.9585   26.3019   39.8059
  QMMM:    10       10      C       24.0955   25.2600   35.7998
  QMMM:    11       11      C       27.3224   28.4672   38.8961
  QMMM:    12       12      C       24.8694   25.8478   34.6378
  QMMM:    13       13      C       28.2514   28.9114   37.9192
  QMMM:    14       14      O       24.9024   24.4040   36.5879
  QMMM:    15       15      C       28.1839   28.7941   36.5188
  QMMM:    16       16      C       29.4991   29.5992   38.2186
  QMMM:    17       17      C       30.1341   29.8673   36.9501
  QMMM:    18       18      C       30.1260   30.0041   39.3967
  QMMM:    19       19      N       29.3055   29.3638   35.9360
  QMMM:    20       20      C       31.3691   30.5270   36.8799
  QMMM:    21       21      C       31.3488   30.6565   39.3143
  QMMM:    22       22      C       31.9595   30.9132   38.0749
  QMMM:    23       23      C       24.3909   26.8383   37.7606
  QMMM:    24       24      N       22.7868   27.3779   35.9883
  QMMM:    25       25      C       25.2419   27.3953   39.8138
  QMMM:    26       26      N       25.5323   27.4513   37.4542
  QMMM:    27       27      O       25.3647   27.5400   41.0317
  QMMM:    28       28      C       22.8604   24.8010   40.1286
  QMMM:    29       29      N       24.1477   26.7490   39.1585
  QMMM:    30       30      O       22.1951   24.4566   41.1268
  QMMM:    31       31      H       22.5804   25.7480   37.2731
  QMMM:    32       32      H       22.8838   26.8370   40.8007
  QMMM:    33       33      H       22.0497   26.5666   39.1849
  QMMM:    34       34      H       23.2857   24.5762   35.4061
  QMMM:    35       35      H       27.6013   28.6687   39.9516
  QMMM:    36       36      H       27.4031   28.3379   35.9021
  QMMM:    37       37      H       25.4831   25.0418   34.1642
  QMMM:    38       38      H       24.1690   26.2520   33.8686
  QMMM:    39       39      H       25.5558   26.6631   34.9669
  QMMM:    40       40      H       25.7353   24.8587   36.7691
  QMMM:    41       41      H       32.9294   31.4331   38.0541
  QMMM:    42       42      H       29.6552   29.8072   40.3709
  QMMM:    43       43      H       31.8515   30.7305   35.9150
  QMMM:    44       44      H       31.8551   30.9815   40.2357
  QMMM:    45       45      H       23.3770   27.8993   35.3827
  QMMM:    46       46      H       29.5004   29.4089   34.9713
  QMMM:    47       47      N       23.4405   23.8816   39.2893
  QMMM:    48       48      C       23.4070   22.4777   39.5547
  QMMM:    49       49      H       23.0880   21.9285   38.6282
  QMMM:    50       50      H       22.6828   22.2546   40.3834
  QMMM:    51       51      H       24.4257   22.1095   39.8552
  QMMM:    52       52      H       23.9993   24.1822   38.5244

           --------- Calculation Completed ----------

