log started: Wed Oct 22 16:39:25 2025

Log file: ./leap.log
>> #
>> # ----- leaprc for loading the ff14SB force field
>> # ----- NOTE: this is designed for PDB format 3!
>> #
>> #	load atom type hybridizations
>> #
>> addAtomTypes {
>> 	{ "H"   "H" "sp3" }
>> 	{ "HO"  "H" "sp3" }
>> 	{ "HS"  "H" "sp3" }
>> 	{ "H1"  "H" "sp3" }
>> 	{ "H2"  "H" "sp3" }
>> 	{ "H3"  "H" "sp3" }
>> 	{ "H4"  "H" "sp3" }
>> 	{ "H5"  "H" "sp3" }
>> 	{ "HW"  "H" "sp3" }
>> 	{ "HC"  "H" "sp3" }
>> 	{ "HA"  "H" "sp3" }
>> 	{ "HP"  "H" "sp3" }
>> 	{ "HZ"  "H" "sp3" }
>> 	{ "OH"  "O" "sp3" }
>> 	{ "OS"  "O" "sp3" }
>> 	{ "O"   "O" "sp2" }
>> 	{ "O2"  "O" "sp2" }
>> 	{ "OP"  "O" "sp2" }
>> 	{ "OW"  "O" "sp3" }
>> 	{ "CT"  "C" "sp3" }
>> 	{ "CX"  "C" "sp3" }
>> 	{ "C8"  "C" "sp3" }
>> 	{ "2C"  "C" "sp3" }
>> 	{ "3C"  "C" "sp3" }
>> 	{ "CH"  "C" "sp3" }
>> 	{ "CS"  "C" "sp2" }
>> 	{ "C"   "C" "sp2" }
>> 	{ "CO"   "C" "sp2" }
>> 	{ "C*"  "C" "sp2" }
>> 	{ "CA"  "C" "sp2" }
>> 	{ "CB"  "C" "sp2" }
>> 	{ "CC"  "C" "sp2" }
>> 	{ "CN"  "C" "sp2" }
>> 	{ "CM"  "C" "sp2" }
>> 	{ "CK"  "C" "sp2" }
>> 	{ "CQ"  "C" "sp2" }
>> 	{ "CD"  "C" "sp2" }
>> 	{ "C5"  "C" "sp2" }
>> 	{ "C4"  "C" "sp2" }
>> 	{ "CP"  "C" "sp2" }
>> 	{ "CI"  "C" "sp3" }
>> 	{ "CJ"  "C" "sp2" }
>> 	{ "CW"  "C" "sp2" }
>> 	{ "CV"  "C" "sp2" }
>> 	{ "CR"  "C" "sp2" }
>> 	{ "CA"  "C" "sp2" }
>> 	{ "CY"  "C" "sp2" }
>> 	{ "C0"  "Ca" "sp3" }
>> 	{ "MG"  "Mg" "sp3" }
>> 	{ "N"   "N" "sp2" }
>> 	{ "NA"  "N" "sp2" }
>> 	{ "N2"  "N" "sp2" }
>> 	{ "N*"  "N" "sp2" }
>> 	{ "NP"  "N" "sp2" }
>> 	{ "NQ"  "N" "sp2" }
>> 	{ "NB"  "N" "sp2" }
>> 	{ "NC"  "N" "sp2" }
>> 	{ "NT"  "N" "sp3" }
>> 	{ "NY"  "N" "sp2" }
>> 	{ "N3"  "N" "sp3" }
>> 	{ "S"   "S" "sp3" }
>> 	{ "SH"  "S" "sp3" }
>> 	{ "P"   "P" "sp3" }
>> 	{ "LP"  ""  "sp3" }
>> 	{ "EP"  ""  "sp3" }
>> 	{ "F"   "F" "sp3" }
>> 	{ "Cl"  "Cl" "sp3" }
>> 	{ "Br"  "Br" "sp3" }
>> 	{ "I"   "I"  "sp3" }
>> }
>> #
>> #	Load the main parameter set.
>> #
>> parm10 = loadamberparams parm10.dat
Loading parameters: /home/javier/Software/miniconda3/envs/AmberTools25/dat/leap/parm/parm10.dat
Reading title:
PARM99 + frcmod.ff99SB + frcmod.parmbsc0 + OL3 for RNA
>> frcmod14SB = loadamberparams frcmod.ff14SB
Loading parameters: /home/javier/Software/miniconda3/envs/AmberTools25/dat/leap/parm/frcmod.ff14SB
Reading force field modification type file (frcmod)
Reading title:
ff14SB protein backbone and sidechain parameters
>> #
>> #	Load main chain and terminating amino acid libraries
>> #
>> loadOff amino12.lib
Loading library: /home/javier/Software/miniconda3/envs/AmberTools25/dat/leap/lib/amino12.lib
Loading: ALA
Loading: ARG
Loading: ASH
Loading: ASN
Loading: ASP
Loading: CYM
Loading: CYS
Loading: CYX
Loading: GLH
Loading: GLN
Loading: GLU
Loading: GLY
Loading: HID
Loading: HIE
Loading: HIP
Loading: HYP
Loading: ILE
Loading: LEU
Loading: LYN
Loading: LYS
Loading: MET
Loading: PHE
Loading: PRO
Loading: SER
Loading: THR
Loading: TRP
Loading: TYR
Loading: VAL
>> loadOff aminoct12.lib
Loading library: /home/javier/Software/miniconda3/envs/AmberTools25/dat/leap/lib/aminoct12.lib
Loading: CALA
Loading: CARG
Loading: CASN
Loading: CASP
Loading: CCYS
Loading: CCYX
Loading: CGLN
Loading: CGLU
Loading: CGLY
Loading: CHID
Loading: CHIE
Loading: CHIP
Loading: CHYP
Loading: CILE
Loading: CLEU
Loading: CLYS
Loading: CMET
Loading: CPHE
Loading: CPRO
Loading: CSER
Loading: CTHR
Loading: CTRP
Loading: CTYR
Loading: CVAL
Loading: NHE
Loading: NME
>> loadOff aminont12.lib
Loading library: /home/javier/Software/miniconda3/envs/AmberTools25/dat/leap/lib/aminont12.lib
Loading: ACE
Loading: NALA
Loading: NARG
Loading: NASN
Loading: NASP
Loading: NCYS
Loading: NCYX
Loading: NGLN
Loading: NGLU
Loading: NGLY
Loading: NHID
Loading: NHIE
Loading: NHIP
Loading: NILE
Loading: NLEU
Loading: NLYS
Loading: NMET
Loading: NPHE
Loading: NPRO
Loading: NSER
Loading: NTHR
Loading: NTRP
Loading: NTYR
Loading: NVAL
>> 
>> #
>> #	Define the PDB name map for the amino acids
>> #
>> addPdbResMap {
>>   { 0 "HYP" "HYP" } { 1 "HYP" "CHYP" }
>>   { 0 "ALA" "NALA" } { 1 "ALA" "CALA" }
>>   { 0 "ARG" "NARG" } { 1 "ARG" "CARG" }
>>   { 0 "ASN" "NASN" } { 1 "ASN" "CASN" }
>>   { 0 "ASP" "NASP" } { 1 "ASP" "CASP" }
>>   { 0 "CYS" "NCYS" } { 1 "CYS" "CCYS" }
>>   { 0 "CYX" "NCYX" } { 1 "CYX" "CCYX" }
>>   { 0 "GLN" "NGLN" } { 1 "GLN" "CGLN" }
>>   { 0 "GLU" "NGLU" } { 1 "GLU" "CGLU" }
>>   { 0 "GLY" "NGLY" } { 1 "GLY" "CGLY" }
>>   { 0 "HID" "NHID" } { 1 "HID" "CHID" }
>>   { 0 "HIE" "NHIE" } { 1 "HIE" "CHIE" }
>>   { 0 "HIP" "NHIP" } { 1 "HIP" "CHIP" }
>>   { 0 "ILE" "NILE" } { 1 "ILE" "CILE" }
>>   { 0 "LEU" "NLEU" } { 1 "LEU" "CLEU" }
>>   { 0 "LYS" "NLYS" } { 1 "LYS" "CLYS" }
>>   { 0 "MET" "NMET" } { 1 "MET" "CMET" }
>>   { 0 "PHE" "NPHE" } { 1 "PHE" "CPHE" }
>>   { 0 "PRO" "NPRO" } { 1 "PRO" "CPRO" }
>>   { 0 "SER" "NSER" } { 1 "SER" "CSER" }
>>   { 0 "THR" "NTHR" } { 1 "THR" "CTHR" }
>>   { 0 "TRP" "NTRP" } { 1 "TRP" "CTRP" }
>>   { 0 "TYR" "NTYR" } { 1 "TYR" "CTYR" }
>>   { 0 "VAL" "NVAL" } { 1 "VAL" "CVAL" }
>>   { 0 "HIS" "NHIS" } { 1 "HIS" "CHIS" }
>> }
>> 
>> #
>> # assume that most often proteins use HIE
>> #
>> NHIS = NHIE
>> HIS = HIE
>> CHIS = CHIE
> 
> source leaprc.water.tip3p
----- Source: /home/javier/Software/miniconda3/envs/AmberTools25/dat/leap/cmd/leaprc.water.tip3p
----- Source of /home/javier/Software/miniconda3/envs/AmberTools25/dat/leap/cmd/leaprc.water.tip3p done
>> #
>> #       Load water and ions for TIP3P + Li/Merz monovalent ions 
>> #       + Joung-Chetham monovalent ions
>> #       + Li/Merz highly charged ions (+2 to +4, 12-6 normal usage set)
>> #
>> #       Note: the Li/Merz monovalent set is loaded only to get Tl+,
>> #          Cu+, Ag+ NH4+, H3O+.  Since we load Joung-Cheatham second,
>> #          the alkali halide parameters come from the Joung-Cheatham set
>> #
>> addAtomTypes {
>> 	{ "HW"  "H" "sp3" }
>> 	{ "OW"  "O" "sp3" }
>> 	{ "F-"   "F" "sp3" }
>> 	{ "Cl-"  "Cl" "sp3" }
>> 	{ "Br-"  "Br" "sp3" }
>> 	{ "I-"   "I"  "sp3" }
>> 	{ "Li+"  "Li"  "sp3" }
>> 	{ "Na+"  "Na"  "sp3" }
>> 	{ "K+"  "K"  "sp3" }
>> 	{ "Rb+"  "Rb"  "sp3" }
>> 	{ "Cs+"  "Cs"  "sp3" }
>> 	{ "Mg+"  "Mg"  "sp3" }
>>     { "Tl+"  "Tl"  "sp3" }
>>     { "Cu+"  "Cu"  "sp3" }
>>     { "Ag+"  "Ag"  "sp3" }
>>     { "NH4+"  "N"  "sp3" }
>>     { "H3O+"  "O"  "sp3" }
>>     { "Be2+" "Be"  "sp3" }
>>     { "Cu2+" "Cu"  "sp3" }
>>     { "Ni2+" "Ni"  "sp3" }
>>     { "Pt2+" "Pt"  "sp3" }
>>     { "Zn2+" "Zn"  "sp3" }
>>     { "Co2+" "Co"  "sp3" }
>>     { "Pd2+" "Pd"  "sp3" }
>>     { "Ag2+" "Ag"  "sp3" }
>>     { "Cr2+" "Cr"  "sp3" }
>>     { "Fe2+" "Fe"  "sp3" }
>>     { "Mg2+" "Mg"  "sp3" }
>>     { "V2+"  "V"   "sp3" }
>>     { "Mn2+" "Mn"  "sp3" }
>>     { "Hg2+" "Hg"  "sp3" }
>>     { "Cd2+" "Cd"  "sp3" }
>>     { "Yb2+" "Yb"  "sp3" }
>>     { "Ca2+" "Ca"  "sp3" }
>>     { "Sn2+" "Sn"  "sp3" }
>>     { "Pb2+" "Pb"  "sp3" }
>>     { "Eu2+" "Eu"  "sp3" }
>>     { "Sr2+" "Sr"  "sp3" }
>>     { "Sm2+" "Sm"  "sp3" }
>>     { "Ba2+" "Ba"  "sp3" }
>>     { "Ra2+" "Ra"  "sp3" }
>>     { "Al3+" "Al"  "sp3" }
>>     { "Fe3+" "Fe"  "sp3" }
>>     { "Cr3+" "Cr"  "sp3" }
>>     { "In3+" "In"  "sp3" }
>>     { "Tl3+" "Tl"  "sp3" }
>>     { "Y3+"  "Y"   "sp3" }
>>     { "La3+" "La"  "sp3" }
>>     { "Ce3+" "Ce"  "sp3" }
>>     { "Pr3+" "Pr"  "sp3" }
>>     { "Nd3+" "Nd"  "sp3" }
>>     { "Sm3+" "Sm"  "sp3" }
>>     { "Eu3+" "Eu"  "sp3" }
>>     { "Gd3+" "Gd"  "sp3" }
>>     { "Tb3+" "Tb"  "sp3" }
>>     { "Dy3+" "Dy"  "sp3" }
>>     { "Er3+" "Er"  "sp3" }
>>     { "Tm3+" "Tm"  "sp3" }
>>     { "Lu3+" "Lu"  "sp3" }
>>     { "Hf4+" "Hf"  "sp3" }
>>     { "Zr4+" "Zr"  "sp3" }
>>     { "Ce4+" "Ce"  "sp3" }
>>     { "U4+"  "U"   "sp3" }
>>     { "Pu4+" "Pu"  "sp3" }
>>     { "Th4+" "Th"  "sp3" }
>> }
>> loadOff atomic_ions.lib
Loading library: /home/javier/Software/miniconda3/envs/AmberTools25/dat/leap/lib/atomic_ions.lib
Loading: AG
Loading: AL
Loading: Ag
Loading: BA
Loading: BR
Loading: Be
Loading: CA
Loading: CD
Loading: CE
Loading: CL
Loading: CO
Loading: CR
Loading: CS
Loading: CU
Loading: CU1
Loading: Ce
Loading: Cl-
Loading: Cr
Loading: Dy
Loading: EU
Loading: EU3
Loading: Er
Loading: F
Loading: FE
Loading: FE2
Loading: GD3
Loading: H3O+
Loading: HE+
Loading: HG
Loading: HZ+
Loading: Hf
Loading: IN
Loading: IOD
Loading: K
Loading: K+
Loading: LA
Loading: LI
Loading: LU
Loading: MG
Loading: MN
Loading: NA
Loading: NH4
Loading: NI
Loading: Na+
Loading: Nd
Loading: PB
Loading: PD
Loading: PR
Loading: PT
Loading: Pu
Loading: RB
Loading: Ra
Loading: SM
Loading: SR
Loading: Sm
Loading: Sn
Loading: TB
Loading: TL
Loading: Th
Loading: Tl
Loading: Tm
Loading: U4+
Loading: V2+
Loading: Y
Loading: YB2
Loading: ZN
Loading: Zr
>> loadOff solvents.lib
Loading library: /home/javier/Software/miniconda3/envs/AmberTools25/dat/leap/lib/solvents.lib
Loading: CHCL3BOX
Loading: DC4
Loading: FB3
Loading: FB3BOX
Loading: FB4
Loading: FB4BOX
Loading: MEOHBOX
Loading: NMABOX
Loading: O3P
Loading: OP3
Loading: OPC
Loading: OPC3BOX
Loading: OPC3POLBOX
Loading: OPCBOX
Loading: PL3
Loading: POL3BOX
Loading: QSPCFWBOX
Loading: SPC
Loading: SPCBOX
Loading: SPCFWBOX
Loading: SPF
Loading: SPG
Loading: T4E
Loading: TIP3PBOX
Loading: TIP3PFBOX
Loading: TIP4PBOX
Loading: TIP4PEWBOX
Loading: TIP5PBOX
Loading: TP3
Loading: TP4
Loading: TP5
Loading: TPF
>> HOH = TP3
>> WAT = TP3
>> loadAmberParams frcmod.tip3p
Loading parameters: /home/javier/Software/miniconda3/envs/AmberTools25/dat/leap/parm/frcmod.tip3p
Reading force field modification type file (frcmod)
Reading title:
This is the additional/replacement parameter set for TIP3P water
>> loadAmberParams frcmod.ions1lm_126_tip3p
Loading parameters: /home/javier/Software/miniconda3/envs/AmberTools25/dat/leap/parm/frcmod.ions1lm_126_tip3p
Reading force field modification type file (frcmod)
Reading title:
Li/Merz ion parameters of monovalent ions for TIP3P water model (12-6 normal usage set)
>> loadAmberParams frcmod.ionsjc_tip3p
Loading parameters: /home/javier/Software/miniconda3/envs/AmberTools25/dat/leap/parm/frcmod.ionsjc_tip3p
Reading force field modification type file (frcmod)
Reading title:
Monovalent ion parameters for Ewald and TIP3P water from Joung & Cheatham JPCB (2008)
>> loadAmberParams frcmod.ions234lm_126_tip3p
Loading parameters: /home/javier/Software/miniconda3/envs/AmberTools25/dat/leap/parm/frcmod.ions234lm_126_tip3p
Reading force field modification type file (frcmod)
Reading title:
Li/Merz ion parameters of divalent to tetravalent ions for TIP3P water model (12-6 normal usage set)
>> 
> 
> loadoff atomic_ions.lib
Loading library: /home/javier/Software/miniconda3/envs/AmberTools25/dat/leap/lib/atomic_ions.lib
Loading: AG
Loading: AL
Loading: Ag
Loading: BA
Loading: BR
Loading: Be
Loading: CA
Loading: CD
Loading: CE
Loading: CL
Loading: CO
Loading: CR
Loading: CS
Loading: CU
Loading: CU1
Loading: Ce
Loading: Cl-
Loading: Cr
Loading: Dy
Loading: EU
Loading: EU3
Loading: Er
Loading: F
Loading: FE
Loading: FE2
Loading: GD3
Loading: H3O+
Loading: HE+
Loading: HG
Loading: HZ+
Loading: Hf
Loading: IN
Loading: IOD
Loading: K
Loading: K+
Loading: LA
Loading: LI
Loading: LU
Loading: MG
Loading: MN
Loading: NA
Loading: NH4
Loading: NI
Loading: Na+
Loading: Nd
Loading: PB
Loading: PD
Loading: PR
Loading: PT
Loading: Pu
Loading: RB
Loading: Ra
Loading: SM
Loading: SR
Loading: Sm
Loading: Sn
Loading: TB
Loading: TL
Loading: Th
Loading: Tl
Loading: Tm
Loading: U4+
Loading: V2+
Loading: Y
Loading: YB2
Loading: ZN
Loading: Zr
> loadoff tip3pbox.off
Loading library: /home/javier/Software/miniconda3/envs/AmberTools25/dat/leap/lib/tip3pbox.off
Loading: TIP3PBOX
> set default PBRadii mbondi3
Using ArgH and AspGluO modified Bondi2 radii
> 
> loadAmberPrep GYG.prep
Loading Prep file: ./GYG.prep
Loaded UNIT: GYG
> loadAmberParams .frcmod
Loading parameters: .frcmod
Reading force field modification type file (frcmod)
Reading title:
Remark line goes here
> loadAmberParams .frcmod
Loading parameters: .frcmod
Reading force field modification type file (frcmod)
Reading title:
Remark line goes here
> 
> unit = loadpdb ../../1-2-preparation_of_initial_structures/prepared_GFP_variants/GFP.1yfp.pdb
Loading PDB file: ../../1-2-preparation_of_initial_structures/prepared_GFP_variants/GFP.1yfp.pdb
Matching PDB residue names to LEaP variables.
Mapped residue LYS, term: Terminal/beginning, seq. number: 0 to: NLYS.
Mapped residue ILE, term: Terminal/last, seq. number: 224 to: CILE.
  Added missing heavy atom: .R<NLYS 3>.A<CB 7>
  Added missing heavy atom: .R<NLYS 3>.A<CG 10>
  Added missing heavy atom: .R<NLYS 3>.A<CD 13>
  Added missing heavy atom: .R<NLYS 3>.A<CE 16>
  Added missing heavy atom: .R<NLYS 3>.A<NZ 19>
  Added missing heavy atom: .R<GLU 5>.A<CD 11>
  Added missing heavy atom: .R<GLU 5>.A<OE1 12>
  Added missing heavy atom: .R<GLU 5>.A<OE2 13>
  Added missing heavy atom: .R<GLU 6>.A<CG 8>
  Added missing heavy atom: .R<GLU 6>.A<CD 11>
  Added missing heavy atom: .R<GLU 6>.A<OE1 12>
  Added missing heavy atom: .R<GLU 6>.A<OE2 13>
  Added missing heavy atom: .R<THR 9>.A<OG1 11>
  Added missing heavy atom: .R<GLU 17>.A<CD 11>
  Added missing heavy atom: .R<GLU 17>.A<OE1 12>
  Added missing heavy atom: .R<GLU 17>.A<OE2 13>
  Added missing heavy atom: .R<ASP 19>.A<CG 8>
  Added missing heavy atom: .R<ASP 19>.A<OD1 9>
  Added missing heavy atom: .R<ASP 19>.A<OD2 10>
  Added missing heavy atom: .R<LYS 26>.A<CE 14>
  Added missing heavy atom: .R<LYS 26>.A<NZ 17>
  Added missing heavy atom: .R<GLU 32>.A<CD 11>
  Added missing heavy atom: .R<GLU 32>.A<OE1 12>
  Added missing heavy atom: .R<GLU 32>.A<OE2 13>
  Added missing heavy atom: .R<GLU 34>.A<OE2 13>
  Added missing heavy atom: .R<LYS 41>.A<CE 14>
  Added missing heavy atom: .R<LYS 41>.A<NZ 17>
  Added missing heavy atom: .R<LYS 52>.A<CG 8>
  Added missing heavy atom: .R<LYS 52>.A<CD 11>
  Added missing heavy atom: .R<LYS 52>.A<CE 14>
  Added missing heavy atom: .R<LYS 52>.A<NZ 17>
  Added missing heavy atom: .R<ARG 71>.A<CZ 16>
  Added missing heavy atom: .R<ARG 71>.A<NH1 17>
  Added missing heavy atom: .R<ARG 71>.A<NH2 20>
  Added missing heavy atom: .R<ASP 74>.A<CG 8>
  Added missing heavy atom: .R<ASP 74>.A<OD1 9>
  Added missing heavy atom: .R<ASP 74>.A<OD2 10>
  Added missing heavy atom: .R<LYS 77>.A<CE 14>
  Added missing heavy atom: .R<LYS 77>.A<NZ 17>
  Added missing heavy atom: .R<ARG 78>.A<CG 8>
  Added missing heavy atom: .R<ARG 78>.A<CD 11>
  Added missing heavy atom: .R<ARG 78>.A<NE 14>
  Added missing heavy atom: .R<ARG 78>.A<CZ 16>
  Added missing heavy atom: .R<ARG 78>.A<NH1 17>
  Added missing heavy atom: .R<ARG 78>.A<NH2 20>
  Added missing heavy atom: .R<GLU 88>.A<CD 11>
  Added missing heavy atom: .R<GLU 88>.A<OE1 12>
  Added missing heavy atom: .R<GLU 88>.A<OE2 13>
  Added missing heavy atom: .R<LYS 99>.A<CE 14>
  Added missing heavy atom: .R<LYS 99>.A<NZ 17>
  Added missing heavy atom: .R<LYS 105>.A<CE 14>
  Added missing heavy atom: .R<LYS 105>.A<NZ 17>
  Added missing heavy atom: .R<GLU 109>.A<CD 11>
  Added missing heavy atom: .R<GLU 109>.A<OE1 12>
  Added missing heavy atom: .R<GLU 109>.A<OE2 13>
  Added missing heavy atom: .R<LYS 111>.A<CE 14>
  Added missing heavy atom: .R<LYS 111>.A<NZ 17>
  Added missing heavy atom: .R<ASP 115>.A<CG 8>
  Added missing heavy atom: .R<ASP 115>.A<OD1 9>
  Added missing heavy atom: .R<ASP 115>.A<OD2 10>
  Added missing heavy atom: .R<ARG 120>.A<NH1 17>
  Added missing heavy atom: .R<GLU 122>.A<CD 11>
  Added missing heavy atom: .R<GLU 122>.A<OE1 12>
  Added missing heavy atom: .R<GLU 122>.A<OE2 13>
  Added missing heavy atom: .R<LYS 124>.A<CG 8>
  Added missing heavy atom: .R<LYS 124>.A<CD 11>
  Added missing heavy atom: .R<LYS 124>.A<CE 14>
  Added missing heavy atom: .R<LYS 124>.A<NZ 17>
  Added missing heavy atom: .R<ILE 126>.A<CD1 14>
  Added missing heavy atom: .R<ASP 127>.A<OD1 9>
  Added missing heavy atom: .R<ASP 127>.A<OD2 10>
  Added missing heavy atom: .R<LYS 129>.A<CE 14>
  Added missing heavy atom: .R<LYS 129>.A<NZ 17>
  Added missing heavy atom: .R<GLU 130>.A<CG 8>
  Added missing heavy atom: .R<GLU 130>.A<CD 11>
  Added missing heavy atom: .R<GLU 130>.A<OE1 12>
  Added missing heavy atom: .R<GLU 130>.A<OE2 13>
  Added missing heavy atom: .R<ASP 131>.A<CG 8>
  Added missing heavy atom: .R<ASP 131>.A<OD1 9>
  Added missing heavy atom: .R<ASP 131>.A<OD2 10>
  Added missing heavy atom: .R<LYS 138>.A<CE 14>
  Added missing heavy atom: .R<LYS 138>.A<NZ 17>
  Added missing heavy atom: .R<GLU 140>.A<OE2 13>
  Added missing heavy atom: .R<ASP 153>.A<OD2 10>
  Added missing heavy atom: .R<LYS 154>.A<NZ 17>
  Added missing heavy atom: .R<GLN 155>.A<CG 8>
  Added missing heavy atom: .R<GLN 155>.A<CD 11>
  Added missing heavy atom: .R<GLN 155>.A<OE1 12>
  Added missing heavy atom: .R<GLN 155>.A<NE2 13>
  Added missing heavy atom: .R<LYS 156>.A<CD 11>
  Added missing heavy atom: .R<LYS 156>.A<CE 14>
  Added missing heavy atom: .R<LYS 156>.A<NZ 17>
  Added missing heavy atom: .R<LYS 160>.A<NZ 17>
  Added missing heavy atom: .R<LYS 164>.A<CE 14>
  Added missing heavy atom: .R<LYS 164>.A<NZ 17>
  Added missing heavy atom: .R<ARG 166>.A<CZ 16>
  Added missing heavy atom: .R<ARG 166>.A<NE 14>
  Added missing heavy atom: .R<ARG 166>.A<NH2 20>
  Added missing heavy atom: .R<GLU 170>.A<CG 8>
  Added missing heavy atom: .R<GLU 170>.A<CD 11>
  Added missing heavy atom: .R<GLU 170>.A<OE1 12>
  Added missing heavy atom: .R<GLU 170>.A<OE2 13>
  Added missing heavy atom: .R<GLN 182>.A<CG 8>
  Added missing heavy atom: .R<GLN 182>.A<CD 11>
  Added missing heavy atom: .R<GLN 182>.A<OE1 12>
  Added missing heavy atom: .R<GLN 182>.A<NE2 13>
  Added missing heavy atom: .R<ASP 188>.A<OD1 9>
  Added missing heavy atom: .R<ASP 195>.A<OD1 9>
  Added missing heavy atom: .R<ASP 195>.A<OD2 10>
  Added missing heavy atom: .R<LYS 212>.A<CE 14>
  Added missing heavy atom: .R<LYS 212>.A<NZ 17>
  Added missing heavy atom: .R<ARG 213>.A<CZ 16>
  Added missing heavy atom: .R<ARG 213>.A<NH1 17>
  Added missing heavy atom: .R<ARG 213>.A<NH2 20>
  Added missing heavy atom: .R<CILE 227>.A<OXT 20>
Starting new chain with TP3
Starting new chain with TP3
Starting new chain with TP3
Starting new chain with TP3
Starting new chain with TP3
Starting new chain with TP3
Starting new chain with TP3
Starting new chain with TP3
Starting new chain with TP3
Starting new chain with TP3
Starting new chain with TP3
Starting new chain with TP3
Starting new chain with TP3
Starting new chain with TP3
Starting new chain with TP3
Starting new chain with TP3
Starting new chain with TP3
Starting new chain with TP3
Starting new chain with TP3
Starting new chain with TP3
Starting new chain with TP3
Starting new chain with TP3
Starting new chain with TP3
Starting new chain with TP3
Starting new chain with TP3
Starting new chain with TP3
Starting new chain with TP3
Starting new chain with TP3
Starting new chain with TP3
Starting new chain with TP3
Starting new chain with TP3
Starting new chain with TP3
Starting new chain with TP3
Starting new chain with TP3
Starting new chain with TP3
Starting new chain with TP3
Starting new chain with TP3
Starting new chain with TP3
Starting new chain with TP3
Starting new chain with TP3
Starting new chain with TP3
Starting new chain with TP3
Starting new chain with TP3
Starting new chain with TP3
Starting new chain with TP3
Starting new chain with TP3
Starting new chain with TP3
Starting new chain with TP3
Starting new chain with TP3
Starting new chain with TP3
  total atoms in file: 1747
  Leap added 1977 missing atoms according to residue templates:
       115 Heavy
       1862 H / lone pairs
> check unit
Checking 'unit'....

/home/javier/Software/miniconda3/envs/AmberTools25/bin/teLeap: Warning!
There is a bond of 4.885 angstroms between CD and NE atoms:
-------  .R<ARG 166>.A<CD 11> and .R<ARG 166>.A<NE 14>

/home/javier/Software/miniconda3/envs/AmberTools25/bin/teLeap: Warning!
The unperturbed charge of the unit (-6.000001) is not zero.

/home/javier/Software/miniconda3/envs/AmberTools25/bin/teLeap: Warning!
Close contact of 1.307 angstroms between nonbonded atoms H and O
-------  .R<GLY 10>.A<H 2> and .R<WAT 243>.A<O 1>

/home/javier/Software/miniconda3/envs/AmberTools25/bin/teLeap: Warning!
Close contact of 1.219 angstroms between nonbonded atoms OE2 and HH12
-------  .R<GLU 17>.A<OE2 13> and .R<ARG 120>.A<HH12 19>

/home/javier/Software/miniconda3/envs/AmberTools25/bin/teLeap: Warning!
Close contact of 0.903 angstroms between nonbonded atoms HG1 and HE2
-------  .R<THR 62>.A<HG1 12> and .R<HIE 179>.A<HE2 13>

/home/javier/Software/miniconda3/envs/AmberTools25/bin/teLeap: Warning!
Close contact of 1.281 angstroms between nonbonded atoms H and H2
-------  .R<THR 63>.A<H 2> and .R<WAT 244>.A<H2 3>

/home/javier/Software/miniconda3/envs/AmberTools25/bin/teLeap: Warning!
Close contact of 1.325 angstroms between nonbonded atoms H12 and H1
-------  .R<GYG 65>.A<H12 19> and .R<WAT 251>.A<H1 2>

/home/javier/Software/miniconda3/envs/AmberTools25/bin/teLeap: Warning!
Close contact of 1.497 angstroms between nonbonded atoms HA and HD2
-------  .R<ASP 74>.A<HA 4> and .R<LYS 77>.A<HD2 12>

/home/javier/Software/miniconda3/envs/AmberTools25/bin/teLeap: Warning!
Close contact of 1.063 angstroms between nonbonded atoms HZ3 and H2
-------  .R<LYS 83>.A<HZ3 20> and .R<WAT 250>.A<H2 3>

/home/javier/Software/miniconda3/envs/AmberTools25/bin/teLeap: Warning!
Close contact of 1.144 angstroms between nonbonded atoms HG and H
-------  .R<SER 84>.A<HG 9> and .R<LEU 192>.A<H 2>

/home/javier/Software/miniconda3/envs/AmberTools25/bin/teLeap: Warning!
Close contact of 1.455 angstroms between nonbonded atoms HH and H1
-------  .R<TYR 90>.A<HH 15> and .R<WAT 249>.A<H1 2>

/home/javier/Software/miniconda3/envs/AmberTools25/bin/teLeap: Warning!
Close contact of 1.390 angstroms between nonbonded atoms HA and HG3
-------  .R<ASN 133>.A<HA 4> and .R<LYS 138>.A<HG3 10>

/home/javier/Software/miniconda3/envs/AmberTools25/bin/teLeap: Warning!
Close contact of 1.446 angstroms between nonbonded atoms H and H2
-------  .R<ASN 133>.A<H 2> and .R<WAT 235>.A<H2 3>

/home/javier/Software/miniconda3/envs/AmberTools25/bin/teLeap: Warning!
Close contact of 1.082 angstroms between nonbonded atoms H and H2
-------  .R<LEU 135>.A<H 2> and .R<WAT 258>.A<H2 3>

/home/javier/Software/miniconda3/envs/AmberTools25/bin/teLeap: Warning!
Close contact of 1.330 angstroms between nonbonded atoms H and H2
-------  .R<ASN 144>.A<H 2> and .R<WAT 248>.A<H2 3>

/home/javier/Software/miniconda3/envs/AmberTools25/bin/teLeap: Warning!
Close contact of 1.322 angstroms between nonbonded atoms HE2 and H
-------  .R<HIE 146>.A<HE2 13> and .R<ARG 166>.A<H 2>

/home/javier/Software/miniconda3/envs/AmberTools25/bin/teLeap: Warning!
Close contact of 1.096 angstroms between nonbonded atoms HD3 and HE21
-------  .R<LYS 156>.A<HD3 13> and .R<GLN 182>.A<HE21 14>

/home/javier/Software/miniconda3/envs/AmberTools25/bin/teLeap: Warning!
Close contact of 1.435 angstroms between nonbonded atoms HD3 and NE2
-------  .R<LYS 156>.A<HD3 13> and .R<GLN 182>.A<NE2 13>

/home/javier/Software/miniconda3/envs/AmberTools25/bin/teLeap: Warning!
Close contact of 1.270 angstroms between nonbonded atoms HD3 and HG2
-------  .R<ARG 166>.A<HD3 13> and .R<ARG 166>.A<HG2 9>

/home/javier/Software/miniconda3/envs/AmberTools25/bin/teLeap: Warning!
Close contact of 0.961 angstroms between nonbonded atoms HD3 and CG
-------  .R<ARG 166>.A<HD3 13> and .R<ARG 166>.A<CG 8>

/home/javier/Software/miniconda3/envs/AmberTools25/bin/teLeap: Warning!
Close contact of 1.302 angstroms between nonbonded atoms HG3 and HB2
-------  .R<ARG 166>.A<HG3 10> and .R<ARG 166>.A<HB2 6>

/home/javier/Software/miniconda3/envs/AmberTools25/bin/teLeap: Warning!
Close contact of 1.063 angstroms between nonbonded atoms HG3 and CB
-------  .R<ARG 166>.A<HG3 10> and .R<ARG 166>.A<CB 5>

/home/javier/Software/miniconda3/envs/AmberTools25/bin/teLeap: Warning!
Close contact of 1.388 angstroms between nonbonded atoms HA and H2
-------  .R<GLN 175>.A<HA 4> and .R<WAT 228>.A<H2 3>

/home/javier/Software/miniconda3/envs/AmberTools25/bin/teLeap: Warning!
Close contact of 1.362 angstroms between nonbonded atoms HB2 and H1
-------  .R<LEU 176>.A<HB2 6> and .R<WAT 228>.A<H1 2>

/home/javier/Software/miniconda3/envs/AmberTools25/bin/teLeap: Warning!
Close contact of 1.045 angstroms between nonbonded atoms H and H2
-------  .R<LEU 176>.A<H 2> and .R<WAT 228>.A<H2 3>

/home/javier/Software/miniconda3/envs/AmberTools25/bin/teLeap: Warning!
Close contact of 1.400 angstroms between nonbonded atoms H and H2
-------  .R<SER 203>.A<H 2> and .R<WAT 261>.A<H2 3>

/home/javier/Software/miniconda3/envs/AmberTools25/bin/teLeap: Warning!
Close contact of 1.297 angstroms between nonbonded atoms HZ3 and H1
-------  .R<LYS 207>.A<HZ3 20> and .R<WAT 271>.A<H1 2>

/home/javier/Software/miniconda3/envs/AmberTools25/bin/teLeap: Warning!
Close contact of 0.756 angstroms between nonbonded atoms HZ2 and H2
-------  .R<LYS 207>.A<HZ2 19> and .R<WAT 240>.A<H2 3>

/home/javier/Software/miniconda3/envs/AmberTools25/bin/teLeap: Warning!
Close contact of 1.488 angstroms between nonbonded atoms HZ2 and O
-------  .R<LYS 207>.A<HZ2 19> and .R<WAT 240>.A<O 1>

/home/javier/Software/miniconda3/envs/AmberTools25/bin/teLeap: Warning!
Close contact of 0.793 angstroms between nonbonded atoms H and HE2
-------  .R<ASP 208>.A<H 2> and .R<HIE 215>.A<HE2 13>
Checking parameters for unit 'unit'.
Checking for bond parameters.
Checking for angle parameters.
check:  Warnings: 30
Unit is OK.
> 
> SolvateBox unit TIP3PBOX 12.0 0.9
  Solute vdw bounding box:              58.000 45.868 41.157
  Total bounding box for atom centers:  82.000 69.868 65.157
  Solvent unit box:                     18.774 18.774 18.774
The number of boxes:  x= 5  y= 4  z= 4
  Total vdw box size:                   85.219 72.959 68.277 angstroms.
  Volume: 424509.184 A^3 
  Total mass 209334.212 amu,  Density 0.819 g/cc
  Added 10146 residues.
> addions unit Na+ 0
6 Na+ ions required to neutralize.
Adding 6 counter ions to "unit" using 1A grid
Total solute charge:  -6.00  Max atom radius:   2.00
Grid extends from solute vdw + 2.62  to  8.62
Box:
   enclosing:  -36.80 -30.36 -27.71   36.50 30.33 27.63
   sized:			      91.20 97.64 100.29
   edge:        128.00
Resolution:      1.00 Angstrom.
Tree depth: 7
Volume =  2.52% of box, grid points 52745
Solvent present: replacing closest with ion
	 when steric overlaps occur
Calculating grid charges
(Replacing solvent molecule)
Placed Na+ in unit at (7.00, 22.52, -4.70).
(Replacing solvent molecule)
Placed Na+ in unit at (-18.13, -3.22, 20.02).
(Replacing solvent molecule)
Placed Na+ in unit at (14.24, 6.65, -21.69).
(Replacing solvent molecule)
Placed Na+ in unit at (-24.02, -16.57, 2.40).
(Replacing solvent molecule)
Placed Na+ in unit at (-6.93, 19.34, -2.59).
(Replacing solvent molecule)
Placed Na+ in unit at (-5.98, -5.63, -17.95).

Done adding ions.
> addions unit Cl- 0

/home/javier/Software/miniconda3/envs/AmberTools25/bin/teLeap: Warning!
addIons: 1st Ion & target unit have charges of the same sign:
     unit charge = -1e-06; ion1 charge = -1;
     can't neutralize.
> SaveAmberParm unit GFP.1yfp.top GFP.1yfp.crd
Checking Unit.

/home/javier/Software/miniconda3/envs/AmberTools25/bin/teLeap: Warning!
There is a bond of 4.885 angstroms between CD and NE atoms:
-------  .R<ARG 166>.A<CD 11> and .R<ARG 166>.A<NE 14>

/home/javier/Software/miniconda3/envs/AmberTools25/bin/teLeap: Note.
Ignoring the warning from Unit Checking.

Building topology.
Building atom parameters.
Building bond parameters.
Building angle parameters.
Building proper torsion parameters.
Building improper torsion parameters.
old PREP-specified impropers:
 <GYG 65>:  -M   CA1  N1   H10 
 <GYG 65>:  CA1  N3   C1   N2  
 <GYG 65>:  C2   CB2  CA2  N2  
 <GYG 65>:  CG2  CA2  CB2  H05 
 <GYG 65>:  CD1  CD2  CG2  CB2 
 <GYG 65>:  CG2  CE1  CD1  H06 
 <GYG 65>:  CD1  CZ   CE1  H07 
 <GYG 65>:  CE1  CE2  CZ   OH  
 <GYG 65>:  CZ   CD2  CE2  H08 
 <GYG 65>:  CG2  CE2  CD2  H09 
 <GYG 65>:  CA2  N3   C2   O2  
 <GYG 65>:  C2   C1   N3   CA3 
 <GYG 65>:  CA3  +M   C3   O3  
 total 743 improper torsions applied
 13 improper torsions in old prep form
Building H-Bond parameters.
Incorporating Non-Bonded adjustments.
Not Marking per-residue atom chain types.
Marking per-residue atom chain types.
  (Residues lacking connect0/connect1 - 
   these don't have chain types marked:

	res	total affected

	CILE	1
	NLYS	1
	WAT	10191
  )
 (no restraints)
> quit
	Quit

Exiting LEaP: Errors = 0; Warnings = 32; Notes = 1.
log started: Wed Oct 22 16:43:39 2025

Log file: ./leap.log
>> #
>> # ----- leaprc for loading the ff14SB force field
>> # ----- NOTE: this is designed for PDB format 3!
>> #
>> #	load atom type hybridizations
>> #
>> addAtomTypes {
>> 	{ "H"   "H" "sp3" }
>> 	{ "HO"  "H" "sp3" }
>> 	{ "HS"  "H" "sp3" }
>> 	{ "H1"  "H" "sp3" }
>> 	{ "H2"  "H" "sp3" }
>> 	{ "H3"  "H" "sp3" }
>> 	{ "H4"  "H" "sp3" }
>> 	{ "H5"  "H" "sp3" }
>> 	{ "HW"  "H" "sp3" }
>> 	{ "HC"  "H" "sp3" }
>> 	{ "HA"  "H" "sp3" }
>> 	{ "HP"  "H" "sp3" }
>> 	{ "HZ"  "H" "sp3" }
>> 	{ "OH"  "O" "sp3" }
>> 	{ "OS"  "O" "sp3" }
>> 	{ "O"   "O" "sp2" }
>> 	{ "O2"  "O" "sp2" }
>> 	{ "OP"  "O" "sp2" }
>> 	{ "OW"  "O" "sp3" }
>> 	{ "CT"  "C" "sp3" }
>> 	{ "CX"  "C" "sp3" }
>> 	{ "C8"  "C" "sp3" }
>> 	{ "2C"  "C" "sp3" }
>> 	{ "3C"  "C" "sp3" }
>> 	{ "CH"  "C" "sp3" }
>> 	{ "CS"  "C" "sp2" }
>> 	{ "C"   "C" "sp2" }
>> 	{ "CO"   "C" "sp2" }
>> 	{ "C*"  "C" "sp2" }
>> 	{ "CA"  "C" "sp2" }
>> 	{ "CB"  "C" "sp2" }
>> 	{ "CC"  "C" "sp2" }
>> 	{ "CN"  "C" "sp2" }
>> 	{ "CM"  "C" "sp2" }
>> 	{ "CK"  "C" "sp2" }
>> 	{ "CQ"  "C" "sp2" }
>> 	{ "CD"  "C" "sp2" }
>> 	{ "C5"  "C" "sp2" }
>> 	{ "C4"  "C" "sp2" }
>> 	{ "CP"  "C" "sp2" }
>> 	{ "CI"  "C" "sp3" }
>> 	{ "CJ"  "C" "sp2" }
>> 	{ "CW"  "C" "sp2" }
>> 	{ "CV"  "C" "sp2" }
>> 	{ "CR"  "C" "sp2" }
>> 	{ "CA"  "C" "sp2" }
>> 	{ "CY"  "C" "sp2" }
>> 	{ "C0"  "Ca" "sp3" }
>> 	{ "MG"  "Mg" "sp3" }
>> 	{ "N"   "N" "sp2" }
>> 	{ "NA"  "N" "sp2" }
>> 	{ "N2"  "N" "sp2" }
>> 	{ "N*"  "N" "sp2" }
>> 	{ "NP"  "N" "sp2" }
>> 	{ "NQ"  "N" "sp2" }
>> 	{ "NB"  "N" "sp2" }
>> 	{ "NC"  "N" "sp2" }
>> 	{ "NT"  "N" "sp3" }
>> 	{ "NY"  "N" "sp2" }
>> 	{ "N3"  "N" "sp3" }
>> 	{ "S"   "S" "sp3" }
>> 	{ "SH"  "S" "sp3" }
>> 	{ "P"   "P" "sp3" }
>> 	{ "LP"  ""  "sp3" }
>> 	{ "EP"  ""  "sp3" }
>> 	{ "F"   "F" "sp3" }
>> 	{ "Cl"  "Cl" "sp3" }
>> 	{ "Br"  "Br" "sp3" }
>> 	{ "I"   "I"  "sp3" }
>> }
>> #
>> #	Load the main parameter set.
>> #
>> parm10 = loadamberparams parm10.dat
Loading parameters: /home/javier/Software/miniconda3/envs/AmberTools25/dat/leap/parm/parm10.dat
Reading title:
PARM99 + frcmod.ff99SB + frcmod.parmbsc0 + OL3 for RNA
>> frcmod14SB = loadamberparams frcmod.ff14SB
Loading parameters: /home/javier/Software/miniconda3/envs/AmberTools25/dat/leap/parm/frcmod.ff14SB
Reading force field modification type file (frcmod)
Reading title:
ff14SB protein backbone and sidechain parameters
>> #
>> #	Load main chain and terminating amino acid libraries
>> #
>> loadOff amino12.lib
Loading library: /home/javier/Software/miniconda3/envs/AmberTools25/dat/leap/lib/amino12.lib
Loading: ALA
Loading: ARG
Loading: ASH
Loading: ASN
Loading: ASP
Loading: CYM
Loading: CYS
Loading: CYX
Loading: GLH
Loading: GLN
Loading: GLU
Loading: GLY
Loading: HID
Loading: HIE
Loading: HIP
Loading: HYP
Loading: ILE
Loading: LEU
Loading: LYN
Loading: LYS
Loading: MET
Loading: PHE
Loading: PRO
Loading: SER
Loading: THR
Loading: TRP
Loading: TYR
Loading: VAL
>> loadOff aminoct12.lib
Loading library: /home/javier/Software/miniconda3/envs/AmberTools25/dat/leap/lib/aminoct12.lib
Loading: CALA
Loading: CARG
Loading: CASN
Loading: CASP
Loading: CCYS
Loading: CCYX
Loading: CGLN
Loading: CGLU
Loading: CGLY
Loading: CHID
Loading: CHIE
Loading: CHIP
Loading: CHYP
Loading: CILE
Loading: CLEU
Loading: CLYS
Loading: CMET
Loading: CPHE
Loading: CPRO
Loading: CSER
Loading: CTHR
Loading: CTRP
Loading: CTYR
Loading: CVAL
Loading: NHE
Loading: NME
>> loadOff aminont12.lib
Loading library: /home/javier/Software/miniconda3/envs/AmberTools25/dat/leap/lib/aminont12.lib
Loading: ACE
Loading: NALA
Loading: NARG
Loading: NASN
Loading: NASP
Loading: NCYS
Loading: NCYX
Loading: NGLN
Loading: NGLU
Loading: NGLY
Loading: NHID
Loading: NHIE
Loading: NHIP
Loading: NILE
Loading: NLEU
Loading: NLYS
Loading: NMET
Loading: NPHE
Loading: NPRO
Loading: NSER
Loading: NTHR
Loading: NTRP
Loading: NTYR
Loading: NVAL
>> 
>> #
>> #	Define the PDB name map for the amino acids
>> #
>> addPdbResMap {
>>   { 0 "HYP" "HYP" } { 1 "HYP" "CHYP" }
>>   { 0 "ALA" "NALA" } { 1 "ALA" "CALA" }
>>   { 0 "ARG" "NARG" } { 1 "ARG" "CARG" }
>>   { 0 "ASN" "NASN" } { 1 "ASN" "CASN" }
>>   { 0 "ASP" "NASP" } { 1 "ASP" "CASP" }
>>   { 0 "CYS" "NCYS" } { 1 "CYS" "CCYS" }
>>   { 0 "CYX" "NCYX" } { 1 "CYX" "CCYX" }
>>   { 0 "GLN" "NGLN" } { 1 "GLN" "CGLN" }
>>   { 0 "GLU" "NGLU" } { 1 "GLU" "CGLU" }
>>   { 0 "GLY" "NGLY" } { 1 "GLY" "CGLY" }
>>   { 0 "HID" "NHID" } { 1 "HID" "CHID" }
>>   { 0 "HIE" "NHIE" } { 1 "HIE" "CHIE" }
>>   { 0 "HIP" "NHIP" } { 1 "HIP" "CHIP" }
>>   { 0 "ILE" "NILE" } { 1 "ILE" "CILE" }
>>   { 0 "LEU" "NLEU" } { 1 "LEU" "CLEU" }
>>   { 0 "LYS" "NLYS" } { 1 "LYS" "CLYS" }
>>   { 0 "MET" "NMET" } { 1 "MET" "CMET" }
>>   { 0 "PHE" "NPHE" } { 1 "PHE" "CPHE" }
>>   { 0 "PRO" "NPRO" } { 1 "PRO" "CPRO" }
>>   { 0 "SER" "NSER" } { 1 "SER" "CSER" }
>>   { 0 "THR" "NTHR" } { 1 "THR" "CTHR" }
>>   { 0 "TRP" "NTRP" } { 1 "TRP" "CTRP" }
>>   { 0 "TYR" "NTYR" } { 1 "TYR" "CTYR" }
>>   { 0 "VAL" "NVAL" } { 1 "VAL" "CVAL" }
>>   { 0 "HIS" "NHIS" } { 1 "HIS" "CHIS" }
>> }
>> 
>> #
>> # assume that most often proteins use HIE
>> #
>> NHIS = NHIE
>> HIS = HIE
>> CHIS = CHIE
> 
> source leaprc.water.tip3p
----- Source: /home/javier/Software/miniconda3/envs/AmberTools25/dat/leap/cmd/leaprc.water.tip3p
----- Source of /home/javier/Software/miniconda3/envs/AmberTools25/dat/leap/cmd/leaprc.water.tip3p done
>> #
>> #       Load water and ions for TIP3P + Li/Merz monovalent ions 
>> #       + Joung-Chetham monovalent ions
>> #       + Li/Merz highly charged ions (+2 to +4, 12-6 normal usage set)
>> #
>> #       Note: the Li/Merz monovalent set is loaded only to get Tl+,
>> #          Cu+, Ag+ NH4+, H3O+.  Since we load Joung-Cheatham second,
>> #          the alkali halide parameters come from the Joung-Cheatham set
>> #
>> addAtomTypes {
>> 	{ "HW"  "H" "sp3" }
>> 	{ "OW"  "O" "sp3" }
>> 	{ "F-"   "F" "sp3" }
>> 	{ "Cl-"  "Cl" "sp3" }
>> 	{ "Br-"  "Br" "sp3" }
>> 	{ "I-"   "I"  "sp3" }
>> 	{ "Li+"  "Li"  "sp3" }
>> 	{ "Na+"  "Na"  "sp3" }
>> 	{ "K+"  "K"  "sp3" }
>> 	{ "Rb+"  "Rb"  "sp3" }
>> 	{ "Cs+"  "Cs"  "sp3" }
>> 	{ "Mg+"  "Mg"  "sp3" }
>>     { "Tl+"  "Tl"  "sp3" }
>>     { "Cu+"  "Cu"  "sp3" }
>>     { "Ag+"  "Ag"  "sp3" }
>>     { "NH4+"  "N"  "sp3" }
>>     { "H3O+"  "O"  "sp3" }
>>     { "Be2+" "Be"  "sp3" }
>>     { "Cu2+" "Cu"  "sp3" }
>>     { "Ni2+" "Ni"  "sp3" }
>>     { "Pt2+" "Pt"  "sp3" }
>>     { "Zn2+" "Zn"  "sp3" }
>>     { "Co2+" "Co"  "sp3" }
>>     { "Pd2+" "Pd"  "sp3" }
>>     { "Ag2+" "Ag"  "sp3" }
>>     { "Cr2+" "Cr"  "sp3" }
>>     { "Fe2+" "Fe"  "sp3" }
>>     { "Mg2+" "Mg"  "sp3" }
>>     { "V2+"  "V"   "sp3" }
>>     { "Mn2+" "Mn"  "sp3" }
>>     { "Hg2+" "Hg"  "sp3" }
>>     { "Cd2+" "Cd"  "sp3" }
>>     { "Yb2+" "Yb"  "sp3" }
>>     { "Ca2+" "Ca"  "sp3" }
>>     { "Sn2+" "Sn"  "sp3" }
>>     { "Pb2+" "Pb"  "sp3" }
>>     { "Eu2+" "Eu"  "sp3" }
>>     { "Sr2+" "Sr"  "sp3" }
>>     { "Sm2+" "Sm"  "sp3" }
>>     { "Ba2+" "Ba"  "sp3" }
>>     { "Ra2+" "Ra"  "sp3" }
>>     { "Al3+" "Al"  "sp3" }
>>     { "Fe3+" "Fe"  "sp3" }
>>     { "Cr3+" "Cr"  "sp3" }
>>     { "In3+" "In"  "sp3" }
>>     { "Tl3+" "Tl"  "sp3" }
>>     { "Y3+"  "Y"   "sp3" }
>>     { "La3+" "La"  "sp3" }
>>     { "Ce3+" "Ce"  "sp3" }
>>     { "Pr3+" "Pr"  "sp3" }
>>     { "Nd3+" "Nd"  "sp3" }
>>     { "Sm3+" "Sm"  "sp3" }
>>     { "Eu3+" "Eu"  "sp3" }
>>     { "Gd3+" "Gd"  "sp3" }
>>     { "Tb3+" "Tb"  "sp3" }
>>     { "Dy3+" "Dy"  "sp3" }
>>     { "Er3+" "Er"  "sp3" }
>>     { "Tm3+" "Tm"  "sp3" }
>>     { "Lu3+" "Lu"  "sp3" }
>>     { "Hf4+" "Hf"  "sp3" }
>>     { "Zr4+" "Zr"  "sp3" }
>>     { "Ce4+" "Ce"  "sp3" }
>>     { "U4+"  "U"   "sp3" }
>>     { "Pu4+" "Pu"  "sp3" }
>>     { "Th4+" "Th"  "sp3" }
>> }
>> loadOff atomic_ions.lib
Loading library: /home/javier/Software/miniconda3/envs/AmberTools25/dat/leap/lib/atomic_ions.lib
Loading: AG
Loading: AL
Loading: Ag
Loading: BA
Loading: BR
Loading: Be
Loading: CA
Loading: CD
Loading: CE
Loading: CL
Loading: CO
Loading: CR
Loading: CS
Loading: CU
Loading: CU1
Loading: Ce
Loading: Cl-
Loading: Cr
Loading: Dy
Loading: EU
Loading: EU3
Loading: Er
Loading: F
Loading: FE
Loading: FE2
Loading: GD3
Loading: H3O+
Loading: HE+
Loading: HG
Loading: HZ+
Loading: Hf
Loading: IN
Loading: IOD
Loading: K
Loading: K+
Loading: LA
Loading: LI
Loading: LU
Loading: MG
Loading: MN
Loading: NA
Loading: NH4
Loading: NI
Loading: Na+
Loading: Nd
Loading: PB
Loading: PD
Loading: PR
Loading: PT
Loading: Pu
Loading: RB
Loading: Ra
Loading: SM
Loading: SR
Loading: Sm
Loading: Sn
Loading: TB
Loading: TL
Loading: Th
Loading: Tl
Loading: Tm
Loading: U4+
Loading: V2+
Loading: Y
Loading: YB2
Loading: ZN
Loading: Zr
>> loadOff solvents.lib
Loading library: /home/javier/Software/miniconda3/envs/AmberTools25/dat/leap/lib/solvents.lib
Loading: CHCL3BOX
Loading: DC4
Loading: FB3
Loading: FB3BOX
Loading: FB4
Loading: FB4BOX
Loading: MEOHBOX
Loading: NMABOX
Loading: O3P
Loading: OP3
Loading: OPC
Loading: OPC3BOX
Loading: OPC3POLBOX
Loading: OPCBOX
Loading: PL3
Loading: POL3BOX
Loading: QSPCFWBOX
Loading: SPC
Loading: SPCBOX
Loading: SPCFWBOX
Loading: SPF
Loading: SPG
Loading: T4E
Loading: TIP3PBOX
Loading: TIP3PFBOX
Loading: TIP4PBOX
Loading: TIP4PEWBOX
Loading: TIP5PBOX
Loading: TP3
Loading: TP4
Loading: TP5
Loading: TPF
>> HOH = TP3
>> WAT = TP3
>> loadAmberParams frcmod.tip3p
Loading parameters: /home/javier/Software/miniconda3/envs/AmberTools25/dat/leap/parm/frcmod.tip3p
Reading force field modification type file (frcmod)
Reading title:
This is the additional/replacement parameter set for TIP3P water
>> loadAmberParams frcmod.ions1lm_126_tip3p
Loading parameters: /home/javier/Software/miniconda3/envs/AmberTools25/dat/leap/parm/frcmod.ions1lm_126_tip3p
Reading force field modification type file (frcmod)
Reading title:
Li/Merz ion parameters of monovalent ions for TIP3P water model (12-6 normal usage set)
>> loadAmberParams frcmod.ionsjc_tip3p
Loading parameters: /home/javier/Software/miniconda3/envs/AmberTools25/dat/leap/parm/frcmod.ionsjc_tip3p
Reading force field modification type file (frcmod)
Reading title:
Monovalent ion parameters for Ewald and TIP3P water from Joung & Cheatham JPCB (2008)
>> loadAmberParams frcmod.ions234lm_126_tip3p
Loading parameters: /home/javier/Software/miniconda3/envs/AmberTools25/dat/leap/parm/frcmod.ions234lm_126_tip3p
Reading force field modification type file (frcmod)
Reading title:
Li/Merz ion parameters of divalent to tetravalent ions for TIP3P water model (12-6 normal usage set)
>> 
> 
> loadoff atomic_ions.lib
Loading library: /home/javier/Software/miniconda3/envs/AmberTools25/dat/leap/lib/atomic_ions.lib
Loading: AG
Loading: AL
Loading: Ag
Loading: BA
Loading: BR
Loading: Be
Loading: CA
Loading: CD
Loading: CE
Loading: CL
Loading: CO
Loading: CR
Loading: CS
Loading: CU
Loading: CU1
Loading: Ce
Loading: Cl-
Loading: Cr
Loading: Dy
Loading: EU
Loading: EU3
Loading: Er
Loading: F
Loading: FE
Loading: FE2
Loading: GD3
Loading: H3O+
Loading: HE+
Loading: HG
Loading: HZ+
Loading: Hf
Loading: IN
Loading: IOD
Loading: K
Loading: K+
Loading: LA
Loading: LI
Loading: LU
Loading: MG
Loading: MN
Loading: NA
Loading: NH4
Loading: NI
Loading: Na+
Loading: Nd
Loading: PB
Loading: PD
Loading: PR
Loading: PT
Loading: Pu
Loading: RB
Loading: Ra
Loading: SM
Loading: SR
Loading: Sm
Loading: Sn
Loading: TB
Loading: TL
Loading: Th
Loading: Tl
Loading: Tm
Loading: U4+
Loading: V2+
Loading: Y
Loading: YB2
Loading: ZN
Loading: Zr
> loadoff tip3pbox.off
Loading library: /home/javier/Software/miniconda3/envs/AmberTools25/dat/leap/lib/tip3pbox.off
Loading: TIP3PBOX
> set default PBRadii mbondi3
Using ArgH and AspGluO modified Bondi2 radii
> 
> loadAmberPrep GYG.prep
Loading Prep file: ./GYG.prep
Loaded UNIT: GYG
> loadAmberParams GYG.2.frcmod

/home/javier/Software/miniconda3/envs/AmberTools25/bin/teLeap: Fatal Error!
Could not open file GYG.2.frcmod: not found

Exiting LEaP: Errors = 1; Warnings = 0; Notes = 0.
log started: Wed Oct 22 16:49:58 2025

Log file: ./leap.log
>> #
>> # ----- leaprc for loading the ff14SB force field
>> # ----- NOTE: this is designed for PDB format 3!
>> #
>> #	load atom type hybridizations
>> #
>> addAtomTypes {
>> 	{ "H"   "H" "sp3" }
>> 	{ "HO"  "H" "sp3" }
>> 	{ "HS"  "H" "sp3" }
>> 	{ "H1"  "H" "sp3" }
>> 	{ "H2"  "H" "sp3" }
>> 	{ "H3"  "H" "sp3" }
>> 	{ "H4"  "H" "sp3" }
>> 	{ "H5"  "H" "sp3" }
>> 	{ "HW"  "H" "sp3" }
>> 	{ "HC"  "H" "sp3" }
>> 	{ "HA"  "H" "sp3" }
>> 	{ "HP"  "H" "sp3" }
>> 	{ "HZ"  "H" "sp3" }
>> 	{ "OH"  "O" "sp3" }
>> 	{ "OS"  "O" "sp3" }
>> 	{ "O"   "O" "sp2" }
>> 	{ "O2"  "O" "sp2" }
>> 	{ "OP"  "O" "sp2" }
>> 	{ "OW"  "O" "sp3" }
>> 	{ "CT"  "C" "sp3" }
>> 	{ "CX"  "C" "sp3" }
>> 	{ "C8"  "C" "sp3" }
>> 	{ "2C"  "C" "sp3" }
>> 	{ "3C"  "C" "sp3" }
>> 	{ "CH"  "C" "sp3" }
>> 	{ "CS"  "C" "sp2" }
>> 	{ "C"   "C" "sp2" }
>> 	{ "CO"   "C" "sp2" }
>> 	{ "C*"  "C" "sp2" }
>> 	{ "CA"  "C" "sp2" }
>> 	{ "CB"  "C" "sp2" }
>> 	{ "CC"  "C" "sp2" }
>> 	{ "CN"  "C" "sp2" }
>> 	{ "CM"  "C" "sp2" }
>> 	{ "CK"  "C" "sp2" }
>> 	{ "CQ"  "C" "sp2" }
>> 	{ "CD"  "C" "sp2" }
>> 	{ "C5"  "C" "sp2" }
>> 	{ "C4"  "C" "sp2" }
>> 	{ "CP"  "C" "sp2" }
>> 	{ "CI"  "C" "sp3" }
>> 	{ "CJ"  "C" "sp2" }
>> 	{ "CW"  "C" "sp2" }
>> 	{ "CV"  "C" "sp2" }
>> 	{ "CR"  "C" "sp2" }
>> 	{ "CA"  "C" "sp2" }
>> 	{ "CY"  "C" "sp2" }
>> 	{ "C0"  "Ca" "sp3" }
>> 	{ "MG"  "Mg" "sp3" }
>> 	{ "N"   "N" "sp2" }
>> 	{ "NA"  "N" "sp2" }
>> 	{ "N2"  "N" "sp2" }
>> 	{ "N*"  "N" "sp2" }
>> 	{ "NP"  "N" "sp2" }
>> 	{ "NQ"  "N" "sp2" }
>> 	{ "NB"  "N" "sp2" }
>> 	{ "NC"  "N" "sp2" }
>> 	{ "NT"  "N" "sp3" }
>> 	{ "NY"  "N" "sp2" }
>> 	{ "N3"  "N" "sp3" }
>> 	{ "S"   "S" "sp3" }
>> 	{ "SH"  "S" "sp3" }
>> 	{ "P"   "P" "sp3" }
>> 	{ "LP"  ""  "sp3" }
>> 	{ "EP"  ""  "sp3" }
>> 	{ "F"   "F" "sp3" }
>> 	{ "Cl"  "Cl" "sp3" }
>> 	{ "Br"  "Br" "sp3" }
>> 	{ "I"   "I"  "sp3" }
>> }
>> #
>> #	Load the main parameter set.
>> #
>> parm10 = loadamberparams parm10.dat
Loading parameters: /home/javier/Software/miniconda3/envs/AmberTools25/dat/leap/parm/parm10.dat
Reading title:
PARM99 + frcmod.ff99SB + frcmod.parmbsc0 + OL3 for RNA
>> frcmod14SB = loadamberparams frcmod.ff14SB
Loading parameters: /home/javier/Software/miniconda3/envs/AmberTools25/dat/leap/parm/frcmod.ff14SB
Reading force field modification type file (frcmod)
Reading title:
ff14SB protein backbone and sidechain parameters
>> #
>> #	Load main chain and terminating amino acid libraries
>> #
>> loadOff amino12.lib
Loading library: /home/javier/Software/miniconda3/envs/AmberTools25/dat/leap/lib/amino12.lib
Loading: ALA
Loading: ARG
Loading: ASH
Loading: ASN
Loading: ASP
Loading: CYM
Loading: CYS
Loading: CYX
Loading: GLH
Loading: GLN
Loading: GLU
Loading: GLY
Loading: HID
Loading: HIE
Loading: HIP
Loading: HYP
Loading: ILE
Loading: LEU
Loading: LYN
Loading: LYS
Loading: MET
Loading: PHE
Loading: PRO
Loading: SER
Loading: THR
Loading: TRP
Loading: TYR
Loading: VAL
>> loadOff aminoct12.lib
Loading library: /home/javier/Software/miniconda3/envs/AmberTools25/dat/leap/lib/aminoct12.lib
Loading: CALA
Loading: CARG
Loading: CASN
Loading: CASP
Loading: CCYS
Loading: CCYX
Loading: CGLN
Loading: CGLU
Loading: CGLY
Loading: CHID
Loading: CHIE
Loading: CHIP
Loading: CHYP
Loading: CILE
Loading: CLEU
Loading: CLYS
Loading: CMET
Loading: CPHE
Loading: CPRO
Loading: CSER
Loading: CTHR
Loading: CTRP
Loading: CTYR
Loading: CVAL
Loading: NHE
Loading: NME
>> loadOff aminont12.lib
Loading library: /home/javier/Software/miniconda3/envs/AmberTools25/dat/leap/lib/aminont12.lib
Loading: ACE
Loading: NALA
Loading: NARG
Loading: NASN
Loading: NASP
Loading: NCYS
Loading: NCYX
Loading: NGLN
Loading: NGLU
Loading: NGLY
Loading: NHID
Loading: NHIE
Loading: NHIP
Loading: NILE
Loading: NLEU
Loading: NLYS
Loading: NMET
Loading: NPHE
Loading: NPRO
Loading: NSER
Loading: NTHR
Loading: NTRP
Loading: NTYR
Loading: NVAL
>> 
>> #
>> #	Define the PDB name map for the amino acids
>> #
>> addPdbResMap {
>>   { 0 "HYP" "HYP" } { 1 "HYP" "CHYP" }
>>   { 0 "ALA" "NALA" } { 1 "ALA" "CALA" }
>>   { 0 "ARG" "NARG" } { 1 "ARG" "CARG" }
>>   { 0 "ASN" "NASN" } { 1 "ASN" "CASN" }
>>   { 0 "ASP" "NASP" } { 1 "ASP" "CASP" }
>>   { 0 "CYS" "NCYS" } { 1 "CYS" "CCYS" }
>>   { 0 "CYX" "NCYX" } { 1 "CYX" "CCYX" }
>>   { 0 "GLN" "NGLN" } { 1 "GLN" "CGLN" }
>>   { 0 "GLU" "NGLU" } { 1 "GLU" "CGLU" }
>>   { 0 "GLY" "NGLY" } { 1 "GLY" "CGLY" }
>>   { 0 "HID" "NHID" } { 1 "HID" "CHID" }
>>   { 0 "HIE" "NHIE" } { 1 "HIE" "CHIE" }
>>   { 0 "HIP" "NHIP" } { 1 "HIP" "CHIP" }
>>   { 0 "ILE" "NILE" } { 1 "ILE" "CILE" }
>>   { 0 "LEU" "NLEU" } { 1 "LEU" "CLEU" }
>>   { 0 "LYS" "NLYS" } { 1 "LYS" "CLYS" }
>>   { 0 "MET" "NMET" } { 1 "MET" "CMET" }
>>   { 0 "PHE" "NPHE" } { 1 "PHE" "CPHE" }
>>   { 0 "PRO" "NPRO" } { 1 "PRO" "CPRO" }
>>   { 0 "SER" "NSER" } { 1 "SER" "CSER" }
>>   { 0 "THR" "NTHR" } { 1 "THR" "CTHR" }
>>   { 0 "TRP" "NTRP" } { 1 "TRP" "CTRP" }
>>   { 0 "TYR" "NTYR" } { 1 "TYR" "CTYR" }
>>   { 0 "VAL" "NVAL" } { 1 "VAL" "CVAL" }
>>   { 0 "HIS" "NHIS" } { 1 "HIS" "CHIS" }
>> }
>> 
>> #
>> # assume that most often proteins use HIE
>> #
>> NHIS = NHIE
>> HIS = HIE
>> CHIS = CHIE
> 
> source leaprc.water.tip3p
----- Source: /home/javier/Software/miniconda3/envs/AmberTools25/dat/leap/cmd/leaprc.water.tip3p
----- Source of /home/javier/Software/miniconda3/envs/AmberTools25/dat/leap/cmd/leaprc.water.tip3p done
>> #
>> #       Load water and ions for TIP3P + Li/Merz monovalent ions 
>> #       + Joung-Chetham monovalent ions
>> #       + Li/Merz highly charged ions (+2 to +4, 12-6 normal usage set)
>> #
>> #       Note: the Li/Merz monovalent set is loaded only to get Tl+,
>> #          Cu+, Ag+ NH4+, H3O+.  Since we load Joung-Cheatham second,
>> #          the alkali halide parameters come from the Joung-Cheatham set
>> #
>> addAtomTypes {
>> 	{ "HW"  "H" "sp3" }
>> 	{ "OW"  "O" "sp3" }
>> 	{ "F-"   "F" "sp3" }
>> 	{ "Cl-"  "Cl" "sp3" }
>> 	{ "Br-"  "Br" "sp3" }
>> 	{ "I-"   "I"  "sp3" }
>> 	{ "Li+"  "Li"  "sp3" }
>> 	{ "Na+"  "Na"  "sp3" }
>> 	{ "K+"  "K"  "sp3" }
>> 	{ "Rb+"  "Rb"  "sp3" }
>> 	{ "Cs+"  "Cs"  "sp3" }
>> 	{ "Mg+"  "Mg"  "sp3" }
>>     { "Tl+"  "Tl"  "sp3" }
>>     { "Cu+"  "Cu"  "sp3" }
>>     { "Ag+"  "Ag"  "sp3" }
>>     { "NH4+"  "N"  "sp3" }
>>     { "H3O+"  "O"  "sp3" }
>>     { "Be2+" "Be"  "sp3" }
>>     { "Cu2+" "Cu"  "sp3" }
>>     { "Ni2+" "Ni"  "sp3" }
>>     { "Pt2+" "Pt"  "sp3" }
>>     { "Zn2+" "Zn"  "sp3" }
>>     { "Co2+" "Co"  "sp3" }
>>     { "Pd2+" "Pd"  "sp3" }
>>     { "Ag2+" "Ag"  "sp3" }
>>     { "Cr2+" "Cr"  "sp3" }
>>     { "Fe2+" "Fe"  "sp3" }
>>     { "Mg2+" "Mg"  "sp3" }
>>     { "V2+"  "V"   "sp3" }
>>     { "Mn2+" "Mn"  "sp3" }
>>     { "Hg2+" "Hg"  "sp3" }
>>     { "Cd2+" "Cd"  "sp3" }
>>     { "Yb2+" "Yb"  "sp3" }
>>     { "Ca2+" "Ca"  "sp3" }
>>     { "Sn2+" "Sn"  "sp3" }
>>     { "Pb2+" "Pb"  "sp3" }
>>     { "Eu2+" "Eu"  "sp3" }
>>     { "Sr2+" "Sr"  "sp3" }
>>     { "Sm2+" "Sm"  "sp3" }
>>     { "Ba2+" "Ba"  "sp3" }
>>     { "Ra2+" "Ra"  "sp3" }
>>     { "Al3+" "Al"  "sp3" }
>>     { "Fe3+" "Fe"  "sp3" }
>>     { "Cr3+" "Cr"  "sp3" }
>>     { "In3+" "In"  "sp3" }
>>     { "Tl3+" "Tl"  "sp3" }
>>     { "Y3+"  "Y"   "sp3" }
>>     { "La3+" "La"  "sp3" }
>>     { "Ce3+" "Ce"  "sp3" }
>>     { "Pr3+" "Pr"  "sp3" }
>>     { "Nd3+" "Nd"  "sp3" }
>>     { "Sm3+" "Sm"  "sp3" }
>>     { "Eu3+" "Eu"  "sp3" }
>>     { "Gd3+" "Gd"  "sp3" }
>>     { "Tb3+" "Tb"  "sp3" }
>>     { "Dy3+" "Dy"  "sp3" }
>>     { "Er3+" "Er"  "sp3" }
>>     { "Tm3+" "Tm"  "sp3" }
>>     { "Lu3+" "Lu"  "sp3" }
>>     { "Hf4+" "Hf"  "sp3" }
>>     { "Zr4+" "Zr"  "sp3" }
>>     { "Ce4+" "Ce"  "sp3" }
>>     { "U4+"  "U"   "sp3" }
>>     { "Pu4+" "Pu"  "sp3" }
>>     { "Th4+" "Th"  "sp3" }
>> }
>> loadOff atomic_ions.lib
Loading library: /home/javier/Software/miniconda3/envs/AmberTools25/dat/leap/lib/atomic_ions.lib
Loading: AG
Loading: AL
Loading: Ag
Loading: BA
Loading: BR
Loading: Be
Loading: CA
Loading: CD
Loading: CE
Loading: CL
Loading: CO
Loading: CR
Loading: CS
Loading: CU
Loading: CU1
Loading: Ce
Loading: Cl-
Loading: Cr
Loading: Dy
Loading: EU
Loading: EU3
Loading: Er
Loading: F
Loading: FE
Loading: FE2
Loading: GD3
Loading: H3O+
Loading: HE+
Loading: HG
Loading: HZ+
Loading: Hf
Loading: IN
Loading: IOD
Loading: K
Loading: K+
Loading: LA
Loading: LI
Loading: LU
Loading: MG
Loading: MN
Loading: NA
Loading: NH4
Loading: NI
Loading: Na+
Loading: Nd
Loading: PB
Loading: PD
Loading: PR
Loading: PT
Loading: Pu
Loading: RB
Loading: Ra
Loading: SM
Loading: SR
Loading: Sm
Loading: Sn
Loading: TB
Loading: TL
Loading: Th
Loading: Tl
Loading: Tm
Loading: U4+
Loading: V2+
Loading: Y
Loading: YB2
Loading: ZN
Loading: Zr
>> loadOff solvents.lib
Loading library: /home/javier/Software/miniconda3/envs/AmberTools25/dat/leap/lib/solvents.lib
Loading: CHCL3BOX
Loading: DC4
Loading: FB3
Loading: FB3BOX
Loading: FB4
Loading: FB4BOX
Loading: MEOHBOX
Loading: NMABOX
Loading: O3P
Loading: OP3
Loading: OPC
Loading: OPC3BOX
Loading: OPC3POLBOX
Loading: OPCBOX
Loading: PL3
Loading: POL3BOX
Loading: QSPCFWBOX
Loading: SPC
Loading: SPCBOX
Loading: SPCFWBOX
Loading: SPF
Loading: SPG
Loading: T4E
Loading: TIP3PBOX
Loading: TIP3PFBOX
Loading: TIP4PBOX
Loading: TIP4PEWBOX
Loading: TIP5PBOX
Loading: TP3
Loading: TP4
Loading: TP5
Loading: TPF
>> HOH = TP3
>> WAT = TP3
>> loadAmberParams frcmod.tip3p
Loading parameters: /home/javier/Software/miniconda3/envs/AmberTools25/dat/leap/parm/frcmod.tip3p
Reading force field modification type file (frcmod)
Reading title:
This is the additional/replacement parameter set for TIP3P water
>> loadAmberParams frcmod.ions1lm_126_tip3p
Loading parameters: /home/javier/Software/miniconda3/envs/AmberTools25/dat/leap/parm/frcmod.ions1lm_126_tip3p
Reading force field modification type file (frcmod)
Reading title:
Li/Merz ion parameters of monovalent ions for TIP3P water model (12-6 normal usage set)
>> loadAmberParams frcmod.ionsjc_tip3p
Loading parameters: /home/javier/Software/miniconda3/envs/AmberTools25/dat/leap/parm/frcmod.ionsjc_tip3p
Reading force field modification type file (frcmod)
Reading title:
Monovalent ion parameters for Ewald and TIP3P water from Joung & Cheatham JPCB (2008)
>> loadAmberParams frcmod.ions234lm_126_tip3p
Loading parameters: /home/javier/Software/miniconda3/envs/AmberTools25/dat/leap/parm/frcmod.ions234lm_126_tip3p
Reading force field modification type file (frcmod)
Reading title:
Li/Merz ion parameters of divalent to tetravalent ions for TIP3P water model (12-6 normal usage set)
>> 
> 
> loadoff atomic_ions.lib
Loading library: /home/javier/Software/miniconda3/envs/AmberTools25/dat/leap/lib/atomic_ions.lib
Loading: AG
Loading: AL
Loading: Ag
Loading: BA
Loading: BR
Loading: Be
Loading: CA
Loading: CD
Loading: CE
Loading: CL
Loading: CO
Loading: CR
Loading: CS
Loading: CU
Loading: CU1
Loading: Ce
Loading: Cl-
Loading: Cr
Loading: Dy
Loading: EU
Loading: EU3
Loading: Er
Loading: F
Loading: FE
Loading: FE2
Loading: GD3
Loading: H3O+
Loading: HE+
Loading: HG
Loading: HZ+
Loading: Hf
Loading: IN
Loading: IOD
Loading: K
Loading: K+
Loading: LA
Loading: LI
Loading: LU
Loading: MG
Loading: MN
Loading: NA
Loading: NH4
Loading: NI
Loading: Na+
Loading: Nd
Loading: PB
Loading: PD
Loading: PR
Loading: PT
Loading: Pu
Loading: RB
Loading: Ra
Loading: SM
Loading: SR
Loading: Sm
Loading: Sn
Loading: TB
Loading: TL
Loading: Th
Loading: Tl
Loading: Tm
Loading: U4+
Loading: V2+
Loading: Y
Loading: YB2
Loading: ZN
Loading: Zr
> loadoff tip3pbox.off
Loading library: /home/javier/Software/miniconda3/envs/AmberTools25/dat/leap/lib/tip3pbox.off
Loading: TIP3PBOX
> set default PBRadii mbondi3
Using ArgH and AspGluO modified Bondi2 radii
> 
> loadAmberPrep GYG.prep
Loading Prep file: ./GYG.prep
Loaded UNIT: GYG
> loadAmberParams GYG.2.frcmod
Loading parameters: ./GYG.2.frcmod
Reading force field modification type file (frcmod)
Reading title:
Remark line goes here
> loadAmberParams GYG.1.frcmod
Loading parameters: ./GYG.1.frcmod
Reading force field modification type file (frcmod)
Reading title:
Remark line goes here
> 
> unit = loadpdb ../../1-2-preparation_of_initial_structures/prepared_GFP_variants/GFP.1yfp.pdb
Loading PDB file: ../../1-2-preparation_of_initial_structures/prepared_GFP_variants/GFP.1yfp.pdb
Matching PDB residue names to LEaP variables.
Mapped residue LYS, term: Terminal/beginning, seq. number: 0 to: NLYS.
Mapped residue ILE, term: Terminal/last, seq. number: 224 to: CILE.
  Added missing heavy atom: .R<NLYS 3>.A<CB 7>
  Added missing heavy atom: .R<NLYS 3>.A<CG 10>
  Added missing heavy atom: .R<NLYS 3>.A<CD 13>
  Added missing heavy atom: .R<NLYS 3>.A<CE 16>
  Added missing heavy atom: .R<NLYS 3>.A<NZ 19>
  Added missing heavy atom: .R<GLU 5>.A<CD 11>
  Added missing heavy atom: .R<GLU 5>.A<OE1 12>
  Added missing heavy atom: .R<GLU 5>.A<OE2 13>
  Added missing heavy atom: .R<GLU 6>.A<CG 8>
  Added missing heavy atom: .R<GLU 6>.A<CD 11>
  Added missing heavy atom: .R<GLU 6>.A<OE1 12>
  Added missing heavy atom: .R<GLU 6>.A<OE2 13>
  Added missing heavy atom: .R<THR 9>.A<OG1 11>
  Added missing heavy atom: .R<GLU 17>.A<CD 11>
  Added missing heavy atom: .R<GLU 17>.A<OE1 12>
  Added missing heavy atom: .R<GLU 17>.A<OE2 13>
  Added missing heavy atom: .R<ASP 19>.A<CG 8>
  Added missing heavy atom: .R<ASP 19>.A<OD1 9>
  Added missing heavy atom: .R<ASP 19>.A<OD2 10>
  Added missing heavy atom: .R<LYS 26>.A<CE 14>
  Added missing heavy atom: .R<LYS 26>.A<NZ 17>
  Added missing heavy atom: .R<GLU 32>.A<CD 11>
  Added missing heavy atom: .R<GLU 32>.A<OE1 12>
  Added missing heavy atom: .R<GLU 32>.A<OE2 13>
  Added missing heavy atom: .R<GLU 34>.A<OE2 13>
  Added missing heavy atom: .R<LYS 41>.A<CE 14>
  Added missing heavy atom: .R<LYS 41>.A<NZ 17>
  Added missing heavy atom: .R<LYS 52>.A<CG 8>
  Added missing heavy atom: .R<LYS 52>.A<CD 11>
  Added missing heavy atom: .R<LYS 52>.A<CE 14>
  Added missing heavy atom: .R<LYS 52>.A<NZ 17>
  Added missing heavy atom: .R<ARG 71>.A<CZ 16>
  Added missing heavy atom: .R<ARG 71>.A<NH1 17>
  Added missing heavy atom: .R<ARG 71>.A<NH2 20>
  Added missing heavy atom: .R<ASP 74>.A<CG 8>
  Added missing heavy atom: .R<ASP 74>.A<OD1 9>
  Added missing heavy atom: .R<ASP 74>.A<OD2 10>
  Added missing heavy atom: .R<LYS 77>.A<CE 14>
  Added missing heavy atom: .R<LYS 77>.A<NZ 17>
  Added missing heavy atom: .R<ARG 78>.A<CG 8>
  Added missing heavy atom: .R<ARG 78>.A<CD 11>
  Added missing heavy atom: .R<ARG 78>.A<NE 14>
  Added missing heavy atom: .R<ARG 78>.A<CZ 16>
  Added missing heavy atom: .R<ARG 78>.A<NH1 17>
  Added missing heavy atom: .R<ARG 78>.A<NH2 20>
  Added missing heavy atom: .R<GLU 88>.A<CD 11>
  Added missing heavy atom: .R<GLU 88>.A<OE1 12>
  Added missing heavy atom: .R<GLU 88>.A<OE2 13>
  Added missing heavy atom: .R<LYS 99>.A<CE 14>
  Added missing heavy atom: .R<LYS 99>.A<NZ 17>
  Added missing heavy atom: .R<LYS 105>.A<CE 14>
  Added missing heavy atom: .R<LYS 105>.A<NZ 17>
  Added missing heavy atom: .R<GLU 109>.A<CD 11>
  Added missing heavy atom: .R<GLU 109>.A<OE1 12>
  Added missing heavy atom: .R<GLU 109>.A<OE2 13>
  Added missing heavy atom: .R<LYS 111>.A<CE 14>
  Added missing heavy atom: .R<LYS 111>.A<NZ 17>
  Added missing heavy atom: .R<ASP 115>.A<CG 8>
  Added missing heavy atom: .R<ASP 115>.A<OD1 9>
  Added missing heavy atom: .R<ASP 115>.A<OD2 10>
  Added missing heavy atom: .R<ARG 120>.A<NH1 17>
  Added missing heavy atom: .R<GLU 122>.A<CD 11>
  Added missing heavy atom: .R<GLU 122>.A<OE1 12>
  Added missing heavy atom: .R<GLU 122>.A<OE2 13>
  Added missing heavy atom: .R<LYS 124>.A<CG 8>
  Added missing heavy atom: .R<LYS 124>.A<CD 11>
  Added missing heavy atom: .R<LYS 124>.A<CE 14>
  Added missing heavy atom: .R<LYS 124>.A<NZ 17>
  Added missing heavy atom: .R<ILE 126>.A<CD1 14>
  Added missing heavy atom: .R<ASP 127>.A<OD1 9>
  Added missing heavy atom: .R<ASP 127>.A<OD2 10>
  Added missing heavy atom: .R<LYS 129>.A<CE 14>
  Added missing heavy atom: .R<LYS 129>.A<NZ 17>
  Added missing heavy atom: .R<GLU 130>.A<CG 8>
  Added missing heavy atom: .R<GLU 130>.A<CD 11>
  Added missing heavy atom: .R<GLU 130>.A<OE1 12>
  Added missing heavy atom: .R<GLU 130>.A<OE2 13>
  Added missing heavy atom: .R<ASP 131>.A<CG 8>
  Added missing heavy atom: .R<ASP 131>.A<OD1 9>
  Added missing heavy atom: .R<ASP 131>.A<OD2 10>
  Added missing heavy atom: .R<LYS 138>.A<CE 14>
  Added missing heavy atom: .R<LYS 138>.A<NZ 17>
  Added missing heavy atom: .R<GLU 140>.A<OE2 13>
  Added missing heavy atom: .R<ASP 153>.A<OD2 10>
  Added missing heavy atom: .R<LYS 154>.A<NZ 17>
  Added missing heavy atom: .R<GLN 155>.A<CG 8>
  Added missing heavy atom: .R<GLN 155>.A<CD 11>
  Added missing heavy atom: .R<GLN 155>.A<OE1 12>
  Added missing heavy atom: .R<GLN 155>.A<NE2 13>
  Added missing heavy atom: .R<LYS 156>.A<CD 11>
  Added missing heavy atom: .R<LYS 156>.A<CE 14>
  Added missing heavy atom: .R<LYS 156>.A<NZ 17>
  Added missing heavy atom: .R<LYS 160>.A<NZ 17>
  Added missing heavy atom: .R<LYS 164>.A<CE 14>
  Added missing heavy atom: .R<LYS 164>.A<NZ 17>
  Added missing heavy atom: .R<ARG 166>.A<CZ 16>
  Added missing heavy atom: .R<ARG 166>.A<NE 14>
  Added missing heavy atom: .R<ARG 166>.A<NH2 20>
  Added missing heavy atom: .R<GLU 170>.A<CG 8>
  Added missing heavy atom: .R<GLU 170>.A<CD 11>
  Added missing heavy atom: .R<GLU 170>.A<OE1 12>
  Added missing heavy atom: .R<GLU 170>.A<OE2 13>
  Added missing heavy atom: .R<GLN 182>.A<CG 8>
  Added missing heavy atom: .R<GLN 182>.A<CD 11>
  Added missing heavy atom: .R<GLN 182>.A<OE1 12>
  Added missing heavy atom: .R<GLN 182>.A<NE2 13>
  Added missing heavy atom: .R<ASP 188>.A<OD1 9>
  Added missing heavy atom: .R<ASP 195>.A<OD1 9>
  Added missing heavy atom: .R<ASP 195>.A<OD2 10>
  Added missing heavy atom: .R<LYS 212>.A<CE 14>
  Added missing heavy atom: .R<LYS 212>.A<NZ 17>
  Added missing heavy atom: .R<ARG 213>.A<CZ 16>
  Added missing heavy atom: .R<ARG 213>.A<NH1 17>
  Added missing heavy atom: .R<ARG 213>.A<NH2 20>
  Added missing heavy atom: .R<CILE 227>.A<OXT 20>
Starting new chain with TP3
Starting new chain with TP3
Starting new chain with TP3
Starting new chain with TP3
Starting new chain with TP3
Starting new chain with TP3
Starting new chain with TP3
Starting new chain with TP3
Starting new chain with TP3
Starting new chain with TP3
Starting new chain with TP3
Starting new chain with TP3
Starting new chain with TP3
Starting new chain with TP3
Starting new chain with TP3
Starting new chain with TP3
Starting new chain with TP3
Starting new chain with TP3
Starting new chain with TP3
Starting new chain with TP3
Starting new chain with TP3
Starting new chain with TP3
Starting new chain with TP3
Starting new chain with TP3
Starting new chain with TP3
Starting new chain with TP3
Starting new chain with TP3
Starting new chain with TP3
Starting new chain with TP3
Starting new chain with TP3
Starting new chain with TP3
Starting new chain with TP3
Starting new chain with TP3
Starting new chain with TP3
Starting new chain with TP3
Starting new chain with TP3
Starting new chain with TP3
Starting new chain with TP3
Starting new chain with TP3
Starting new chain with TP3
Starting new chain with TP3
Starting new chain with TP3
Starting new chain with TP3
Starting new chain with TP3
Starting new chain with TP3
Starting new chain with TP3
Starting new chain with TP3
Starting new chain with TP3
Starting new chain with TP3
Starting new chain with TP3
  total atoms in file: 1747
  Leap added 1977 missing atoms according to residue templates:
       115 Heavy
       1862 H / lone pairs
> check unit
Checking 'unit'....

/home/javier/Software/miniconda3/envs/AmberTools25/bin/teLeap: Warning!
There is a bond of 4.885 angstroms between CD and NE atoms:
-------  .R<ARG 166>.A<CD 11> and .R<ARG 166>.A<NE 14>

/home/javier/Software/miniconda3/envs/AmberTools25/bin/teLeap: Warning!
The unperturbed charge of the unit (-6.000001) is not zero.

/home/javier/Software/miniconda3/envs/AmberTools25/bin/teLeap: Warning!
Close contact of 1.307 angstroms between nonbonded atoms H and O
-------  .R<GLY 10>.A<H 2> and .R<WAT 243>.A<O 1>

/home/javier/Software/miniconda3/envs/AmberTools25/bin/teLeap: Warning!
Close contact of 1.219 angstroms between nonbonded atoms OE2 and HH12
-------  .R<GLU 17>.A<OE2 13> and .R<ARG 120>.A<HH12 19>

/home/javier/Software/miniconda3/envs/AmberTools25/bin/teLeap: Warning!
Close contact of 0.903 angstroms between nonbonded atoms HG1 and HE2
-------  .R<THR 62>.A<HG1 12> and .R<HIE 179>.A<HE2 13>

/home/javier/Software/miniconda3/envs/AmberTools25/bin/teLeap: Warning!
Close contact of 1.281 angstroms between nonbonded atoms H and H2
-------  .R<THR 63>.A<H 2> and .R<WAT 244>.A<H2 3>

/home/javier/Software/miniconda3/envs/AmberTools25/bin/teLeap: Warning!
Close contact of 1.325 angstroms between nonbonded atoms H12 and H1
-------  .R<GYG 65>.A<H12 19> and .R<WAT 251>.A<H1 2>

/home/javier/Software/miniconda3/envs/AmberTools25/bin/teLeap: Warning!
Close contact of 1.497 angstroms between nonbonded atoms HA and HD2
-------  .R<ASP 74>.A<HA 4> and .R<LYS 77>.A<HD2 12>

/home/javier/Software/miniconda3/envs/AmberTools25/bin/teLeap: Warning!
Close contact of 1.063 angstroms between nonbonded atoms HZ3 and H2
-------  .R<LYS 83>.A<HZ3 20> and .R<WAT 250>.A<H2 3>

/home/javier/Software/miniconda3/envs/AmberTools25/bin/teLeap: Warning!
Close contact of 1.144 angstroms between nonbonded atoms HG and H
-------  .R<SER 84>.A<HG 9> and .R<LEU 192>.A<H 2>

/home/javier/Software/miniconda3/envs/AmberTools25/bin/teLeap: Warning!
Close contact of 1.455 angstroms between nonbonded atoms HH and H1
-------  .R<TYR 90>.A<HH 15> and .R<WAT 249>.A<H1 2>

/home/javier/Software/miniconda3/envs/AmberTools25/bin/teLeap: Warning!
Close contact of 1.390 angstroms between nonbonded atoms HA and HG3
-------  .R<ASN 133>.A<HA 4> and .R<LYS 138>.A<HG3 10>

/home/javier/Software/miniconda3/envs/AmberTools25/bin/teLeap: Warning!
Close contact of 1.446 angstroms between nonbonded atoms H and H2
-------  .R<ASN 133>.A<H 2> and .R<WAT 235>.A<H2 3>

/home/javier/Software/miniconda3/envs/AmberTools25/bin/teLeap: Warning!
Close contact of 1.082 angstroms between nonbonded atoms H and H2
-------  .R<LEU 135>.A<H 2> and .R<WAT 258>.A<H2 3>

/home/javier/Software/miniconda3/envs/AmberTools25/bin/teLeap: Warning!
Close contact of 1.330 angstroms between nonbonded atoms H and H2
-------  .R<ASN 144>.A<H 2> and .R<WAT 248>.A<H2 3>

/home/javier/Software/miniconda3/envs/AmberTools25/bin/teLeap: Warning!
Close contact of 1.322 angstroms between nonbonded atoms HE2 and H
-------  .R<HIE 146>.A<HE2 13> and .R<ARG 166>.A<H 2>

/home/javier/Software/miniconda3/envs/AmberTools25/bin/teLeap: Warning!
Close contact of 1.096 angstroms between nonbonded atoms HD3 and HE21
-------  .R<LYS 156>.A<HD3 13> and .R<GLN 182>.A<HE21 14>

/home/javier/Software/miniconda3/envs/AmberTools25/bin/teLeap: Warning!
Close contact of 1.435 angstroms between nonbonded atoms HD3 and NE2
-------  .R<LYS 156>.A<HD3 13> and .R<GLN 182>.A<NE2 13>

/home/javier/Software/miniconda3/envs/AmberTools25/bin/teLeap: Warning!
Close contact of 1.270 angstroms between nonbonded atoms HD3 and HG2
-------  .R<ARG 166>.A<HD3 13> and .R<ARG 166>.A<HG2 9>

/home/javier/Software/miniconda3/envs/AmberTools25/bin/teLeap: Warning!
Close contact of 0.961 angstroms between nonbonded atoms HD3 and CG
-------  .R<ARG 166>.A<HD3 13> and .R<ARG 166>.A<CG 8>

/home/javier/Software/miniconda3/envs/AmberTools25/bin/teLeap: Warning!
Close contact of 1.302 angstroms between nonbonded atoms HG3 and HB2
-------  .R<ARG 166>.A<HG3 10> and .R<ARG 166>.A<HB2 6>

/home/javier/Software/miniconda3/envs/AmberTools25/bin/teLeap: Warning!
Close contact of 1.063 angstroms between nonbonded atoms HG3 and CB
-------  .R<ARG 166>.A<HG3 10> and .R<ARG 166>.A<CB 5>

/home/javier/Software/miniconda3/envs/AmberTools25/bin/teLeap: Warning!
Close contact of 1.388 angstroms between nonbonded atoms HA and H2
-------  .R<GLN 175>.A<HA 4> and .R<WAT 228>.A<H2 3>

/home/javier/Software/miniconda3/envs/AmberTools25/bin/teLeap: Warning!
Close contact of 1.362 angstroms between nonbonded atoms HB2 and H1
-------  .R<LEU 176>.A<HB2 6> and .R<WAT 228>.A<H1 2>

/home/javier/Software/miniconda3/envs/AmberTools25/bin/teLeap: Warning!
Close contact of 1.045 angstroms between nonbonded atoms H and H2
-------  .R<LEU 176>.A<H 2> and .R<WAT 228>.A<H2 3>

/home/javier/Software/miniconda3/envs/AmberTools25/bin/teLeap: Warning!
Close contact of 1.400 angstroms between nonbonded atoms H and H2
-------  .R<SER 203>.A<H 2> and .R<WAT 261>.A<H2 3>

/home/javier/Software/miniconda3/envs/AmberTools25/bin/teLeap: Warning!
Close contact of 1.297 angstroms between nonbonded atoms HZ3 and H1
-------  .R<LYS 207>.A<HZ3 20> and .R<WAT 271>.A<H1 2>

/home/javier/Software/miniconda3/envs/AmberTools25/bin/teLeap: Warning!
Close contact of 0.756 angstroms between nonbonded atoms HZ2 and H2
-------  .R<LYS 207>.A<HZ2 19> and .R<WAT 240>.A<H2 3>

/home/javier/Software/miniconda3/envs/AmberTools25/bin/teLeap: Warning!
Close contact of 1.488 angstroms between nonbonded atoms HZ2 and O
-------  .R<LYS 207>.A<HZ2 19> and .R<WAT 240>.A<O 1>

/home/javier/Software/miniconda3/envs/AmberTools25/bin/teLeap: Warning!
Close contact of 0.793 angstroms between nonbonded atoms H and HE2
-------  .R<ASP 208>.A<H 2> and .R<HIE 215>.A<HE2 13>
Checking parameters for unit 'unit'.
Checking for bond parameters.
Checking for angle parameters.
check:  Warnings: 30
Unit is OK.
> 
> SolvateBox unit TIP3PBOX 12.0 0.9
  Solute vdw bounding box:              58.000 45.868 41.157
  Total bounding box for atom centers:  82.000 69.868 65.157
  Solvent unit box:                     18.774 18.774 18.774
The number of boxes:  x= 5  y= 4  z= 4
  Total vdw box size:                   85.219 72.959 68.277 angstroms.
  Volume: 424509.184 A^3 
  Total mass 209334.212 amu,  Density 0.819 g/cc
  Added 10146 residues.
> addions unit Na+ 0
6 Na+ ions required to neutralize.
Adding 6 counter ions to "unit" using 1A grid
Total solute charge:  -6.00  Max atom radius:   2.00
Grid extends from solute vdw + 2.62  to  8.62
Box:
   enclosing:  -36.80 -30.36 -27.71   36.50 30.33 27.63
   sized:			      91.20 97.64 100.29
   edge:        128.00
Resolution:      1.00 Angstrom.
Tree depth: 7
Volume =  2.52% of box, grid points 52745
Solvent present: replacing closest with ion
	 when steric overlaps occur
Calculating grid charges
(Replacing solvent molecule)
Placed Na+ in unit at (7.00, 22.52, -4.70).
(Replacing solvent molecule)
Placed Na+ in unit at (-18.13, -3.22, 20.02).
(Replacing solvent molecule)
Placed Na+ in unit at (14.24, 6.65, -21.69).
(Replacing solvent molecule)
Placed Na+ in unit at (-24.02, -16.57, 2.40).
(Replacing solvent molecule)
Placed Na+ in unit at (-6.93, 19.34, -2.59).
(Replacing solvent molecule)
Placed Na+ in unit at (-5.98, -5.63, -17.95).

Done adding ions.
> addions unit Cl- 0

/home/javier/Software/miniconda3/envs/AmberTools25/bin/teLeap: Warning!
addIons: 1st Ion & target unit have charges of the same sign:
     unit charge = -1e-06; ion1 charge = -1;
     can't neutralize.
> SaveAmberParm unit GFP.1yfp.top GFP.1yfp.crd
Checking Unit.

/home/javier/Software/miniconda3/envs/AmberTools25/bin/teLeap: Warning!
There is a bond of 4.885 angstroms between CD and NE atoms:
-------  .R<ARG 166>.A<CD 11> and .R<ARG 166>.A<NE 14>

/home/javier/Software/miniconda3/envs/AmberTools25/bin/teLeap: Note.
Ignoring the warning from Unit Checking.

Building topology.
Building atom parameters.
Building bond parameters.
Building angle parameters.
Building proper torsion parameters.
Building improper torsion parameters.
old PREP-specified impropers:
 <GYG 65>:  -M   CA1  N1   H10 
 <GYG 65>:  CA1  N3   C1   N2  
 <GYG 65>:  C2   CB2  CA2  N2  
 <GYG 65>:  CG2  CA2  CB2  H05 
 <GYG 65>:  CD1  CD2  CG2  CB2 
 <GYG 65>:  CG2  CE1  CD1  H06 
 <GYG 65>:  CD1  CZ   CE1  H07 
 <GYG 65>:  CE1  CE2  CZ   OH  
 <GYG 65>:  CZ   CD2  CE2  H08 
 <GYG 65>:  CG2  CE2  CD2  H09 
 <GYG 65>:  CA2  N3   C2   O2  
 <GYG 65>:  C2   C1   N3   CA3 
 <GYG 65>:  CA3  +M   C3   O3  
 total 743 improper torsions applied
 13 improper torsions in old prep form
Building H-Bond parameters.
Incorporating Non-Bonded adjustments.
Not Marking per-residue atom chain types.
Marking per-residue atom chain types.
  (Residues lacking connect0/connect1 - 
   these don't have chain types marked:

	res	total affected

	CILE	1
	NLYS	1
	WAT	10191
  )
 (no restraints)
> quit
	Quit

Exiting LEaP: Errors = 0; Warnings = 32; Notes = 1.
