            --------------------------------------------------------
                             AMBER SQM VERSION 19
 
                                     By
              Ross C. Walker, Michael F. Crowley, Scott Brozell,
                         Tim Giese, Andreas W. Goetz,
                        Tai-Sung Lee and David A. Case
 
            --------------------------------------------------------
 

--------------------------------------------------------------------------------
  QM CALCULATION INFO
--------------------------------------------------------------------------------

| QMMM: Citation for AMBER QMMM Run:
| QMMM: R.C. Walker, M.F. Crowley and D.A. Case, J. COMP. CHEM. 29:1019, 2008

QMMM: SINGLET STATE CALCULATION
QMMM: RHF CALCULATION, NO. OF DOUBLY OCCUPIED LEVELS = 63

| QMMM: *** Selected Hamiltonian *** 
| QMMM: AM1         

| QMMM: *** Parameter sets in use ***
| QMMM: N : M.J.S.DEWAR et al. JACS, 107, 3902, (1985)
| QMMM: C : M.J.S.DEWAR et al. JACS, 107, 3902, (1985)
| QMMM: O : M.J.S.DEWAR et al. JACS, 107, 3902, (1985)
| QMMM: H : M.J.S.DEWAR et al. JACS, 107, 3902, (1985)

| QMMM: *** SCF convergence criteria ***
| QMMM: Energy change                :  0.1D-09 kcal/mol
| QMMM: Error matrix |FP-PF|         :  0.1D+00 au
| QMMM: Density matrix change        :  0.5D-06
| QMMM: Maximum number of SCF cycles :     1000

| QMMM: *** Diagonalization Routine Information ***
| QMMM: Pseudo diagonalizations are allowed.
| QMMM: Auto diagonalization routine selection is in use.
| QMMM:
| QMMM: Timing diagonalization routines:
| QMMM:                              norbs =      114
| QMMM:    diag iterations used for timing =       10
| QMMM:
| QMMM:              Internal diag routine = 0.026657 seconds
| QMMM:                 Dspev diag routine = 0.029446 seconds
| QMMM:                Dspevd diag routine = 0.019203 seconds
| QMMM:                Dspevx diag routine = 0.077060 seconds
| QMMM:                 Dsyev diag routine = 0.020488 seconds
| QMMM:                Dsyevd diag routine = 0.011701 seconds
| QMMM:                Dsyevr diag routine = 0.019623 seconds
| QMMM:
| QMMM:                Pseudo diag routine = 0.007026 seconds
| QMMM:
| QMMM: Using dsyevd routine (diag_routine=6).

  QMMM: QM Region Cartesian Coordinates (*=link atom) 
  QMMM: QM_NO.   MM_NO.  ATOM         X         Y         Z
  QMMM:     1        1      N       75.4850   35.8650   12.6370
  QMMM:     2        2      C       72.1210   35.3600   14.0440
  QMMM:     3        3      C       74.1610   32.9930   15.9000
  QMMM:     4        4      C       74.2770   33.8300   12.3650
  QMMM:     5        5      C       70.9460   34.7160   12.0280
  QMMM:     6        6      O       71.6080   35.4440   11.3430
  QMMM:     7        7      C       74.5990   32.2140   16.9420
  QMMM:     8        8      C       74.1880   32.0270   18.2640
  QMMM:     9        9      C       73.1020   32.7820   18.7990
  QMMM:    10       10      C       74.8100   31.1160   19.1710
  QMMM:    11       11      C       72.6910   32.6510   20.1080
  QMMM:    12       12      C       74.4230   30.9650   20.4690
  QMMM:    13       13      C       73.3290   31.7200   21.0490
  QMMM:    14       14      C       69.8200   33.9470   11.4250
  QMMM:    15       15      C       76.3970   36.9410   12.2300
  QMMM:    16       16      O       72.9810   31.6070   22.2820
  QMMM:    17       17      C       73.1060   34.3700   14.5860
  QMMM:    18       18      N       71.0930   34.6160   13.3430
  QMMM:    19       19      C       74.7660   32.8500   14.5710
  QMMM:    20       20      N       73.1580   33.9640   15.8430
  QMMM:    21       21      O       75.7060   32.1700   14.1750
  QMMM:    22       22      C       75.2700   34.8330   11.8610
  QMMM:    23       23      N       74.1160   33.7800   13.7660
  QMMM:    24       24      O       75.8060   34.7000   10.7510
  QMMM:    25       25      H       75.4630   31.6030   16.6780
  QMMM:    26       26      H       72.5800   33.4860   18.1510
  QMMM:    27       27      H       71.8600   33.2620   20.4590
  QMMM:    28       28      H       74.9560   30.2490   21.0950
  QMMM:    29       29      H       75.6380   30.5090   18.8060
  QMMM:    30       30      H       73.0570   32.4600   22.7160
  QMMM:    31       31      H       72.6140   36.0600   13.3700
  QMMM:    32       32      H       71.6770   35.9290   14.8610
  QMMM:    33       33      H       74.6670   32.8540   12.0760
  QMMM:    34       34      H       73.3080   34.0660   11.9240
  QMMM:    35       35      H       70.4770   34.0100   13.8660
  QMMM:    36       36      H       75.0160   35.9220   13.5300
  QMMM:    37       37      H       69.8280   32.9030   11.7380
  QMMM:    38       38      H       69.8940   33.9500   10.3380
  QMMM:    39       39      H       68.9040   34.4320   11.7630
  QMMM:    40       40      H       76.9080   36.6450   11.3140
  QMMM:    41       41      H       77.1250   37.1160   13.0220
  QMMM:    42       42      H       75.8360   37.8590   12.0520

--------------------------------------------------------------------------------
  RESULTS
--------------------------------------------------------------------------------

      iter         sqm energy              rms gradient
      ----    -------------------    -----------------------
xmin    10      -69.4525 kcal/mol        1.1098 kcal/(mol*A)
xmin    20      -70.3644 kcal/mol        0.4093 kcal/(mol*A)
xmin    30      -70.5259 kcal/mol        0.1148 kcal/(mol*A)
xmin    40      -70.6728 kcal/mol        0.1807 kcal/(mol*A)
xmin    50      -70.7964 kcal/mol        0.1260 kcal/(mol*A)
xmin    60      -70.9377 kcal/mol        0.4362 kcal/(mol*A)
xmin    70      -71.3304 kcal/mol        0.6815 kcal/(mol*A)
xmin    80      -72.1590 kcal/mol        0.6359 kcal/(mol*A)
xmin    90      -73.2807 kcal/mol        0.5366 kcal/(mol*A)
xmin   100      -73.4565 kcal/mol        0.0694 kcal/(mol*A)
xmin   110      -73.4820 kcal/mol        0.0226 kcal/(mol*A)
xmin   120      -73.4843 kcal/mol        0.0104 kcal/(mol*A)
xmin   130      -73.4845 kcal/mol        0.0016 kcal/(mol*A)
  ... geometry converged !
 
 Final MO eigenvalues (eV):
 -41.7472  -40.6034  -39.9260  -39.3229  -38.1973  -38.0512  -35.8564  -35.3670
 -35.2491  -33.1823  -31.9870  -31.6432  -29.7586  -29.1764  -27.8166  -26.4603
 -24.7489  -24.0732  -23.0069  -22.1313  -21.5429  -20.8168  -20.5876  -19.3620
 -18.7310  -18.2967  -17.7901  -17.5438  -17.2236  -17.1696  -16.7738  -16.7068
 -16.0945  -15.8274  -15.8024  -15.4085  -15.3220  -15.1144  -14.9186  -14.6763
 -14.5874  -14.5458  -14.2822  -13.8949  -13.7598  -13.5002  -13.3530  -13.3095
 -13.0514  -13.0095  -12.9443  -12.7718  -12.6311  -12.1779  -11.7289  -11.3224
 -10.9166  -10.6799  -10.5166  -10.1653   -9.8710   -9.8262   -8.8086   -1.1598
   0.1516    0.3521    0.8296    0.9166    1.1314    1.7286    1.7721    1.9747
   2.2593    2.5643    2.6232    2.6778    2.7309    3.2771    3.4465    3.4703
   3.5206    3.5641    3.6443    3.7436    3.7953    3.8012    3.8445    3.9050
   3.9693    4.0528    4.2050    4.2856    4.3007    4.3645    4.4045    4.4235
   4.6689    4.7075    4.7780    4.8585    4.9286    4.9394    5.1118    5.3199
   5.4573    5.4907    5.5485    5.7815    5.9954    6.1455    6.3917    6.5099
   6.6744    7.1781

 Heat of formation   =        -73.48446868 kcal/mol  (       -3.18652568 eV)

 Total SCF energy    =    -101573.74289864 kcal/mol  (    -4404.56801087 eV)
 Electronic energy   =    -692260.49871293 kcal/mol  (   -30018.66782503 eV)
 Core-core repulsion =     590686.75581430 kcal/mol  (    25614.09981416 eV)
 
    Atomic Charges for Step       1 :
  Atom    Element       Mulliken Charge
     1      N                 -0.378
     2      C                  0.024
     3      C                 -0.144
     4      C                 -0.043
     5      C                  0.300
     6      O                 -0.365
     7      C                  0.019
     8      C                 -0.111
     9      C                 -0.040
    10      C                 -0.071
    11      C                 -0.229
    12      C                 -0.167
    13      C                  0.102
    14      C                 -0.242
    15      C                 -0.078
    16      O                 -0.246
    17      C                  0.052
    18      N                 -0.371
    19      C                  0.314
    20      N                 -0.168
    21      O                 -0.330
    22      C                  0.277
    23      N                 -0.310
    24      O                 -0.369
    25      H                  0.149
    26      H                  0.159
    27      H                  0.138
    28      H                  0.155
    29      H                  0.138
    30      H                  0.222
    31      H                  0.148
    32      H                  0.123
    33      H                  0.122
    34      H                  0.166
    35      H                  0.230
    36      H                  0.246
    37      H                  0.101
    38      H                  0.121
    39      H                  0.107
    40      H                  0.113
    41      H                  0.068
    42      H                  0.069
 Total Mulliken Charge =      -0.000
 
                  X        Y        Z     TOTAL  
  QM DIPOLE    -2.660   -1.480    3.779    4.852
 
 Final Structure

  QMMM: QM Region Cartesian Coordinates (*=link atom) 
  QMMM: QM_NO.   MM_NO.  ATOM         X         Y         Z
  QMMM:     1        1      N       76.5650   35.5841   12.5708
  QMMM:     2        2      C       71.8106   35.2437   13.8456
  QMMM:     3        3      C       74.2523   33.2351   15.7582
  QMMM:     4        4      C       74.3716   34.4565   12.2506
  QMMM:     5        5      C       70.4351   33.8552   12.3461
  QMMM:     6        6      O       71.1975   34.0841   11.3869
  QMMM:     7        7      C       74.7539   32.5477   16.8041
  QMMM:     8        8      C       74.1582   32.3403   18.1050
  QMMM:     9        9      C       73.2281   33.2235   18.6710
  QMMM:    10       10      C       74.5548   31.2039   18.8394
  QMMM:    11       11      C       72.6928   32.9773   19.9327
  QMMM:    12       12      C       74.0258   30.9394   20.0931
  QMMM:    13       13      C       73.0874   31.8339   20.6401
  QMMM:    14       14      C       69.2277   32.9634   12.2096
  QMMM:    15       15      C       77.5233   36.6370   12.4616
  QMMM:    16       16      O       72.5986   31.5228   21.8851
  QMMM:    17       17      C       72.9704   34.4232   14.3880
  QMMM:    18       18      N       70.6431   34.4602   13.5806
  QMMM:    19       19      C       74.9962   33.3584   14.4431
  QMMM:    20       20      N       73.0114   33.9327   15.6240
  QMMM:    21       21      O       76.1143   32.9449   14.1164
  QMMM:    22       22      C       75.2792   35.6942   12.1023
  QMMM:    23       23      N       74.1141   34.0949   13.6055
  QMMM:    24       24      O       74.8383   36.7297   11.5668
  QMMM:    25       25      H       75.7395   32.0608   16.6496
  QMMM:    26       26      H       72.9182   34.1310   18.1299
  QMMM:    27       27      H       71.9656   33.6761   20.3698
  QMMM:    28       28      H       74.3252   30.0504   20.6658
  QMMM:    29       29      H       75.2928   30.5094   18.4072
  QMMM:    30       30      H       71.9713   32.2143   22.1435
  QMMM:    31       31      H       72.1257   35.7774   12.9011
  QMMM:    32       32      H       71.5514   36.0200   14.6242
  QMMM:    33       33      H       74.8732   33.5840   11.7379
  QMMM:    34       34      H       73.3996   34.6745   11.7145
  QMMM:    35       35      H       70.1600   34.0971   14.3693
  QMMM:    36       36      H       76.8654   34.7224   12.9687
  QMMM:    37       37      H       69.3026   32.0949   12.9075
  QMMM:    38       38      H       69.1789   32.5839   11.1596
  QMMM:    39       39      H       68.2936   33.5332   12.4335
  QMMM:    40       40      H       77.0494   37.5496   12.0102
  QMMM:    41       41      H       78.3824   36.3142   11.8129
  QMMM:    42       42      H       77.9226   36.8970   13.4792

           --------- Calculation Completed ----------

